[0.107s] DEBUG:colcon:Command line arguments: ['/usr/bin/colcon', 'build']
[0.107s] DEBUG:colcon:Parsed command line arguments: Namespace(allow_overriding=[], ament_cmake_args=None, base_paths=['.'], build_base='build', catkin_cmake_args=None, catkin_skip_building_tests=False, cmake_args=None, cmake_clean_cache=False, cmake_clean_first=False, cmake_force_configure=False, cmake_target=None, cmake_target_skip_unavailable=False, continue_on_error=False, event_handlers=None, executor='parallel', ignore_user_meta=False, install_base='install', log_base=None, log_level=None, main=<bound method BuildVerb.main of <colcon_core.verb.build.BuildVerb object at 0x7ff87ff8ed90>>, merge_install=False, metas=['./colcon.meta'], packages_above=None, packages_above_and_dependencies=None, packages_above_depth=None, packages_end=None, packages_ignore=None, packages_ignore_regex=None, packages_select=None, packages_select_build_failed=False, packages_select_by_dep=None, packages_select_regex=None, packages_select_test_failures=False, packages_skip=None, packages_skip_build_finished=False, packages_skip_by_dep=None, packages_skip_regex=None, packages_skip_test_passed=False, packages_skip_up_to=None, packages_start=None, packages_up_to=None, packages_up_to_regex=None, parallel_workers=16, paths=None, symlink_install=False, test_result_base=None, verb_extension=<colcon_core.verb.build.BuildVerb object at 0x7ff87ff8ed90>, verb_name='build', verb_parser=<colcon_defaults.argument_parser.defaults.DefaultArgumentsDecorator object at 0x7ff87ff1c340>)
[0.126s] Level 1:colcon.colcon_core.package_discovery:discover_packages(colcon_meta) check parameters
[0.126s] Level 1:colcon.colcon_core.package_discovery:discover_packages(recursive) check parameters
[0.126s] Level 1:colcon.colcon_core.package_discovery:discover_packages(ignore) check parameters
[0.126s] Level 1:colcon.colcon_core.package_discovery:discover_packages(path) check parameters
[0.126s] Level 1:colcon.colcon_core.package_discovery:discover_packages(colcon_meta) discover
[0.126s] Level 1:colcon.colcon_core.package_discovery:discover_packages(recursive) discover
[0.126s] INFO:colcon.colcon_core.package_discovery:Crawling recursively for packages in '/home/bot/ros2_ws'
[0.126s] Level 1:colcon.colcon_core.package_identification:_identify(.) by extensions ['ignore', 'ignore_ament_install']
[0.127s] Level 1:colcon.colcon_core.package_identification:_identify(.) by extension 'ignore'
[0.127s] Level 1:colcon.colcon_core.package_identification:_identify(.) by extension 'ignore_ament_install'
[0.127s] Level 1:colcon.colcon_core.package_identification:_identify(.) by extensions ['colcon_pkg']
[0.127s] Level 1:colcon.colcon_core.package_identification:_identify(.) by extension 'colcon_pkg'
[0.127s] Level 1:colcon.colcon_core.package_identification:_identify(.) by extensions ['colcon_meta']
[0.127s] Level 1:colcon.colcon_core.package_identification:_identify(.) by extension 'colcon_meta'
[0.127s] Level 1:colcon.colcon_core.package_identification:_identify(.) by extensions ['ros']
[0.127s] Level 1:colcon.colcon_core.package_identification:_identify(.) by extension 'ros'
[0.133s] Level 1:colcon.colcon_core.package_identification:_identify(.) by extensions ['cmake', 'python']
[0.133s] Level 1:colcon.colcon_core.package_identification:_identify(.) by extension 'cmake'
[0.133s] Level 1:colcon.colcon_core.package_identification:_identify(.) by extension 'python'
[0.133s] Level 1:colcon.colcon_core.package_identification:_identify(.) by extensions ['python_setup_py']
[0.133s] Level 1:colcon.colcon_core.package_identification:_identify(.) by extension 'python_setup_py'
[0.133s] Level 1:colcon.colcon_core.package_identification:_identify(build) by extensions ['ignore', 'ignore_ament_install']
[0.134s] Level 1:colcon.colcon_core.package_identification:_identify(build) by extension 'ignore'
[0.134s] Level 1:colcon.colcon_core.package_identification:_identify(build) ignored
[0.134s] Level 1:colcon.colcon_core.package_identification:_identify(install) by extensions ['ignore', 'ignore_ament_install']
[0.134s] Level 1:colcon.colcon_core.package_identification:_identify(install) by extension 'ignore'
[0.134s] Level 1:colcon.colcon_core.package_identification:_identify(install) ignored
[0.134s] Level 1:colcon.colcon_core.package_identification:_identify(log) by extensions ['ignore', 'ignore_ament_install']
[0.134s] Level 1:colcon.colcon_core.package_identification:_identify(log) by extension 'ignore'
[0.134s] Level 1:colcon.colcon_core.package_identification:_identify(log) ignored
[0.134s] Level 1:colcon.colcon_core.package_identification:_identify(pkg-tbot) by extensions ['ignore', 'ignore_ament_install']
[0.134s] Level 1:colcon.colcon_core.package_identification:_identify(pkg-tbot) by extension 'ignore'
[0.134s] Level 1:colcon.colcon_core.package_identification:_identify(pkg-tbot) by extension 'ignore_ament_install'
[0.134s] Level 1:colcon.colcon_core.package_identification:_identify(pkg-tbot) by extensions ['colcon_pkg']
[0.134s] Level 1:colcon.colcon_core.package_identification:_identify(pkg-tbot) by extension 'colcon_pkg'
[0.134s] Level 1:colcon.colcon_core.package_identification:_identify(pkg-tbot) by extensions ['colcon_meta']
[0.134s] Level 1:colcon.colcon_core.package_identification:_identify(pkg-tbot) by extension 'colcon_meta'
[0.134s] Level 1:colcon.colcon_core.package_identification:_identify(pkg-tbot) by extensions ['ros']
[0.134s] Level 1:colcon.colcon_core.package_identification:_identify(pkg-tbot) by extension 'ros'
[0.134s] Level 1:colcon.colcon_core.package_identification:_identify(pkg-tbot) by extensions ['cmake', 'python']
[0.134s] Level 1:colcon.colcon_core.package_identification:_identify(pkg-tbot) by extension 'cmake'
[0.134s] Level 1:colcon.colcon_core.package_identification:_identify(pkg-tbot) by extension 'python'
[0.134s] Level 1:colcon.colcon_core.package_identification:_identify(pkg-tbot) by extensions ['python_setup_py']
[0.134s] Level 1:colcon.colcon_core.package_identification:_identify(pkg-tbot) by extension 'python_setup_py'
[0.134s] Level 1:colcon.colcon_core.package_identification:_identify(pkg-tbot/config) by extensions ['ignore', 'ignore_ament_install']
[0.134s] Level 1:colcon.colcon_core.package_identification:_identify(pkg-tbot/config) by extension 'ignore'
[0.134s] Level 1:colcon.colcon_core.package_identification:_identify(pkg-tbot/config) by extension 'ignore_ament_install'
[0.134s] Level 1:colcon.colcon_core.package_identification:_identify(pkg-tbot/config) by extensions ['colcon_pkg']
[0.134s] Level 1:colcon.colcon_core.package_identification:_identify(pkg-tbot/config) by extension 'colcon_pkg'
[0.134s] Level 1:colcon.colcon_core.package_identification:_identify(pkg-tbot/config) by extensions ['colcon_meta']
[0.134s] Level 1:colcon.colcon_core.package_identification:_identify(pkg-tbot/config) by extension 'colcon_meta'
[0.134s] Level 1:colcon.colcon_core.package_identification:_identify(pkg-tbot/config) by extensions ['ros']
[0.134s] Level 1:colcon.colcon_core.package_identification:_identify(pkg-tbot/config) by extension 'ros'
[0.134s] Level 1:colcon.colcon_core.package_identification:_identify(pkg-tbot/config) by extensions ['cmake', 'python']
[0.134s] Level 1:colcon.colcon_core.package_identification:_identify(pkg-tbot/config) by extension 'cmake'
[0.134s] Level 1:colcon.colcon_core.package_identification:_identify(pkg-tbot/config) by extension 'python'
[0.134s] Level 1:colcon.colcon_core.package_identification:_identify(pkg-tbot/config) by extensions ['python_setup_py']
[0.134s] Level 1:colcon.colcon_core.package_identification:_identify(pkg-tbot/config) by extension 'python_setup_py'
[0.135s] Level 1:colcon.colcon_core.package_identification:_identify(pkg-tbot/diy) by extensions ['ignore', 'ignore_ament_install']
[0.135s] Level 1:colcon.colcon_core.package_identification:_identify(pkg-tbot/diy) by extension 'ignore'
[0.135s] Level 1:colcon.colcon_core.package_identification:_identify(pkg-tbot/diy) by extension 'ignore_ament_install'
[0.135s] Level 1:colcon.colcon_core.package_identification:_identify(pkg-tbot/diy) by extensions ['colcon_pkg']
[0.135s] Level 1:colcon.colcon_core.package_identification:_identify(pkg-tbot/diy) by extension 'colcon_pkg'
[0.135s] Level 1:colcon.colcon_core.package_identification:_identify(pkg-tbot/diy) by extensions ['colcon_meta']
[0.135s] Level 1:colcon.colcon_core.package_identification:_identify(pkg-tbot/diy) by extension 'colcon_meta'
[0.135s] Level 1:colcon.colcon_core.package_identification:_identify(pkg-tbot/diy) by extensions ['ros']
[0.135s] Level 1:colcon.colcon_core.package_identification:_identify(pkg-tbot/diy) by extension 'ros'
[0.135s] Level 1:colcon.colcon_core.package_identification:_identify(pkg-tbot/diy) by extensions ['cmake', 'python']
[0.135s] Level 1:colcon.colcon_core.package_identification:_identify(pkg-tbot/diy) by extension 'cmake'
[0.135s] Level 1:colcon.colcon_core.package_identification:_identify(pkg-tbot/diy) by extension 'python'
[0.135s] Level 1:colcon.colcon_core.package_identification:_identify(pkg-tbot/diy) by extensions ['python_setup_py']
[0.135s] Level 1:colcon.colcon_core.package_identification:_identify(pkg-tbot/diy) by extension 'python_setup_py'
[0.135s] Level 1:colcon.colcon_core.package_identification:_identify(pkg-tbot/docker-image) by extensions ['ignore', 'ignore_ament_install']
[0.135s] Level 1:colcon.colcon_core.package_identification:_identify(pkg-tbot/docker-image) by extension 'ignore'
[0.135s] Level 1:colcon.colcon_core.package_identification:_identify(pkg-tbot/docker-image) by extension 'ignore_ament_install'
[0.135s] Level 1:colcon.colcon_core.package_identification:_identify(pkg-tbot/docker-image) by extensions ['colcon_pkg']
[0.135s] Level 1:colcon.colcon_core.package_identification:_identify(pkg-tbot/docker-image) by extension 'colcon_pkg'
[0.135s] Level 1:colcon.colcon_core.package_identification:_identify(pkg-tbot/docker-image) by extensions ['colcon_meta']
[0.135s] Level 1:colcon.colcon_core.package_identification:_identify(pkg-tbot/docker-image) by extension 'colcon_meta'
[0.135s] Level 1:colcon.colcon_core.package_identification:_identify(pkg-tbot/docker-image) by extensions ['ros']
[0.135s] Level 1:colcon.colcon_core.package_identification:_identify(pkg-tbot/docker-image) by extension 'ros'
[0.135s] Level 1:colcon.colcon_core.package_identification:_identify(pkg-tbot/docker-image) by extensions ['cmake', 'python']
[0.135s] Level 1:colcon.colcon_core.package_identification:_identify(pkg-tbot/docker-image) by extension 'cmake'
[0.135s] Level 1:colcon.colcon_core.package_identification:_identify(pkg-tbot/docker-image) by extension 'python'
[0.135s] Level 1:colcon.colcon_core.package_identification:_identify(pkg-tbot/docker-image) by extensions ['python_setup_py']
[0.135s] Level 1:colcon.colcon_core.package_identification:_identify(pkg-tbot/docker-image) by extension 'python_setup_py'
[0.135s] Level 1:colcon.colcon_core.package_identification:_identify(pkg-tbot/docker-image/kobuki) by extensions ['ignore', 'ignore_ament_install']
[0.135s] Level 1:colcon.colcon_core.package_identification:_identify(pkg-tbot/docker-image/kobuki) by extension 'ignore'
[0.135s] Level 1:colcon.colcon_core.package_identification:_identify(pkg-tbot/docker-image/kobuki) by extension 'ignore_ament_install'
[0.135s] Level 1:colcon.colcon_core.package_identification:_identify(pkg-tbot/docker-image/kobuki) by extensions ['colcon_pkg']
[0.135s] Level 1:colcon.colcon_core.package_identification:_identify(pkg-tbot/docker-image/kobuki) by extension 'colcon_pkg'
[0.135s] Level 1:colcon.colcon_core.package_identification:_identify(pkg-tbot/docker-image/kobuki) by extensions ['colcon_meta']
[0.135s] Level 1:colcon.colcon_core.package_identification:_identify(pkg-tbot/docker-image/kobuki) by extension 'colcon_meta'
[0.135s] Level 1:colcon.colcon_core.package_identification:_identify(pkg-tbot/docker-image/kobuki) by extensions ['ros']
[0.135s] Level 1:colcon.colcon_core.package_identification:_identify(pkg-tbot/docker-image/kobuki) by extension 'ros'
[0.135s] Level 1:colcon.colcon_core.package_identification:_identify(pkg-tbot/docker-image/kobuki) by extensions ['cmake', 'python']
[0.136s] Level 1:colcon.colcon_core.package_identification:_identify(pkg-tbot/docker-image/kobuki) by extension 'cmake'
[0.136s] Level 1:colcon.colcon_core.package_identification:_identify(pkg-tbot/docker-image/kobuki) by extension 'python'
[0.136s] Level 1:colcon.colcon_core.package_identification:_identify(pkg-tbot/docker-image/kobuki) by extensions ['python_setup_py']
[0.136s] Level 1:colcon.colcon_core.package_identification:_identify(pkg-tbot/docker-image/kobuki) by extension 'python_setup_py'
[0.136s] Level 1:colcon.colcon_core.package_identification:_identify(pkg-tbot/docker-image/kobuki/bot) by extensions ['ignore', 'ignore_ament_install']
[0.136s] Level 1:colcon.colcon_core.package_identification:_identify(pkg-tbot/docker-image/kobuki/bot) by extension 'ignore'
[0.136s] Level 1:colcon.colcon_core.package_identification:_identify(pkg-tbot/docker-image/kobuki/bot) by extension 'ignore_ament_install'
[0.136s] Level 1:colcon.colcon_core.package_identification:_identify(pkg-tbot/docker-image/kobuki/bot) by extensions ['colcon_pkg']
[0.136s] Level 1:colcon.colcon_core.package_identification:_identify(pkg-tbot/docker-image/kobuki/bot) by extension 'colcon_pkg'
[0.136s] Level 1:colcon.colcon_core.package_identification:_identify(pkg-tbot/docker-image/kobuki/bot) by extensions ['colcon_meta']
[0.136s] Level 1:colcon.colcon_core.package_identification:_identify(pkg-tbot/docker-image/kobuki/bot) by extension 'colcon_meta'
[0.136s] Level 1:colcon.colcon_core.package_identification:_identify(pkg-tbot/docker-image/kobuki/bot) by extensions ['ros']
[0.136s] Level 1:colcon.colcon_core.package_identification:_identify(pkg-tbot/docker-image/kobuki/bot) by extension 'ros'
[0.136s] Level 1:colcon.colcon_core.package_identification:_identify(pkg-tbot/docker-image/kobuki/bot) by extensions ['cmake', 'python']
[0.136s] Level 1:colcon.colcon_core.package_identification:_identify(pkg-tbot/docker-image/kobuki/bot) by extension 'cmake'
[0.136s] Level 1:colcon.colcon_core.package_identification:_identify(pkg-tbot/docker-image/kobuki/bot) by extension 'python'
[0.136s] Level 1:colcon.colcon_core.package_identification:_identify(pkg-tbot/docker-image/kobuki/bot) by extensions ['python_setup_py']
[0.136s] Level 1:colcon.colcon_core.package_identification:_identify(pkg-tbot/docker-image/kobuki/bot) by extension 'python_setup_py'
[0.136s] Level 1:colcon.colcon_core.package_identification:_identify(pkg-tbot/docker-image/mb6u16) by extensions ['ignore', 'ignore_ament_install']
[0.136s] Level 1:colcon.colcon_core.package_identification:_identify(pkg-tbot/docker-image/mb6u16) by extension 'ignore'
[0.136s] Level 1:colcon.colcon_core.package_identification:_identify(pkg-tbot/docker-image/mb6u16) by extension 'ignore_ament_install'
[0.136s] Level 1:colcon.colcon_core.package_identification:_identify(pkg-tbot/docker-image/mb6u16) by extensions ['colcon_pkg']
[0.136s] Level 1:colcon.colcon_core.package_identification:_identify(pkg-tbot/docker-image/mb6u16) by extension 'colcon_pkg'
[0.136s] Level 1:colcon.colcon_core.package_identification:_identify(pkg-tbot/docker-image/mb6u16) by extensions ['colcon_meta']
[0.136s] Level 1:colcon.colcon_core.package_identification:_identify(pkg-tbot/docker-image/mb6u16) by extension 'colcon_meta'
[0.136s] Level 1:colcon.colcon_core.package_identification:_identify(pkg-tbot/docker-image/mb6u16) by extensions ['ros']
[0.136s] Level 1:colcon.colcon_core.package_identification:_identify(pkg-tbot/docker-image/mb6u16) by extension 'ros'
[0.136s] Level 1:colcon.colcon_core.package_identification:_identify(pkg-tbot/docker-image/mb6u16) by extensions ['cmake', 'python']
[0.136s] Level 1:colcon.colcon_core.package_identification:_identify(pkg-tbot/docker-image/mb6u16) by extension 'cmake'
[0.136s] Level 1:colcon.colcon_core.package_identification:_identify(pkg-tbot/docker-image/mb6u16) by extension 'python'
[0.136s] Level 1:colcon.colcon_core.package_identification:_identify(pkg-tbot/docker-image/mb6u16) by extensions ['python_setup_py']
[0.136s] Level 1:colcon.colcon_core.package_identification:_identify(pkg-tbot/docker-image/mb6u16) by extension 'python_setup_py'
[0.136s] Level 1:colcon.colcon_core.package_identification:_identify(pkg-tbot/docs) by extensions ['ignore', 'ignore_ament_install']
[0.136s] Level 1:colcon.colcon_core.package_identification:_identify(pkg-tbot/docs) by extension 'ignore'
[0.136s] Level 1:colcon.colcon_core.package_identification:_identify(pkg-tbot/docs) by extension 'ignore_ament_install'
[0.136s] Level 1:colcon.colcon_core.package_identification:_identify(pkg-tbot/docs) by extensions ['colcon_pkg']
[0.136s] Level 1:colcon.colcon_core.package_identification:_identify(pkg-tbot/docs) by extension 'colcon_pkg'
[0.136s] Level 1:colcon.colcon_core.package_identification:_identify(pkg-tbot/docs) by extensions ['colcon_meta']
[0.136s] Level 1:colcon.colcon_core.package_identification:_identify(pkg-tbot/docs) by extension 'colcon_meta'
[0.137s] Level 1:colcon.colcon_core.package_identification:_identify(pkg-tbot/docs) by extensions ['ros']
[0.137s] Level 1:colcon.colcon_core.package_identification:_identify(pkg-tbot/docs) by extension 'ros'
[0.137s] Level 1:colcon.colcon_core.package_identification:_identify(pkg-tbot/docs) by extensions ['cmake', 'python']
[0.137s] Level 1:colcon.colcon_core.package_identification:_identify(pkg-tbot/docs) by extension 'cmake'
[0.137s] Level 1:colcon.colcon_core.package_identification:_identify(pkg-tbot/docs) by extension 'python'
[0.137s] Level 1:colcon.colcon_core.package_identification:_identify(pkg-tbot/docs) by extensions ['python_setup_py']
[0.137s] Level 1:colcon.colcon_core.package_identification:_identify(pkg-tbot/docs) by extension 'python_setup_py'
[0.137s] Level 1:colcon.colcon_core.package_identification:_identify(pkg-tbot/dpd) by extensions ['ignore', 'ignore_ament_install']
[0.137s] Level 1:colcon.colcon_core.package_identification:_identify(pkg-tbot/dpd) by extension 'ignore'
[0.137s] Level 1:colcon.colcon_core.package_identification:_identify(pkg-tbot/dpd) by extension 'ignore_ament_install'
[0.137s] Level 1:colcon.colcon_core.package_identification:_identify(pkg-tbot/dpd) by extensions ['colcon_pkg']
[0.137s] Level 1:colcon.colcon_core.package_identification:_identify(pkg-tbot/dpd) by extension 'colcon_pkg'
[0.137s] Level 1:colcon.colcon_core.package_identification:_identify(pkg-tbot/dpd) by extensions ['colcon_meta']
[0.137s] Level 1:colcon.colcon_core.package_identification:_identify(pkg-tbot/dpd) by extension 'colcon_meta'
[0.137s] Level 1:colcon.colcon_core.package_identification:_identify(pkg-tbot/dpd) by extensions ['ros']
[0.137s] Level 1:colcon.colcon_core.package_identification:_identify(pkg-tbot/dpd) by extension 'ros'
[0.137s] Level 1:colcon.colcon_core.package_identification:_identify(pkg-tbot/dpd) by extensions ['cmake', 'python']
[0.137s] Level 1:colcon.colcon_core.package_identification:_identify(pkg-tbot/dpd) by extension 'cmake'
[0.137s] Level 1:colcon.colcon_core.package_identification:_identify(pkg-tbot/dpd) by extension 'python'
[0.137s] Level 1:colcon.colcon_core.package_identification:_identify(pkg-tbot/dpd) by extensions ['python_setup_py']
[0.137s] Level 1:colcon.colcon_core.package_identification:_identify(pkg-tbot/dpd) by extension 'python_setup_py'
[0.137s] Level 1:colcon.colcon_core.package_identification:_identify(pkg-tbot/script) by extensions ['ignore', 'ignore_ament_install']
[0.137s] Level 1:colcon.colcon_core.package_identification:_identify(pkg-tbot/script) by extension 'ignore'
[0.137s] Level 1:colcon.colcon_core.package_identification:_identify(pkg-tbot/script) by extension 'ignore_ament_install'
[0.137s] Level 1:colcon.colcon_core.package_identification:_identify(pkg-tbot/script) by extensions ['colcon_pkg']
[0.137s] Level 1:colcon.colcon_core.package_identification:_identify(pkg-tbot/script) by extension 'colcon_pkg'
[0.137s] Level 1:colcon.colcon_core.package_identification:_identify(pkg-tbot/script) by extensions ['colcon_meta']
[0.137s] Level 1:colcon.colcon_core.package_identification:_identify(pkg-tbot/script) by extension 'colcon_meta'
[0.137s] Level 1:colcon.colcon_core.package_identification:_identify(pkg-tbot/script) by extensions ['ros']
[0.137s] Level 1:colcon.colcon_core.package_identification:_identify(pkg-tbot/script) by extension 'ros'
[0.137s] Level 1:colcon.colcon_core.package_identification:_identify(pkg-tbot/script) by extensions ['cmake', 'python']
[0.137s] Level 1:colcon.colcon_core.package_identification:_identify(pkg-tbot/script) by extension 'cmake'
[0.137s] Level 1:colcon.colcon_core.package_identification:_identify(pkg-tbot/script) by extension 'python'
[0.137s] Level 1:colcon.colcon_core.package_identification:_identify(pkg-tbot/script) by extensions ['python_setup_py']
[0.137s] Level 1:colcon.colcon_core.package_identification:_identify(pkg-tbot/script) by extension 'python_setup_py'
[0.137s] Level 1:colcon.colcon_core.package_identification:_identify(pkg-tbot/tbot_pytools) by extensions ['ignore', 'ignore_ament_install']
[0.137s] Level 1:colcon.colcon_core.package_identification:_identify(pkg-tbot/tbot_pytools) by extension 'ignore'
[0.137s] Level 1:colcon.colcon_core.package_identification:_identify(pkg-tbot/tbot_pytools) by extension 'ignore_ament_install'
[0.138s] Level 1:colcon.colcon_core.package_identification:_identify(pkg-tbot/tbot_pytools) by extensions ['colcon_pkg']
[0.138s] Level 1:colcon.colcon_core.package_identification:_identify(pkg-tbot/tbot_pytools) by extension 'colcon_pkg'
[0.138s] Level 1:colcon.colcon_core.package_identification:_identify(pkg-tbot/tbot_pytools) by extensions ['colcon_meta']
[0.138s] Level 1:colcon.colcon_core.package_identification:_identify(pkg-tbot/tbot_pytools) by extension 'colcon_meta'
[0.138s] Level 1:colcon.colcon_core.package_identification:_identify(pkg-tbot/tbot_pytools) by extensions ['ros']
[0.138s] Level 1:colcon.colcon_core.package_identification:_identify(pkg-tbot/tbot_pytools) by extension 'ros'
[0.139s] DEBUG:colcon.colcon_core.package_identification:Package 'pkg-tbot/tbot_pytools' with type 'ros.ament_python' and name 'tbot_pytools'
[0.139s] Level 1:colcon.colcon_core.package_identification:_identify(pkg-tbot/tbot_start) by extensions ['ignore', 'ignore_ament_install']
[0.139s] Level 1:colcon.colcon_core.package_identification:_identify(pkg-tbot/tbot_start) by extension 'ignore'
[0.139s] Level 1:colcon.colcon_core.package_identification:_identify(pkg-tbot/tbot_start) by extension 'ignore_ament_install'
[0.140s] Level 1:colcon.colcon_core.package_identification:_identify(pkg-tbot/tbot_start) by extensions ['colcon_pkg']
[0.140s] Level 1:colcon.colcon_core.package_identification:_identify(pkg-tbot/tbot_start) by extension 'colcon_pkg'
[0.140s] Level 1:colcon.colcon_core.package_identification:_identify(pkg-tbot/tbot_start) by extensions ['colcon_meta']
[0.140s] Level 1:colcon.colcon_core.package_identification:_identify(pkg-tbot/tbot_start) by extension 'colcon_meta'
[0.140s] Level 1:colcon.colcon_core.package_identification:_identify(pkg-tbot/tbot_start) by extensions ['ros']
[0.140s] Level 1:colcon.colcon_core.package_identification:_identify(pkg-tbot/tbot_start) by extension 'ros'
[0.140s] DEBUG:colcon.colcon_core.package_identification:Package 'pkg-tbot/tbot_start' with type 'ros.ament_cmake' and name 'tbot_start'
[0.140s] Level 1:colcon.colcon_core.package_discovery:discover_packages(recursive) using defaults
[0.140s] Level 1:colcon.colcon_core.package_discovery:discover_packages(ignore) discover
[0.140s] Level 1:colcon.colcon_core.package_discovery:discover_packages(ignore) using defaults
[0.140s] Level 1:colcon.colcon_core.package_discovery:discover_packages(path) discover
[0.140s] Level 1:colcon.colcon_core.package_discovery:discover_packages(path) using defaults
[0.157s] Level 1:colcon.colcon_core.package_discovery:discover_packages(prefix_path) check parameters
[0.157s] Level 1:colcon.colcon_core.package_discovery:discover_packages(prefix_path) discover
[0.158s] Level 1:colcon.colcon_core.package_discovery:discover_packages(prefix_path) using defaults
[0.160s] Level 5:colcon.colcon_core.verb:set package 'tbot_pytools' build argument 'cmake_args' from command line to 'None'
[0.160s] Level 5:colcon.colcon_core.verb:set package 'tbot_pytools' build argument 'cmake_target' from command line to 'None'
[0.160s] Level 5:colcon.colcon_core.verb:set package 'tbot_pytools' build argument 'cmake_target_skip_unavailable' from command line to 'False'
[0.160s] Level 5:colcon.colcon_core.verb:set package 'tbot_pytools' build argument 'cmake_clean_cache' from command line to 'False'
[0.160s] Level 5:colcon.colcon_core.verb:set package 'tbot_pytools' build argument 'cmake_clean_first' from command line to 'False'
[0.160s] Level 5:colcon.colcon_core.verb:set package 'tbot_pytools' build argument 'cmake_force_configure' from command line to 'False'
[0.160s] Level 5:colcon.colcon_core.verb:set package 'tbot_pytools' build argument 'ament_cmake_args' from command line to 'None'
[0.160s] Level 5:colcon.colcon_core.verb:set package 'tbot_pytools' build argument 'catkin_cmake_args' from command line to 'None'
[0.160s] Level 5:colcon.colcon_core.verb:set package 'tbot_pytools' build argument 'catkin_skip_building_tests' from command line to 'False'
[0.160s] DEBUG:colcon.colcon_core.verb:Building package 'tbot_pytools' with the following arguments: {'ament_cmake_args': None, 'build_base': '/home/bot/ros2_ws/build/tbot_pytools', 'catkin_cmake_args': None, 'catkin_skip_building_tests': False, 'cmake_args': None, 'cmake_clean_cache': False, 'cmake_clean_first': False, 'cmake_force_configure': False, 'cmake_target': None, 'cmake_target_skip_unavailable': False, 'install_base': '/home/bot/ros2_ws/install/tbot_pytools', 'merge_install': False, 'path': '/home/bot/ros2_ws/pkg-tbot/tbot_pytools', 'symlink_install': False, 'test_result_base': None}
[0.160s] Level 5:colcon.colcon_core.verb:set package 'tbot_start' build argument 'cmake_args' from command line to 'None'
[0.160s] Level 5:colcon.colcon_core.verb:set package 'tbot_start' build argument 'cmake_target' from command line to 'None'
[0.160s] Level 5:colcon.colcon_core.verb:set package 'tbot_start' build argument 'cmake_target_skip_unavailable' from command line to 'False'
[0.160s] Level 5:colcon.colcon_core.verb:set package 'tbot_start' build argument 'cmake_clean_cache' from command line to 'False'
[0.160s] Level 5:colcon.colcon_core.verb:set package 'tbot_start' build argument 'cmake_clean_first' from command line to 'False'
[0.160s] Level 5:colcon.colcon_core.verb:set package 'tbot_start' build argument 'cmake_force_configure' from command line to 'False'
[0.160s] Level 5:colcon.colcon_core.verb:set package 'tbot_start' build argument 'ament_cmake_args' from command line to 'None'
[0.160s] Level 5:colcon.colcon_core.verb:set package 'tbot_start' build argument 'catkin_cmake_args' from command line to 'None'
[0.160s] Level 5:colcon.colcon_core.verb:set package 'tbot_start' build argument 'catkin_skip_building_tests' from command line to 'False'
[0.160s] DEBUG:colcon.colcon_core.verb:Building package 'tbot_start' with the following arguments: {'ament_cmake_args': None, 'build_base': '/home/bot/ros2_ws/build/tbot_start', 'catkin_cmake_args': None, 'catkin_skip_building_tests': False, 'cmake_args': None, 'cmake_clean_cache': False, 'cmake_clean_first': False, 'cmake_force_configure': False, 'cmake_target': None, 'cmake_target_skip_unavailable': False, 'install_base': '/home/bot/ros2_ws/install/tbot_start', 'merge_install': False, 'path': '/home/bot/ros2_ws/pkg-tbot/tbot_start', 'symlink_install': False, 'test_result_base': None}
[0.161s] INFO:colcon.colcon_core.executor:Executing jobs using 'parallel' executor
[0.163s] DEBUG:colcon.colcon_parallel_executor.executor.parallel:run_until_complete
[0.163s] INFO:colcon.colcon_ros.task.ament_python.build:Building ROS package in '/home/bot/ros2_ws/pkg-tbot/tbot_pytools' with build type 'ament_python'
[0.163s] Level 1:colcon.colcon_core.shell:create_environment_hook('tbot_pytools', 'ament_prefix_path')
[0.166s] INFO:colcon.colcon_core.plugin_system:Skipping extension 'colcon_core.shell.bat': Not used on non-Windows systems
[0.166s] INFO:colcon.colcon_core.shell:Creating environment hook '/home/bot/ros2_ws/install/tbot_pytools/share/tbot_pytools/hook/ament_prefix_path.ps1'
[0.167s] INFO:colcon.colcon_core.shell:Creating environment descriptor '/home/bot/ros2_ws/install/tbot_pytools/share/tbot_pytools/hook/ament_prefix_path.dsv'
[0.167s] INFO:colcon.colcon_core.shell:Creating environment hook '/home/bot/ros2_ws/install/tbot_pytools/share/tbot_pytools/hook/ament_prefix_path.sh'
[0.168s] INFO:colcon.colcon_core.shell:Skip shell extension 'powershell' for command environment: Not usable outside of PowerShell
[0.168s] DEBUG:colcon.colcon_core.shell:Skip shell extension 'dsv' for command environment
[0.170s] INFO:colcon.colcon_ros.task.ament_cmake.build:Building ROS package in '/home/bot/ros2_ws/pkg-tbot/tbot_start' with build type 'ament_cmake'
[0.170s] INFO:colcon.colcon_cmake.task.cmake.build:Building CMake package in '/home/bot/ros2_ws/pkg-tbot/tbot_start'
[0.171s] INFO:colcon.colcon_core.shell:Skip shell extension 'powershell' for command environment: Not usable outside of PowerShell
[0.171s] DEBUG:colcon.colcon_core.shell:Skip shell extension 'dsv' for command environment
[0.305s] INFO:colcon.colcon_core.task.python.build:Building Python package in '/home/bot/ros2_ws/pkg-tbot/tbot_pytools'
[0.306s] INFO:colcon.colcon_core.shell:Skip shell extension 'powershell' for command environment: Not usable outside of PowerShell
[0.306s] DEBUG:colcon.colcon_core.shell:Skip shell extension 'dsv' for command environment
[0.311s] DEBUG:colcon.colcon_core.event_handler.log_command:Invoking command in '/home/bot/ros2_ws/build/tbot_start': /usr/bin/cmake /home/bot/ros2_ws/pkg-tbot/tbot_start -DCMAKE_INSTALL_PREFIX=/home/bot/ros2_ws/install/tbot_start
[0.588s] DEBUG:colcon.colcon_core.event_handler.log_command:Invoking command in '/home/bot/ros2_ws/pkg-tbot/tbot_pytools': PYTHONPATH=/home/bot/ros2_ws/build/tbot_pytools/prefix_override:/home/bot/ros2_ws/install/tbot_pytools/lib/python3.8/site-packages: /usr/bin/python3 setup.py egg_info --egg-base ../../build/tbot_pytools build --build-base /home/bot/ros2_ws/build/tbot_pytools/build install --record /home/bot/ros2_ws/build/tbot_pytools/install.log --install-scripts $base/lib/tbot_pytools --single-version-externally-managed
[0.659s] DEBUG:colcon.colcon_core.event_handler.log_command:Invoked command in '/home/bot/ros2_ws/build/tbot_start' returned '1': /usr/bin/cmake /home/bot/ros2_ws/pkg-tbot/tbot_start -DCMAKE_INSTALL_PREFIX=/home/bot/ros2_ws/install/tbot_start
[0.666s] Level 1:colcon.colcon_core.environment:create_environment_scripts_only(tbot_start)
[0.670s] Level 1:colcon.colcon_core.environment:checking '/home/bot/ros2_ws/install/tbot_start' for CMake module files
[0.670s] Level 1:colcon.colcon_core.environment:checking '/home/bot/ros2_ws/install/tbot_start' for CMake config files
[0.670s] Level 1:colcon.colcon_core.environment:checking '/home/bot/ros2_ws/install/tbot_start/bin'
[0.670s] Level 1:colcon.colcon_core.environment:checking '/home/bot/ros2_ws/install/tbot_start/lib/pkgconfig/tbot_start.pc'
[0.670s] Level 1:colcon.colcon_core.environment:checking '/home/bot/ros2_ws/install/tbot_start/lib/python3.8/site-packages'
[0.670s] Level 1:colcon.colcon_core.environment:checking '/home/bot/ros2_ws/install/tbot_start/bin'
[0.671s] INFO:colcon.colcon_core.shell:Creating package script '/home/bot/ros2_ws/install/tbot_start/share/tbot_start/package.ps1'
[0.672s] INFO:colcon.colcon_core.shell:Creating package descriptor '/home/bot/ros2_ws/install/tbot_start/share/tbot_start/package.dsv'
[0.672s] INFO:colcon.colcon_core.shell:Creating package script '/home/bot/ros2_ws/install/tbot_start/share/tbot_start/package.sh'
[0.673s] INFO:colcon.colcon_core.shell:Creating package script '/home/bot/ros2_ws/install/tbot_start/share/tbot_start/package.bash'
[0.673s] INFO:colcon.colcon_core.shell:Creating package script '/home/bot/ros2_ws/install/tbot_start/share/tbot_start/package.zsh'
[0.673s] Level 1:colcon.colcon_core.environment:create_file_with_runtime_dependencies(/home/bot/ros2_ws/install/tbot_start/share/colcon-core/packages/tbot_start)
[0.763s] DEBUG:colcon.colcon_parallel_executor.executor.parallel:closing loop
[0.764s] DEBUG:colcon.colcon_parallel_executor.executor.parallel:loop closed
[0.764s] DEBUG:colcon.colcon_parallel_executor.executor.parallel:run_until_complete finished with '1'
[0.764s] DEBUG:colcon.colcon_core.event_reactor:joining thread
[0.768s] INFO:colcon.colcon_core.plugin_system:Skipping extension 'colcon_notification.desktop_notification.terminal_notifier': Not used on non-Darwin systems
[0.768s] INFO:colcon.colcon_core.plugin_system:Skipping extension 'colcon_notification.desktop_notification.win32': Not used on non-Windows systems
[0.768s] INFO:colcon.colcon_notification.desktop_notification:Sending desktop notification using 'notify2'
[0.780s] DEBUG:colcon.colcon_core.event_reactor:joined thread
[0.781s] INFO:colcon.colcon_core.shell:Creating prefix script '/home/bot/ros2_ws/install/local_setup.ps1'
[0.781s] INFO:colcon.colcon_core.shell:Creating prefix util module '/home/bot/ros2_ws/install/_local_setup_util_ps1.py'
[0.782s] INFO:colcon.colcon_core.shell:Creating prefix chain script '/home/bot/ros2_ws/install/setup.ps1'
[0.784s] INFO:colcon.colcon_core.shell:Creating prefix script '/home/bot/ros2_ws/install/local_setup.sh'
[0.785s] INFO:colcon.colcon_core.shell:Creating prefix util module '/home/bot/ros2_ws/install/_local_setup_util_sh.py'
[0.785s] INFO:colcon.colcon_core.shell:Creating prefix chain script '/home/bot/ros2_ws/install/setup.sh'
[0.787s] INFO:colcon.colcon_core.shell:Creating prefix script '/home/bot/ros2_ws/install/local_setup.bash'
[0.787s] INFO:colcon.colcon_core.shell:Creating prefix chain script '/home/bot/ros2_ws/install/setup.bash'
[0.788s] INFO:colcon.colcon_core.shell:Creating prefix script '/home/bot/ros2_ws/install/local_setup.zsh'
[0.789s] INFO:colcon.colcon_core.shell:Creating prefix chain script '/home/bot/ros2_ws/install/setup.zsh'
