-- Install configuration: ""
-- Up-to-date: /home/bot/ros2_ws/install/tbot_start/lib/tbot_start/start_base
-- Up-to-date: /home/bot/ros2_ws/install/tbot_start/share/tbot_start//launch
-- Up-to-date: /home/bot/ros2_ws/install/tbot_start/share/tbot_start//launch/bringup.launch.py
-- Up-to-date: /home/bot/ros2_ws/install/tbot_start/share/tbot_start//launch/move_launch.py
-- Up-to-date: /home/bot/ros2_ws/install/tbot_start/share/ament_index/resource_index/package_run_dependencies/tbot_start
-- Up-to-date: /home/bot/ros2_ws/install/tbot_start/share/ament_index/resource_index/parent_prefix_path/tbot_start
-- Up-to-date: /home/bot/ros2_ws/install/tbot_start/share/tbot_start/environment/ament_prefix_path.sh
-- Up-to-date: /home/bot/ros2_ws/install/tbot_start/share/tbot_start/environment/ament_prefix_path.dsv
-- Up-to-date: /home/bot/ros2_ws/install/tbot_start/share/tbot_start/environment/path.sh
-- Up-to-date: /home/bot/ros2_ws/install/tbot_start/share/tbot_start/environment/path.dsv
-- Up-to-date: /home/bot/ros2_ws/install/tbot_start/share/tbot_start/local_setup.bash
-- Up-to-date: /home/bot/ros2_ws/install/tbot_start/share/tbot_start/local_setup.sh
-- Up-to-date: /home/bot/ros2_ws/install/tbot_start/share/tbot_start/local_setup.zsh
-- Up-to-date: /home/bot/ros2_ws/install/tbot_start/share/tbot_start/local_setup.dsv
-- Installing: /home/bot/ros2_ws/install/tbot_start/share/tbot_start/package.dsv
-- Up-to-date: /home/bot/ros2_ws/install/tbot_start/share/ament_index/resource_index/packages/tbot_start
-- Up-to-date: /home/bot/ros2_ws/install/tbot_start/share/tbot_start/cmake/tbot_startConfig.cmake
-- Up-to-date: /home/bot/ros2_ws/install/tbot_start/share/tbot_start/cmake/tbot_startConfig-version.cmake
-- Up-to-date: /home/bot/ros2_ws/install/tbot_start/share/tbot_start/package.xml
