-- The C compiler identification is GNU 9.4.0
-- The CXX compiler identification is GNU 9.4.0
-- Check for working C compiler: /usr/bin/cc
-- Check for working C compiler: /usr/bin/cc -- works
-- Detecting C compiler ABI info
-- Detecting C compiler ABI info - done
-- Detecting C compile features
-- Detecting C compile features - done
-- Check for working CXX compiler: /usr/bin/c++
-- Check for working CXX compiler: /usr/bin/c++ -- works
-- Detecting CXX compiler ABI info
-- Detecting CXX compiler ABI info - done
-- Detecting CXX compile features
-- Detecting CXX compile features - done
-- Found ament_cmake: 0.9.11 (/opt/ros/foxy/share/ament_cmake/cmake)
-- Found PythonInterp: /usr/bin/python3 (found suitable version "3.8.10", minimum required is "3") 
-- Using PYTHON_EXECUTABLE: /usr/bin/python3
-- Configuring done
-- Generating done
-- Build files have been written to: /home/bot/ros2_ws/build/kobuki_ros
-- Install configuration: ""
-- Installing: /home/bot/ros2_ws/install/kobuki_ros/share/ament_index/resource_index/package_run_dependencies/kobuki_ros
-- Installing: /home/bot/ros2_ws/install/kobuki_ros/share/ament_index/resource_index/parent_prefix_path/kobuki_ros
-- Installing: /home/bot/ros2_ws/install/kobuki_ros/share/kobuki_ros/environment/ament_prefix_path.sh
-- Installing: /home/bot/ros2_ws/install/kobuki_ros/share/kobuki_ros/environment/ament_prefix_path.dsv
-- Installing: /home/bot/ros2_ws/install/kobuki_ros/share/kobuki_ros/environment/path.sh
-- Installing: /home/bot/ros2_ws/install/kobuki_ros/share/kobuki_ros/environment/path.dsv
-- Installing: /home/bot/ros2_ws/install/kobuki_ros/share/kobuki_ros/local_setup.bash
-- Installing: /home/bot/ros2_ws/install/kobuki_ros/share/kobuki_ros/local_setup.sh
-- Installing: /home/bot/ros2_ws/install/kobuki_ros/share/kobuki_ros/local_setup.zsh
-- Installing: /home/bot/ros2_ws/install/kobuki_ros/share/kobuki_ros/local_setup.dsv
-- Installing: /home/bot/ros2_ws/install/kobuki_ros/share/kobuki_ros/package.dsv
-- Installing: /home/bot/ros2_ws/install/kobuki_ros/share/ament_index/resource_index/packages/kobuki_ros
-- Installing: /home/bot/ros2_ws/install/kobuki_ros/share/kobuki_ros/cmake/kobuki_rosConfig.cmake
-- Installing: /home/bot/ros2_ws/install/kobuki_ros/share/kobuki_ros/cmake/kobuki_rosConfig-version.cmake
-- Installing: /home/bot/ros2_ws/install/kobuki_ros/share/kobuki_ros/package.xml
