[0.046s] Invoking command in '/home/bot/ros2_ws/build/kobuki_ros_interfaces': CMAKE_PREFIX_PATH=${CMAKE_PREFIX_PATH}:/home/bot/ros2_ws/install/tuto_sim:/home/bot/ros2_ws/install/tbot_pytools:/opt/ros/foxy /usr/bin/cmake --build /home/bot/ros2_ws/build/kobuki_ros_interfaces -- -j16 -l16
[0.222s] [  0%] Built target kobuki_ros_interfaces__cpp
[0.222s] [ 12%] Built target kobuki_ros_interfaces__rosidl_generator_c
[0.223s] [ 24%] Built target kobuki_ros_interfaces__rosidl_typesupport_introspection_cpp
[0.223s] [ 37%] Built target kobuki_ros_interfaces__rosidl_typesupport_c
[0.223s] [ 48%] Built target kobuki_ros_interfaces__rosidl_typesupport_cpp
[0.223s] [ 60%] Built target kobuki_ros_interfaces__rosidl_typesupport_introspection_c
[0.223s] [ 72%] Built target kobuki_ros_interfaces__rosidl_typesupport_fastrtps_cpp
[0.223s] [ 84%] Built target kobuki_ros_interfaces__rosidl_typesupport_fastrtps_c
[0.223s] [ 84%] Built target kobuki_ros_interfaces
[0.223s] [ 85%] Built target kobuki_ros_interfaces__py
[0.223s] [ 96%] Built target kobuki_ros_interfaces__python
[0.223s] [ 97%] Built target kobuki_ros_interfaces__rosidl_typesupport_c__pyext
[0.224s] [ 99%] Built target kobuki_ros_interfaces__rosidl_typesupport_introspection_c__pyext
[0.224s] [100%] Built target kobuki_ros_interfaces__rosidl_typesupport_fastrtps_c__pyext
[0.360s] Invoked command in '/home/bot/ros2_ws/build/kobuki_ros_interfaces' returned '0': CMAKE_PREFIX_PATH=${CMAKE_PREFIX_PATH}:/home/bot/ros2_ws/install/tuto_sim:/home/bot/ros2_ws/install/tbot_pytools:/opt/ros/foxy /usr/bin/cmake --build /home/bot/ros2_ws/build/kobuki_ros_interfaces -- -j16 -l16
[0.608s] Invoking command in '/home/bot/ros2_ws/build/kobuki_ros_interfaces': CMAKE_PREFIX_PATH=${CMAKE_PREFIX_PATH}:/home/bot/ros2_ws/install/tuto_sim:/home/bot/ros2_ws/install/tbot_pytools:/opt/ros/foxy /usr/bin/cmake --install /home/bot/ros2_ws/build/kobuki_ros_interfaces
[0.617s] -- Install configuration: ""
[0.618s] -- Up-to-date: /home/bot/ros2_ws/install/kobuki_ros_interfaces/share/ament_index/resource_index/rosidl_interfaces/kobuki_ros_interfaces
[0.619s] -- Up-to-date: /home/bot/ros2_ws/install/kobuki_ros_interfaces/include/kobuki_ros_interfaces
[0.620s] -- Up-to-date: /home/bot/ros2_ws/install/kobuki_ros_interfaces/include/kobuki_ros_interfaces/action
[0.620s] -- Up-to-date: /home/bot/ros2_ws/install/kobuki_ros_interfaces/include/kobuki_ros_interfaces/action/auto_docking.h
[0.620s] -- Up-to-date: /home/bot/ros2_ws/install/kobuki_ros_interfaces/include/kobuki_ros_interfaces/action/detail
[0.620s] -- Up-to-date: /home/bot/ros2_ws/install/kobuki_ros_interfaces/include/kobuki_ros_interfaces/action/detail/auto_docking__functions.h
[0.620s] -- Up-to-date: /home/bot/ros2_ws/install/kobuki_ros_interfaces/include/kobuki_ros_interfaces/action/detail/auto_docking__functions.c
[0.621s] -- Up-to-date: /home/bot/ros2_ws/install/kobuki_ros_interfaces/include/kobuki_ros_interfaces/action/detail/auto_docking__type_support.h
[0.621s] -- Up-to-date: /home/bot/ros2_ws/install/kobuki_ros_interfaces/include/kobuki_ros_interfaces/action/detail/auto_docking__struct.h
[0.621s] -- Up-to-date: /home/bot/ros2_ws/install/kobuki_ros_interfaces/include/kobuki_ros_interfaces/msg
[0.621s] -- Up-to-date: /home/bot/ros2_ws/install/kobuki_ros_interfaces/include/kobuki_ros_interfaces/msg/cliff_event.h
[0.621s] -- Up-to-date: /home/bot/ros2_ws/install/kobuki_ros_interfaces/include/kobuki_ros_interfaces/msg/version_info.h
[0.621s] -- Up-to-date: /home/bot/ros2_ws/install/kobuki_ros_interfaces/include/kobuki_ros_interfaces/msg/dock_infra_red.h
[0.622s] -- Up-to-date: /home/bot/ros2_ws/install/kobuki_ros_interfaces/include/kobuki_ros_interfaces/msg/scan_angle.h
[0.622s] -- Up-to-date: /home/bot/ros2_ws/install/kobuki_ros_interfaces/include/kobuki_ros_interfaces/msg/digital_input_event.h
[0.622s] -- Up-to-date: /home/bot/ros2_ws/install/kobuki_ros_interfaces/include/kobuki_ros_interfaces/msg/sound.h
[0.622s] -- Up-to-date: /home/bot/ros2_ws/install/kobuki_ros_interfaces/include/kobuki_ros_interfaces/msg/wheel_drop_event.h
[0.622s] -- Up-to-date: /home/bot/ros2_ws/install/kobuki_ros_interfaces/include/kobuki_ros_interfaces/msg/external_power.h
[0.622s] -- Up-to-date: /home/bot/ros2_ws/install/kobuki_ros_interfaces/include/kobuki_ros_interfaces/msg/power_system_event.h
[0.622s] -- Up-to-date: /home/bot/ros2_ws/install/kobuki_ros_interfaces/include/kobuki_ros_interfaces/msg/keyboard_input.h
[0.622s] -- Up-to-date: /home/bot/ros2_ws/install/kobuki_ros_interfaces/include/kobuki_ros_interfaces/msg/robot_state_event.h
[0.622s] -- Up-to-date: /home/bot/ros2_ws/install/kobuki_ros_interfaces/include/kobuki_ros_interfaces/msg/rosidl_generator_c__visibility_control.h
[0.622s] -- Up-to-date: /home/bot/ros2_ws/install/kobuki_ros_interfaces/include/kobuki_ros_interfaces/msg/button_event.h
[0.622s] -- Up-to-date: /home/bot/ros2_ws/install/kobuki_ros_interfaces/include/kobuki_ros_interfaces/msg/controller_info.h
[0.622s] -- Up-to-date: /home/bot/ros2_ws/install/kobuki_ros_interfaces/include/kobuki_ros_interfaces/msg/sensor_state.h
[0.623s] -- Up-to-date: /home/bot/ros2_ws/install/kobuki_ros_interfaces/include/kobuki_ros_interfaces/msg/detail
[0.623s] -- Up-to-date: /home/bot/ros2_ws/install/kobuki_ros_interfaces/include/kobuki_ros_interfaces/msg/detail/scan_angle__type_support.h
[0.623s] -- Up-to-date: /home/bot/ros2_ws/install/kobuki_ros_interfaces/include/kobuki_ros_interfaces/msg/detail/button_event__type_support.h
[0.623s] -- Up-to-date: /home/bot/ros2_ws/install/kobuki_ros_interfaces/include/kobuki_ros_interfaces/msg/detail/cliff_event__functions.c
[0.623s] -- Up-to-date: /home/bot/ros2_ws/install/kobuki_ros_interfaces/include/kobuki_ros_interfaces/msg/detail/scan_angle__struct.h
[0.623s] -- Up-to-date: /home/bot/ros2_ws/install/kobuki_ros_interfaces/include/kobuki_ros_interfaces/msg/detail/version_info__struct.h
[0.623s] -- Up-to-date: /home/bot/ros2_ws/install/kobuki_ros_interfaces/include/kobuki_ros_interfaces/msg/detail/version_info__functions.c
[0.623s] -- Up-to-date: /home/bot/ros2_ws/install/kobuki_ros_interfaces/include/kobuki_ros_interfaces/msg/detail/power_system_event__functions.c
[0.623s] -- Up-to-date: /home/bot/ros2_ws/install/kobuki_ros_interfaces/include/kobuki_ros_interfaces/msg/detail/controller_info__struct.h
[0.623s] -- Up-to-date: /home/bot/ros2_ws/install/kobuki_ros_interfaces/include/kobuki_ros_interfaces/msg/detail/external_power__type_support.h
[0.623s] -- Up-to-date: /home/bot/ros2_ws/install/kobuki_ros_interfaces/include/kobuki_ros_interfaces/msg/detail/sensor_state__functions.h
[0.623s] -- Up-to-date: /home/bot/ros2_ws/install/kobuki_ros_interfaces/include/kobuki_ros_interfaces/msg/detail/controller_info__type_support.h
[0.623s] -- Up-to-date: /home/bot/ros2_ws/install/kobuki_ros_interfaces/include/kobuki_ros_interfaces/msg/detail/external_power__functions.h
[0.624s] -- Up-to-date: /home/bot/ros2_ws/install/kobuki_ros_interfaces/include/kobuki_ros_interfaces/msg/detail/power_system_event__type_support.h
[0.624s] -- Up-to-date: /home/bot/ros2_ws/install/kobuki_ros_interfaces/include/kobuki_ros_interfaces/msg/detail/external_power__struct.h
[0.624s] -- Up-to-date: /home/bot/ros2_ws/install/kobuki_ros_interfaces/include/kobuki_ros_interfaces/msg/detail/power_system_event__functions.h
[0.624s] -- Up-to-date: /home/bot/ros2_ws/install/kobuki_ros_interfaces/include/kobuki_ros_interfaces/msg/detail/sound__functions.c
[0.624s] -- Up-to-date: /home/bot/ros2_ws/install/kobuki_ros_interfaces/include/kobuki_ros_interfaces/msg/detail/keyboard_input__functions.h
[0.624s] -- Up-to-date: /home/bot/ros2_ws/install/kobuki_ros_interfaces/include/kobuki_ros_interfaces/msg/detail/keyboard_input__functions.c
[0.624s] -- Up-to-date: /home/bot/ros2_ws/install/kobuki_ros_interfaces/include/kobuki_ros_interfaces/msg/detail/sensor_state__struct.h
[0.624s] -- Up-to-date: /home/bot/ros2_ws/install/kobuki_ros_interfaces/include/kobuki_ros_interfaces/msg/detail/digital_input_event__type_support.h
[0.625s] -- Up-to-date: /home/bot/ros2_ws/install/kobuki_ros_interfaces/include/kobuki_ros_interfaces/msg/detail/sound__type_support.h
[0.625s] -- Up-to-date: /home/bot/ros2_ws/install/kobuki_ros_interfaces/include/kobuki_ros_interfaces/msg/detail/scan_angle__functions.c
[0.625s] -- Up-to-date: /home/bot/ros2_ws/install/kobuki_ros_interfaces/include/kobuki_ros_interfaces/msg/detail/digital_output__functions.h
[0.625s] -- Up-to-date: /home/bot/ros2_ws/install/kobuki_ros_interfaces/include/kobuki_ros_interfaces/msg/detail/bumper_event__type_support.h
[0.625s] -- Up-to-date: /home/bot/ros2_ws/install/kobuki_ros_interfaces/include/kobuki_ros_interfaces/msg/detail/dock_infra_red__type_support.h
[0.625s] -- Up-to-date: /home/bot/ros2_ws/install/kobuki_ros_interfaces/include/kobuki_ros_interfaces/msg/detail/power_system_event__struct.h
[0.626s] -- Up-to-date: /home/bot/ros2_ws/install/kobuki_ros_interfaces/include/kobuki_ros_interfaces/msg/detail/robot_state_event__struct.h
[0.626s] -- Up-to-date: /home/bot/ros2_ws/install/kobuki_ros_interfaces/include/kobuki_ros_interfaces/msg/detail/digital_output__struct.h
[0.626s] -- Up-to-date: /home/bot/ros2_ws/install/kobuki_ros_interfaces/include/kobuki_ros_interfaces/msg/detail/led__struct.h
[0.626s] -- Up-to-date: /home/bot/ros2_ws/install/kobuki_ros_interfaces/include/kobuki_ros_interfaces/msg/detail/scan_angle__functions.h
[0.626s] -- Up-to-date: /home/bot/ros2_ws/install/kobuki_ros_interfaces/include/kobuki_ros_interfaces/msg/detail/digital_input_event__functions.c
[0.626s] -- Up-to-date: /home/bot/ros2_ws/install/kobuki_ros_interfaces/include/kobuki_ros_interfaces/msg/detail/keyboard_input__struct.h
[0.626s] -- Up-to-date: /home/bot/ros2_ws/install/kobuki_ros_interfaces/include/kobuki_ros_interfaces/msg/detail/wheel_drop_event__functions.c
[0.626s] -- Up-to-date: /home/bot/ros2_ws/install/kobuki_ros_interfaces/include/kobuki_ros_interfaces/msg/detail/dock_infra_red__functions.c
[0.626s] -- Up-to-date: /home/bot/ros2_ws/install/kobuki_ros_interfaces/include/kobuki_ros_interfaces/msg/detail/button_event__functions.c
[0.626s] -- Up-to-date: /home/bot/ros2_ws/install/kobuki_ros_interfaces/include/kobuki_ros_interfaces/msg/detail/cliff_event__struct.h
[0.626s] -- Up-to-date: /home/bot/ros2_ws/install/kobuki_ros_interfaces/include/kobuki_ros_interfaces/msg/detail/sound__struct.h
[0.626s] -- Up-to-date: /home/bot/ros2_ws/install/kobuki_ros_interfaces/include/kobuki_ros_interfaces/msg/detail/sound__functions.h
[0.626s] -- Up-to-date: /home/bot/ros2_ws/install/kobuki_ros_interfaces/include/kobuki_ros_interfaces/msg/detail/motor_power__functions.c
[0.626s] -- Up-to-date: /home/bot/ros2_ws/install/kobuki_ros_interfaces/include/kobuki_ros_interfaces/msg/detail/robot_state_event__functions.h
[0.627s] -- Up-to-date: /home/bot/ros2_ws/install/kobuki_ros_interfaces/include/kobuki_ros_interfaces/msg/detail/button_event__struct.h
[0.627s] -- Up-to-date: /home/bot/ros2_ws/install/kobuki_ros_interfaces/include/kobuki_ros_interfaces/msg/detail/robot_state_event__functions.c
[0.627s] -- Up-to-date: /home/bot/ros2_ws/install/kobuki_ros_interfaces/include/kobuki_ros_interfaces/msg/detail/wheel_drop_event__struct.h
[0.627s] -- Up-to-date: /home/bot/ros2_ws/install/kobuki_ros_interfaces/include/kobuki_ros_interfaces/msg/detail/motor_power__type_support.h
[0.627s] -- Up-to-date: /home/bot/ros2_ws/install/kobuki_ros_interfaces/include/kobuki_ros_interfaces/msg/detail/digital_output__type_support.h
[0.627s] -- Up-to-date: /home/bot/ros2_ws/install/kobuki_ros_interfaces/include/kobuki_ros_interfaces/msg/detail/bumper_event__functions.c
[0.627s] -- Up-to-date: /home/bot/ros2_ws/install/kobuki_ros_interfaces/include/kobuki_ros_interfaces/msg/detail/motor_power__struct.h
[0.627s] -- Up-to-date: /home/bot/ros2_ws/install/kobuki_ros_interfaces/include/kobuki_ros_interfaces/msg/detail/wheel_drop_event__type_support.h
[0.627s] -- Up-to-date: /home/bot/ros2_ws/install/kobuki_ros_interfaces/include/kobuki_ros_interfaces/msg/detail/led__functions.c
[0.627s] -- Up-to-date: /home/bot/ros2_ws/install/kobuki_ros_interfaces/include/kobuki_ros_interfaces/msg/detail/digital_input_event__struct.h
[0.627s] -- Up-to-date: /home/bot/ros2_ws/install/kobuki_ros_interfaces/include/kobuki_ros_interfaces/msg/detail/version_info__functions.h
[0.627s] -- Up-to-date: /home/bot/ros2_ws/install/kobuki_ros_interfaces/include/kobuki_ros_interfaces/msg/detail/cliff_event__functions.h
[0.627s] -- Up-to-date: /home/bot/ros2_ws/install/kobuki_ros_interfaces/include/kobuki_ros_interfaces/msg/detail/cliff_event__type_support.h
[0.627s] -- Up-to-date: /home/bot/ros2_ws/install/kobuki_ros_interfaces/include/kobuki_ros_interfaces/msg/detail/robot_state_event__type_support.h
[0.628s] -- Up-to-date: /home/bot/ros2_ws/install/kobuki_ros_interfaces/include/kobuki_ros_interfaces/msg/detail/dock_infra_red__struct.h
[0.628s] -- Up-to-date: /home/bot/ros2_ws/install/kobuki_ros_interfaces/include/kobuki_ros_interfaces/msg/detail/bumper_event__struct.h
[0.628s] -- Up-to-date: /home/bot/ros2_ws/install/kobuki_ros_interfaces/include/kobuki_ros_interfaces/msg/detail/controller_info__functions.c
[0.628s] -- Up-to-date: /home/bot/ros2_ws/install/kobuki_ros_interfaces/include/kobuki_ros_interfaces/msg/detail/led__type_support.h
[0.628s] -- Up-to-date: /home/bot/ros2_ws/install/kobuki_ros_interfaces/include/kobuki_ros_interfaces/msg/detail/dock_infra_red__functions.h
[0.628s] -- Up-to-date: /home/bot/ros2_ws/install/kobuki_ros_interfaces/include/kobuki_ros_interfaces/msg/detail/wheel_drop_event__functions.h
[0.628s] -- Up-to-date: /home/bot/ros2_ws/install/kobuki_ros_interfaces/include/kobuki_ros_interfaces/msg/detail/external_power__functions.c
[0.628s] -- Up-to-date: /home/bot/ros2_ws/install/kobuki_ros_interfaces/include/kobuki_ros_interfaces/msg/detail/controller_info__functions.h
[0.628s] -- Up-to-date: /home/bot/ros2_ws/install/kobuki_ros_interfaces/include/kobuki_ros_interfaces/msg/detail/motor_power__functions.h
[0.628s] -- Up-to-date: /home/bot/ros2_ws/install/kobuki_ros_interfaces/include/kobuki_ros_interfaces/msg/detail/digital_output__functions.c
[0.628s] -- Up-to-date: /home/bot/ros2_ws/install/kobuki_ros_interfaces/include/kobuki_ros_interfaces/msg/detail/sensor_state__type_support.h
[0.628s] -- Up-to-date: /home/bot/ros2_ws/install/kobuki_ros_interfaces/include/kobuki_ros_interfaces/msg/detail/keyboard_input__type_support.h
[0.628s] -- Up-to-date: /home/bot/ros2_ws/install/kobuki_ros_interfaces/include/kobuki_ros_interfaces/msg/detail/button_event__functions.h
[0.628s] -- Up-to-date: /home/bot/ros2_ws/install/kobuki_ros_interfaces/include/kobuki_ros_interfaces/msg/detail/led__functions.h
[0.629s] -- Up-to-date: /home/bot/ros2_ws/install/kobuki_ros_interfaces/include/kobuki_ros_interfaces/msg/detail/digital_input_event__functions.h
[0.629s] -- Up-to-date: /home/bot/ros2_ws/install/kobuki_ros_interfaces/include/kobuki_ros_interfaces/msg/detail/bumper_event__functions.h
[0.629s] -- Up-to-date: /home/bot/ros2_ws/install/kobuki_ros_interfaces/include/kobuki_ros_interfaces/msg/detail/sensor_state__functions.c
[0.629s] -- Up-to-date: /home/bot/ros2_ws/install/kobuki_ros_interfaces/include/kobuki_ros_interfaces/msg/detail/version_info__type_support.h
[0.629s] -- Up-to-date: /home/bot/ros2_ws/install/kobuki_ros_interfaces/include/kobuki_ros_interfaces/msg/bumper_event.h
[0.629s] -- Up-to-date: /home/bot/ros2_ws/install/kobuki_ros_interfaces/include/kobuki_ros_interfaces/msg/led.h
[0.629s] -- Up-to-date: /home/bot/ros2_ws/install/kobuki_ros_interfaces/include/kobuki_ros_interfaces/msg/digital_output.h
[0.629s] -- Up-to-date: /home/bot/ros2_ws/install/kobuki_ros_interfaces/include/kobuki_ros_interfaces/msg/motor_power.h
[0.629s] -- Up-to-date: /home/bot/ros2_ws/install/kobuki_ros_interfaces/share/kobuki_ros_interfaces/environment/library_path.sh
[0.629s] -- Up-to-date: /home/bot/ros2_ws/install/kobuki_ros_interfaces/share/kobuki_ros_interfaces/environment/library_path.dsv
[0.629s] -- Up-to-date: /home/bot/ros2_ws/install/kobuki_ros_interfaces/lib/libkobuki_ros_interfaces__rosidl_generator_c.so
[0.629s] -- Up-to-date: /home/bot/ros2_ws/install/kobuki_ros_interfaces/include/kobuki_ros_interfaces
[0.629s] -- Up-to-date: /home/bot/ros2_ws/install/kobuki_ros_interfaces/include/kobuki_ros_interfaces/action
[0.630s] -- Up-to-date: /home/bot/ros2_ws/install/kobuki_ros_interfaces/include/kobuki_ros_interfaces/action/detail
[0.630s] -- Up-to-date: /home/bot/ros2_ws/install/kobuki_ros_interfaces/include/kobuki_ros_interfaces/action/detail/auto_docking__rosidl_typesupport_fastrtps_c.h
[0.630s] -- Up-to-date: /home/bot/ros2_ws/install/kobuki_ros_interfaces/include/kobuki_ros_interfaces/msg
[0.630s] -- Up-to-date: /home/bot/ros2_ws/install/kobuki_ros_interfaces/include/kobuki_ros_interfaces/msg/rosidl_typesupport_fastrtps_c__visibility_control.h
[0.630s] -- Up-to-date: /home/bot/ros2_ws/install/kobuki_ros_interfaces/include/kobuki_ros_interfaces/msg/detail
[0.630s] -- Up-to-date: /home/bot/ros2_ws/install/kobuki_ros_interfaces/include/kobuki_ros_interfaces/msg/detail/digital_input_event__rosidl_typesupport_fastrtps_c.h
[0.630s] -- Up-to-date: /home/bot/ros2_ws/install/kobuki_ros_interfaces/include/kobuki_ros_interfaces/msg/detail/bumper_event__rosidl_typesupport_fastrtps_c.h
[0.630s] -- Up-to-date: /home/bot/ros2_ws/install/kobuki_ros_interfaces/include/kobuki_ros_interfaces/msg/detail/led__rosidl_typesupport_fastrtps_c.h
[0.630s] -- Up-to-date: /home/bot/ros2_ws/install/kobuki_ros_interfaces/include/kobuki_ros_interfaces/msg/detail/keyboard_input__rosidl_typesupport_fastrtps_c.h
[0.630s] -- Up-to-date: /home/bot/ros2_ws/install/kobuki_ros_interfaces/include/kobuki_ros_interfaces/msg/detail/scan_angle__rosidl_typesupport_fastrtps_c.h
[0.630s] -- Up-to-date: /home/bot/ros2_ws/install/kobuki_ros_interfaces/include/kobuki_ros_interfaces/msg/detail/button_event__rosidl_typesupport_fastrtps_c.h
[0.630s] -- Up-to-date: /home/bot/ros2_ws/install/kobuki_ros_interfaces/include/kobuki_ros_interfaces/msg/detail/sound__rosidl_typesupport_fastrtps_c.h
[0.630s] -- Up-to-date: /home/bot/ros2_ws/install/kobuki_ros_interfaces/include/kobuki_ros_interfaces/msg/detail/sensor_state__rosidl_typesupport_fastrtps_c.h
[0.631s] -- Up-to-date: /home/bot/ros2_ws/install/kobuki_ros_interfaces/include/kobuki_ros_interfaces/msg/detail/robot_state_event__rosidl_typesupport_fastrtps_c.h
[0.631s] -- Up-to-date: /home/bot/ros2_ws/install/kobuki_ros_interfaces/include/kobuki_ros_interfaces/msg/detail/external_power__rosidl_typesupport_fastrtps_c.h
[0.631s] -- Up-to-date: /home/bot/ros2_ws/install/kobuki_ros_interfaces/include/kobuki_ros_interfaces/msg/detail/controller_info__rosidl_typesupport_fastrtps_c.h
[0.631s] -- Up-to-date: /home/bot/ros2_ws/install/kobuki_ros_interfaces/include/kobuki_ros_interfaces/msg/detail/version_info__rosidl_typesupport_fastrtps_c.h
[0.631s] -- Up-to-date: /home/bot/ros2_ws/install/kobuki_ros_interfaces/include/kobuki_ros_interfaces/msg/detail/motor_power__rosidl_typesupport_fastrtps_c.h
[0.631s] -- Up-to-date: /home/bot/ros2_ws/install/kobuki_ros_interfaces/include/kobuki_ros_interfaces/msg/detail/cliff_event__rosidl_typesupport_fastrtps_c.h
[0.631s] -- Up-to-date: /home/bot/ros2_ws/install/kobuki_ros_interfaces/include/kobuki_ros_interfaces/msg/detail/dock_infra_red__rosidl_typesupport_fastrtps_c.h
[0.631s] -- Up-to-date: /home/bot/ros2_ws/install/kobuki_ros_interfaces/include/kobuki_ros_interfaces/msg/detail/power_system_event__rosidl_typesupport_fastrtps_c.h
[0.631s] -- Up-to-date: /home/bot/ros2_ws/install/kobuki_ros_interfaces/include/kobuki_ros_interfaces/msg/detail/wheel_drop_event__rosidl_typesupport_fastrtps_c.h
[0.631s] -- Up-to-date: /home/bot/ros2_ws/install/kobuki_ros_interfaces/include/kobuki_ros_interfaces/msg/detail/digital_output__rosidl_typesupport_fastrtps_c.h
[0.631s] -- Up-to-date: /home/bot/ros2_ws/install/kobuki_ros_interfaces/lib/libkobuki_ros_interfaces__rosidl_typesupport_fastrtps_c.so
[0.631s] -- Up-to-date: /home/bot/ros2_ws/install/kobuki_ros_interfaces/include/kobuki_ros_interfaces
[0.631s] -- Up-to-date: /home/bot/ros2_ws/install/kobuki_ros_interfaces/include/kobuki_ros_interfaces/action
[0.631s] -- Up-to-date: /home/bot/ros2_ws/install/kobuki_ros_interfaces/include/kobuki_ros_interfaces/action/detail
[0.632s] -- Up-to-date: /home/bot/ros2_ws/install/kobuki_ros_interfaces/include/kobuki_ros_interfaces/action/detail/auto_docking__rosidl_typesupport_fastrtps_cpp.hpp
[0.632s] -- Up-to-date: /home/bot/ros2_ws/install/kobuki_ros_interfaces/include/kobuki_ros_interfaces/action/detail/dds_fastrtps
[0.632s] -- Up-to-date: /home/bot/ros2_ws/install/kobuki_ros_interfaces/include/kobuki_ros_interfaces/msg
[0.632s] -- Up-to-date: /home/bot/ros2_ws/install/kobuki_ros_interfaces/include/kobuki_ros_interfaces/msg/detail
[0.632s] -- Up-to-date: /home/bot/ros2_ws/install/kobuki_ros_interfaces/include/kobuki_ros_interfaces/msg/detail/motor_power__rosidl_typesupport_fastrtps_cpp.hpp
[0.632s] -- Up-to-date: /home/bot/ros2_ws/install/kobuki_ros_interfaces/include/kobuki_ros_interfaces/msg/detail/sensor_state__rosidl_typesupport_fastrtps_cpp.hpp
[0.632s] -- Up-to-date: /home/bot/ros2_ws/install/kobuki_ros_interfaces/include/kobuki_ros_interfaces/msg/detail/led__rosidl_typesupport_fastrtps_cpp.hpp
[0.632s] -- Up-to-date: /home/bot/ros2_ws/install/kobuki_ros_interfaces/include/kobuki_ros_interfaces/msg/detail/robot_state_event__rosidl_typesupport_fastrtps_cpp.hpp
[0.632s] -- Up-to-date: /home/bot/ros2_ws/install/kobuki_ros_interfaces/include/kobuki_ros_interfaces/msg/detail/cliff_event__rosidl_typesupport_fastrtps_cpp.hpp
[0.632s] -- Up-to-date: /home/bot/ros2_ws/install/kobuki_ros_interfaces/include/kobuki_ros_interfaces/msg/detail/controller_info__rosidl_typesupport_fastrtps_cpp.hpp
[0.632s] -- Up-to-date: /home/bot/ros2_ws/install/kobuki_ros_interfaces/include/kobuki_ros_interfaces/msg/detail/dock_infra_red__rosidl_typesupport_fastrtps_cpp.hpp
[0.632s] -- Up-to-date: /home/bot/ros2_ws/install/kobuki_ros_interfaces/include/kobuki_ros_interfaces/msg/detail/external_power__rosidl_typesupport_fastrtps_cpp.hpp
[0.632s] -- Up-to-date: /home/bot/ros2_ws/install/kobuki_ros_interfaces/include/kobuki_ros_interfaces/msg/detail/wheel_drop_event__rosidl_typesupport_fastrtps_cpp.hpp
[0.633s] -- Up-to-date: /home/bot/ros2_ws/install/kobuki_ros_interfaces/include/kobuki_ros_interfaces/msg/detail/keyboard_input__rosidl_typesupport_fastrtps_cpp.hpp
[0.633s] -- Up-to-date: /home/bot/ros2_ws/install/kobuki_ros_interfaces/include/kobuki_ros_interfaces/msg/detail/scan_angle__rosidl_typesupport_fastrtps_cpp.hpp
[0.633s] -- Up-to-date: /home/bot/ros2_ws/install/kobuki_ros_interfaces/include/kobuki_ros_interfaces/msg/detail/power_system_event__rosidl_typesupport_fastrtps_cpp.hpp
[0.633s] -- Up-to-date: /home/bot/ros2_ws/install/kobuki_ros_interfaces/include/kobuki_ros_interfaces/msg/detail/bumper_event__rosidl_typesupport_fastrtps_cpp.hpp
[0.633s] -- Up-to-date: /home/bot/ros2_ws/install/kobuki_ros_interfaces/include/kobuki_ros_interfaces/msg/detail/digital_output__rosidl_typesupport_fastrtps_cpp.hpp
[0.633s] -- Up-to-date: /home/bot/ros2_ws/install/kobuki_ros_interfaces/include/kobuki_ros_interfaces/msg/detail/button_event__rosidl_typesupport_fastrtps_cpp.hpp
[0.633s] -- Up-to-date: /home/bot/ros2_ws/install/kobuki_ros_interfaces/include/kobuki_ros_interfaces/msg/detail/sound__rosidl_typesupport_fastrtps_cpp.hpp
[0.633s] -- Up-to-date: /home/bot/ros2_ws/install/kobuki_ros_interfaces/include/kobuki_ros_interfaces/msg/detail/version_info__rosidl_typesupport_fastrtps_cpp.hpp
[0.634s] -- Up-to-date: /home/bot/ros2_ws/install/kobuki_ros_interfaces/include/kobuki_ros_interfaces/msg/detail/dds_fastrtps
[0.635s] -- Up-to-date: /home/bot/ros2_ws/install/kobuki_ros_interfaces/include/kobuki_ros_interfaces/msg/detail/digital_input_event__rosidl_typesupport_fastrtps_cpp.hpp
[0.636s] -- Up-to-date: /home/bot/ros2_ws/install/kobuki_ros_interfaces/include/kobuki_ros_interfaces/msg/rosidl_typesupport_fastrtps_cpp__visibility_control.h
[0.636s] -- Up-to-date: /home/bot/ros2_ws/install/kobuki_ros_interfaces/lib/libkobuki_ros_interfaces__rosidl_typesupport_fastrtps_cpp.so
[0.636s] -- Up-to-date: /home/bot/ros2_ws/install/kobuki_ros_interfaces/include/kobuki_ros_interfaces
[0.637s] -- Up-to-date: /home/bot/ros2_ws/install/kobuki_ros_interfaces/include/kobuki_ros_interfaces/action
[0.637s] -- Up-to-date: /home/bot/ros2_ws/install/kobuki_ros_interfaces/include/kobuki_ros_interfaces/action/detail
[0.637s] -- Up-to-date: /home/bot/ros2_ws/install/kobuki_ros_interfaces/include/kobuki_ros_interfaces/action/detail/auto_docking__rosidl_typesupport_introspection_c.h
[0.637s] -- Up-to-date: /home/bot/ros2_ws/install/kobuki_ros_interfaces/include/kobuki_ros_interfaces/action/detail/auto_docking__type_support.c
[0.637s] -- Up-to-date: /home/bot/ros2_ws/install/kobuki_ros_interfaces/include/kobuki_ros_interfaces/msg
[0.637s] -- Up-to-date: /home/bot/ros2_ws/install/kobuki_ros_interfaces/include/kobuki_ros_interfaces/msg/rosidl_typesupport_introspection_c__visibility_control.h
[0.637s] -- Up-to-date: /home/bot/ros2_ws/install/kobuki_ros_interfaces/include/kobuki_ros_interfaces/msg/detail
[0.637s] -- Up-to-date: /home/bot/ros2_ws/install/kobuki_ros_interfaces/include/kobuki_ros_interfaces/msg/detail/scan_angle__rosidl_typesupport_introspection_c.h
[0.637s] -- Up-to-date: /home/bot/ros2_ws/install/kobuki_ros_interfaces/include/kobuki_ros_interfaces/msg/detail/version_info__rosidl_typesupport_introspection_c.h
[0.637s] -- Up-to-date: /home/bot/ros2_ws/install/kobuki_ros_interfaces/include/kobuki_ros_interfaces/msg/detail/digital_input_event__type_support.c
[0.637s] -- Up-to-date: /home/bot/ros2_ws/install/kobuki_ros_interfaces/include/kobuki_ros_interfaces/msg/detail/sensor_state__rosidl_typesupport_introspection_c.h
[0.637s] -- Up-to-date: /home/bot/ros2_ws/install/kobuki_ros_interfaces/include/kobuki_ros_interfaces/msg/detail/power_system_event__type_support.c
[0.638s] -- Up-to-date: /home/bot/ros2_ws/install/kobuki_ros_interfaces/include/kobuki_ros_interfaces/msg/detail/power_system_event__rosidl_typesupport_introspection_c.h
[0.638s] -- Up-to-date: /home/bot/ros2_ws/install/kobuki_ros_interfaces/include/kobuki_ros_interfaces/msg/detail/bumper_event__type_support.c
[0.638s] -- Up-to-date: /home/bot/ros2_ws/install/kobuki_ros_interfaces/include/kobuki_ros_interfaces/msg/detail/digital_input_event__rosidl_typesupport_introspection_c.h
[0.638s] -- Up-to-date: /home/bot/ros2_ws/install/kobuki_ros_interfaces/include/kobuki_ros_interfaces/msg/detail/cliff_event__type_support.c
[0.638s] -- Up-to-date: /home/bot/ros2_ws/install/kobuki_ros_interfaces/include/kobuki_ros_interfaces/msg/detail/dock_infra_red__rosidl_typesupport_introspection_c.h
[0.638s] -- Up-to-date: /home/bot/ros2_ws/install/kobuki_ros_interfaces/include/kobuki_ros_interfaces/msg/detail/motor_power__rosidl_typesupport_introspection_c.h
[0.638s] -- Up-to-date: /home/bot/ros2_ws/install/kobuki_ros_interfaces/include/kobuki_ros_interfaces/msg/detail/button_event__rosidl_typesupport_introspection_c.h
[0.638s] -- Up-to-date: /home/bot/ros2_ws/install/kobuki_ros_interfaces/include/kobuki_ros_interfaces/msg/detail/wheel_drop_event__rosidl_typesupport_introspection_c.h
[0.638s] -- Up-to-date: /home/bot/ros2_ws/install/kobuki_ros_interfaces/include/kobuki_ros_interfaces/msg/detail/robot_state_event__rosidl_typesupport_introspection_c.h
[0.638s] -- Up-to-date: /home/bot/ros2_ws/install/kobuki_ros_interfaces/include/kobuki_ros_interfaces/msg/detail/digital_output__type_support.c
[0.638s] -- Up-to-date: /home/bot/ros2_ws/install/kobuki_ros_interfaces/include/kobuki_ros_interfaces/msg/detail/scan_angle__type_support.c
[0.638s] -- Up-to-date: /home/bot/ros2_ws/install/kobuki_ros_interfaces/include/kobuki_ros_interfaces/msg/detail/keyboard_input__rosidl_typesupport_introspection_c.h
[0.638s] -- Up-to-date: /home/bot/ros2_ws/install/kobuki_ros_interfaces/include/kobuki_ros_interfaces/msg/detail/motor_power__type_support.c
[0.639s] -- Up-to-date: /home/bot/ros2_ws/install/kobuki_ros_interfaces/include/kobuki_ros_interfaces/msg/detail/external_power__type_support.c
[0.639s] -- Up-to-date: /home/bot/ros2_ws/install/kobuki_ros_interfaces/include/kobuki_ros_interfaces/msg/detail/sound__type_support.c
[0.639s] -- Up-to-date: /home/bot/ros2_ws/install/kobuki_ros_interfaces/include/kobuki_ros_interfaces/msg/detail/keyboard_input__type_support.c
[0.639s] -- Up-to-date: /home/bot/ros2_ws/install/kobuki_ros_interfaces/include/kobuki_ros_interfaces/msg/detail/version_info__type_support.c
[0.639s] -- Up-to-date: /home/bot/ros2_ws/install/kobuki_ros_interfaces/include/kobuki_ros_interfaces/msg/detail/sensor_state__type_support.c
[0.639s] -- Up-to-date: /home/bot/ros2_ws/install/kobuki_ros_interfaces/include/kobuki_ros_interfaces/msg/detail/external_power__rosidl_typesupport_introspection_c.h
[0.639s] -- Up-to-date: /home/bot/ros2_ws/install/kobuki_ros_interfaces/include/kobuki_ros_interfaces/msg/detail/sound__rosidl_typesupport_introspection_c.h
[0.639s] -- Up-to-date: /home/bot/ros2_ws/install/kobuki_ros_interfaces/include/kobuki_ros_interfaces/msg/detail/robot_state_event__type_support.c
[0.639s] -- Up-to-date: /home/bot/ros2_ws/install/kobuki_ros_interfaces/include/kobuki_ros_interfaces/msg/detail/digital_output__rosidl_typesupport_introspection_c.h
[0.639s] -- Up-to-date: /home/bot/ros2_ws/install/kobuki_ros_interfaces/include/kobuki_ros_interfaces/msg/detail/controller_info__type_support.c
[0.639s] -- Up-to-date: /home/bot/ros2_ws/install/kobuki_ros_interfaces/include/kobuki_ros_interfaces/msg/detail/led__type_support.c
[0.639s] -- Up-to-date: /home/bot/ros2_ws/install/kobuki_ros_interfaces/include/kobuki_ros_interfaces/msg/detail/controller_info__rosidl_typesupport_introspection_c.h
[0.639s] -- Up-to-date: /home/bot/ros2_ws/install/kobuki_ros_interfaces/include/kobuki_ros_interfaces/msg/detail/led__rosidl_typesupport_introspection_c.h
[0.640s] -- Up-to-date: /home/bot/ros2_ws/install/kobuki_ros_interfaces/include/kobuki_ros_interfaces/msg/detail/cliff_event__rosidl_typesupport_introspection_c.h
[0.640s] -- Up-to-date: /home/bot/ros2_ws/install/kobuki_ros_interfaces/include/kobuki_ros_interfaces/msg/detail/wheel_drop_event__type_support.c
[0.640s] -- Up-to-date: /home/bot/ros2_ws/install/kobuki_ros_interfaces/include/kobuki_ros_interfaces/msg/detail/button_event__type_support.c
[0.640s] -- Up-to-date: /home/bot/ros2_ws/install/kobuki_ros_interfaces/include/kobuki_ros_interfaces/msg/detail/bumper_event__rosidl_typesupport_introspection_c.h
[0.640s] -- Up-to-date: /home/bot/ros2_ws/install/kobuki_ros_interfaces/include/kobuki_ros_interfaces/msg/detail/dock_infra_red__type_support.c
[0.640s] -- Up-to-date: /home/bot/ros2_ws/install/kobuki_ros_interfaces/lib/libkobuki_ros_interfaces__rosidl_typesupport_introspection_c.so
[0.640s] -- Up-to-date: /home/bot/ros2_ws/install/kobuki_ros_interfaces/lib/libkobuki_ros_interfaces__rosidl_typesupport_c.so
[0.640s] -- Up-to-date: /home/bot/ros2_ws/install/kobuki_ros_interfaces/include/kobuki_ros_interfaces
[0.640s] -- Up-to-date: /home/bot/ros2_ws/install/kobuki_ros_interfaces/include/kobuki_ros_interfaces/action
[0.640s] -- Up-to-date: /home/bot/ros2_ws/install/kobuki_ros_interfaces/include/kobuki_ros_interfaces/action/auto_docking.hpp
[0.640s] -- Up-to-date: /home/bot/ros2_ws/install/kobuki_ros_interfaces/include/kobuki_ros_interfaces/action/detail
[0.640s] -- Up-to-date: /home/bot/ros2_ws/install/kobuki_ros_interfaces/include/kobuki_ros_interfaces/action/detail/auto_docking__struct.hpp
[0.640s] -- Up-to-date: /home/bot/ros2_ws/install/kobuki_ros_interfaces/include/kobuki_ros_interfaces/action/detail/auto_docking__traits.hpp
[0.641s] -- Up-to-date: /home/bot/ros2_ws/install/kobuki_ros_interfaces/include/kobuki_ros_interfaces/action/detail/auto_docking__builder.hpp
[0.641s] -- Up-to-date: /home/bot/ros2_ws/install/kobuki_ros_interfaces/include/kobuki_ros_interfaces/msg
[0.641s] -- Up-to-date: /home/bot/ros2_ws/install/kobuki_ros_interfaces/include/kobuki_ros_interfaces/msg/bumper_event.hpp
[0.641s] -- Up-to-date: /home/bot/ros2_ws/install/kobuki_ros_interfaces/include/kobuki_ros_interfaces/msg/external_power.hpp
[0.641s] -- Up-to-date: /home/bot/ros2_ws/install/kobuki_ros_interfaces/include/kobuki_ros_interfaces/msg/digital_input_event.hpp
[0.641s] -- Up-to-date: /home/bot/ros2_ws/install/kobuki_ros_interfaces/include/kobuki_ros_interfaces/msg/sound.hpp
[0.641s] -- Up-to-date: /home/bot/ros2_ws/install/kobuki_ros_interfaces/include/kobuki_ros_interfaces/msg/controller_info.hpp
[0.641s] -- Up-to-date: /home/bot/ros2_ws/install/kobuki_ros_interfaces/include/kobuki_ros_interfaces/msg/power_system_event.hpp
[0.641s] -- Up-to-date: /home/bot/ros2_ws/install/kobuki_ros_interfaces/include/kobuki_ros_interfaces/msg/keyboard_input.hpp
[0.641s] -- Up-to-date: /home/bot/ros2_ws/install/kobuki_ros_interfaces/include/kobuki_ros_interfaces/msg/digital_output.hpp
[0.641s] -- Up-to-date: /home/bot/ros2_ws/install/kobuki_ros_interfaces/include/kobuki_ros_interfaces/msg/motor_power.hpp
[0.641s] -- Up-to-date: /home/bot/ros2_ws/install/kobuki_ros_interfaces/include/kobuki_ros_interfaces/msg/button_event.hpp
[0.641s] -- Up-to-date: /home/bot/ros2_ws/install/kobuki_ros_interfaces/include/kobuki_ros_interfaces/msg/dock_infra_red.hpp
[0.642s] -- Up-to-date: /home/bot/ros2_ws/install/kobuki_ros_interfaces/include/kobuki_ros_interfaces/msg/led.hpp
[0.642s] -- Up-to-date: /home/bot/ros2_ws/install/kobuki_ros_interfaces/include/kobuki_ros_interfaces/msg/sensor_state.hpp
[0.642s] -- Up-to-date: /home/bot/ros2_ws/install/kobuki_ros_interfaces/include/kobuki_ros_interfaces/msg/version_info.hpp
[0.642s] -- Up-to-date: /home/bot/ros2_ws/install/kobuki_ros_interfaces/include/kobuki_ros_interfaces/msg/cliff_event.hpp
[0.642s] -- Up-to-date: /home/bot/ros2_ws/install/kobuki_ros_interfaces/include/kobuki_ros_interfaces/msg/wheel_drop_event.hpp
[0.642s] -- Up-to-date: /home/bot/ros2_ws/install/kobuki_ros_interfaces/include/kobuki_ros_interfaces/msg/detail
[0.642s] -- Up-to-date: /home/bot/ros2_ws/install/kobuki_ros_interfaces/include/kobuki_ros_interfaces/msg/detail/keyboard_input__struct.hpp
[0.642s] -- Up-to-date: /home/bot/ros2_ws/install/kobuki_ros_interfaces/include/kobuki_ros_interfaces/msg/detail/digital_output__struct.hpp
[0.642s] -- Up-to-date: /home/bot/ros2_ws/install/kobuki_ros_interfaces/include/kobuki_ros_interfaces/msg/detail/robot_state_event__builder.hpp
[0.642s] -- Up-to-date: /home/bot/ros2_ws/install/kobuki_ros_interfaces/include/kobuki_ros_interfaces/msg/detail/version_info__builder.hpp
[0.642s] -- Up-to-date: /home/bot/ros2_ws/install/kobuki_ros_interfaces/include/kobuki_ros_interfaces/msg/detail/robot_state_event__traits.hpp
[0.642s] -- Up-to-date: /home/bot/ros2_ws/install/kobuki_ros_interfaces/include/kobuki_ros_interfaces/msg/detail/button_event__struct.hpp
[0.642s] -- Up-to-date: /home/bot/ros2_ws/install/kobuki_ros_interfaces/include/kobuki_ros_interfaces/msg/detail/wheel_drop_event__builder.hpp
[0.642s] -- Up-to-date: /home/bot/ros2_ws/install/kobuki_ros_interfaces/include/kobuki_ros_interfaces/msg/detail/external_power__traits.hpp
[0.643s] -- Up-to-date: /home/bot/ros2_ws/install/kobuki_ros_interfaces/include/kobuki_ros_interfaces/msg/detail/digital_input_event__builder.hpp
[0.643s] -- Up-to-date: /home/bot/ros2_ws/install/kobuki_ros_interfaces/include/kobuki_ros_interfaces/msg/detail/led__traits.hpp
[0.643s] -- Up-to-date: /home/bot/ros2_ws/install/kobuki_ros_interfaces/include/kobuki_ros_interfaces/msg/detail/controller_info__traits.hpp
[0.643s] -- Up-to-date: /home/bot/ros2_ws/install/kobuki_ros_interfaces/include/kobuki_ros_interfaces/msg/detail/sound__traits.hpp
[0.643s] -- Up-to-date: /home/bot/ros2_ws/install/kobuki_ros_interfaces/include/kobuki_ros_interfaces/msg/detail/controller_info__builder.hpp
[0.643s] -- Up-to-date: /home/bot/ros2_ws/install/kobuki_ros_interfaces/include/kobuki_ros_interfaces/msg/detail/scan_angle__struct.hpp
[0.643s] -- Up-to-date: /home/bot/ros2_ws/install/kobuki_ros_interfaces/include/kobuki_ros_interfaces/msg/detail/wheel_drop_event__struct.hpp
[0.643s] -- Up-to-date: /home/bot/ros2_ws/install/kobuki_ros_interfaces/include/kobuki_ros_interfaces/msg/detail/bumper_event__struct.hpp
[0.643s] -- Up-to-date: /home/bot/ros2_ws/install/kobuki_ros_interfaces/include/kobuki_ros_interfaces/msg/detail/bumper_event__builder.hpp
[0.643s] -- Up-to-date: /home/bot/ros2_ws/install/kobuki_ros_interfaces/include/kobuki_ros_interfaces/msg/detail/cliff_event__traits.hpp
[0.643s] -- Up-to-date: /home/bot/ros2_ws/install/kobuki_ros_interfaces/include/kobuki_ros_interfaces/msg/detail/motor_power__traits.hpp
[0.643s] -- Up-to-date: /home/bot/ros2_ws/install/kobuki_ros_interfaces/include/kobuki_ros_interfaces/msg/detail/version_info__traits.hpp
[0.644s] -- Up-to-date: /home/bot/ros2_ws/install/kobuki_ros_interfaces/include/kobuki_ros_interfaces/msg/detail/dock_infra_red__builder.hpp
[0.644s] -- Up-to-date: /home/bot/ros2_ws/install/kobuki_ros_interfaces/include/kobuki_ros_interfaces/msg/detail/dock_infra_red__traits.hpp
[0.644s] -- Up-to-date: /home/bot/ros2_ws/install/kobuki_ros_interfaces/include/kobuki_ros_interfaces/msg/detail/sensor_state__traits.hpp
[0.644s] -- Up-to-date: /home/bot/ros2_ws/install/kobuki_ros_interfaces/include/kobuki_ros_interfaces/msg/detail/motor_power__builder.hpp
[0.644s] -- Up-to-date: /home/bot/ros2_ws/install/kobuki_ros_interfaces/include/kobuki_ros_interfaces/msg/detail/dock_infra_red__struct.hpp
[0.644s] -- Up-to-date: /home/bot/ros2_ws/install/kobuki_ros_interfaces/include/kobuki_ros_interfaces/msg/detail/power_system_event__struct.hpp
[0.644s] -- Up-to-date: /home/bot/ros2_ws/install/kobuki_ros_interfaces/include/kobuki_ros_interfaces/msg/detail/external_power__struct.hpp
[0.644s] -- Up-to-date: /home/bot/ros2_ws/install/kobuki_ros_interfaces/include/kobuki_ros_interfaces/msg/detail/bumper_event__traits.hpp
[0.644s] -- Up-to-date: /home/bot/ros2_ws/install/kobuki_ros_interfaces/include/kobuki_ros_interfaces/msg/detail/keyboard_input__builder.hpp
[0.645s] -- Up-to-date: /home/bot/ros2_ws/install/kobuki_ros_interfaces/include/kobuki_ros_interfaces/msg/detail/scan_angle__traits.hpp
[0.645s] -- Up-to-date: /home/bot/ros2_ws/install/kobuki_ros_interfaces/include/kobuki_ros_interfaces/msg/detail/sound__struct.hpp
[0.645s] -- Up-to-date: /home/bot/ros2_ws/install/kobuki_ros_interfaces/include/kobuki_ros_interfaces/msg/detail/cliff_event__builder.hpp
[0.645s] -- Up-to-date: /home/bot/ros2_ws/install/kobuki_ros_interfaces/include/kobuki_ros_interfaces/msg/detail/external_power__builder.hpp
[0.645s] -- Up-to-date: /home/bot/ros2_ws/install/kobuki_ros_interfaces/include/kobuki_ros_interfaces/msg/detail/digital_input_event__struct.hpp
[0.645s] -- Up-to-date: /home/bot/ros2_ws/install/kobuki_ros_interfaces/include/kobuki_ros_interfaces/msg/detail/scan_angle__builder.hpp
[0.645s] -- Up-to-date: /home/bot/ros2_ws/install/kobuki_ros_interfaces/include/kobuki_ros_interfaces/msg/detail/sound__builder.hpp
[0.645s] -- Up-to-date: /home/bot/ros2_ws/install/kobuki_ros_interfaces/include/kobuki_ros_interfaces/msg/detail/cliff_event__struct.hpp
[0.645s] -- Up-to-date: /home/bot/ros2_ws/install/kobuki_ros_interfaces/include/kobuki_ros_interfaces/msg/detail/controller_info__struct.hpp
[0.645s] -- Up-to-date: /home/bot/ros2_ws/install/kobuki_ros_interfaces/include/kobuki_ros_interfaces/msg/detail/digital_output__builder.hpp
[0.645s] -- Up-to-date: /home/bot/ros2_ws/install/kobuki_ros_interfaces/include/kobuki_ros_interfaces/msg/detail/robot_state_event__struct.hpp
[0.645s] -- Up-to-date: /home/bot/ros2_ws/install/kobuki_ros_interfaces/include/kobuki_ros_interfaces/msg/detail/led__struct.hpp
[0.645s] -- Up-to-date: /home/bot/ros2_ws/install/kobuki_ros_interfaces/include/kobuki_ros_interfaces/msg/detail/sensor_state__struct.hpp
[0.646s] -- Up-to-date: /home/bot/ros2_ws/install/kobuki_ros_interfaces/include/kobuki_ros_interfaces/msg/detail/power_system_event__builder.hpp
[0.646s] -- Up-to-date: /home/bot/ros2_ws/install/kobuki_ros_interfaces/include/kobuki_ros_interfaces/msg/detail/keyboard_input__traits.hpp
[0.646s] -- Up-to-date: /home/bot/ros2_ws/install/kobuki_ros_interfaces/include/kobuki_ros_interfaces/msg/detail/button_event__builder.hpp
[0.646s] -- Up-to-date: /home/bot/ros2_ws/install/kobuki_ros_interfaces/include/kobuki_ros_interfaces/msg/detail/wheel_drop_event__traits.hpp
[0.646s] -- Up-to-date: /home/bot/ros2_ws/install/kobuki_ros_interfaces/include/kobuki_ros_interfaces/msg/detail/digital_output__traits.hpp
[0.646s] -- Up-to-date: /home/bot/ros2_ws/install/kobuki_ros_interfaces/include/kobuki_ros_interfaces/msg/detail/digital_input_event__traits.hpp
[0.646s] -- Up-to-date: /home/bot/ros2_ws/install/kobuki_ros_interfaces/include/kobuki_ros_interfaces/msg/detail/power_system_event__traits.hpp
[0.646s] -- Up-to-date: /home/bot/ros2_ws/install/kobuki_ros_interfaces/include/kobuki_ros_interfaces/msg/detail/led__builder.hpp
[0.646s] -- Up-to-date: /home/bot/ros2_ws/install/kobuki_ros_interfaces/include/kobuki_ros_interfaces/msg/detail/motor_power__struct.hpp
[0.647s] -- Up-to-date: /home/bot/ros2_ws/install/kobuki_ros_interfaces/include/kobuki_ros_interfaces/msg/detail/sensor_state__builder.hpp
[0.647s] -- Up-to-date: /home/bot/ros2_ws/install/kobuki_ros_interfaces/include/kobuki_ros_interfaces/msg/detail/button_event__traits.hpp
[0.647s] -- Up-to-date: /home/bot/ros2_ws/install/kobuki_ros_interfaces/include/kobuki_ros_interfaces/msg/detail/version_info__struct.hpp
[0.647s] -- Up-to-date: /home/bot/ros2_ws/install/kobuki_ros_interfaces/include/kobuki_ros_interfaces/msg/robot_state_event.hpp
[0.647s] -- Up-to-date: /home/bot/ros2_ws/install/kobuki_ros_interfaces/include/kobuki_ros_interfaces/msg/scan_angle.hpp
[0.647s] -- Up-to-date: /home/bot/ros2_ws/install/kobuki_ros_interfaces/include/kobuki_ros_interfaces
[0.647s] -- Up-to-date: /home/bot/ros2_ws/install/kobuki_ros_interfaces/include/kobuki_ros_interfaces/action
[0.647s] -- Up-to-date: /home/bot/ros2_ws/install/kobuki_ros_interfaces/include/kobuki_ros_interfaces/action/detail
[0.647s] -- Up-to-date: /home/bot/ros2_ws/install/kobuki_ros_interfaces/include/kobuki_ros_interfaces/action/detail/auto_docking__rosidl_typesupport_introspection_cpp.hpp
[0.648s] -- Up-to-date: /home/bot/ros2_ws/install/kobuki_ros_interfaces/include/kobuki_ros_interfaces/action/detail/auto_docking__type_support.cpp
[0.648s] -- Up-to-date: /home/bot/ros2_ws/install/kobuki_ros_interfaces/include/kobuki_ros_interfaces/msg
[0.648s] -- Up-to-date: /home/bot/ros2_ws/install/kobuki_ros_interfaces/include/kobuki_ros_interfaces/msg/detail
[0.648s] -- Up-to-date: /home/bot/ros2_ws/install/kobuki_ros_interfaces/include/kobuki_ros_interfaces/msg/detail/controller_info__type_support.cpp
[0.648s] -- Up-to-date: /home/bot/ros2_ws/install/kobuki_ros_interfaces/include/kobuki_ros_interfaces/msg/detail/wheel_drop_event__rosidl_typesupport_introspection_cpp.hpp
[0.648s] -- Up-to-date: /home/bot/ros2_ws/install/kobuki_ros_interfaces/include/kobuki_ros_interfaces/msg/detail/keyboard_input__rosidl_typesupport_introspection_cpp.hpp
[0.648s] -- Up-to-date: /home/bot/ros2_ws/install/kobuki_ros_interfaces/include/kobuki_ros_interfaces/msg/detail/motor_power__type_support.cpp
[0.648s] -- Up-to-date: /home/bot/ros2_ws/install/kobuki_ros_interfaces/include/kobuki_ros_interfaces/msg/detail/button_event__rosidl_typesupport_introspection_cpp.hpp
[0.648s] -- Up-to-date: /home/bot/ros2_ws/install/kobuki_ros_interfaces/include/kobuki_ros_interfaces/msg/detail/power_system_event__type_support.cpp
[0.648s] -- Up-to-date: /home/bot/ros2_ws/install/kobuki_ros_interfaces/include/kobuki_ros_interfaces/msg/detail/external_power__rosidl_typesupport_introspection_cpp.hpp
[0.649s] -- Up-to-date: /home/bot/ros2_ws/install/kobuki_ros_interfaces/include/kobuki_ros_interfaces/msg/detail/cliff_event__type_support.cpp
[0.649s] -- Up-to-date: /home/bot/ros2_ws/install/kobuki_ros_interfaces/include/kobuki_ros_interfaces/msg/detail/digital_output__type_support.cpp
[0.649s] -- Up-to-date: /home/bot/ros2_ws/install/kobuki_ros_interfaces/include/kobuki_ros_interfaces/msg/detail/sensor_state__rosidl_typesupport_introspection_cpp.hpp
[0.649s] -- Up-to-date: /home/bot/ros2_ws/install/kobuki_ros_interfaces/include/kobuki_ros_interfaces/msg/detail/dock_infra_red__rosidl_typesupport_introspection_cpp.hpp
[0.649s] -- Up-to-date: /home/bot/ros2_ws/install/kobuki_ros_interfaces/include/kobuki_ros_interfaces/msg/detail/robot_state_event__type_support.cpp
[0.649s] -- Up-to-date: /home/bot/ros2_ws/install/kobuki_ros_interfaces/include/kobuki_ros_interfaces/msg/detail/scan_angle__rosidl_typesupport_introspection_cpp.hpp
[0.649s] -- Up-to-date: /home/bot/ros2_ws/install/kobuki_ros_interfaces/include/kobuki_ros_interfaces/msg/detail/dock_infra_red__type_support.cpp
[0.649s] -- Up-to-date: /home/bot/ros2_ws/install/kobuki_ros_interfaces/include/kobuki_ros_interfaces/msg/detail/led__type_support.cpp
[0.649s] -- Up-to-date: /home/bot/ros2_ws/install/kobuki_ros_interfaces/include/kobuki_ros_interfaces/msg/detail/version_info__type_support.cpp
[0.649s] -- Up-to-date: /home/bot/ros2_ws/install/kobuki_ros_interfaces/include/kobuki_ros_interfaces/msg/detail/led__rosidl_typesupport_introspection_cpp.hpp
[0.649s] -- Up-to-date: /home/bot/ros2_ws/install/kobuki_ros_interfaces/include/kobuki_ros_interfaces/msg/detail/sound__type_support.cpp
[0.649s] -- Up-to-date: /home/bot/ros2_ws/install/kobuki_ros_interfaces/include/kobuki_ros_interfaces/msg/detail/digital_input_event__rosidl_typesupport_introspection_cpp.hpp
[0.649s] -- Up-to-date: /home/bot/ros2_ws/install/kobuki_ros_interfaces/include/kobuki_ros_interfaces/msg/detail/motor_power__rosidl_typesupport_introspection_cpp.hpp
[0.650s] -- Up-to-date: /home/bot/ros2_ws/install/kobuki_ros_interfaces/include/kobuki_ros_interfaces/msg/detail/bumper_event__rosidl_typesupport_introspection_cpp.hpp
[0.650s] -- Up-to-date: /home/bot/ros2_ws/install/kobuki_ros_interfaces/include/kobuki_ros_interfaces/msg/detail/controller_info__rosidl_typesupport_introspection_cpp.hpp
[0.650s] -- Up-to-date: /home/bot/ros2_ws/install/kobuki_ros_interfaces/include/kobuki_ros_interfaces/msg/detail/bumper_event__type_support.cpp
[0.650s] -- Up-to-date: /home/bot/ros2_ws/install/kobuki_ros_interfaces/include/kobuki_ros_interfaces/msg/detail/keyboard_input__type_support.cpp
[0.652s] -- Up-to-date: /home/bot/ros2_ws/install/kobuki_ros_interfaces/include/kobuki_ros_interfaces/msg/detail/power_system_event__rosidl_typesupport_introspection_cpp.hpp
[0.652s] -- Up-to-date: /home/bot/ros2_ws/install/kobuki_ros_interfaces/include/kobuki_ros_interfaces/msg/detail/external_power__type_support.cpp
[0.652s] -- Up-to-date: /home/bot/ros2_ws/install/kobuki_ros_interfaces/include/kobuki_ros_interfaces/msg/detail/sensor_state__type_support.cpp
[0.653s] -- Up-to-date: /home/bot/ros2_ws/install/kobuki_ros_interfaces/include/kobuki_ros_interfaces/msg/detail/version_info__rosidl_typesupport_introspection_cpp.hpp
[0.653s] -- Up-to-date: /home/bot/ros2_ws/install/kobuki_ros_interfaces/include/kobuki_ros_interfaces/msg/detail/cliff_event__rosidl_typesupport_introspection_cpp.hpp
[0.653s] -- Up-to-date: /home/bot/ros2_ws/install/kobuki_ros_interfaces/include/kobuki_ros_interfaces/msg/detail/digital_input_event__type_support.cpp
[0.653s] -- Up-to-date: /home/bot/ros2_ws/install/kobuki_ros_interfaces/include/kobuki_ros_interfaces/msg/detail/robot_state_event__rosidl_typesupport_introspection_cpp.hpp
[0.653s] -- Up-to-date: /home/bot/ros2_ws/install/kobuki_ros_interfaces/include/kobuki_ros_interfaces/msg/detail/scan_angle__type_support.cpp
[0.653s] -- Up-to-date: /home/bot/ros2_ws/install/kobuki_ros_interfaces/include/kobuki_ros_interfaces/msg/detail/button_event__type_support.cpp
[0.653s] -- Up-to-date: /home/bot/ros2_ws/install/kobuki_ros_interfaces/include/kobuki_ros_interfaces/msg/detail/sound__rosidl_typesupport_introspection_cpp.hpp
[0.653s] -- Up-to-date: /home/bot/ros2_ws/install/kobuki_ros_interfaces/include/kobuki_ros_interfaces/msg/detail/wheel_drop_event__type_support.cpp
[0.654s] -- Up-to-date: /home/bot/ros2_ws/install/kobuki_ros_interfaces/include/kobuki_ros_interfaces/msg/detail/digital_output__rosidl_typesupport_introspection_cpp.hpp
[0.654s] -- Up-to-date: /home/bot/ros2_ws/install/kobuki_ros_interfaces/lib/libkobuki_ros_interfaces__rosidl_typesupport_introspection_cpp.so
[0.654s] -- Up-to-date: /home/bot/ros2_ws/install/kobuki_ros_interfaces/lib/libkobuki_ros_interfaces__rosidl_typesupport_cpp.so
[0.654s] -- Up-to-date: /home/bot/ros2_ws/install/kobuki_ros_interfaces/share/kobuki_ros_interfaces/environment/pythonpath.sh
[0.654s] -- Up-to-date: /home/bot/ros2_ws/install/kobuki_ros_interfaces/share/kobuki_ros_interfaces/environment/pythonpath.dsv
[0.654s] -- Up-to-date: /home/bot/ros2_ws/install/kobuki_ros_interfaces/lib/python3.8/site-packages/kobuki_ros_interfaces/__init__.py
[0.656s] -- Up-to-date: /home/bot/ros2_ws/install/kobuki_ros_interfaces/lib/python3.8/site-packages/kobuki_ros_interfaces/msg
[0.656s] -- Up-to-date: /home/bot/ros2_ws/install/kobuki_ros_interfaces/lib/python3.8/site-packages/kobuki_ros_interfaces/msg/_sound.py
[0.657s] -- Up-to-date: /home/bot/ros2_ws/install/kobuki_ros_interfaces/lib/python3.8/site-packages/kobuki_ros_interfaces/msg/_keyboard_input_s.c
[0.657s] -- Up-to-date: /home/bot/ros2_ws/install/kobuki_ros_interfaces/lib/python3.8/site-packages/kobuki_ros_interfaces/msg/_dock_infra_red.py
[0.657s] -- Up-to-date: /home/bot/ros2_ws/install/kobuki_ros_interfaces/lib/python3.8/site-packages/kobuki_ros_interfaces/msg/__init__.py
[0.658s] -- Up-to-date: /home/bot/ros2_ws/install/kobuki_ros_interfaces/lib/python3.8/site-packages/kobuki_ros_interfaces/msg/_motor_power_s.c
[0.658s] -- Up-to-date: /home/bot/ros2_ws/install/kobuki_ros_interfaces/lib/python3.8/site-packages/kobuki_ros_interfaces/msg/_sound_s.c
[0.658s] -- Up-to-date: /home/bot/ros2_ws/install/kobuki_ros_interfaces/lib/python3.8/site-packages/kobuki_ros_interfaces/msg/_keyboard_input.py
[0.659s] -- Up-to-date: /home/bot/ros2_ws/install/kobuki_ros_interfaces/lib/python3.8/site-packages/kobuki_ros_interfaces/msg/_scan_angle.py
[0.659s] -- Up-to-date: /home/bot/ros2_ws/install/kobuki_ros_interfaces/lib/python3.8/site-packages/kobuki_ros_interfaces/msg/_external_power_s.c
[0.659s] -- Up-to-date: /home/bot/ros2_ws/install/kobuki_ros_interfaces/lib/python3.8/site-packages/kobuki_ros_interfaces/msg/_power_system_event.py
[0.659s] -- Up-to-date: /home/bot/ros2_ws/install/kobuki_ros_interfaces/lib/python3.8/site-packages/kobuki_ros_interfaces/msg/_led_s.c
[0.660s] -- Up-to-date: /home/bot/ros2_ws/install/kobuki_ros_interfaces/lib/python3.8/site-packages/kobuki_ros_interfaces/msg/_digital_input_event.py
[0.661s] -- Up-to-date: /home/bot/ros2_ws/install/kobuki_ros_interfaces/lib/python3.8/site-packages/kobuki_ros_interfaces/msg/_version_info.py
[0.661s] -- Up-to-date: /home/bot/ros2_ws/install/kobuki_ros_interfaces/lib/python3.8/site-packages/kobuki_ros_interfaces/msg/_sensor_state_s.c
[0.661s] -- Up-to-date: /home/bot/ros2_ws/install/kobuki_ros_interfaces/lib/python3.8/site-packages/kobuki_ros_interfaces/msg/_power_system_event_s.c
[0.661s] -- Up-to-date: /home/bot/ros2_ws/install/kobuki_ros_interfaces/lib/python3.8/site-packages/kobuki_ros_interfaces/msg/_button_event_s.c
[0.663s] -- Up-to-date: /home/bot/ros2_ws/install/kobuki_ros_interfaces/lib/python3.8/site-packages/kobuki_ros_interfaces/msg/_digital_output.py
[0.663s] -- Up-to-date: /home/bot/ros2_ws/install/kobuki_ros_interfaces/lib/python3.8/site-packages/kobuki_ros_interfaces/msg/_wheel_drop_event_s.c
[0.663s] -- Up-to-date: /home/bot/ros2_ws/install/kobuki_ros_interfaces/lib/python3.8/site-packages/kobuki_ros_interfaces/msg/_sensor_state.py
[0.663s] -- Up-to-date: /home/bot/ros2_ws/install/kobuki_ros_interfaces/lib/python3.8/site-packages/kobuki_ros_interfaces/msg/_led.py
[0.664s] -- Up-to-date: /home/bot/ros2_ws/install/kobuki_ros_interfaces/lib/python3.8/site-packages/kobuki_ros_interfaces/msg/_robot_state_event.py
[0.664s] -- Up-to-date: /home/bot/ros2_ws/install/kobuki_ros_interfaces/lib/python3.8/site-packages/kobuki_ros_interfaces/msg/_wheel_drop_event.py
[0.664s] -- Up-to-date: /home/bot/ros2_ws/install/kobuki_ros_interfaces/lib/python3.8/site-packages/kobuki_ros_interfaces/msg/_bumper_event.py
[0.664s] -- Up-to-date: /home/bot/ros2_ws/install/kobuki_ros_interfaces/lib/python3.8/site-packages/kobuki_ros_interfaces/msg/_dock_infra_red_s.c
[0.665s] -- Up-to-date: /home/bot/ros2_ws/install/kobuki_ros_interfaces/lib/python3.8/site-packages/kobuki_ros_interfaces/msg/_button_event.py
[0.665s] -- Up-to-date: /home/bot/ros2_ws/install/kobuki_ros_interfaces/lib/python3.8/site-packages/kobuki_ros_interfaces/msg/_cliff_event.py
[0.665s] -- Up-to-date: /home/bot/ros2_ws/install/kobuki_ros_interfaces/lib/python3.8/site-packages/kobuki_ros_interfaces/msg/_robot_state_event_s.c
[0.665s] -- Up-to-date: /home/bot/ros2_ws/install/kobuki_ros_interfaces/lib/python3.8/site-packages/kobuki_ros_interfaces/msg/_bumper_event_s.c
[0.665s] -- Up-to-date: /home/bot/ros2_ws/install/kobuki_ros_interfaces/lib/python3.8/site-packages/kobuki_ros_interfaces/msg/_external_power.py
[0.667s] -- Up-to-date: /home/bot/ros2_ws/install/kobuki_ros_interfaces/lib/python3.8/site-packages/kobuki_ros_interfaces/msg/_cliff_event_s.c
[0.667s] -- Up-to-date: /home/bot/ros2_ws/install/kobuki_ros_interfaces/lib/python3.8/site-packages/kobuki_ros_interfaces/msg/_scan_angle_s.c
[0.667s] -- Up-to-date: /home/bot/ros2_ws/install/kobuki_ros_interfaces/lib/python3.8/site-packages/kobuki_ros_interfaces/msg/_digital_output_s.c
[0.668s] -- Up-to-date: /home/bot/ros2_ws/install/kobuki_ros_interfaces/lib/python3.8/site-packages/kobuki_ros_interfaces/msg/_version_info_s.c
[0.668s] -- Up-to-date: /home/bot/ros2_ws/install/kobuki_ros_interfaces/lib/python3.8/site-packages/kobuki_ros_interfaces/msg/_motor_power.py
[0.668s] -- Up-to-date: /home/bot/ros2_ws/install/kobuki_ros_interfaces/lib/python3.8/site-packages/kobuki_ros_interfaces/msg/_controller_info.py
[0.668s] -- Up-to-date: /home/bot/ros2_ws/install/kobuki_ros_interfaces/lib/python3.8/site-packages/kobuki_ros_interfaces/msg/_digital_input_event_s.c
[0.668s] -- Up-to-date: /home/bot/ros2_ws/install/kobuki_ros_interfaces/lib/python3.8/site-packages/kobuki_ros_interfaces/msg/_controller_info_s.c
[0.668s] -- Up-to-date: /home/bot/ros2_ws/install/kobuki_ros_interfaces/lib/python3.8/site-packages/kobuki_ros_interfaces/action
[0.668s] -- Up-to-date: /home/bot/ros2_ws/install/kobuki_ros_interfaces/lib/python3.8/site-packages/kobuki_ros_interfaces/action/_auto_docking.py
[0.668s] -- Up-to-date: /home/bot/ros2_ws/install/kobuki_ros_interfaces/lib/python3.8/site-packages/kobuki_ros_interfaces/action/__init__.py
[0.668s] -- Up-to-date: /home/bot/ros2_ws/install/kobuki_ros_interfaces/lib/python3.8/site-packages/kobuki_ros_interfaces/action/_auto_docking_s.c
[0.668s] -- Up-to-date: /home/bot/ros2_ws/install/kobuki_ros_interfaces/lib/python3.8/site-packages/kobuki_ros_interfaces/kobuki_ros_interfaces_s__rosidl_typesupport_fastrtps_c.cpython-38-x86_64-linux-gnu.so
[0.668s] -- Up-to-date: /home/bot/ros2_ws/install/kobuki_ros_interfaces/lib/python3.8/site-packages/kobuki_ros_interfaces/kobuki_ros_interfaces_s__rosidl_typesupport_introspection_c.cpython-38-x86_64-linux-gnu.so
[0.668s] -- Up-to-date: /home/bot/ros2_ws/install/kobuki_ros_interfaces/lib/python3.8/site-packages/kobuki_ros_interfaces/kobuki_ros_interfaces_s__rosidl_typesupport_c.cpython-38-x86_64-linux-gnu.so
[0.668s] -- Up-to-date: /home/bot/ros2_ws/install/kobuki_ros_interfaces/lib/libkobuki_ros_interfaces__python.so
[0.669s] -- Up-to-date: /home/bot/ros2_ws/install/kobuki_ros_interfaces/share/kobuki_ros_interfaces/msg/BumperEvent.idl
[0.669s] -- Up-to-date: /home/bot/ros2_ws/install/kobuki_ros_interfaces/share/kobuki_ros_interfaces/msg/CliffEvent.idl
[0.669s] -- Up-to-date: /home/bot/ros2_ws/install/kobuki_ros_interfaces/share/kobuki_ros_interfaces/msg/DigitalOutput.idl
[0.669s] -- Up-to-date: /home/bot/ros2_ws/install/kobuki_ros_interfaces/share/kobuki_ros_interfaces/msg/ExternalPower.idl
[0.669s] -- Up-to-date: /home/bot/ros2_ws/install/kobuki_ros_interfaces/share/kobuki_ros_interfaces/msg/Led.idl
[0.669s] -- Up-to-date: /home/bot/ros2_ws/install/kobuki_ros_interfaces/share/kobuki_ros_interfaces/msg/PowerSystemEvent.idl
[0.669s] -- Up-to-date: /home/bot/ros2_ws/install/kobuki_ros_interfaces/share/kobuki_ros_interfaces/msg/SensorState.idl
[0.669s] -- Up-to-date: /home/bot/ros2_ws/install/kobuki_ros_interfaces/share/kobuki_ros_interfaces/msg/VersionInfo.idl
[0.669s] -- Up-to-date: /home/bot/ros2_ws/install/kobuki_ros_interfaces/share/kobuki_ros_interfaces/msg/ControllerInfo.idl
[0.669s] -- Up-to-date: /home/bot/ros2_ws/install/kobuki_ros_interfaces/share/kobuki_ros_interfaces/msg/ButtonEvent.idl
[0.669s] -- Up-to-date: /home/bot/ros2_ws/install/kobuki_ros_interfaces/share/kobuki_ros_interfaces/msg/DigitalInputEvent.idl
[0.669s] -- Up-to-date: /home/bot/ros2_ws/install/kobuki_ros_interfaces/share/kobuki_ros_interfaces/msg/DockInfraRed.idl
[0.669s] -- Up-to-date: /home/bot/ros2_ws/install/kobuki_ros_interfaces/share/kobuki_ros_interfaces/msg/KeyboardInput.idl
[0.670s] -- Up-to-date: /home/bot/ros2_ws/install/kobuki_ros_interfaces/share/kobuki_ros_interfaces/msg/MotorPower.idl
[0.670s] -- Up-to-date: /home/bot/ros2_ws/install/kobuki_ros_interfaces/share/kobuki_ros_interfaces/msg/RobotStateEvent.idl
[0.670s] -- Up-to-date: /home/bot/ros2_ws/install/kobuki_ros_interfaces/share/kobuki_ros_interfaces/msg/Sound.idl
[0.670s] -- Up-to-date: /home/bot/ros2_ws/install/kobuki_ros_interfaces/share/kobuki_ros_interfaces/msg/ScanAngle.idl
[0.670s] -- Up-to-date: /home/bot/ros2_ws/install/kobuki_ros_interfaces/share/kobuki_ros_interfaces/msg/WheelDropEvent.idl
[0.670s] -- Up-to-date: /home/bot/ros2_ws/install/kobuki_ros_interfaces/share/kobuki_ros_interfaces/action/AutoDocking.idl
[0.670s] -- Up-to-date: /home/bot/ros2_ws/install/kobuki_ros_interfaces/share/kobuki_ros_interfaces/msg/BumperEvent.msg
[0.670s] -- Up-to-date: /home/bot/ros2_ws/install/kobuki_ros_interfaces/share/kobuki_ros_interfaces/msg/CliffEvent.msg
[0.670s] -- Up-to-date: /home/bot/ros2_ws/install/kobuki_ros_interfaces/share/kobuki_ros_interfaces/msg/DigitalOutput.msg
[0.670s] -- Up-to-date: /home/bot/ros2_ws/install/kobuki_ros_interfaces/share/kobuki_ros_interfaces/msg/ExternalPower.msg
[0.670s] -- Up-to-date: /home/bot/ros2_ws/install/kobuki_ros_interfaces/share/kobuki_ros_interfaces/msg/Led.msg
[0.670s] -- Up-to-date: /home/bot/ros2_ws/install/kobuki_ros_interfaces/share/kobuki_ros_interfaces/msg/PowerSystemEvent.msg
[0.670s] -- Up-to-date: /home/bot/ros2_ws/install/kobuki_ros_interfaces/share/kobuki_ros_interfaces/msg/SensorState.msg
[0.670s] -- Up-to-date: /home/bot/ros2_ws/install/kobuki_ros_interfaces/share/kobuki_ros_interfaces/msg/VersionInfo.msg
[0.671s] -- Up-to-date: /home/bot/ros2_ws/install/kobuki_ros_interfaces/share/kobuki_ros_interfaces/msg/ControllerInfo.msg
[0.671s] -- Up-to-date: /home/bot/ros2_ws/install/kobuki_ros_interfaces/share/kobuki_ros_interfaces/msg/ButtonEvent.msg
[0.671s] -- Up-to-date: /home/bot/ros2_ws/install/kobuki_ros_interfaces/share/kobuki_ros_interfaces/msg/DigitalInputEvent.msg
[0.671s] -- Up-to-date: /home/bot/ros2_ws/install/kobuki_ros_interfaces/share/kobuki_ros_interfaces/msg/DockInfraRed.msg
[0.671s] -- Up-to-date: /home/bot/ros2_ws/install/kobuki_ros_interfaces/share/kobuki_ros_interfaces/msg/KeyboardInput.msg
[0.671s] -- Up-to-date: /home/bot/ros2_ws/install/kobuki_ros_interfaces/share/kobuki_ros_interfaces/msg/MotorPower.msg
[0.671s] -- Up-to-date: /home/bot/ros2_ws/install/kobuki_ros_interfaces/share/kobuki_ros_interfaces/msg/RobotStateEvent.msg
[0.671s] -- Up-to-date: /home/bot/ros2_ws/install/kobuki_ros_interfaces/share/kobuki_ros_interfaces/msg/Sound.msg
[0.671s] -- Up-to-date: /home/bot/ros2_ws/install/kobuki_ros_interfaces/share/kobuki_ros_interfaces/msg/ScanAngle.msg
[0.671s] -- Up-to-date: /home/bot/ros2_ws/install/kobuki_ros_interfaces/share/kobuki_ros_interfaces/msg/WheelDropEvent.msg
[0.671s] -- Up-to-date: /home/bot/ros2_ws/install/kobuki_ros_interfaces/share/kobuki_ros_interfaces/action/AutoDocking.action
[0.671s] -- Up-to-date: /home/bot/ros2_ws/install/kobuki_ros_interfaces/share/ament_index/resource_index/package_run_dependencies/kobuki_ros_interfaces
[0.671s] -- Up-to-date: /home/bot/ros2_ws/install/kobuki_ros_interfaces/share/ament_index/resource_index/parent_prefix_path/kobuki_ros_interfaces
[0.671s] -- Up-to-date: /home/bot/ros2_ws/install/kobuki_ros_interfaces/share/kobuki_ros_interfaces/environment/ament_prefix_path.sh
[0.672s] -- Up-to-date: /home/bot/ros2_ws/install/kobuki_ros_interfaces/share/kobuki_ros_interfaces/environment/ament_prefix_path.dsv
[0.672s] -- Up-to-date: /home/bot/ros2_ws/install/kobuki_ros_interfaces/share/kobuki_ros_interfaces/environment/path.sh
[0.672s] -- Up-to-date: /home/bot/ros2_ws/install/kobuki_ros_interfaces/share/kobuki_ros_interfaces/environment/path.dsv
[0.672s] -- Up-to-date: /home/bot/ros2_ws/install/kobuki_ros_interfaces/share/kobuki_ros_interfaces/local_setup.bash
[0.672s] -- Up-to-date: /home/bot/ros2_ws/install/kobuki_ros_interfaces/share/kobuki_ros_interfaces/local_setup.sh
[0.672s] -- Up-to-date: /home/bot/ros2_ws/install/kobuki_ros_interfaces/share/kobuki_ros_interfaces/local_setup.zsh
[0.672s] -- Up-to-date: /home/bot/ros2_ws/install/kobuki_ros_interfaces/share/kobuki_ros_interfaces/local_setup.dsv
[0.672s] -- Installing: /home/bot/ros2_ws/install/kobuki_ros_interfaces/share/kobuki_ros_interfaces/package.dsv
[0.672s] -- Up-to-date: /home/bot/ros2_ws/install/kobuki_ros_interfaces/share/ament_index/resource_index/packages/kobuki_ros_interfaces
[0.672s] -- Up-to-date: /home/bot/ros2_ws/install/kobuki_ros_interfaces/share/kobuki_ros_interfaces/cmake/kobuki_ros_interfaces__rosidl_generator_cExport.cmake
[0.672s] -- Up-to-date: /home/bot/ros2_ws/install/kobuki_ros_interfaces/share/kobuki_ros_interfaces/cmake/kobuki_ros_interfaces__rosidl_generator_cExport-noconfig.cmake
[0.672s] -- Up-to-date: /home/bot/ros2_ws/install/kobuki_ros_interfaces/share/kobuki_ros_interfaces/cmake/kobuki_ros_interfaces__rosidl_typesupport_introspection_cExport.cmake
[0.672s] -- Up-to-date: /home/bot/ros2_ws/install/kobuki_ros_interfaces/share/kobuki_ros_interfaces/cmake/kobuki_ros_interfaces__rosidl_typesupport_introspection_cExport-noconfig.cmake
[0.672s] -- Up-to-date: /home/bot/ros2_ws/install/kobuki_ros_interfaces/share/kobuki_ros_interfaces/cmake/kobuki_ros_interfaces__rosidl_typesupport_cExport.cmake
[0.673s] -- Up-to-date: /home/bot/ros2_ws/install/kobuki_ros_interfaces/share/kobuki_ros_interfaces/cmake/kobuki_ros_interfaces__rosidl_typesupport_cExport-noconfig.cmake
[0.673s] -- Up-to-date: /home/bot/ros2_ws/install/kobuki_ros_interfaces/share/kobuki_ros_interfaces/cmake/kobuki_ros_interfaces__rosidl_generator_cppExport.cmake
[0.673s] -- Up-to-date: /home/bot/ros2_ws/install/kobuki_ros_interfaces/share/kobuki_ros_interfaces/cmake/kobuki_ros_interfaces__rosidl_typesupport_introspection_cppExport.cmake
[0.673s] -- Up-to-date: /home/bot/ros2_ws/install/kobuki_ros_interfaces/share/kobuki_ros_interfaces/cmake/kobuki_ros_interfaces__rosidl_typesupport_introspection_cppExport-noconfig.cmake
[0.673s] -- Up-to-date: /home/bot/ros2_ws/install/kobuki_ros_interfaces/share/kobuki_ros_interfaces/cmake/kobuki_ros_interfaces__rosidl_typesupport_cppExport.cmake
[0.673s] -- Up-to-date: /home/bot/ros2_ws/install/kobuki_ros_interfaces/share/kobuki_ros_interfaces/cmake/kobuki_ros_interfaces__rosidl_typesupport_cppExport-noconfig.cmake
[0.673s] -- Up-to-date: /home/bot/ros2_ws/install/kobuki_ros_interfaces/share/kobuki_ros_interfaces/cmake/rosidl_cmake-extras.cmake
[0.673s] -- Up-to-date: /home/bot/ros2_ws/install/kobuki_ros_interfaces/share/kobuki_ros_interfaces/cmake/ament_cmake_export_dependencies-extras.cmake
[0.673s] -- Up-to-date: /home/bot/ros2_ws/install/kobuki_ros_interfaces/share/kobuki_ros_interfaces/cmake/ament_cmake_export_libraries-extras.cmake
[0.673s] -- Up-to-date: /home/bot/ros2_ws/install/kobuki_ros_interfaces/share/kobuki_ros_interfaces/cmake/ament_cmake_export_targets-extras.cmake
[0.673s] -- Up-to-date: /home/bot/ros2_ws/install/kobuki_ros_interfaces/share/kobuki_ros_interfaces/cmake/ament_cmake_export_include_directories-extras.cmake
[0.673s] -- Up-to-date: /home/bot/ros2_ws/install/kobuki_ros_interfaces/share/kobuki_ros_interfaces/cmake/rosidl_cmake_export_typesupport_libraries-extras.cmake
[0.673s] -- Up-to-date: /home/bot/ros2_ws/install/kobuki_ros_interfaces/share/kobuki_ros_interfaces/cmake/rosidl_cmake_export_typesupport_targets-extras.cmake
[0.673s] -- Up-to-date: /home/bot/ros2_ws/install/kobuki_ros_interfaces/share/kobuki_ros_interfaces/cmake/kobuki_ros_interfacesConfig.cmake
[0.674s] -- Up-to-date: /home/bot/ros2_ws/install/kobuki_ros_interfaces/share/kobuki_ros_interfaces/cmake/kobuki_ros_interfacesConfig-version.cmake
[0.674s] -- Up-to-date: /home/bot/ros2_ws/install/kobuki_ros_interfaces/share/kobuki_ros_interfaces/package.xml
[0.674s] Invoked command in '/home/bot/ros2_ws/build/kobuki_ros_interfaces' returned '0': CMAKE_PREFIX_PATH=${CMAKE_PREFIX_PATH}:/home/bot/ros2_ws/install/tuto_sim:/home/bot/ros2_ws/install/tbot_pytools:/opt/ros/foxy /usr/bin/cmake --install /home/bot/ros2_ws/build/kobuki_ros_interfaces
