[0.024s] Invoking command in '/home/bot/ros2_ws/build/kobuki_safety_controller': AMENT_PREFIX_PATH=/home/bot/ros2_ws/install/kobuki_ros_interfaces:${AMENT_PREFIX_PATH} CMAKE_PREFIX_PATH=/home/bot/ros2_ws/install/kobuki_ros_interfaces:/home/bot/ros2_ws/install/turtlesim:/home/bot/ros2_ws/install/tbot_start:/home/bot/ros2_ws/install/tbot_sim:/home/bot/ros2_ws/install/tuto_sim:/home/bot/ros2_ws/install/tbot_pytools:/opt/ros/foxy LD_LIBRARY_PATH=/home/bot/ros2_ws/install/kobuki_ros_interfaces/lib:${LD_LIBRARY_PATH} PYTHONPATH=/home/bot/ros2_ws/install/kobuki_ros_interfaces/lib/python3.8/site-packages:${PYTHONPATH} /usr/bin/cmake /home/bot/ros2_ws/kobuki_ros/kobuki_safety_controller -DCMAKE_INSTALL_PREFIX=/home/bot/ros2_ws/install/kobuki_safety_controller
[0.056s] -- The C compiler identification is GNU 9.4.0
[0.092s] -- The CXX compiler identification is GNU 9.4.0
[0.095s] -- Check for working C compiler: /usr/bin/cc
[0.135s] -- Check for working C compiler: /usr/bin/cc -- works
[0.136s] -- Detecting C compiler ABI info
[0.174s] -- Detecting C compiler ABI info - done
[0.187s] -- Detecting C compile features
[0.187s] -- Detecting C compile features - done
[0.190s] -- Check for working CXX compiler: /usr/bin/c++
[0.242s] -- Check for working CXX compiler: /usr/bin/c++ -- works
[0.242s] -- Detecting CXX compiler ABI info
[0.299s] -- Detecting CXX compiler ABI info - done
[0.307s] -- Detecting CXX compile features
[0.308s] -- Detecting CXX compile features - done
[0.309s] -- Found ament_cmake_ros: 0.9.2 (/opt/ros/foxy/share/ament_cmake_ros/cmake)
[0.333s] -- Found PythonInterp: /usr/bin/python3 (found suitable version "3.8.10", minimum required is "3") 
[0.333s] -- Using PYTHON_EXECUTABLE: /usr/bin/python3
[0.495s] -- Found ecl_build: 1.0.2 (/opt/ros/foxy/share/ecl_build/cmake)
[0.503s] -- Found geometry_msgs: 2.0.5 (/opt/ros/foxy/share/geometry_msgs/cmake)
[0.523s] -- Using all available rosidl_typesupport_c: rosidl_typesupport_fastrtps_c;rosidl_typesupport_introspection_c
[0.527s] -- Found rosidl_adapter: 1.3.0 (/opt/ros/foxy/share/rosidl_adapter/cmake)
[0.578s] -- Found OpenSSL: /usr/lib/x86_64-linux-gnu/libcrypto.so (found version "1.1.1f")  
[0.616s] -- Found FastRTPS: /opt/ros/foxy/include  
[0.673s] -- Using all available rosidl_typesupport_cpp: rosidl_typesupport_fastrtps_cpp;rosidl_typesupport_introspection_cpp
[0.723s] -- Found kobuki_ros_interfaces: 1.0.0 (/home/bot/ros2_ws/install/kobuki_ros_interfaces/share/kobuki_ros_interfaces/cmake)
[0.813s] -- Found rclcpp: 2.4.2 (/opt/ros/foxy/share/rclcpp/cmake)
[0.842s] -- Found rmw_implementation_cmake: 1.0.3 (/opt/ros/foxy/share/rmw_implementation_cmake/cmake)
[0.843s] -- Using RMW implementation 'rmw_fastrtps_cpp' as default
[0.844s] -- Looking for pthread.h
[0.885s] -- Looking for pthread.h - found
[0.885s] -- Performing Test CMAKE_HAVE_LIBC_PTHREAD
[0.931s] -- Performing Test CMAKE_HAVE_LIBC_PTHREAD - Failed
[0.932s] -- Looking for pthread_create in pthreads
[0.973s] -- Looking for pthread_create in pthreads - not found
[0.973s] -- Looking for pthread_create in pthread
[1.024s] -- Looking for pthread_create in pthread - found
[1.025s] -- Found Threads: TRUE  
[1.127s] -- Found rclcpp_components: 2.4.2 (/opt/ros/foxy/share/rclcpp_components/cmake)
[1.203s] -- Configuring done
[1.212s] -- Generating done
[1.213s] -- Build files have been written to: /home/bot/ros2_ws/build/kobuki_safety_controller
[1.220s] Invoked command in '/home/bot/ros2_ws/build/kobuki_safety_controller' returned '0': AMENT_PREFIX_PATH=/home/bot/ros2_ws/install/kobuki_ros_interfaces:${AMENT_PREFIX_PATH} CMAKE_PREFIX_PATH=/home/bot/ros2_ws/install/kobuki_ros_interfaces:/home/bot/ros2_ws/install/turtlesim:/home/bot/ros2_ws/install/tbot_start:/home/bot/ros2_ws/install/tbot_sim:/home/bot/ros2_ws/install/tuto_sim:/home/bot/ros2_ws/install/tbot_pytools:/opt/ros/foxy LD_LIBRARY_PATH=/home/bot/ros2_ws/install/kobuki_ros_interfaces/lib:${LD_LIBRARY_PATH} PYTHONPATH=/home/bot/ros2_ws/install/kobuki_ros_interfaces/lib/python3.8/site-packages:${PYTHONPATH} /usr/bin/cmake /home/bot/ros2_ws/kobuki_ros/kobuki_safety_controller -DCMAKE_INSTALL_PREFIX=/home/bot/ros2_ws/install/kobuki_safety_controller
[1.222s] Invoking command in '/home/bot/ros2_ws/build/kobuki_safety_controller': AMENT_PREFIX_PATH=/home/bot/ros2_ws/install/kobuki_ros_interfaces:${AMENT_PREFIX_PATH} CMAKE_PREFIX_PATH=/home/bot/ros2_ws/install/kobuki_ros_interfaces:/home/bot/ros2_ws/install/turtlesim:/home/bot/ros2_ws/install/tbot_start:/home/bot/ros2_ws/install/tbot_sim:/home/bot/ros2_ws/install/tuto_sim:/home/bot/ros2_ws/install/tbot_pytools:/opt/ros/foxy LD_LIBRARY_PATH=/home/bot/ros2_ws/install/kobuki_ros_interfaces/lib:${LD_LIBRARY_PATH} PYTHONPATH=/home/bot/ros2_ws/install/kobuki_ros_interfaces/lib/python3.8/site-packages:${PYTHONPATH} /usr/bin/cmake --build /home/bot/ros2_ws/build/kobuki_safety_controller -- -j16 -l16
[1.245s] [35m[1mScanning dependencies of target kobuki_safety_controller_node[0m
[1.245s] [35m[1mScanning dependencies of target kobuki_safety_controller[0m
[1.267s] [ 25%] [32mBuilding CXX object CMakeFiles/kobuki_safety_controller_node.dir/rclcpp_components/node_main_kobuki_safety_controller_node.cpp.o[0m
[1.272s] [ 50%] [32mBuilding CXX object CMakeFiles/kobuki_safety_controller.dir/src/safety_controller.cpp.o[0m
[3.155s] [ 75%] [32m[1mLinking CXX executable kobuki_safety_controller_node[0m
[3.261s] [ 75%] Built target kobuki_safety_controller_node
[7.803s] [100%] [32m[1mLinking CXX shared library libkobuki_safety_controller.so[0m
[8.058s] [100%] Built target kobuki_safety_controller
[8.065s] Invoked command in '/home/bot/ros2_ws/build/kobuki_safety_controller' returned '0': AMENT_PREFIX_PATH=/home/bot/ros2_ws/install/kobuki_ros_interfaces:${AMENT_PREFIX_PATH} CMAKE_PREFIX_PATH=/home/bot/ros2_ws/install/kobuki_ros_interfaces:/home/bot/ros2_ws/install/turtlesim:/home/bot/ros2_ws/install/tbot_start:/home/bot/ros2_ws/install/tbot_sim:/home/bot/ros2_ws/install/tuto_sim:/home/bot/ros2_ws/install/tbot_pytools:/opt/ros/foxy LD_LIBRARY_PATH=/home/bot/ros2_ws/install/kobuki_ros_interfaces/lib:${LD_LIBRARY_PATH} PYTHONPATH=/home/bot/ros2_ws/install/kobuki_ros_interfaces/lib/python3.8/site-packages:${PYTHONPATH} /usr/bin/cmake --build /home/bot/ros2_ws/build/kobuki_safety_controller -- -j16 -l16
[8.082s] Invoking command in '/home/bot/ros2_ws/build/kobuki_safety_controller': AMENT_PREFIX_PATH=/home/bot/ros2_ws/install/kobuki_ros_interfaces:${AMENT_PREFIX_PATH} CMAKE_PREFIX_PATH=/home/bot/ros2_ws/install/kobuki_ros_interfaces:/home/bot/ros2_ws/install/turtlesim:/home/bot/ros2_ws/install/tbot_start:/home/bot/ros2_ws/install/tbot_sim:/home/bot/ros2_ws/install/tuto_sim:/home/bot/ros2_ws/install/tbot_pytools:/opt/ros/foxy LD_LIBRARY_PATH=/home/bot/ros2_ws/install/kobuki_ros_interfaces/lib:${LD_LIBRARY_PATH} PYTHONPATH=/home/bot/ros2_ws/install/kobuki_ros_interfaces/lib/python3.8/site-packages:${PYTHONPATH} /usr/bin/cmake --install /home/bot/ros2_ws/build/kobuki_safety_controller
[8.087s] -- Install configuration: ""
[8.088s] -- Installing: /home/bot/ros2_ws/install/kobuki_safety_controller/lib/kobuki_safety_controller/kobuki_safety_controller_node
[8.088s] -- Set runtime path of "/home/bot/ros2_ws/install/kobuki_safety_controller/lib/kobuki_safety_controller/kobuki_safety_controller_node" to ""
[8.088s] -- Installing: /home/bot/ros2_ws/install/kobuki_safety_controller/lib/libkobuki_safety_controller.so
[8.092s] -- Set runtime path of "/home/bot/ros2_ws/install/kobuki_safety_controller/lib/libkobuki_safety_controller.so" to ""
[8.092s] -- Installing: /home/bot/ros2_ws/install/kobuki_safety_controller/include/kobuki_safety_controller
[8.092s] -- Installing: /home/bot/ros2_ws/install/kobuki_safety_controller/include/kobuki_safety_controller/safety_controller.hpp
[8.092s] -- Installing: /home/bot/ros2_ws/install/kobuki_safety_controller/share/kobuki_safety_controller/config
[8.092s] -- Installing: /home/bot/ros2_ws/install/kobuki_safety_controller/share/kobuki_safety_controller/config/safety_controller_params.yaml
[8.092s] -- Installing: /home/bot/ros2_ws/install/kobuki_safety_controller/share/kobuki_safety_controller/launch
[8.092s] -- Installing: /home/bot/ros2_ws/install/kobuki_safety_controller/share/kobuki_safety_controller/launch/safety_controller-launch.py
[8.092s] -- Installing: /home/bot/ros2_ws/install/kobuki_safety_controller/share/kobuki_safety_controller/launch/safety_controller-composed-launch.py
[8.092s] -- Installing: /home/bot/ros2_ws/install/kobuki_safety_controller/share/ament_index/resource_index/package_run_dependencies/kobuki_safety_controller
[8.092s] -- Installing: /home/bot/ros2_ws/install/kobuki_safety_controller/share/ament_index/resource_index/parent_prefix_path/kobuki_safety_controller
[8.092s] -- Installing: /home/bot/ros2_ws/install/kobuki_safety_controller/share/kobuki_safety_controller/environment/ament_prefix_path.sh
[8.092s] -- Installing: /home/bot/ros2_ws/install/kobuki_safety_controller/share/kobuki_safety_controller/environment/ament_prefix_path.dsv
[8.092s] -- Installing: /home/bot/ros2_ws/install/kobuki_safety_controller/share/kobuki_safety_controller/environment/path.sh
[8.093s] -- Installing: /home/bot/ros2_ws/install/kobuki_safety_controller/share/kobuki_safety_controller/environment/path.dsv
[8.093s] -- Installing: /home/bot/ros2_ws/install/kobuki_safety_controller/share/kobuki_safety_controller/local_setup.bash
[8.093s] -- Installing: /home/bot/ros2_ws/install/kobuki_safety_controller/share/kobuki_safety_controller/local_setup.sh
[8.093s] -- Installing: /home/bot/ros2_ws/install/kobuki_safety_controller/share/kobuki_safety_controller/local_setup.zsh
[8.093s] -- Installing: /home/bot/ros2_ws/install/kobuki_safety_controller/share/kobuki_safety_controller/local_setup.dsv
[8.093s] -- Installing: /home/bot/ros2_ws/install/kobuki_safety_controller/share/kobuki_safety_controller/package.dsv
[8.093s] -- Installing: /home/bot/ros2_ws/install/kobuki_safety_controller/share/ament_index/resource_index/packages/kobuki_safety_controller
[8.093s] -- Installing: /home/bot/ros2_ws/install/kobuki_safety_controller/share/ament_index/resource_index/rclcpp_components/kobuki_safety_controller
[8.093s] -- Installing: /home/bot/ros2_ws/install/kobuki_safety_controller/share/kobuki_safety_controller/cmake/kobuki_safety_controllerConfig.cmake
[8.093s] -- Installing: /home/bot/ros2_ws/install/kobuki_safety_controller/share/kobuki_safety_controller/cmake/kobuki_safety_controllerConfig-version.cmake
[8.093s] -- Installing: /home/bot/ros2_ws/install/kobuki_safety_controller/share/kobuki_safety_controller/package.xml
[8.096s] Invoked command in '/home/bot/ros2_ws/build/kobuki_safety_controller' returned '0': AMENT_PREFIX_PATH=/home/bot/ros2_ws/install/kobuki_ros_interfaces:${AMENT_PREFIX_PATH} CMAKE_PREFIX_PATH=/home/bot/ros2_ws/install/kobuki_ros_interfaces:/home/bot/ros2_ws/install/turtlesim:/home/bot/ros2_ws/install/tbot_start:/home/bot/ros2_ws/install/tbot_sim:/home/bot/ros2_ws/install/tuto_sim:/home/bot/ros2_ws/install/tbot_pytools:/opt/ros/foxy LD_LIBRARY_PATH=/home/bot/ros2_ws/install/kobuki_ros_interfaces/lib:${LD_LIBRARY_PATH} PYTHONPATH=/home/bot/ros2_ws/install/kobuki_ros_interfaces/lib/python3.8/site-packages:${PYTHONPATH} /usr/bin/cmake --install /home/bot/ros2_ws/build/kobuki_safety_controller
