[0.569s] Invoking command in '/home/bot/ros2_ws/pkg-tbot/tbot_pytools': PYTHONPATH=/home/bot/ros2_ws/build/tbot_pytools/prefix_override:/home/bot/ros2_ws/install/tbot_pytools/lib/python3.8/site-packages:${PYTHONPATH} /usr/bin/python3 setup.py egg_info --egg-base ../../build/tbot_pytools build --build-base /home/bot/ros2_ws/build/tbot_pytools/build install --record /home/bot/ros2_ws/build/tbot_pytools/install.log --install-scripts $base/lib/tbot_pytools --single-version-externally-managed
[0.681s] running egg_info
[0.681s] writing ../../build/tbot_pytools/tbot_pytools.egg-info/PKG-INFO
[0.681s] writing dependency_links to ../../build/tbot_pytools/tbot_pytools.egg-info/dependency_links.txt
[0.681s] writing entry points to ../../build/tbot_pytools/tbot_pytools.egg-info/entry_points.txt
[0.681s] writing requirements to ../../build/tbot_pytools/tbot_pytools.egg-info/requires.txt
[0.682s] writing top-level names to ../../build/tbot_pytools/tbot_pytools.egg-info/top_level.txt
[0.700s] reading manifest file '../../build/tbot_pytools/tbot_pytools.egg-info/SOURCES.txt'
[0.701s] writing manifest file '../../build/tbot_pytools/tbot_pytools.egg-info/SOURCES.txt'
[0.701s] running build
[0.701s] running build_py
[0.701s] running install
[0.702s] running install_lib
[0.702s] running install_data
[0.702s] running install_egg_info
[0.703s] removing '/home/bot/ros2_ws/install/tbot_pytools/lib/python3.8/site-packages/tbot_pytools-0.0.0-py3.8.egg-info' (and everything under it)
[0.703s] Copying ../../build/tbot_pytools/tbot_pytools.egg-info to /home/bot/ros2_ws/install/tbot_pytools/lib/python3.8/site-packages/tbot_pytools-0.0.0-py3.8.egg-info
[0.704s] running install_scripts
[0.713s] Installing multiplexer script to /home/bot/ros2_ws/install/tbot_pytools/lib/tbot_pytools
[0.713s] Installing rmove script to /home/bot/ros2_ws/install/tbot_pytools/lib/tbot_pytools
[0.713s] writing list of installed files to '/home/bot/ros2_ws/build/tbot_pytools/install.log'
[0.725s] Invoked command in '/home/bot/ros2_ws/pkg-tbot/tbot_pytools' returned '0': PYTHONPATH=/home/bot/ros2_ws/build/tbot_pytools/prefix_override:/home/bot/ros2_ws/install/tbot_pytools/lib/python3.8/site-packages:${PYTHONPATH} /usr/bin/python3 setup.py egg_info --egg-base ../../build/tbot_pytools build --build-base /home/bot/ros2_ws/build/tbot_pytools/build install --record /home/bot/ros2_ws/build/tbot_pytools/install.log --install-scripts $base/lib/tbot_pytools --single-version-externally-managed
