[0.046s] Invoking command in '/home/bot/ros2_ws/build/kobuki_description': CMAKE_PREFIX_PATH=${CMAKE_PREFIX_PATH}:/home/bot/ros2_ws/install/tuto_sim:/home/bot/ros2_ws/install/tbot_pytools:/opt/ros/foxy /usr/bin/cmake --build /home/bot/ros2_ws/build/kobuki_description -- -j16 -l16
[0.342s] Invoked command in '/home/bot/ros2_ws/build/kobuki_description' returned '0': CMAKE_PREFIX_PATH=${CMAKE_PREFIX_PATH}:/home/bot/ros2_ws/install/tuto_sim:/home/bot/ros2_ws/install/tbot_pytools:/opt/ros/foxy /usr/bin/cmake --build /home/bot/ros2_ws/build/kobuki_description -- -j16 -l16
[0.366s] Invoking command in '/home/bot/ros2_ws/build/kobuki_description': CMAKE_PREFIX_PATH=${CMAKE_PREFIX_PATH}:/home/bot/ros2_ws/install/tuto_sim:/home/bot/ros2_ws/install/tbot_pytools:/opt/ros/foxy /usr/bin/cmake --install /home/bot/ros2_ws/build/kobuki_description
[0.372s] -- Install configuration: ""
[0.373s] -- Up-to-date: /home/bot/ros2_ws/install/kobuki_description/share/kobuki_description/launch
[0.373s] -- Up-to-date: /home/bot/ros2_ws/install/kobuki_description/share/kobuki_description/launch/robot_description.launch.py
[0.373s] -- Up-to-date: /home/bot/ros2_ws/install/kobuki_description/share/kobuki_description/meshes
[0.374s] -- Up-to-date: /home/bot/ros2_ws/install/kobuki_description/share/kobuki_description/meshes/wheel.dae
[0.375s] -- Up-to-date: /home/bot/ros2_ws/install/kobuki_description/share/kobuki_description/meshes/main_body.dae
[0.375s] -- Up-to-date: /home/bot/ros2_ws/install/kobuki_description/share/kobuki_description/meshes/images
[0.376s] -- Up-to-date: /home/bot/ros2_ws/install/kobuki_description/share/kobuki_description/meshes/images/wheel.jpg
[0.378s] -- Up-to-date: /home/bot/ros2_ws/install/kobuki_description/share/kobuki_description/meshes/images/main_body.jpg
[0.378s] -- Up-to-date: /home/bot/ros2_ws/install/kobuki_description/share/kobuki_description/rviz
[0.378s] -- Up-to-date: /home/bot/ros2_ws/install/kobuki_description/share/kobuki_description/rviz/model.rviz
[0.378s] -- Up-to-date: /home/bot/ros2_ws/install/kobuki_description/share/kobuki_description/urdf
[0.378s] -- Up-to-date: /home/bot/ros2_ws/install/kobuki_description/share/kobuki_description/urdf/kobuki_standalone.urdf.xacro
[0.378s] -- Up-to-date: /home/bot/ros2_ws/install/kobuki_description/share/kobuki_description/urdf/kobuki.urdf.xacro
[0.378s] -- Up-to-date: /home/bot/ros2_ws/install/kobuki_description/share/kobuki_description/urdf/common_properties.urdf.xacro
[0.378s] -- Up-to-date: /home/bot/ros2_ws/install/kobuki_description/share/kobuki_description/urdf/kobuki_gazebo.urdf.xacro
[0.378s] -- Up-to-date: /home/bot/ros2_ws/install/kobuki_description/share/ament_index/resource_index/package_run_dependencies/kobuki_description
[0.379s] -- Up-to-date: /home/bot/ros2_ws/install/kobuki_description/share/ament_index/resource_index/parent_prefix_path/kobuki_description
[0.379s] -- Up-to-date: /home/bot/ros2_ws/install/kobuki_description/share/kobuki_description/environment/ament_prefix_path.sh
[0.379s] -- Up-to-date: /home/bot/ros2_ws/install/kobuki_description/share/kobuki_description/environment/ament_prefix_path.dsv
[0.379s] -- Up-to-date: /home/bot/ros2_ws/install/kobuki_description/share/kobuki_description/environment/path.sh
[0.380s] -- Up-to-date: /home/bot/ros2_ws/install/kobuki_description/share/kobuki_description/environment/path.dsv
[0.380s] -- Up-to-date: /home/bot/ros2_ws/install/kobuki_description/share/kobuki_description/local_setup.bash
[0.380s] -- Up-to-date: /home/bot/ros2_ws/install/kobuki_description/share/kobuki_description/local_setup.sh
[0.380s] -- Up-to-date: /home/bot/ros2_ws/install/kobuki_description/share/kobuki_description/local_setup.zsh
[0.380s] -- Up-to-date: /home/bot/ros2_ws/install/kobuki_description/share/kobuki_description/local_setup.dsv
[0.381s] -- Up-to-date: /home/bot/ros2_ws/install/kobuki_description/share/kobuki_description/package.dsv
[0.381s] -- Up-to-date: /home/bot/ros2_ws/install/kobuki_description/share/ament_index/resource_index/packages/kobuki_description
[0.381s] -- Up-to-date: /home/bot/ros2_ws/install/kobuki_description/share/kobuki_description/cmake/kobuki_descriptionConfig.cmake
[0.382s] -- Up-to-date: /home/bot/ros2_ws/install/kobuki_description/share/kobuki_description/cmake/kobuki_descriptionConfig-version.cmake
[0.382s] -- Up-to-date: /home/bot/ros2_ws/install/kobuki_description/share/kobuki_description/package.xml
[0.393s] Invoked command in '/home/bot/ros2_ws/build/kobuki_description' returned '0': CMAKE_PREFIX_PATH=${CMAKE_PREFIX_PATH}:/home/bot/ros2_ws/install/tuto_sim:/home/bot/ros2_ws/install/tbot_pytools:/opt/ros/foxy /usr/bin/cmake --install /home/bot/ros2_ws/build/kobuki_description
