[0.169s] Invoking command in '/home/bot/ros2_ws/build/turtlesim': CMAKE_PREFIX_PATH=/opt/ros/foxy /usr/bin/cmake /home/bot/ros2_ws/src/ros_tutorials/turtlesim -DCMAKE_INSTALL_PREFIX=/home/bot/ros2_ws/install/turtlesim
[0.235s] -- The C compiler identification is GNU 9.4.0
[0.286s] -- The CXX compiler identification is GNU 9.4.0
[0.288s] -- Check for working C compiler: /usr/bin/cc
[0.328s] -- Check for working C compiler: /usr/bin/cc -- works
[0.329s] -- Detecting C compiler ABI info
[0.367s] -- Detecting C compiler ABI info - done
[0.374s] -- Detecting C compile features
[0.374s] -- Detecting C compile features - done
[0.376s] -- Check for working CXX compiler: /usr/bin/c++
[0.422s] -- Check for working CXX compiler: /usr/bin/c++ -- works
[0.423s] -- Detecting CXX compiler ABI info
[0.467s] -- Detecting CXX compiler ABI info - done
[0.474s] -- Detecting CXX compile features
[0.474s] -- Detecting CXX compile features - done
[0.475s] -- Found ament_cmake: 0.9.11 (/opt/ros/foxy/share/ament_cmake/cmake)
[0.488s] -- Found PythonInterp: /usr/bin/python3 (found suitable version "3.8.10", minimum required is "3") 
[0.488s] -- Using PYTHON_EXECUTABLE: /usr/bin/python3
[0.594s] -- Found ament_index_cpp: 1.1.0 (/opt/ros/foxy/share/ament_index_cpp/cmake)
[0.597s] -- Found geometry_msgs: 2.0.5 (/opt/ros/foxy/share/geometry_msgs/cmake)
[0.617s] -- Using all available rosidl_typesupport_c: rosidl_typesupport_fastrtps_c;rosidl_typesupport_introspection_c
[0.624s] -- Found rosidl_adapter: 1.3.0 (/opt/ros/foxy/share/rosidl_adapter/cmake)
[0.726s] -- Found OpenSSL: /usr/lib/x86_64-linux-gnu/libcrypto.so (found version "1.1.1f")  
[0.771s] -- Found FastRTPS: /opt/ros/foxy/include  
[0.823s] -- Using all available rosidl_typesupport_cpp: rosidl_typesupport_fastrtps_cpp;rosidl_typesupport_introspection_cpp
[0.884s] -- Found rclcpp: 2.4.2 (/opt/ros/foxy/share/rclcpp/cmake)
[0.913s] -- Found rmw_implementation_cmake: 1.0.3 (/opt/ros/foxy/share/rmw_implementation_cmake/cmake)
[0.914s] -- Using RMW implementation 'rmw_fastrtps_cpp' as default
[0.915s] -- Looking for pthread.h
[0.987s] -- Looking for pthread.h - found
[0.987s] -- Performing Test CMAKE_HAVE_LIBC_PTHREAD
[1.094s] -- Performing Test CMAKE_HAVE_LIBC_PTHREAD - Failed
[1.094s] -- Looking for pthread_create in pthreads
[1.178s] -- Looking for pthread_create in pthreads - not found
[1.179s] -- Looking for pthread_create in pthread
[1.218s] -- Looking for pthread_create in pthread - found
[1.218s] -- Found Threads: TRUE  
[1.302s] -- Found rclcpp_action: 2.4.2 (/opt/ros/foxy/share/rclcpp_action/cmake)
[1.349s] -- Found rosidl_default_generators: 1.0.1 (/opt/ros/foxy/share/rosidl_default_generators/cmake)
[1.356s] -- Found std_srvs: 2.0.5 (/opt/ros/foxy/share/std_srvs/cmake)
[1.375s] -- Found PythonInterp: /usr/bin/python3 (found version "3.8.10") 
[1.480s] -- Found ament_cmake_ros: 0.9.2 (/opt/ros/foxy/share/ament_cmake_ros/cmake)
[1.564s] -- Using all available rosidl_typesupport_c: rosidl_typesupport_fastrtps_c;rosidl_typesupport_introspection_c
[1.578s] -- Using all available rosidl_typesupport_cpp: rosidl_typesupport_fastrtps_cpp;rosidl_typesupport_introspection_cpp
[1.591s] -- Found PythonInterp: /usr/bin/python3 (found suitable version "3.8.10", minimum required is "3.5") 
[1.592s] -- Found python_cmake_module: 0.8.1 (/opt/ros/foxy/share/python_cmake_module/cmake)
[1.612s] -- Found PythonLibs: /usr/lib/x86_64-linux-gnu/libpython3.8.so (found suitable version "3.8.10", minimum required is "3.5") 
[1.612s] -- Using PYTHON_EXECUTABLE: /usr/bin/python3
[1.612s] -- Using PYTHON_INCLUDE_DIRS: /usr/include/python3.8
[1.612s] -- Using PYTHON_LIBRARIES: /usr/lib/x86_64-linux-gnu/libpython3.8.so
[1.640s] -- Found PythonExtra: .so  
[1.740s] -- Configuring done
[1.795s] -- Generating done
[1.796s] -- Build files have been written to: /home/bot/ros2_ws/build/turtlesim
[1.804s] Invoked command in '/home/bot/ros2_ws/build/turtlesim' returned '0': CMAKE_PREFIX_PATH=/opt/ros/foxy /usr/bin/cmake /home/bot/ros2_ws/src/ros_tutorials/turtlesim -DCMAKE_INSTALL_PREFIX=/home/bot/ros2_ws/install/turtlesim
[1.804s] Invoking command in '/home/bot/ros2_ws/build/turtlesim': CMAKE_PREFIX_PATH=/opt/ros/foxy /usr/bin/cmake --build /home/bot/ros2_ws/build/turtlesim -- -j16 -l16
[1.828s] [35m[1mScanning dependencies of target turtlesim__cpp[0m
[1.828s] [  1%] [34m[1mGenerating C code for ROS interfaces[0m
[1.834s] [  2%] [34m[1mGenerating C++ code for ROS interfaces[0m
[2.265s] [  2%] Built target turtlesim__cpp
[2.271s] [  3%] [34m[1mGenerating C++ type support dispatch for ROS interfaces[0m
[2.271s] [  4%] [34m[1mGenerating C++ introspection for ROS interfaces[0m
[2.271s] [  5%] [34m[1mGenerating C++ type support for eProsima Fast-RTPS[0m
[2.331s] [35m[1mScanning dependencies of target turtlesim__rosidl_generator_c[0m
[2.343s] [  8%] [32mBuilding C object CMakeFiles/turtlesim__rosidl_generator_c.dir/rosidl_generator_c/turtlesim/action/detail/rotate_absolute__functions.c.o[0m
[2.343s] [  8%] [32mBuilding C object CMakeFiles/turtlesim__rosidl_generator_c.dir/rosidl_generator_c/turtlesim/msg/detail/pose__functions.c.o[0m
[2.343s] [  8%] [32mBuilding C object CMakeFiles/turtlesim__rosidl_generator_c.dir/rosidl_generator_c/turtlesim/msg/detail/color__functions.c.o[0m
[2.343s] [  9%] [32mBuilding C object CMakeFiles/turtlesim__rosidl_generator_c.dir/rosidl_generator_c/turtlesim/srv/detail/teleport_absolute__functions.c.o[0m
[2.343s] [ 10%] [32mBuilding C object CMakeFiles/turtlesim__rosidl_generator_c.dir/rosidl_generator_c/turtlesim/srv/detail/teleport_relative__functions.c.o[0m
[2.345s] [ 11%] [32mBuilding C object CMakeFiles/turtlesim__rosidl_generator_c.dir/rosidl_generator_c/turtlesim/srv/detail/set_pen__functions.c.o[0m
[2.345s] [ 12%] [32mBuilding C object CMakeFiles/turtlesim__rosidl_generator_c.dir/rosidl_generator_c/turtlesim/srv/detail/kill__functions.c.o[0m
[2.345s] [ 13%] [32mBuilding C object CMakeFiles/turtlesim__rosidl_generator_c.dir/rosidl_generator_c/turtlesim/srv/detail/spawn__functions.c.o[0m
[2.435s] [ 14%] [32m[1mLinking C shared library libturtlesim__rosidl_generator_c.so[0m
[2.459s] [ 14%] Built target turtlesim__rosidl_generator_c
[2.465s] [ 16%] [34m[1mGenerating C type support dispatch for ROS interfaces[0m
[2.465s] [ 16%] [34m[1mGenerating C introspection for ROS interfaces[0m
[2.567s] [35m[1mScanning dependencies of target turtlesim__rosidl_typesupport_cpp[0m
[2.581s] [ 19%] [32mBuilding CXX object CMakeFiles/turtlesim__rosidl_typesupport_cpp.dir/rosidl_typesupport_cpp/turtlesim/msg/pose__type_support.cpp.o[0m
[2.581s] [ 19%] [32mBuilding CXX object CMakeFiles/turtlesim__rosidl_typesupport_cpp.dir/rosidl_typesupport_cpp/turtlesim/action/rotate_absolute__type_support.cpp.o[0m
[2.581s] [ 19%] [32mBuilding CXX object CMakeFiles/turtlesim__rosidl_typesupport_cpp.dir/rosidl_typesupport_cpp/turtlesim/msg/color__type_support.cpp.o[0m
[2.581s] [ 20%] [32mBuilding CXX object CMakeFiles/turtlesim__rosidl_typesupport_cpp.dir/rosidl_typesupport_cpp/turtlesim/srv/kill__type_support.cpp.o[0m
[2.581s] [ 21%] [32mBuilding CXX object CMakeFiles/turtlesim__rosidl_typesupport_cpp.dir/rosidl_typesupport_cpp/turtlesim/srv/spawn__type_support.cpp.o[0m
[2.581s] [ 23%] [32mBuilding CXX object CMakeFiles/turtlesim__rosidl_typesupport_cpp.dir/rosidl_typesupport_cpp/turtlesim/srv/teleport_absolute__type_support.cpp.o[0m
[2.582s] [ 23%] [32mBuilding CXX object CMakeFiles/turtlesim__rosidl_typesupport_cpp.dir/rosidl_typesupport_cpp/turtlesim/srv/set_pen__type_support.cpp.o[0m
[2.582s] [ 24%] [32mBuilding CXX object CMakeFiles/turtlesim__rosidl_typesupport_cpp.dir/rosidl_typesupport_cpp/turtlesim/srv/teleport_relative__type_support.cpp.o[0m
[2.715s] [35m[1mScanning dependencies of target turtlesim__rosidl_typesupport_introspection_cpp[0m
[2.735s] [ 25%] [32mBuilding CXX object CMakeFiles/turtlesim__rosidl_typesupport_introspection_cpp.dir/rosidl_typesupport_introspection_cpp/turtlesim/action/detail/rotate_absolute__type_support.cpp.o[0m
[2.736s] [ 27%] [32mBuilding CXX object CMakeFiles/turtlesim__rosidl_typesupport_introspection_cpp.dir/rosidl_typesupport_introspection_cpp/turtlesim/msg/detail/pose__type_support.cpp.o[0m
[2.736s] [ 27%] [32mBuilding CXX object CMakeFiles/turtlesim__rosidl_typesupport_introspection_cpp.dir/rosidl_typesupport_introspection_cpp/turtlesim/msg/detail/color__type_support.cpp.o[0m
[2.758s] [ 28%] [32mBuilding CXX object CMakeFiles/turtlesim__rosidl_typesupport_introspection_cpp.dir/rosidl_typesupport_introspection_cpp/turtlesim/srv/detail/kill__type_support.cpp.o[0m
[2.759s] [ 29%] [32mBuilding CXX object CMakeFiles/turtlesim__rosidl_typesupport_introspection_cpp.dir/rosidl_typesupport_introspection_cpp/turtlesim/srv/detail/set_pen__type_support.cpp.o[0m
[2.769s] [35m[1mScanning dependencies of target turtlesim__rosidl_typesupport_fastrtps_cpp[0m
[2.801s] [ 30%] [32mBuilding CXX object CMakeFiles/turtlesim__rosidl_typesupport_fastrtps_cpp.dir/rosidl_typesupport_fastrtps_cpp/turtlesim/action/detail/dds_fastrtps/rotate_absolute__type_support.cpp.o[0m
[2.824s] [ 31%] [32mBuilding CXX object CMakeFiles/turtlesim__rosidl_typesupport_introspection_cpp.dir/rosidl_typesupport_introspection_cpp/turtlesim/srv/detail/spawn__type_support.cpp.o[0m
[2.829s] [ 32%] [32mBuilding CXX object CMakeFiles/turtlesim__rosidl_typesupport_introspection_cpp.dir/rosidl_typesupport_introspection_cpp/turtlesim/srv/detail/teleport_absolute__type_support.cpp.o[0m
[2.830s] [35m[1mScanning dependencies of target turtlesim__rosidl_typesupport_c[0m
[2.861s] [ 35%] [32mBuilding CXX object CMakeFiles/turtlesim__rosidl_typesupport_introspection_cpp.dir/rosidl_typesupport_introspection_cpp/turtlesim/srv/detail/teleport_relative__type_support.cpp.o[0m
[2.861s] [ 35%] [32mBuilding CXX object CMakeFiles/turtlesim__rosidl_typesupport_fastrtps_cpp.dir/rosidl_typesupport_fastrtps_cpp/turtlesim/msg/detail/dds_fastrtps/color__type_support.cpp.o[0m
[2.861s] [ 35%] [32mBuilding CXX object CMakeFiles/turtlesim__rosidl_typesupport_c.dir/rosidl_typesupport_c/turtlesim/action/rotate_absolute__type_support.cpp.o[0m
[2.866s] [ 36%] [32mBuilding CXX object CMakeFiles/turtlesim__rosidl_typesupport_fastrtps_cpp.dir/rosidl_typesupport_fastrtps_cpp/turtlesim/msg/detail/dds_fastrtps/pose__type_support.cpp.o[0m
[2.870s] [ 37%] [32mBuilding CXX object CMakeFiles/turtlesim__rosidl_typesupport_fastrtps_cpp.dir/rosidl_typesupport_fastrtps_cpp/turtlesim/srv/detail/dds_fastrtps/kill__type_support.cpp.o[0m
[2.870s] [ 38%] [32mBuilding CXX object CMakeFiles/turtlesim__rosidl_typesupport_fastrtps_cpp.dir/rosidl_typesupport_fastrtps_cpp/turtlesim/srv/detail/dds_fastrtps/set_pen__type_support.cpp.o[0m
[2.889s] [ 39%] [32m[1mLinking CXX shared library libturtlesim__rosidl_typesupport_cpp.so[0m
[2.910s] [ 40%] [32mBuilding CXX object CMakeFiles/turtlesim__rosidl_typesupport_c.dir/rosidl_typesupport_c/turtlesim/msg/color__type_support.cpp.o[0m
[2.940s] [ 41%] [32mBuilding CXX object CMakeFiles/turtlesim__rosidl_typesupport_c.dir/rosidl_typesupport_c/turtlesim/msg/pose__type_support.cpp.o[0m
[2.945s] [ 41%] Built target turtlesim__rosidl_typesupport_cpp
[2.954s] [ 42%] [32mBuilding CXX object CMakeFiles/turtlesim__rosidl_typesupport_c.dir/rosidl_typesupport_c/turtlesim/srv/kill__type_support.cpp.o[0m
[2.971s] [ 43%] [32mBuilding CXX object CMakeFiles/turtlesim__rosidl_typesupport_c.dir/rosidl_typesupport_c/turtlesim/srv/set_pen__type_support.cpp.o[0m
[2.986s] [ 44%] [32mBuilding CXX object CMakeFiles/turtlesim__rosidl_typesupport_c.dir/rosidl_typesupport_c/turtlesim/srv/spawn__type_support.cpp.o[0m
[3.002s] [ 45%] [32mBuilding CXX object CMakeFiles/turtlesim__rosidl_typesupport_c.dir/rosidl_typesupport_c/turtlesim/srv/teleport_absolute__type_support.cpp.o[0m
[3.019s] [ 46%] [32mBuilding CXX object CMakeFiles/turtlesim__rosidl_typesupport_c.dir/rosidl_typesupport_c/turtlesim/srv/teleport_relative__type_support.cpp.o[0m
[3.025s] [ 47%] [32mBuilding CXX object CMakeFiles/turtlesim__rosidl_typesupport_fastrtps_cpp.dir/rosidl_typesupport_fastrtps_cpp/turtlesim/srv/detail/dds_fastrtps/spawn__type_support.cpp.o[0m
[3.026s] [ 48%] [32mBuilding CXX object CMakeFiles/turtlesim__rosidl_typesupport_fastrtps_cpp.dir/rosidl_typesupport_fastrtps_cpp/turtlesim/srv/detail/dds_fastrtps/teleport_absolute__type_support.cpp.o[0m
[3.031s] [ 49%] [32mBuilding CXX object CMakeFiles/turtlesim__rosidl_typesupport_fastrtps_cpp.dir/rosidl_typesupport_fastrtps_cpp/turtlesim/srv/detail/dds_fastrtps/teleport_relative__type_support.cpp.o[0m
[3.052s] [ 50%] [32m[1mLinking CXX shared library libturtlesim__rosidl_typesupport_c.so[0m
[3.096s] [ 50%] Built target turtlesim__rosidl_typesupport_c
[3.131s] [35m[1mScanning dependencies of target turtlesim__rosidl_typesupport_introspection_c[0m
[3.146s] [ 53%] [32mBuilding C object CMakeFiles/turtlesim__rosidl_typesupport_introspection_c.dir/rosidl_typesupport_introspection_c/turtlesim/msg/detail/color__type_support.c.o[0m
[3.146s] [ 53%] [32mBuilding C object CMakeFiles/turtlesim__rosidl_typesupport_introspection_c.dir/rosidl_typesupport_introspection_c/turtlesim/action/detail/rotate_absolute__type_support.c.o[0m
[3.146s] [ 55%] [32mBuilding C object CMakeFiles/turtlesim__rosidl_typesupport_introspection_c.dir/rosidl_typesupport_introspection_c/turtlesim/srv/detail/kill__type_support.c.o[0m
[3.146s] [ 55%] [32mBuilding C object CMakeFiles/turtlesim__rosidl_typesupport_introspection_c.dir/rosidl_typesupport_introspection_c/turtlesim/srv/detail/set_pen__type_support.c.o[0m
[3.146s] [ 55%] [32mBuilding C object CMakeFiles/turtlesim__rosidl_typesupport_introspection_c.dir/rosidl_typesupport_introspection_c/turtlesim/msg/detail/pose__type_support.c.o[0m
[3.146s] [ 56%] [32mBuilding C object CMakeFiles/turtlesim__rosidl_typesupport_introspection_c.dir/rosidl_typesupport_introspection_c/turtlesim/srv/detail/teleport_absolute__type_support.c.o[0m
[3.148s] [ 57%] [32mBuilding C object CMakeFiles/turtlesim__rosidl_typesupport_introspection_c.dir/rosidl_typesupport_introspection_c/turtlesim/srv/detail/spawn__type_support.c.o[0m
[3.160s] [ 58%] [32m[1mLinking CXX shared library libturtlesim__rosidl_typesupport_introspection_cpp.so[0m
[3.184s] [ 59%] [32mBuilding C object CMakeFiles/turtlesim__rosidl_typesupport_introspection_c.dir/rosidl_typesupport_introspection_c/turtlesim/srv/detail/teleport_relative__type_support.c.o[0m
[3.221s] [ 60%] [32m[1mLinking C shared library libturtlesim__rosidl_typesupport_introspection_c.so[0m
[3.221s] [ 60%] Built target turtlesim__rosidl_typesupport_introspection_cpp
[3.246s] [ 60%] Built target turtlesim__rosidl_typesupport_introspection_c
[3.331s] [ 61%] [32m[1mLinking CXX shared library libturtlesim__rosidl_typesupport_fastrtps_cpp.so[0m
[3.415s] [ 61%] Built target turtlesim__rosidl_typesupport_fastrtps_cpp
[3.422s] [ 62%] [34m[1mGenerating C type support for eProsima Fast-RTPS[0m
[3.822s] [35m[1mScanning dependencies of target turtlesim__rosidl_typesupport_fastrtps_c[0m
[3.866s] [ 63%] [32mBuilding CXX object CMakeFiles/turtlesim__rosidl_typesupport_fastrtps_c.dir/rosidl_typesupport_fastrtps_c/turtlesim/action/detail/rotate_absolute__type_support_c.cpp.o[0m
[3.866s] [ 64%] [32mBuilding CXX object CMakeFiles/turtlesim__rosidl_typesupport_fastrtps_c.dir/rosidl_typesupport_fastrtps_c/turtlesim/msg/detail/pose__type_support_c.cpp.o[0m
[3.867s] [ 65%] [32mBuilding CXX object CMakeFiles/turtlesim__rosidl_typesupport_fastrtps_c.dir/rosidl_typesupport_fastrtps_c/turtlesim/srv/detail/set_pen__type_support_c.cpp.o[0m
[3.867s] [ 66%] [32mBuilding CXX object CMakeFiles/turtlesim__rosidl_typesupport_fastrtps_c.dir/rosidl_typesupport_fastrtps_c/turtlesim/srv/detail/kill__type_support_c.cpp.o[0m
[3.867s] [ 67%] [32mBuilding CXX object CMakeFiles/turtlesim__rosidl_typesupport_fastrtps_c.dir/rosidl_typesupport_fastrtps_c/turtlesim/srv/detail/spawn__type_support_c.cpp.o[0m
[3.868s] [ 68%] [32mBuilding CXX object CMakeFiles/turtlesim__rosidl_typesupport_fastrtps_c.dir/rosidl_typesupport_fastrtps_c/turtlesim/srv/detail/teleport_absolute__type_support_c.cpp.o[0m
[3.869s] [ 69%] [32mBuilding CXX object CMakeFiles/turtlesim__rosidl_typesupport_fastrtps_c.dir/rosidl_typesupport_fastrtps_c/turtlesim/msg/detail/color__type_support_c.cpp.o[0m
[3.872s] [ 70%] [32mBuilding CXX object CMakeFiles/turtlesim__rosidl_typesupport_fastrtps_c.dir/rosidl_typesupport_fastrtps_c/turtlesim/srv/detail/teleport_relative__type_support_c.cpp.o[0m
[4.111s] [ 71%] [32m[1mLinking CXX shared library libturtlesim__rosidl_typesupport_fastrtps_c.so[0m
[4.182s] [ 71%] Built target turtlesim__rosidl_typesupport_fastrtps_c
[4.187s] [35m[1mScanning dependencies of target turtlesim[0m
[4.193s] [ 71%] Built target turtlesim
[4.199s] [35m[1mScanning dependencies of target mimic[0m
[4.199s] [35m[1mScanning dependencies of target draw_square[0m
[4.199s] [35m[1mScanning dependencies of target turtlesim__py[0m
[4.199s] [35m[1mScanning dependencies of target turtle_teleop_key[0m
[4.199s] [ 72%] [34m[1mGenerating include/turtlesim/moc_turtle_frame.cpp[0m
[4.205s] [ 73%] [34m[1mGenerating Python code for ROS interfaces[0m
[4.241s] [35m[1mScanning dependencies of target turtlesim_node[0m
[4.242s] [ 74%] [32mBuilding CXX object CMakeFiles/draw_square.dir/tutorials/draw_square.cpp.o[0m
[4.242s] [ 76%] [32mBuilding CXX object CMakeFiles/mimic.dir/tutorials/mimic.cpp.o[0m
[4.242s] [ 76%] [32mBuilding CXX object CMakeFiles/turtle_teleop_key.dir/tutorials/teleop_turtle_key.cpp.o[0m
[4.286s] [ 79%] [32mBuilding CXX object CMakeFiles/turtlesim_node.dir/src/turtle_frame.cpp.o[0m
[4.286s] [ 79%] [32mBuilding CXX object CMakeFiles/turtlesim_node.dir/src/turtle.cpp.o[0m
[4.286s] [ 79%] [32mBuilding CXX object CMakeFiles/turtlesim_node.dir/src/turtlesim.cpp.o[0m
[4.288s] [ 80%] [32mBuilding CXX object CMakeFiles/turtlesim_node.dir/include/turtlesim/moc_turtle_frame.cpp.o[0m
[5.288s] [ 80%] Built target turtlesim__py
[5.294s] [35m[1mScanning dependencies of target turtlesim__python[0m
[5.332s] [ 85%] [32mBuilding C object CMakeFiles/turtlesim__python.dir/rosidl_generator_py/turtlesim/action/_rotate_absolute_s.c.o[0m
[5.332s] [ 85%] [32mBuilding C object CMakeFiles/turtlesim__python.dir/rosidl_generator_py/turtlesim/msg/_color_s.c.o[0m
[5.332s] [ 85%] [32mBuilding C object CMakeFiles/turtlesim__python.dir/rosidl_generator_py/turtlesim/srv/_set_pen_s.c.o[0m
[5.332s] [ 85%] [32mBuilding C object CMakeFiles/turtlesim__python.dir/rosidl_generator_py/turtlesim/srv/_kill_s.c.o[0m
[5.332s] [ 85%] [32mBuilding C object CMakeFiles/turtlesim__python.dir/rosidl_generator_py/turtlesim/msg/_pose_s.c.o[0m
[5.332s] [ 86%] [32mBuilding C object CMakeFiles/turtlesim__python.dir/rosidl_generator_py/turtlesim/srv/_teleport_absolute_s.c.o[0m
[5.332s] [ 87%] [32mBuilding C object CMakeFiles/turtlesim__python.dir/rosidl_generator_py/turtlesim/srv/_spawn_s.c.o[0m
[5.336s] [ 88%] [32mBuilding C object CMakeFiles/turtlesim__python.dir/rosidl_generator_py/turtlesim/srv/_teleport_relative_s.c.o[0m
[5.464s] [ 89%] [32m[1mLinking C shared library rosidl_generator_py/turtlesim/libturtlesim__python.so[0m
[5.495s] [ 89%] Built target turtlesim__python
[5.502s] [35m[1mScanning dependencies of target turtlesim__rosidl_typesupport_introspection_c__pyext[0m
[5.504s] [35m[1mScanning dependencies of target turtlesim__rosidl_typesupport_c__pyext[0m
[5.504s] [35m[1mScanning dependencies of target turtlesim__rosidl_typesupport_fastrtps_c__pyext[0m
[5.518s] [ 90%] [32mBuilding C object CMakeFiles/turtlesim__rosidl_typesupport_introspection_c__pyext.dir/rosidl_generator_py/turtlesim/_turtlesim_s.ep.rosidl_typesupport_introspection_c.c.o[0m
[5.522s] [ 91%] [32mBuilding C object CMakeFiles/turtlesim__rosidl_typesupport_c__pyext.dir/rosidl_generator_py/turtlesim/_turtlesim_s.ep.rosidl_typesupport_c.c.o[0m
[5.523s] [ 92%] [32mBuilding C object CMakeFiles/turtlesim__rosidl_typesupport_fastrtps_c__pyext.dir/rosidl_generator_py/turtlesim/_turtlesim_s.ep.rosidl_typesupport_fastrtps_c.c.o[0m
[5.659s] [ 93%] [32m[1mLinking C shared library rosidl_generator_py/turtlesim/turtlesim_s__rosidl_typesupport_c.cpython-38-x86_64-linux-gnu.so[0m
[5.665s] [ 94%] [32m[1mLinking C shared library rosidl_generator_py/turtlesim/turtlesim_s__rosidl_typesupport_introspection_c.cpython-38-x86_64-linux-gnu.so[0m
[5.670s] [ 95%] [32m[1mLinking CXX shared library rosidl_generator_py/turtlesim/turtlesim_s__rosidl_typesupport_fastrtps_c.cpython-38-x86_64-linux-gnu.so[0m
[5.693s] [ 95%] Built target turtlesim__rosidl_typesupport_introspection_c__pyext
[5.696s] [ 95%] Built target turtlesim__rosidl_typesupport_c__pyext
[5.736s] [ 95%] Built target turtlesim__rosidl_typesupport_fastrtps_c__pyext
[7.004s] [ 96%] [32m[1mLinking CXX executable turtle_teleop_key[0m
[7.144s] [ 96%] Built target turtle_teleop_key
[7.568s] [ 97%] [32m[1mLinking CXX executable mimic[0m
[7.711s] [ 97%] Built target mimic
[8.022s] [ 98%] [32m[1mLinking CXX executable draw_square[0m
[8.172s] [ 98%] Built target draw_square
[9.246s] [100%] [32m[1mLinking CXX executable turtlesim_node[0m
[9.988s] [100%] Built target turtlesim_node
[9.998s] Invoked command in '/home/bot/ros2_ws/build/turtlesim' returned '0': CMAKE_PREFIX_PATH=/opt/ros/foxy /usr/bin/cmake --build /home/bot/ros2_ws/build/turtlesim -- -j16 -l16
[10.090s] Invoking command in '/home/bot/ros2_ws/build/turtlesim': CMAKE_PREFIX_PATH=/opt/ros/foxy /usr/bin/cmake --install /home/bot/ros2_ws/build/turtlesim
[10.095s] -- Install configuration: ""
[10.095s] -- Installing: /home/bot/ros2_ws/install/turtlesim/share/ament_index/resource_index/rosidl_interfaces/turtlesim
[10.095s] -- Installing: /home/bot/ros2_ws/install/turtlesim/include/turtlesim
[10.095s] -- Installing: /home/bot/ros2_ws/install/turtlesim/include/turtlesim/action
[10.095s] -- Installing: /home/bot/ros2_ws/install/turtlesim/include/turtlesim/action/rotate_absolute.h
[10.095s] -- Installing: /home/bot/ros2_ws/install/turtlesim/include/turtlesim/action/detail
[10.095s] -- Installing: /home/bot/ros2_ws/install/turtlesim/include/turtlesim/action/detail/rotate_absolute__functions.c
[10.095s] -- Installing: /home/bot/ros2_ws/install/turtlesim/include/turtlesim/action/detail/rotate_absolute__functions.h
[10.095s] -- Installing: /home/bot/ros2_ws/install/turtlesim/include/turtlesim/action/detail/rotate_absolute__struct.h
[10.095s] -- Installing: /home/bot/ros2_ws/install/turtlesim/include/turtlesim/action/detail/rotate_absolute__type_support.h
[10.095s] -- Installing: /home/bot/ros2_ws/install/turtlesim/include/turtlesim/srv
[10.095s] -- Installing: /home/bot/ros2_ws/install/turtlesim/include/turtlesim/srv/teleport_absolute.h
[10.095s] -- Installing: /home/bot/ros2_ws/install/turtlesim/include/turtlesim/srv/spawn.h
[10.095s] -- Installing: /home/bot/ros2_ws/install/turtlesim/include/turtlesim/srv/detail
[10.096s] -- Installing: /home/bot/ros2_ws/install/turtlesim/include/turtlesim/srv/detail/teleport_absolute__type_support.h
[10.096s] -- Installing: /home/bot/ros2_ws/install/turtlesim/include/turtlesim/srv/detail/spawn__functions.h
[10.096s] -- Installing: /home/bot/ros2_ws/install/turtlesim/include/turtlesim/srv/detail/kill__functions.c
[10.096s] -- Installing: /home/bot/ros2_ws/install/turtlesim/include/turtlesim/srv/detail/teleport_absolute__functions.h
[10.096s] -- Installing: /home/bot/ros2_ws/install/turtlesim/include/turtlesim/srv/detail/spawn__functions.c
[10.096s] -- Installing: /home/bot/ros2_ws/install/turtlesim/include/turtlesim/srv/detail/set_pen__type_support.h
[10.096s] -- Installing: /home/bot/ros2_ws/install/turtlesim/include/turtlesim/srv/detail/teleport_absolute__functions.c
[10.096s] -- Installing: /home/bot/ros2_ws/install/turtlesim/include/turtlesim/srv/detail/set_pen__functions.c
[10.096s] -- Installing: /home/bot/ros2_ws/install/turtlesim/include/turtlesim/srv/detail/kill__struct.h
[10.096s] -- Installing: /home/bot/ros2_ws/install/turtlesim/include/turtlesim/srv/detail/set_pen__functions.h
[10.096s] -- Installing: /home/bot/ros2_ws/install/turtlesim/include/turtlesim/srv/detail/kill__functions.h
[10.096s] -- Installing: /home/bot/ros2_ws/install/turtlesim/include/turtlesim/srv/detail/kill__type_support.h
[10.096s] -- Installing: /home/bot/ros2_ws/install/turtlesim/include/turtlesim/srv/detail/teleport_relative__functions.c
[10.096s] -- Installing: /home/bot/ros2_ws/install/turtlesim/include/turtlesim/srv/detail/teleport_relative__type_support.h
[10.096s] -- Installing: /home/bot/ros2_ws/install/turtlesim/include/turtlesim/srv/detail/set_pen__struct.h
[10.096s] -- Installing: /home/bot/ros2_ws/install/turtlesim/include/turtlesim/srv/detail/teleport_absolute__struct.h
[10.096s] -- Installing: /home/bot/ros2_ws/install/turtlesim/include/turtlesim/srv/detail/spawn__type_support.h
[10.096s] -- Installing: /home/bot/ros2_ws/install/turtlesim/include/turtlesim/srv/detail/teleport_relative__functions.h
[10.096s] -- Installing: /home/bot/ros2_ws/install/turtlesim/include/turtlesim/srv/detail/spawn__struct.h
[10.096s] -- Installing: /home/bot/ros2_ws/install/turtlesim/include/turtlesim/srv/detail/teleport_relative__struct.h
[10.096s] -- Installing: /home/bot/ros2_ws/install/turtlesim/include/turtlesim/srv/teleport_relative.h
[10.096s] -- Installing: /home/bot/ros2_ws/install/turtlesim/include/turtlesim/srv/set_pen.h
[10.096s] -- Installing: /home/bot/ros2_ws/install/turtlesim/include/turtlesim/srv/kill.h
[10.096s] -- Installing: /home/bot/ros2_ws/install/turtlesim/include/turtlesim/msg
[10.097s] -- Installing: /home/bot/ros2_ws/install/turtlesim/include/turtlesim/msg/pose.h
[10.097s] -- Installing: /home/bot/ros2_ws/install/turtlesim/include/turtlesim/msg/color.h
[10.097s] -- Installing: /home/bot/ros2_ws/install/turtlesim/include/turtlesim/msg/rosidl_generator_c__visibility_control.h
[10.097s] -- Installing: /home/bot/ros2_ws/install/turtlesim/include/turtlesim/msg/detail
[10.097s] -- Installing: /home/bot/ros2_ws/install/turtlesim/include/turtlesim/msg/detail/pose__functions.h
[10.097s] -- Installing: /home/bot/ros2_ws/install/turtlesim/include/turtlesim/msg/detail/color__type_support.h
[10.097s] -- Installing: /home/bot/ros2_ws/install/turtlesim/include/turtlesim/msg/detail/pose__type_support.h
[10.097s] -- Installing: /home/bot/ros2_ws/install/turtlesim/include/turtlesim/msg/detail/color__functions.h
[10.097s] -- Installing: /home/bot/ros2_ws/install/turtlesim/include/turtlesim/msg/detail/color__functions.c
[10.097s] -- Installing: /home/bot/ros2_ws/install/turtlesim/include/turtlesim/msg/detail/color__struct.h
[10.097s] -- Installing: /home/bot/ros2_ws/install/turtlesim/include/turtlesim/msg/detail/pose__struct.h
[10.097s] -- Installing: /home/bot/ros2_ws/install/turtlesim/include/turtlesim/msg/detail/pose__functions.c
[10.097s] -- Installing: /home/bot/ros2_ws/install/turtlesim/share/turtlesim/environment/library_path.sh
[10.097s] -- Installing: /home/bot/ros2_ws/install/turtlesim/share/turtlesim/environment/library_path.dsv
[10.097s] -- Installing: /home/bot/ros2_ws/install/turtlesim/lib/libturtlesim__rosidl_generator_c.so
[10.097s] -- Set runtime path of "/home/bot/ros2_ws/install/turtlesim/lib/libturtlesim__rosidl_generator_c.so" to ""
[10.097s] -- Up-to-date: /home/bot/ros2_ws/install/turtlesim/include/turtlesim
[10.097s] -- Up-to-date: /home/bot/ros2_ws/install/turtlesim/include/turtlesim/action
[10.097s] -- Up-to-date: /home/bot/ros2_ws/install/turtlesim/include/turtlesim/action/detail
[10.097s] -- Installing: /home/bot/ros2_ws/install/turtlesim/include/turtlesim/action/detail/rotate_absolute__rosidl_typesupport_fastrtps_c.h
[10.097s] -- Up-to-date: /home/bot/ros2_ws/install/turtlesim/include/turtlesim/srv
[10.097s] -- Up-to-date: /home/bot/ros2_ws/install/turtlesim/include/turtlesim/srv/detail
[10.097s] -- Installing: /home/bot/ros2_ws/install/turtlesim/include/turtlesim/srv/detail/teleport_absolute__rosidl_typesupport_fastrtps_c.h
[10.097s] -- Installing: /home/bot/ros2_ws/install/turtlesim/include/turtlesim/srv/detail/kill__rosidl_typesupport_fastrtps_c.h
[10.097s] -- Installing: /home/bot/ros2_ws/install/turtlesim/include/turtlesim/srv/detail/set_pen__rosidl_typesupport_fastrtps_c.h
[10.097s] -- Installing: /home/bot/ros2_ws/install/turtlesim/include/turtlesim/srv/detail/spawn__rosidl_typesupport_fastrtps_c.h
[10.098s] -- Installing: /home/bot/ros2_ws/install/turtlesim/include/turtlesim/srv/detail/teleport_relative__rosidl_typesupport_fastrtps_c.h
[10.098s] -- Up-to-date: /home/bot/ros2_ws/install/turtlesim/include/turtlesim/msg
[10.098s] -- Installing: /home/bot/ros2_ws/install/turtlesim/include/turtlesim/msg/rosidl_typesupport_fastrtps_c__visibility_control.h
[10.098s] -- Up-to-date: /home/bot/ros2_ws/install/turtlesim/include/turtlesim/msg/detail
[10.098s] -- Installing: /home/bot/ros2_ws/install/turtlesim/include/turtlesim/msg/detail/pose__rosidl_typesupport_fastrtps_c.h
[10.098s] -- Installing: /home/bot/ros2_ws/install/turtlesim/include/turtlesim/msg/detail/color__rosidl_typesupport_fastrtps_c.h
[10.098s] -- Installing: /home/bot/ros2_ws/install/turtlesim/lib/libturtlesim__rosidl_typesupport_fastrtps_c.so
[10.098s] -- Set runtime path of "/home/bot/ros2_ws/install/turtlesim/lib/libturtlesim__rosidl_typesupport_fastrtps_c.so" to ""
[10.098s] -- Up-to-date: /home/bot/ros2_ws/install/turtlesim/include/turtlesim
[10.098s] -- Up-to-date: /home/bot/ros2_ws/install/turtlesim/include/turtlesim/action
[10.098s] -- Up-to-date: /home/bot/ros2_ws/install/turtlesim/include/turtlesim/action/detail
[10.098s] -- Installing: /home/bot/ros2_ws/install/turtlesim/include/turtlesim/action/detail/rotate_absolute__rosidl_typesupport_fastrtps_cpp.hpp
[10.098s] -- Installing: /home/bot/ros2_ws/install/turtlesim/include/turtlesim/action/detail/dds_fastrtps
[10.098s] -- Up-to-date: /home/bot/ros2_ws/install/turtlesim/include/turtlesim/srv
[10.098s] -- Up-to-date: /home/bot/ros2_ws/install/turtlesim/include/turtlesim/srv/detail
[10.098s] -- Installing: /home/bot/ros2_ws/install/turtlesim/include/turtlesim/srv/detail/kill__rosidl_typesupport_fastrtps_cpp.hpp
[10.098s] -- Installing: /home/bot/ros2_ws/install/turtlesim/include/turtlesim/srv/detail/set_pen__rosidl_typesupport_fastrtps_cpp.hpp
[10.098s] -- Installing: /home/bot/ros2_ws/install/turtlesim/include/turtlesim/srv/detail/spawn__rosidl_typesupport_fastrtps_cpp.hpp
[10.098s] -- Installing: /home/bot/ros2_ws/install/turtlesim/include/turtlesim/srv/detail/teleport_absolute__rosidl_typesupport_fastrtps_cpp.hpp
[10.098s] -- Installing: /home/bot/ros2_ws/install/turtlesim/include/turtlesim/srv/detail/teleport_relative__rosidl_typesupport_fastrtps_cpp.hpp
[10.098s] -- Installing: /home/bot/ros2_ws/install/turtlesim/include/turtlesim/srv/detail/dds_fastrtps
[10.098s] -- Up-to-date: /home/bot/ros2_ws/install/turtlesim/include/turtlesim/msg
[10.098s] -- Up-to-date: /home/bot/ros2_ws/install/turtlesim/include/turtlesim/msg/detail
[10.098s] -- Installing: /home/bot/ros2_ws/install/turtlesim/include/turtlesim/msg/detail/pose__rosidl_typesupport_fastrtps_cpp.hpp
[10.098s] -- Installing: /home/bot/ros2_ws/install/turtlesim/include/turtlesim/msg/detail/color__rosidl_typesupport_fastrtps_cpp.hpp
[10.098s] -- Installing: /home/bot/ros2_ws/install/turtlesim/include/turtlesim/msg/detail/dds_fastrtps
[10.099s] -- Installing: /home/bot/ros2_ws/install/turtlesim/include/turtlesim/msg/rosidl_typesupport_fastrtps_cpp__visibility_control.h
[10.099s] -- Installing: /home/bot/ros2_ws/install/turtlesim/lib/libturtlesim__rosidl_typesupport_fastrtps_cpp.so
[10.099s] -- Set runtime path of "/home/bot/ros2_ws/install/turtlesim/lib/libturtlesim__rosidl_typesupport_fastrtps_cpp.so" to ""
[10.099s] -- Up-to-date: /home/bot/ros2_ws/install/turtlesim/include/turtlesim
[10.099s] -- Up-to-date: /home/bot/ros2_ws/install/turtlesim/include/turtlesim/action
[10.099s] -- Up-to-date: /home/bot/ros2_ws/install/turtlesim/include/turtlesim/action/detail
[10.099s] -- Installing: /home/bot/ros2_ws/install/turtlesim/include/turtlesim/action/detail/rotate_absolute__rosidl_typesupport_introspection_c.h
[10.099s] -- Installing: /home/bot/ros2_ws/install/turtlesim/include/turtlesim/action/detail/rotate_absolute__type_support.c
[10.099s] -- Up-to-date: /home/bot/ros2_ws/install/turtlesim/include/turtlesim/srv
[10.099s] -- Up-to-date: /home/bot/ros2_ws/install/turtlesim/include/turtlesim/srv/detail
[10.099s] -- Installing: /home/bot/ros2_ws/install/turtlesim/include/turtlesim/srv/detail/set_pen__type_support.c
[10.099s] -- Installing: /home/bot/ros2_ws/install/turtlesim/include/turtlesim/srv/detail/kill__rosidl_typesupport_introspection_c.h
[10.099s] -- Installing: /home/bot/ros2_ws/install/turtlesim/include/turtlesim/srv/detail/spawn__type_support.c
[10.099s] -- Installing: /home/bot/ros2_ws/install/turtlesim/include/turtlesim/srv/detail/spawn__rosidl_typesupport_introspection_c.h
[10.099s] -- Installing: /home/bot/ros2_ws/install/turtlesim/include/turtlesim/srv/detail/set_pen__rosidl_typesupport_introspection_c.h
[10.099s] -- Installing: /home/bot/ros2_ws/install/turtlesim/include/turtlesim/srv/detail/kill__type_support.c
[10.099s] -- Installing: /home/bot/ros2_ws/install/turtlesim/include/turtlesim/srv/detail/teleport_absolute__type_support.c
[10.099s] -- Installing: /home/bot/ros2_ws/install/turtlesim/include/turtlesim/srv/detail/teleport_relative__type_support.c
[10.099s] -- Installing: /home/bot/ros2_ws/install/turtlesim/include/turtlesim/srv/detail/teleport_relative__rosidl_typesupport_introspection_c.h
[10.099s] -- Installing: /home/bot/ros2_ws/install/turtlesim/include/turtlesim/srv/detail/teleport_absolute__rosidl_typesupport_introspection_c.h
[10.099s] -- Up-to-date: /home/bot/ros2_ws/install/turtlesim/include/turtlesim/msg
[10.099s] -- Installing: /home/bot/ros2_ws/install/turtlesim/include/turtlesim/msg/rosidl_typesupport_introspection_c__visibility_control.h
[10.099s] -- Up-to-date: /home/bot/ros2_ws/install/turtlesim/include/turtlesim/msg/detail
[10.099s] -- Installing: /home/bot/ros2_ws/install/turtlesim/include/turtlesim/msg/detail/color__rosidl_typesupport_introspection_c.h
[10.099s] -- Installing: /home/bot/ros2_ws/install/turtlesim/include/turtlesim/msg/detail/pose__type_support.c
[10.099s] -- Installing: /home/bot/ros2_ws/install/turtlesim/include/turtlesim/msg/detail/pose__rosidl_typesupport_introspection_c.h
[10.100s] -- Installing: /home/bot/ros2_ws/install/turtlesim/include/turtlesim/msg/detail/color__type_support.c
[10.100s] -- Installing: /home/bot/ros2_ws/install/turtlesim/lib/libturtlesim__rosidl_typesupport_introspection_c.so
[10.100s] -- Set runtime path of "/home/bot/ros2_ws/install/turtlesim/lib/libturtlesim__rosidl_typesupport_introspection_c.so" to ""
[10.100s] -- Installing: /home/bot/ros2_ws/install/turtlesim/lib/libturtlesim__rosidl_typesupport_c.so
[10.100s] -- Set runtime path of "/home/bot/ros2_ws/install/turtlesim/lib/libturtlesim__rosidl_typesupport_c.so" to ""
[10.100s] -- Up-to-date: /home/bot/ros2_ws/install/turtlesim/include/turtlesim
[10.100s] -- Up-to-date: /home/bot/ros2_ws/install/turtlesim/include/turtlesim/action
[10.100s] -- Installing: /home/bot/ros2_ws/install/turtlesim/include/turtlesim/action/rotate_absolute.hpp
[10.100s] -- Up-to-date: /home/bot/ros2_ws/install/turtlesim/include/turtlesim/action/detail
[10.100s] -- Installing: /home/bot/ros2_ws/install/turtlesim/include/turtlesim/action/detail/rotate_absolute__builder.hpp
[10.100s] -- Installing: /home/bot/ros2_ws/install/turtlesim/include/turtlesim/action/detail/rotate_absolute__traits.hpp
[10.100s] -- Installing: /home/bot/ros2_ws/install/turtlesim/include/turtlesim/action/detail/rotate_absolute__struct.hpp
[10.100s] -- Up-to-date: /home/bot/ros2_ws/install/turtlesim/include/turtlesim/srv
[10.100s] -- Installing: /home/bot/ros2_ws/install/turtlesim/include/turtlesim/srv/set_pen.hpp
[10.100s] -- Installing: /home/bot/ros2_ws/install/turtlesim/include/turtlesim/srv/teleport_relative.hpp
[10.100s] -- Up-to-date: /home/bot/ros2_ws/install/turtlesim/include/turtlesim/srv/detail
[10.100s] -- Installing: /home/bot/ros2_ws/install/turtlesim/include/turtlesim/srv/detail/spawn__traits.hpp
[10.100s] -- Installing: /home/bot/ros2_ws/install/turtlesim/include/turtlesim/srv/detail/teleport_relative__traits.hpp
[10.100s] -- Installing: /home/bot/ros2_ws/install/turtlesim/include/turtlesim/srv/detail/spawn__builder.hpp
[10.100s] -- Installing: /home/bot/ros2_ws/install/turtlesim/include/turtlesim/srv/detail/kill__struct.hpp
[10.100s] -- Installing: /home/bot/ros2_ws/install/turtlesim/include/turtlesim/srv/detail/set_pen__struct.hpp
[10.100s] -- Installing: /home/bot/ros2_ws/install/turtlesim/include/turtlesim/srv/detail/set_pen__traits.hpp
[10.100s] -- Installing: /home/bot/ros2_ws/install/turtlesim/include/turtlesim/srv/detail/spawn__struct.hpp
[10.100s] -- Installing: /home/bot/ros2_ws/install/turtlesim/include/turtlesim/srv/detail/teleport_absolute__builder.hpp
[10.101s] -- Installing: /home/bot/ros2_ws/install/turtlesim/include/turtlesim/srv/detail/teleport_absolute__traits.hpp
[10.101s] -- Installing: /home/bot/ros2_ws/install/turtlesim/include/turtlesim/srv/detail/teleport_relative__builder.hpp
[10.101s] -- Installing: /home/bot/ros2_ws/install/turtlesim/include/turtlesim/srv/detail/set_pen__builder.hpp
[10.101s] -- Installing: /home/bot/ros2_ws/install/turtlesim/include/turtlesim/srv/detail/teleport_relative__struct.hpp
[10.101s] -- Installing: /home/bot/ros2_ws/install/turtlesim/include/turtlesim/srv/detail/teleport_absolute__struct.hpp
[10.101s] -- Installing: /home/bot/ros2_ws/install/turtlesim/include/turtlesim/srv/detail/kill__traits.hpp
[10.101s] -- Installing: /home/bot/ros2_ws/install/turtlesim/include/turtlesim/srv/detail/kill__builder.hpp
[10.101s] -- Installing: /home/bot/ros2_ws/install/turtlesim/include/turtlesim/srv/spawn.hpp
[10.101s] -- Installing: /home/bot/ros2_ws/install/turtlesim/include/turtlesim/srv/kill.hpp
[10.101s] -- Installing: /home/bot/ros2_ws/install/turtlesim/include/turtlesim/srv/teleport_absolute.hpp
[10.101s] -- Up-to-date: /home/bot/ros2_ws/install/turtlesim/include/turtlesim/msg
[10.101s] -- Installing: /home/bot/ros2_ws/install/turtlesim/include/turtlesim/msg/color.hpp
[10.101s] -- Up-to-date: /home/bot/ros2_ws/install/turtlesim/include/turtlesim/msg/detail
[10.101s] -- Installing: /home/bot/ros2_ws/install/turtlesim/include/turtlesim/msg/detail/pose__traits.hpp
[10.101s] -- Installing: /home/bot/ros2_ws/install/turtlesim/include/turtlesim/msg/detail/pose__builder.hpp
[10.101s] -- Installing: /home/bot/ros2_ws/install/turtlesim/include/turtlesim/msg/detail/color__builder.hpp
[10.101s] -- Installing: /home/bot/ros2_ws/install/turtlesim/include/turtlesim/msg/detail/pose__struct.hpp
[10.101s] -- Installing: /home/bot/ros2_ws/install/turtlesim/include/turtlesim/msg/detail/color__traits.hpp
[10.101s] -- Installing: /home/bot/ros2_ws/install/turtlesim/include/turtlesim/msg/detail/color__struct.hpp
[10.101s] -- Installing: /home/bot/ros2_ws/install/turtlesim/include/turtlesim/msg/pose.hpp
[10.101s] -- Up-to-date: /home/bot/ros2_ws/install/turtlesim/include/turtlesim
[10.101s] -- Up-to-date: /home/bot/ros2_ws/install/turtlesim/include/turtlesim/action
[10.101s] -- Up-to-date: /home/bot/ros2_ws/install/turtlesim/include/turtlesim/action/detail
[10.101s] -- Installing: /home/bot/ros2_ws/install/turtlesim/include/turtlesim/action/detail/rotate_absolute__type_support.cpp
[10.101s] -- Installing: /home/bot/ros2_ws/install/turtlesim/include/turtlesim/action/detail/rotate_absolute__rosidl_typesupport_introspection_cpp.hpp
[10.101s] -- Up-to-date: /home/bot/ros2_ws/install/turtlesim/include/turtlesim/srv
[10.101s] -- Up-to-date: /home/bot/ros2_ws/install/turtlesim/include/turtlesim/srv/detail
[10.102s] -- Installing: /home/bot/ros2_ws/install/turtlesim/include/turtlesim/srv/detail/kill__rosidl_typesupport_introspection_cpp.hpp
[10.102s] -- Installing: /home/bot/ros2_ws/install/turtlesim/include/turtlesim/srv/detail/teleport_absolute__type_support.cpp
[10.102s] -- Installing: /home/bot/ros2_ws/install/turtlesim/include/turtlesim/srv/detail/kill__type_support.cpp
[10.102s] -- Installing: /home/bot/ros2_ws/install/turtlesim/include/turtlesim/srv/detail/spawn__rosidl_typesupport_introspection_cpp.hpp
[10.102s] -- Installing: /home/bot/ros2_ws/install/turtlesim/include/turtlesim/srv/detail/set_pen__rosidl_typesupport_introspection_cpp.hpp
[10.102s] -- Installing: /home/bot/ros2_ws/install/turtlesim/include/turtlesim/srv/detail/spawn__type_support.cpp
[10.102s] -- Installing: /home/bot/ros2_ws/install/turtlesim/include/turtlesim/srv/detail/teleport_relative__type_support.cpp
[10.102s] -- Installing: /home/bot/ros2_ws/install/turtlesim/include/turtlesim/srv/detail/teleport_absolute__rosidl_typesupport_introspection_cpp.hpp
[10.102s] -- Installing: /home/bot/ros2_ws/install/turtlesim/include/turtlesim/srv/detail/set_pen__type_support.cpp
[10.102s] -- Installing: /home/bot/ros2_ws/install/turtlesim/include/turtlesim/srv/detail/teleport_relative__rosidl_typesupport_introspection_cpp.hpp
[10.102s] -- Up-to-date: /home/bot/ros2_ws/install/turtlesim/include/turtlesim/msg
[10.102s] -- Up-to-date: /home/bot/ros2_ws/install/turtlesim/include/turtlesim/msg/detail
[10.102s] -- Installing: /home/bot/ros2_ws/install/turtlesim/include/turtlesim/msg/detail/pose__rosidl_typesupport_introspection_cpp.hpp
[10.102s] -- Installing: /home/bot/ros2_ws/install/turtlesim/include/turtlesim/msg/detail/color__type_support.cpp
[10.102s] -- Installing: /home/bot/ros2_ws/install/turtlesim/include/turtlesim/msg/detail/color__rosidl_typesupport_introspection_cpp.hpp
[10.102s] -- Installing: /home/bot/ros2_ws/install/turtlesim/include/turtlesim/msg/detail/pose__type_support.cpp
[10.102s] -- Installing: /home/bot/ros2_ws/install/turtlesim/lib/libturtlesim__rosidl_typesupport_introspection_cpp.so
[10.102s] -- Set runtime path of "/home/bot/ros2_ws/install/turtlesim/lib/libturtlesim__rosidl_typesupport_introspection_cpp.so" to ""
[10.102s] -- Installing: /home/bot/ros2_ws/install/turtlesim/lib/libturtlesim__rosidl_typesupport_cpp.so
[10.102s] -- Set runtime path of "/home/bot/ros2_ws/install/turtlesim/lib/libturtlesim__rosidl_typesupport_cpp.so" to ""
[10.102s] -- Installing: /home/bot/ros2_ws/install/turtlesim/share/turtlesim/environment/pythonpath.sh
[10.102s] -- Installing: /home/bot/ros2_ws/install/turtlesim/share/turtlesim/environment/pythonpath.dsv
[10.102s] -- Installing: /home/bot/ros2_ws/install/turtlesim/lib/python3.8/site-packages/turtlesim/__init__.py
[10.128s] Compiling '/home/bot/ros2_ws/install/turtlesim/lib/python3.8/site-packages/turtlesim/__init__.py'...
[10.130s] -- Installing: /home/bot/ros2_ws/install/turtlesim/lib/python3.8/site-packages/turtlesim/action
[10.130s] -- Installing: /home/bot/ros2_ws/install/turtlesim/lib/python3.8/site-packages/turtlesim/action/__init__.py
[10.130s] -- Installing: /home/bot/ros2_ws/install/turtlesim/lib/python3.8/site-packages/turtlesim/action/_rotate_absolute.py
[10.130s] -- Installing: /home/bot/ros2_ws/install/turtlesim/lib/python3.8/site-packages/turtlesim/action/_rotate_absolute_s.c
[10.130s] -- Installing: /home/bot/ros2_ws/install/turtlesim/lib/python3.8/site-packages/turtlesim/msg
[10.130s] -- Installing: /home/bot/ros2_ws/install/turtlesim/lib/python3.8/site-packages/turtlesim/msg/__init__.py
[10.131s] -- Installing: /home/bot/ros2_ws/install/turtlesim/lib/python3.8/site-packages/turtlesim/msg/_pose.py
[10.131s] -- Installing: /home/bot/ros2_ws/install/turtlesim/lib/python3.8/site-packages/turtlesim/msg/_color_s.c
[10.131s] -- Installing: /home/bot/ros2_ws/install/turtlesim/lib/python3.8/site-packages/turtlesim/msg/_pose_s.c
[10.131s] -- Installing: /home/bot/ros2_ws/install/turtlesim/lib/python3.8/site-packages/turtlesim/msg/_color.py
[10.131s] -- Installing: /home/bot/ros2_ws/install/turtlesim/lib/python3.8/site-packages/turtlesim/srv
[10.131s] -- Installing: /home/bot/ros2_ws/install/turtlesim/lib/python3.8/site-packages/turtlesim/srv/_teleport_relative.py
[10.131s] -- Installing: /home/bot/ros2_ws/install/turtlesim/lib/python3.8/site-packages/turtlesim/srv/_teleport_absolute_s.c
[10.131s] -- Installing: /home/bot/ros2_ws/install/turtlesim/lib/python3.8/site-packages/turtlesim/srv/_set_pen_s.c
[10.131s] -- Installing: /home/bot/ros2_ws/install/turtlesim/lib/python3.8/site-packages/turtlesim/srv/__init__.py
[10.131s] -- Installing: /home/bot/ros2_ws/install/turtlesim/lib/python3.8/site-packages/turtlesim/srv/_teleport_absolute.py
[10.131s] -- Installing: /home/bot/ros2_ws/install/turtlesim/lib/python3.8/site-packages/turtlesim/srv/_spawn_s.c
[10.131s] -- Installing: /home/bot/ros2_ws/install/turtlesim/lib/python3.8/site-packages/turtlesim/srv/_set_pen.py
[10.131s] -- Installing: /home/bot/ros2_ws/install/turtlesim/lib/python3.8/site-packages/turtlesim/srv/_kill.py
[10.131s] -- Installing: /home/bot/ros2_ws/install/turtlesim/lib/python3.8/site-packages/turtlesim/srv/_spawn.py
[10.131s] -- Installing: /home/bot/ros2_ws/install/turtlesim/lib/python3.8/site-packages/turtlesim/srv/_teleport_relative_s.c
[10.131s] -- Installing: /home/bot/ros2_ws/install/turtlesim/lib/python3.8/site-packages/turtlesim/srv/_kill_s.c
[10.131s] -- Installing: /home/bot/ros2_ws/install/turtlesim/lib/python3.8/site-packages/turtlesim/turtlesim_s__rosidl_typesupport_fastrtps_c.cpython-38-x86_64-linux-gnu.so
[10.131s] -- Set runtime path of "/home/bot/ros2_ws/install/turtlesim/lib/python3.8/site-packages/turtlesim/turtlesim_s__rosidl_typesupport_fastrtps_c.cpython-38-x86_64-linux-gnu.so" to ""
[10.131s] -- Installing: /home/bot/ros2_ws/install/turtlesim/lib/python3.8/site-packages/turtlesim/turtlesim_s__rosidl_typesupport_introspection_c.cpython-38-x86_64-linux-gnu.so
[10.131s] -- Set runtime path of "/home/bot/ros2_ws/install/turtlesim/lib/python3.8/site-packages/turtlesim/turtlesim_s__rosidl_typesupport_introspection_c.cpython-38-x86_64-linux-gnu.so" to ""
[10.131s] -- Installing: /home/bot/ros2_ws/install/turtlesim/lib/python3.8/site-packages/turtlesim/turtlesim_s__rosidl_typesupport_c.cpython-38-x86_64-linux-gnu.so
[10.132s] -- Set runtime path of "/home/bot/ros2_ws/install/turtlesim/lib/python3.8/site-packages/turtlesim/turtlesim_s__rosidl_typesupport_c.cpython-38-x86_64-linux-gnu.so" to ""
[10.132s] -- Installing: /home/bot/ros2_ws/install/turtlesim/lib/libturtlesim__python.so
[10.132s] -- Set runtime path of "/home/bot/ros2_ws/install/turtlesim/lib/libturtlesim__python.so" to ""
[10.132s] -- Installing: /home/bot/ros2_ws/install/turtlesim/share/turtlesim/action/RotateAbsolute.idl
[10.132s] -- Installing: /home/bot/ros2_ws/install/turtlesim/share/turtlesim/msg/Color.idl
[10.132s] -- Installing: /home/bot/ros2_ws/install/turtlesim/share/turtlesim/msg/Pose.idl
[10.132s] -- Installing: /home/bot/ros2_ws/install/turtlesim/share/turtlesim/srv/Kill.idl
[10.132s] -- Installing: /home/bot/ros2_ws/install/turtlesim/share/turtlesim/srv/SetPen.idl
[10.132s] -- Installing: /home/bot/ros2_ws/install/turtlesim/share/turtlesim/srv/Spawn.idl
[10.132s] -- Installing: /home/bot/ros2_ws/install/turtlesim/share/turtlesim/srv/TeleportAbsolute.idl
[10.132s] -- Installing: /home/bot/ros2_ws/install/turtlesim/share/turtlesim/srv/TeleportRelative.idl
[10.132s] -- Installing: /home/bot/ros2_ws/install/turtlesim/share/turtlesim/action/RotateAbsolute.action
[10.132s] -- Installing: /home/bot/ros2_ws/install/turtlesim/share/turtlesim/msg/Color.msg
[10.132s] -- Installing: /home/bot/ros2_ws/install/turtlesim/share/turtlesim/msg/Pose.msg
[10.132s] -- Installing: /home/bot/ros2_ws/install/turtlesim/share/turtlesim/srv/Kill.srv
[10.133s] -- Installing: /home/bot/ros2_ws/install/turtlesim/share/turtlesim/srv/Kill_Request.msg
[10.133s] -- Installing: /home/bot/ros2_ws/install/turtlesim/share/turtlesim/srv/Kill_Response.msg
[10.133s] -- Installing: /home/bot/ros2_ws/install/turtlesim/share/turtlesim/srv/SetPen.srv
[10.133s] -- Installing: /home/bot/ros2_ws/install/turtlesim/share/turtlesim/srv/SetPen_Request.msg
[10.133s] -- Installing: /home/bot/ros2_ws/install/turtlesim/share/turtlesim/srv/SetPen_Response.msg
[10.133s] -- Installing: /home/bot/ros2_ws/install/turtlesim/share/turtlesim/srv/Spawn.srv
[10.133s] -- Installing: /home/bot/ros2_ws/install/turtlesim/share/turtlesim/srv/Spawn_Request.msg
[10.133s] -- Installing: /home/bot/ros2_ws/install/turtlesim/share/turtlesim/srv/Spawn_Response.msg
[10.133s] -- Installing: /home/bot/ros2_ws/install/turtlesim/share/turtlesim/srv/TeleportAbsolute.srv
[10.133s] -- Installing: /home/bot/ros2_ws/install/turtlesim/share/turtlesim/srv/TeleportAbsolute_Request.msg
[10.133s] -- Installing: /home/bot/ros2_ws/install/turtlesim/share/turtlesim/srv/TeleportAbsolute_Response.msg
[10.133s] -- Installing: /home/bot/ros2_ws/install/turtlesim/share/turtlesim/srv/TeleportRelative.srv
[10.133s] -- Installing: /home/bot/ros2_ws/install/turtlesim/share/turtlesim/srv/TeleportRelative_Request.msg
[10.133s] -- Installing: /home/bot/ros2_ws/install/turtlesim/share/turtlesim/srv/TeleportRelative_Response.msg
[10.133s] -- Installing: /home/bot/ros2_ws/install/turtlesim/lib/turtlesim/turtlesim_node
[10.135s] -- Set runtime path of "/home/bot/ros2_ws/install/turtlesim/lib/turtlesim/turtlesim_node" to ""
[10.136s] -- Installing: /home/bot/ros2_ws/install/turtlesim/lib/turtlesim/turtle_teleop_key
[10.136s] -- Set runtime path of "/home/bot/ros2_ws/install/turtlesim/lib/turtlesim/turtle_teleop_key" to ""
[10.136s] -- Installing: /home/bot/ros2_ws/install/turtlesim/lib/turtlesim/draw_square
[10.137s] -- Set runtime path of "/home/bot/ros2_ws/install/turtlesim/lib/turtlesim/draw_square" to ""
[10.137s] -- Installing: /home/bot/ros2_ws/install/turtlesim/lib/turtlesim/mimic
[10.138s] -- Set runtime path of "/home/bot/ros2_ws/install/turtlesim/lib/turtlesim/mimic" to ""
[10.138s] -- Installing: /home/bot/ros2_ws/install/turtlesim/share/turtlesim/images
[10.138s] -- Installing: /home/bot/ros2_ws/install/turtlesim/share/turtlesim/images/dashing.png
[10.138s] -- Installing: /home/bot/ros2_ws/install/turtlesim/share/turtlesim/images/eloquent.png
[10.139s] -- Installing: /home/bot/ros2_ws/install/turtlesim/share/turtlesim/images/ardent.png
[10.139s] -- Installing: /home/bot/ros2_ws/install/turtlesim/share/turtlesim/images/bouncy.png
[10.139s] -- Installing: /home/bot/ros2_ws/install/turtlesim/share/turtlesim/images/foxy.png
[10.139s] -- Installing: /home/bot/ros2_ws/install/turtlesim/share/turtlesim/images/crystal.png
[10.139s] -- Installing: /home/bot/ros2_ws/install/turtlesim/share/turtlesim/launch
[10.139s] -- Installing: /home/bot/ros2_ws/install/turtlesim/share/turtlesim/launch/multisim.launch.py
[10.139s] -- Installing: /home/bot/ros2_ws/install/turtlesim/share/ament_index/resource_index/package_run_dependencies/turtlesim
[10.139s] -- Installing: /home/bot/ros2_ws/install/turtlesim/share/ament_index/resource_index/parent_prefix_path/turtlesim
[10.139s] -- Installing: /home/bot/ros2_ws/install/turtlesim/share/turtlesim/environment/ament_prefix_path.sh
[10.139s] -- Installing: /home/bot/ros2_ws/install/turtlesim/share/turtlesim/environment/ament_prefix_path.dsv
[10.139s] -- Installing: /home/bot/ros2_ws/install/turtlesim/share/turtlesim/environment/path.sh
[10.139s] -- Installing: /home/bot/ros2_ws/install/turtlesim/share/turtlesim/environment/path.dsv
[10.139s] -- Installing: /home/bot/ros2_ws/install/turtlesim/share/turtlesim/local_setup.bash
[10.139s] -- Installing: /home/bot/ros2_ws/install/turtlesim/share/turtlesim/local_setup.sh
[10.139s] -- Installing: /home/bot/ros2_ws/install/turtlesim/share/turtlesim/local_setup.zsh
[10.139s] -- Installing: /home/bot/ros2_ws/install/turtlesim/share/turtlesim/local_setup.dsv
[10.139s] -- Installing: /home/bot/ros2_ws/install/turtlesim/share/turtlesim/package.dsv
[10.139s] -- Installing: /home/bot/ros2_ws/install/turtlesim/share/ament_index/resource_index/packages/turtlesim
[10.139s] -- Installing: /home/bot/ros2_ws/install/turtlesim/share/turtlesim/cmake/turtlesim__rosidl_generator_cExport.cmake
[10.139s] -- Installing: /home/bot/ros2_ws/install/turtlesim/share/turtlesim/cmake/turtlesim__rosidl_generator_cExport-noconfig.cmake
[10.140s] -- Installing: /home/bot/ros2_ws/install/turtlesim/share/turtlesim/cmake/turtlesim__rosidl_typesupport_introspection_cExport.cmake
[10.140s] -- Installing: /home/bot/ros2_ws/install/turtlesim/share/turtlesim/cmake/turtlesim__rosidl_typesupport_introspection_cExport-noconfig.cmake
[10.140s] -- Installing: /home/bot/ros2_ws/install/turtlesim/share/turtlesim/cmake/turtlesim__rosidl_typesupport_cExport.cmake
[10.140s] -- Installing: /home/bot/ros2_ws/install/turtlesim/share/turtlesim/cmake/turtlesim__rosidl_typesupport_cExport-noconfig.cmake
[10.140s] -- Installing: /home/bot/ros2_ws/install/turtlesim/share/turtlesim/cmake/turtlesim__rosidl_generator_cppExport.cmake
[10.140s] -- Installing: /home/bot/ros2_ws/install/turtlesim/share/turtlesim/cmake/turtlesim__rosidl_typesupport_introspection_cppExport.cmake
[10.140s] -- Installing: /home/bot/ros2_ws/install/turtlesim/share/turtlesim/cmake/turtlesim__rosidl_typesupport_introspection_cppExport-noconfig.cmake
[10.140s] -- Installing: /home/bot/ros2_ws/install/turtlesim/share/turtlesim/cmake/turtlesim__rosidl_typesupport_cppExport.cmake
[10.140s] -- Installing: /home/bot/ros2_ws/install/turtlesim/share/turtlesim/cmake/turtlesim__rosidl_typesupport_cppExport-noconfig.cmake
[10.140s] -- Installing: /home/bot/ros2_ws/install/turtlesim/share/turtlesim/cmake/rosidl_cmake-extras.cmake
[10.140s] -- Installing: /home/bot/ros2_ws/install/turtlesim/share/turtlesim/cmake/ament_cmake_export_dependencies-extras.cmake
[10.140s] -- Installing: /home/bot/ros2_ws/install/turtlesim/share/turtlesim/cmake/ament_cmake_export_libraries-extras.cmake
[10.140s] -- Installing: /home/bot/ros2_ws/install/turtlesim/share/turtlesim/cmake/ament_cmake_export_targets-extras.cmake
[10.140s] -- Installing: /home/bot/ros2_ws/install/turtlesim/share/turtlesim/cmake/ament_cmake_export_include_directories-extras.cmake
[10.140s] -- Installing: /home/bot/ros2_ws/install/turtlesim/share/turtlesim/cmake/rosidl_cmake_export_typesupport_libraries-extras.cmake
[10.141s] -- Installing: /home/bot/ros2_ws/install/turtlesim/share/turtlesim/cmake/rosidl_cmake_export_typesupport_targets-extras.cmake
[10.141s] -- Installing: /home/bot/ros2_ws/install/turtlesim/share/turtlesim/cmake/turtlesimConfig.cmake
[10.141s] -- Installing: /home/bot/ros2_ws/install/turtlesim/share/turtlesim/cmake/turtlesimConfig-version.cmake
[10.141s] -- Installing: /home/bot/ros2_ws/install/turtlesim/share/turtlesim/package.xml
[10.142s] Invoked command in '/home/bot/ros2_ws/build/turtlesim' returned '0': CMAKE_PREFIX_PATH=/opt/ros/foxy /usr/bin/cmake --install /home/bot/ros2_ws/build/turtlesim
