[0.139s] Invoking command in '/home/bot/ros2_ws/build/tbot_start': /usr/bin/cmake /home/bot/ros2_ws/pkg-tbot/tbot_start -DCMAKE_INSTALL_PREFIX=/home/bot/ros2_ws/install/tbot_start
[0.232s] -- The C compiler identification is GNU 9.4.0
[0.281s] -- The CXX compiler identification is GNU 9.4.0
[0.284s] -- Check for working C compiler: /usr/bin/cc
[0.321s] -- Check for working C compiler: /usr/bin/cc -- works
[0.321s] -- Detecting C compiler ABI info
[0.357s] -- Detecting C compiler ABI info - done
[0.363s] -- Detecting C compile features
[0.363s] -- Detecting C compile features - done
[0.365s] -- Check for working CXX compiler: /usr/bin/c++
[0.407s] -- Check for working CXX compiler: /usr/bin/c++ -- works
[0.407s] -- Detecting CXX compiler ABI info
[0.467s] -- Detecting CXX compiler ABI info - done
[0.477s] -- Detecting CXX compile features
[0.478s] -- Detecting CXX compile features - done
[0.485s] CMake Error at CMakeLists.txt:19 (find_package):
[0.485s]   By not providing "Findament_cmake.cmake" in CMAKE_MODULE_PATH this project
[0.485s]   has asked CMake to find a package configuration file provided by
[0.485s]   "ament_cmake", but CMake did not find one.
[0.485s] 
[0.485s]   Could not find a package configuration file provided by "ament_cmake" with
[0.485s]   any of the following names:
[0.485s] 
[0.485s]     ament_cmakeConfig.cmake
[0.486s]     ament_cmake-config.cmake
[0.486s] 
[0.486s]   Add the installation prefix of "ament_cmake" to CMAKE_PREFIX_PATH or set
[0.486s]   "ament_cmake_DIR" to a directory containing one of the above files.  If
[0.486s]   "ament_cmake" provides a separate development package or SDK, be sure it
[0.486s]   has been installed.
[0.486s] 
[0.486s] 
[0.486s] -- Configuring incomplete, errors occurred!
[0.486s] See also "/home/bot/ros2_ws/build/tbot_start/CMakeFiles/CMakeOutput.log".
[0.487s] Invoked command in '/home/bot/ros2_ws/build/tbot_start' returned '1': /usr/bin/cmake /home/bot/ros2_ws/pkg-tbot/tbot_start -DCMAKE_INSTALL_PREFIX=/home/bot/ros2_ws/install/tbot_start
