[0.048s] Invoking command in '/home/bot/ros2_ws/build/kobuki_keyop': AMENT_PREFIX_PATH=/home/bot/ros2_ws/install/kobuki_ros_interfaces:${AMENT_PREFIX_PATH} CMAKE_PREFIX_PATH=/home/bot/ros2_ws/install/kobuki_ros_interfaces:/home/bot/ros2_ws/install/turtlesim:/home/bot/ros2_ws/install/tbot_start:/home/bot/ros2_ws/install/tbot_sim:/home/bot/ros2_ws/install/tuto_sim:/home/bot/ros2_ws/install/tbot_pytools:/opt/ros/foxy LD_LIBRARY_PATH=/home/bot/ros2_ws/install/kobuki_ros_interfaces/lib:${LD_LIBRARY_PATH} PYTHONPATH=/home/bot/ros2_ws/install/kobuki_ros_interfaces/lib/python3.8/site-packages:${PYTHONPATH} /usr/bin/cmake /home/bot/ros2_ws/kobuki_ros/kobuki_keyop -DCMAKE_INSTALL_PREFIX=/home/bot/ros2_ws/install/kobuki_keyop
[0.079s] -- The C compiler identification is GNU 9.4.0
[0.116s] -- The CXX compiler identification is GNU 9.4.0
[0.119s] -- Check for working C compiler: /usr/bin/cc
[0.162s] -- Check for working C compiler: /usr/bin/cc -- works
[0.163s] -- Detecting C compiler ABI info
[0.204s] -- Detecting C compiler ABI info - done
[0.211s] -- Detecting C compile features
[0.211s] -- Detecting C compile features - done
[0.213s] -- Check for working CXX compiler: /usr/bin/c++
[0.267s] -- Check for working CXX compiler: /usr/bin/c++ -- works
[0.268s] -- Detecting CXX compiler ABI info
[0.326s] -- Detecting CXX compiler ABI info - done
[0.342s] -- Detecting CXX compile features
[0.342s] -- Detecting CXX compile features - done
[0.345s] -- Found ament_cmake_ros: 0.9.2 (/opt/ros/foxy/share/ament_cmake_ros/cmake)
[0.377s] -- Found PythonInterp: /usr/bin/python3 (found suitable version "3.8.10", minimum required is "3") 
[0.377s] -- Using PYTHON_EXECUTABLE: /usr/bin/python3
[0.527s] -- Found ecl_build: 1.0.2 (/opt/ros/foxy/share/ecl_build/cmake)
[0.532s] -- Found geometry_msgs: 2.0.5 (/opt/ros/foxy/share/geometry_msgs/cmake)
[0.552s] -- Using all available rosidl_typesupport_c: rosidl_typesupport_fastrtps_c;rosidl_typesupport_introspection_c
[0.557s] -- Found rosidl_adapter: 1.3.0 (/opt/ros/foxy/share/rosidl_adapter/cmake)
[0.607s] -- Found OpenSSL: /usr/lib/x86_64-linux-gnu/libcrypto.so (found version "1.1.1f")  
[0.643s] -- Found FastRTPS: /opt/ros/foxy/include  
[0.691s] -- Using all available rosidl_typesupport_cpp: rosidl_typesupport_fastrtps_cpp;rosidl_typesupport_introspection_cpp
[0.741s] -- Found kobuki_ros_interfaces: 1.0.0 (/home/bot/ros2_ws/install/kobuki_ros_interfaces/share/kobuki_ros_interfaces/cmake)
[0.831s] -- Found rclcpp: 2.4.2 (/opt/ros/foxy/share/rclcpp/cmake)
[0.860s] -- Found rmw_implementation_cmake: 1.0.3 (/opt/ros/foxy/share/rmw_implementation_cmake/cmake)
[0.861s] -- Using RMW implementation 'rmw_fastrtps_cpp' as default
[0.861s] -- Looking for pthread.h
[0.904s] -- Looking for pthread.h - found
[0.904s] -- Performing Test CMAKE_HAVE_LIBC_PTHREAD
[0.952s] -- Performing Test CMAKE_HAVE_LIBC_PTHREAD - Failed
[0.952s] -- Looking for pthread_create in pthreads
[0.989s] -- Looking for pthread_create in pthreads - not found
[0.989s] -- Looking for pthread_create in pthread
[1.041s] -- Looking for pthread_create in pthread - found
[1.042s] -- Found Threads: TRUE  
[1.149s] -- Found rclcpp_components: 2.4.2 (/opt/ros/foxy/share/rclcpp_components/cmake)
[1.227s] -- Configuring done
[1.233s] -- Generating done
[1.234s] -- Build files have been written to: /home/bot/ros2_ws/build/kobuki_keyop
[1.241s] Invoked command in '/home/bot/ros2_ws/build/kobuki_keyop' returned '0': AMENT_PREFIX_PATH=/home/bot/ros2_ws/install/kobuki_ros_interfaces:${AMENT_PREFIX_PATH} CMAKE_PREFIX_PATH=/home/bot/ros2_ws/install/kobuki_ros_interfaces:/home/bot/ros2_ws/install/turtlesim:/home/bot/ros2_ws/install/tbot_start:/home/bot/ros2_ws/install/tbot_sim:/home/bot/ros2_ws/install/tuto_sim:/home/bot/ros2_ws/install/tbot_pytools:/opt/ros/foxy LD_LIBRARY_PATH=/home/bot/ros2_ws/install/kobuki_ros_interfaces/lib:${LD_LIBRARY_PATH} PYTHONPATH=/home/bot/ros2_ws/install/kobuki_ros_interfaces/lib/python3.8/site-packages:${PYTHONPATH} /usr/bin/cmake /home/bot/ros2_ws/kobuki_ros/kobuki_keyop -DCMAKE_INSTALL_PREFIX=/home/bot/ros2_ws/install/kobuki_keyop
[1.243s] Invoking command in '/home/bot/ros2_ws/build/kobuki_keyop': AMENT_PREFIX_PATH=/home/bot/ros2_ws/install/kobuki_ros_interfaces:${AMENT_PREFIX_PATH} CMAKE_PREFIX_PATH=/home/bot/ros2_ws/install/kobuki_ros_interfaces:/home/bot/ros2_ws/install/turtlesim:/home/bot/ros2_ws/install/tbot_start:/home/bot/ros2_ws/install/tbot_sim:/home/bot/ros2_ws/install/tuto_sim:/home/bot/ros2_ws/install/tbot_pytools:/opt/ros/foxy LD_LIBRARY_PATH=/home/bot/ros2_ws/install/kobuki_ros_interfaces/lib:${LD_LIBRARY_PATH} PYTHONPATH=/home/bot/ros2_ws/install/kobuki_ros_interfaces/lib/python3.8/site-packages:${PYTHONPATH} /usr/bin/cmake --build /home/bot/ros2_ws/build/kobuki_keyop -- -j16 -l16
[1.266s] [35m[1mScanning dependencies of target kobuki_keyop[0m
[1.267s] [35m[1mScanning dependencies of target kobuki_keyop_node[0m
[1.293s] [ 25%] [32mBuilding CXX object CMakeFiles/kobuki_keyop_node.dir/rclcpp_components/node_main_kobuki_keyop_node.cpp.o[0m
[1.293s] [ 50%] [32mBuilding CXX object CMakeFiles/kobuki_keyop.dir/src/keyop.cpp.o[0m
[3.380s] [ 75%] [32m[1mLinking CXX executable kobuki_keyop_node[0m
[3.470s] [ 75%] Built target kobuki_keyop_node
[6.186s] [100%] [32m[1mLinking CXX shared library libkobuki_keyop.so[0m
[6.374s] [100%] Built target kobuki_keyop
[6.383s] Invoked command in '/home/bot/ros2_ws/build/kobuki_keyop' returned '0': AMENT_PREFIX_PATH=/home/bot/ros2_ws/install/kobuki_ros_interfaces:${AMENT_PREFIX_PATH} CMAKE_PREFIX_PATH=/home/bot/ros2_ws/install/kobuki_ros_interfaces:/home/bot/ros2_ws/install/turtlesim:/home/bot/ros2_ws/install/tbot_start:/home/bot/ros2_ws/install/tbot_sim:/home/bot/ros2_ws/install/tuto_sim:/home/bot/ros2_ws/install/tbot_pytools:/opt/ros/foxy LD_LIBRARY_PATH=/home/bot/ros2_ws/install/kobuki_ros_interfaces/lib:${LD_LIBRARY_PATH} PYTHONPATH=/home/bot/ros2_ws/install/kobuki_ros_interfaces/lib/python3.8/site-packages:${PYTHONPATH} /usr/bin/cmake --build /home/bot/ros2_ws/build/kobuki_keyop -- -j16 -l16
[6.401s] Invoking command in '/home/bot/ros2_ws/build/kobuki_keyop': AMENT_PREFIX_PATH=/home/bot/ros2_ws/install/kobuki_ros_interfaces:${AMENT_PREFIX_PATH} CMAKE_PREFIX_PATH=/home/bot/ros2_ws/install/kobuki_ros_interfaces:/home/bot/ros2_ws/install/turtlesim:/home/bot/ros2_ws/install/tbot_start:/home/bot/ros2_ws/install/tbot_sim:/home/bot/ros2_ws/install/tuto_sim:/home/bot/ros2_ws/install/tbot_pytools:/opt/ros/foxy LD_LIBRARY_PATH=/home/bot/ros2_ws/install/kobuki_ros_interfaces/lib:${LD_LIBRARY_PATH} PYTHONPATH=/home/bot/ros2_ws/install/kobuki_ros_interfaces/lib/python3.8/site-packages:${PYTHONPATH} /usr/bin/cmake --install /home/bot/ros2_ws/build/kobuki_keyop
[6.406s] -- Install configuration: ""
[6.406s] -- Installing: /home/bot/ros2_ws/install/kobuki_keyop/lib/kobuki_keyop/kobuki_keyop_node
[6.406s] -- Set runtime path of "/home/bot/ros2_ws/install/kobuki_keyop/lib/kobuki_keyop/kobuki_keyop_node" to ""
[6.406s] -- Installing: /home/bot/ros2_ws/install/kobuki_keyop/lib/libkobuki_keyop.so
[6.408s] -- Set runtime path of "/home/bot/ros2_ws/install/kobuki_keyop/lib/libkobuki_keyop.so" to ""
[6.408s] -- Installing: /home/bot/ros2_ws/install/kobuki_keyop/include/kobuki_keyop
[6.408s] -- Installing: /home/bot/ros2_ws/install/kobuki_keyop/include/kobuki_keyop/keyop.hpp
[6.409s] -- Installing: /home/bot/ros2_ws/install/kobuki_keyop/share/kobuki_keyop/config
[6.409s] -- Installing: /home/bot/ros2_ws/install/kobuki_keyop/share/kobuki_keyop/config/keyop_params.yaml
[6.409s] -- Installing: /home/bot/ros2_ws/install/kobuki_keyop/share/ament_index/resource_index/package_run_dependencies/kobuki_keyop
[6.409s] -- Installing: /home/bot/ros2_ws/install/kobuki_keyop/share/ament_index/resource_index/parent_prefix_path/kobuki_keyop
[6.409s] -- Installing: /home/bot/ros2_ws/install/kobuki_keyop/share/kobuki_keyop/environment/ament_prefix_path.sh
[6.409s] -- Installing: /home/bot/ros2_ws/install/kobuki_keyop/share/kobuki_keyop/environment/ament_prefix_path.dsv
[6.409s] -- Installing: /home/bot/ros2_ws/install/kobuki_keyop/share/kobuki_keyop/environment/path.sh
[6.409s] -- Installing: /home/bot/ros2_ws/install/kobuki_keyop/share/kobuki_keyop/environment/path.dsv
[6.409s] -- Installing: /home/bot/ros2_ws/install/kobuki_keyop/share/kobuki_keyop/local_setup.bash
[6.409s] -- Installing: /home/bot/ros2_ws/install/kobuki_keyop/share/kobuki_keyop/local_setup.sh
[6.409s] -- Installing: /home/bot/ros2_ws/install/kobuki_keyop/share/kobuki_keyop/local_setup.zsh
[6.409s] -- Installing: /home/bot/ros2_ws/install/kobuki_keyop/share/kobuki_keyop/local_setup.dsv
[6.410s] -- Installing: /home/bot/ros2_ws/install/kobuki_keyop/share/kobuki_keyop/package.dsv
[6.410s] -- Installing: /home/bot/ros2_ws/install/kobuki_keyop/share/ament_index/resource_index/packages/kobuki_keyop
[6.410s] -- Installing: /home/bot/ros2_ws/install/kobuki_keyop/share/ament_index/resource_index/rclcpp_components/kobuki_keyop
[6.410s] -- Installing: /home/bot/ros2_ws/install/kobuki_keyop/share/kobuki_keyop/cmake/kobuki_keyopConfig.cmake
[6.410s] -- Installing: /home/bot/ros2_ws/install/kobuki_keyop/share/kobuki_keyop/cmake/kobuki_keyopConfig-version.cmake
[6.410s] -- Installing: /home/bot/ros2_ws/install/kobuki_keyop/share/kobuki_keyop/package.xml
[6.412s] Invoked command in '/home/bot/ros2_ws/build/kobuki_keyop' returned '0': AMENT_PREFIX_PATH=/home/bot/ros2_ws/install/kobuki_ros_interfaces:${AMENT_PREFIX_PATH} CMAKE_PREFIX_PATH=/home/bot/ros2_ws/install/kobuki_ros_interfaces:/home/bot/ros2_ws/install/turtlesim:/home/bot/ros2_ws/install/tbot_start:/home/bot/ros2_ws/install/tbot_sim:/home/bot/ros2_ws/install/tuto_sim:/home/bot/ros2_ws/install/tbot_pytools:/opt/ros/foxy LD_LIBRARY_PATH=/home/bot/ros2_ws/install/kobuki_ros_interfaces/lib:${LD_LIBRARY_PATH} PYTHONPATH=/home/bot/ros2_ws/install/kobuki_ros_interfaces/lib/python3.8/site-packages:${PYTHONPATH} /usr/bin/cmake --install /home/bot/ros2_ws/build/kobuki_keyop
