[0.043s] Invoking command in '/home/bot/ros2_ws/build/kobuki_core': CMAKE_PREFIX_PATH=${CMAKE_PREFIX_PATH}:/home/bot/ros2_ws/install/tuto_sim:/home/bot/ros2_ws/install/tbot_pytools:/opt/ros/foxy /usr/bin/cmake --build /home/bot/ros2_ws/build/kobuki_core -- -j16 -l16
[0.217s] [ 41%] Built target kobuki_core
[0.217s] [ 47%] Built target kobuki_core_demo_velocity_commands
[0.217s] [ 52%] Built target kobuki_core_tool_simple_keyop
[0.217s] [ 58%] Built target kobuki_core_demo_buttons
[0.217s] [ 64%] Built target kobuki_core_demo_data_stream
[0.217s] [ 76%] Built target kobuki_core_demo_custom_logging
[0.217s] [ 76%] Built target kobuki_core_tool_version_info
[0.217s] [ 82%] Built target kobuki_core_demo_log_levels
[0.217s] [ 88%] Built target kobuki_core_demo_raw_data_stream
[0.217s] [ 94%] Built target kobuki_core_demo_simple_loop
[0.218s] [100%] Built target kobuki_core_demo_chirp
[0.350s] Invoked command in '/home/bot/ros2_ws/build/kobuki_core' returned '0': CMAKE_PREFIX_PATH=${CMAKE_PREFIX_PATH}:/home/bot/ros2_ws/install/tuto_sim:/home/bot/ros2_ws/install/tbot_pytools:/opt/ros/foxy /usr/bin/cmake --build /home/bot/ros2_ws/build/kobuki_core -- -j16 -l16
[0.378s] Invoking command in '/home/bot/ros2_ws/build/kobuki_core': CMAKE_PREFIX_PATH=${CMAKE_PREFIX_PATH}:/home/bot/ros2_ws/install/tuto_sim:/home/bot/ros2_ws/install/tbot_pytools:/opt/ros/foxy /usr/bin/cmake --install /home/bot/ros2_ws/build/kobuki_core
[0.416s] -- Install configuration: ""
[0.425s] -- Up-to-date: /home/bot/ros2_ws/install/kobuki_core/include
[0.425s] -- Up-to-date: /home/bot/ros2_ws/install/kobuki_core/include/kobuki_core
[0.425s] -- Up-to-date: /home/bot/ros2_ws/install/kobuki_core/include/kobuki_core/event_manager.hpp
[0.427s] -- Up-to-date: /home/bot/ros2_ws/install/kobuki_core/include/kobuki_core/macros.hpp
[0.427s] -- Up-to-date: /home/bot/ros2_ws/install/kobuki_core/include/kobuki_core/modules
[0.427s] -- Up-to-date: /home/bot/ros2_ws/install/kobuki_core/include/kobuki_core/modules/led_array.hpp
[0.427s] -- Up-to-date: /home/bot/ros2_ws/install/kobuki_core/include/kobuki_core/modules/diff_drive.hpp
[0.427s] -- Up-to-date: /home/bot/ros2_ws/install/kobuki_core/include/kobuki_core/modules/sound.hpp
[0.428s] -- Up-to-date: /home/bot/ros2_ws/install/kobuki_core/include/kobuki_core/modules/acceleration_limiter.hpp
[0.428s] -- Up-to-date: /home/bot/ros2_ws/install/kobuki_core/include/kobuki_core/modules/digital_output.hpp
[0.428s] -- Up-to-date: /home/bot/ros2_ws/install/kobuki_core/include/kobuki_core/modules/battery.hpp
[0.428s] -- Up-to-date: /home/bot/ros2_ws/install/kobuki_core/include/kobuki_core/packets.hpp
[0.428s] -- Up-to-date: /home/bot/ros2_ws/install/kobuki_core/include/kobuki_core/modules.hpp
[0.428s] -- Up-to-date: /home/bot/ros2_ws/install/kobuki_core/include/kobuki_core/logging.hpp
[0.428s] -- Up-to-date: /home/bot/ros2_ws/install/kobuki_core/include/kobuki_core/version_info.hpp
[0.428s] -- Up-to-date: /home/bot/ros2_ws/install/kobuki_core/include/kobuki_core/command.hpp
[0.428s] -- Up-to-date: /home/bot/ros2_ws/install/kobuki_core/include/kobuki_core/packet_handler
[0.428s] -- Up-to-date: /home/bot/ros2_ws/install/kobuki_core/include/kobuki_core/packet_handler/payload_headers.hpp
[0.428s] -- Up-to-date: /home/bot/ros2_ws/install/kobuki_core/include/kobuki_core/packet_handler/packet_finder.hpp
[0.429s] -- Up-to-date: /home/bot/ros2_ws/install/kobuki_core/include/kobuki_core/packet_handler/payload_base.hpp
[0.430s] -- Up-to-date: /home/bot/ros2_ws/install/kobuki_core/include/kobuki_core/packets
[0.430s] -- Up-to-date: /home/bot/ros2_ws/install/kobuki_core/include/kobuki_core/packets/eeprom.hpp
[0.430s] -- Up-to-date: /home/bot/ros2_ws/install/kobuki_core/include/kobuki_core/packets/inertia.hpp
[0.430s] -- Up-to-date: /home/bot/ros2_ws/install/kobuki_core/include/kobuki_core/packets/dock_ir.hpp
[0.430s] -- Up-to-date: /home/bot/ros2_ws/install/kobuki_core/include/kobuki_core/packets/core_sensors.hpp
[0.430s] -- Up-to-date: /home/bot/ros2_ws/install/kobuki_core/include/kobuki_core/packets/controller_info.hpp
[0.430s] -- Up-to-date: /home/bot/ros2_ws/install/kobuki_core/include/kobuki_core/packets/cliff.hpp
[0.431s] -- Up-to-date: /home/bot/ros2_ws/install/kobuki_core/include/kobuki_core/packets/current.hpp
[0.431s] -- Up-to-date: /home/bot/ros2_ws/install/kobuki_core/include/kobuki_core/packets/firmware.hpp
[0.432s] -- Up-to-date: /home/bot/ros2_ws/install/kobuki_core/include/kobuki_core/packets/gp_input.hpp
[0.432s] -- Up-to-date: /home/bot/ros2_ws/install/kobuki_core/include/kobuki_core/packets/hardware.hpp
[0.432s] -- Up-to-date: /home/bot/ros2_ws/install/kobuki_core/include/kobuki_core/packets/unique_device_id.hpp
[0.432s] -- Up-to-date: /home/bot/ros2_ws/install/kobuki_core/include/kobuki_core/packets/three_axis_gyro.hpp
[0.432s] -- Up-to-date: /home/bot/ros2_ws/install/kobuki_core/include/kobuki_core/dock_drive.hpp
[0.433s] -- Up-to-date: /home/bot/ros2_ws/install/kobuki_core/include/kobuki_core/parameters.hpp
[0.433s] -- Up-to-date: /home/bot/ros2_ws/install/kobuki_core/include/kobuki_core/kobuki.hpp
[0.433s] -- Up-to-date: /home/bot/ros2_ws/install/kobuki_core/include/CMakeLists.txt
[0.434s] -- Up-to-date: /home/bot/ros2_ws/install/kobuki_core/share/kobuki_core/environment/library_path.sh
[0.434s] -- Up-to-date: /home/bot/ros2_ws/install/kobuki_core/share/kobuki_core/environment/library_path.dsv
[0.434s] -- Up-to-date: /home/bot/ros2_ws/install/kobuki_core/share/ament_index/resource_index/package_run_dependencies/kobuki_core
[0.434s] -- Up-to-date: /home/bot/ros2_ws/install/kobuki_core/share/ament_index/resource_index/parent_prefix_path/kobuki_core
[0.434s] -- Up-to-date: /home/bot/ros2_ws/install/kobuki_core/share/kobuki_core/environment/ament_prefix_path.sh
[0.434s] -- Up-to-date: /home/bot/ros2_ws/install/kobuki_core/share/kobuki_core/environment/ament_prefix_path.dsv
[0.440s] -- Up-to-date: /home/bot/ros2_ws/install/kobuki_core/share/kobuki_core/environment/path.sh
[0.440s] -- Up-to-date: /home/bot/ros2_ws/install/kobuki_core/share/kobuki_core/environment/path.dsv
[0.441s] -- Up-to-date: /home/bot/ros2_ws/install/kobuki_core/share/kobuki_core/local_setup.bash
[0.441s] -- Up-to-date: /home/bot/ros2_ws/install/kobuki_core/share/kobuki_core/local_setup.sh
[0.441s] -- Up-to-date: /home/bot/ros2_ws/install/kobuki_core/share/kobuki_core/local_setup.zsh
[0.441s] -- Up-to-date: /home/bot/ros2_ws/install/kobuki_core/share/kobuki_core/local_setup.dsv
[0.441s] -- Installing: /home/bot/ros2_ws/install/kobuki_core/share/kobuki_core/package.dsv
[0.442s] -- Up-to-date: /home/bot/ros2_ws/install/kobuki_core/share/ament_index/resource_index/packages/kobuki_core
[0.442s] -- Up-to-date: /home/bot/ros2_ws/install/kobuki_core/share/kobuki_core/cmake/kobuki_coreExport.cmake
[0.442s] -- Up-to-date: /home/bot/ros2_ws/install/kobuki_core/share/kobuki_core/cmake/kobuki_coreExport-noconfig.cmake
[0.443s] -- Up-to-date: /home/bot/ros2_ws/install/kobuki_core/share/kobuki_core/cmake/ament_cmake_export_targets-extras.cmake
[0.445s] -- Up-to-date: /home/bot/ros2_ws/install/kobuki_core/share/kobuki_core/cmake/ament_cmake_export_dependencies-extras.cmake
[0.445s] -- Up-to-date: /home/bot/ros2_ws/install/kobuki_core/share/kobuki_core/cmake/ament_cmake_export_include_directories-extras.cmake
[0.445s] -- Up-to-date: /home/bot/ros2_ws/install/kobuki_core/share/kobuki_core/cmake/ament_cmake_export_libraries-extras.cmake
[0.446s] -- Up-to-date: /home/bot/ros2_ws/install/kobuki_core/share/kobuki_core/cmake/kobuki_coreConfig.cmake
[0.446s] -- Up-to-date: /home/bot/ros2_ws/install/kobuki_core/share/kobuki_core/cmake/kobuki_coreConfig-version.cmake
[0.446s] -- Up-to-date: /home/bot/ros2_ws/install/kobuki_core/share/kobuki_core/package.xml
[0.446s] -- Up-to-date: /home/bot/ros2_ws/install/kobuki_core/include/kobuki_core
[0.446s] -- Up-to-date: /home/bot/ros2_ws/install/kobuki_core/include/kobuki_core/event_manager.hpp
[0.446s] -- Up-to-date: /home/bot/ros2_ws/install/kobuki_core/include/kobuki_core/macros.hpp
[0.446s] -- Up-to-date: /home/bot/ros2_ws/install/kobuki_core/include/kobuki_core/modules
[0.446s] -- Up-to-date: /home/bot/ros2_ws/install/kobuki_core/include/kobuki_core/modules/led_array.hpp
[0.446s] -- Up-to-date: /home/bot/ros2_ws/install/kobuki_core/include/kobuki_core/modules/diff_drive.hpp
[0.446s] -- Up-to-date: /home/bot/ros2_ws/install/kobuki_core/include/kobuki_core/modules/sound.hpp
[0.447s] -- Up-to-date: /home/bot/ros2_ws/install/kobuki_core/include/kobuki_core/modules/acceleration_limiter.hpp
[0.448s] -- Up-to-date: /home/bot/ros2_ws/install/kobuki_core/include/kobuki_core/modules/digital_output.hpp
[0.448s] -- Up-to-date: /home/bot/ros2_ws/install/kobuki_core/include/kobuki_core/modules/battery.hpp
[0.448s] -- Up-to-date: /home/bot/ros2_ws/install/kobuki_core/include/kobuki_core/packets.hpp
[0.448s] -- Up-to-date: /home/bot/ros2_ws/install/kobuki_core/include/kobuki_core/modules.hpp
[0.448s] -- Up-to-date: /home/bot/ros2_ws/install/kobuki_core/include/kobuki_core/logging.hpp
[0.448s] -- Up-to-date: /home/bot/ros2_ws/install/kobuki_core/include/kobuki_core/version_info.hpp
[0.448s] -- Up-to-date: /home/bot/ros2_ws/install/kobuki_core/include/kobuki_core/command.hpp
[0.449s] -- Up-to-date: /home/bot/ros2_ws/install/kobuki_core/include/kobuki_core/packet_handler
[0.449s] -- Up-to-date: /home/bot/ros2_ws/install/kobuki_core/include/kobuki_core/packet_handler/payload_headers.hpp
[0.450s] -- Up-to-date: /home/bot/ros2_ws/install/kobuki_core/include/kobuki_core/packet_handler/packet_finder.hpp
[0.450s] -- Up-to-date: /home/bot/ros2_ws/install/kobuki_core/include/kobuki_core/packet_handler/payload_base.hpp
[0.450s] -- Up-to-date: /home/bot/ros2_ws/install/kobuki_core/include/kobuki_core/packets
[0.450s] -- Up-to-date: /home/bot/ros2_ws/install/kobuki_core/include/kobuki_core/packets/eeprom.hpp
[0.451s] -- Up-to-date: /home/bot/ros2_ws/install/kobuki_core/include/kobuki_core/packets/inertia.hpp
[0.451s] -- Up-to-date: /home/bot/ros2_ws/install/kobuki_core/include/kobuki_core/packets/dock_ir.hpp
[0.451s] -- Up-to-date: /home/bot/ros2_ws/install/kobuki_core/include/kobuki_core/packets/core_sensors.hpp
[0.451s] -- Up-to-date: /home/bot/ros2_ws/install/kobuki_core/include/kobuki_core/packets/controller_info.hpp
[0.451s] -- Up-to-date: /home/bot/ros2_ws/install/kobuki_core/include/kobuki_core/packets/cliff.hpp
[0.451s] -- Up-to-date: /home/bot/ros2_ws/install/kobuki_core/include/kobuki_core/packets/current.hpp
[0.451s] -- Up-to-date: /home/bot/ros2_ws/install/kobuki_core/include/kobuki_core/packets/firmware.hpp
[0.452s] -- Up-to-date: /home/bot/ros2_ws/install/kobuki_core/include/kobuki_core/packets/gp_input.hpp
[0.452s] -- Up-to-date: /home/bot/ros2_ws/install/kobuki_core/include/kobuki_core/packets/hardware.hpp
[0.452s] -- Up-to-date: /home/bot/ros2_ws/install/kobuki_core/include/kobuki_core/packets/unique_device_id.hpp
[0.452s] -- Up-to-date: /home/bot/ros2_ws/install/kobuki_core/include/kobuki_core/packets/three_axis_gyro.hpp
[0.454s] -- Up-to-date: /home/bot/ros2_ws/install/kobuki_core/include/kobuki_core/dock_drive.hpp
[0.454s] -- Up-to-date: /home/bot/ros2_ws/install/kobuki_core/include/kobuki_core/parameters.hpp
[0.454s] -- Up-to-date: /home/bot/ros2_ws/install/kobuki_core/include/kobuki_core/kobuki.hpp
[0.455s] -- Up-to-date: /home/bot/ros2_ws/install/kobuki_core/lib/libkobuki_core.so.1.4.0
[0.455s] -- Up-to-date: /home/bot/ros2_ws/install/kobuki_core/lib/libkobuki_core.so
[0.455s] -- Up-to-date: /home/bot/ros2_ws/install/kobuki_core/lib/kobuki_core/demo_buttons
[0.455s] -- Up-to-date: /home/bot/ros2_ws/install/kobuki_core/lib/kobuki_core/demo_chirp
[0.455s] -- Up-to-date: /home/bot/ros2_ws/install/kobuki_core/lib/kobuki_core/demo_custom_logging
[0.455s] -- Up-to-date: /home/bot/ros2_ws/install/kobuki_core/lib/kobuki_core/demo_data_stream
[0.455s] -- Up-to-date: /home/bot/ros2_ws/install/kobuki_core/lib/kobuki_core/demo_log_levels
[0.456s] -- Up-to-date: /home/bot/ros2_ws/install/kobuki_core/lib/kobuki_core/demo_raw_data_stream
[0.456s] -- Up-to-date: /home/bot/ros2_ws/install/kobuki_core/lib/kobuki_core/demo_simple_loop
[0.456s] -- Up-to-date: /home/bot/ros2_ws/install/kobuki_core/lib/kobuki_core/demo_velocity_commands
[0.456s] -- Up-to-date: /home/bot/ros2_ws/install/kobuki_core/bin/kobuki-version-info
[0.456s] -- Up-to-date: /home/bot/ros2_ws/install/kobuki_core/bin/kobuki-simple-keyop
[0.456s] Invoked command in '/home/bot/ros2_ws/build/kobuki_core' returned '0': CMAKE_PREFIX_PATH=${CMAKE_PREFIX_PATH}:/home/bot/ros2_ws/install/tuto_sim:/home/bot/ros2_ws/install/tbot_pytools:/opt/ros/foxy /usr/bin/cmake --install /home/bot/ros2_ws/build/kobuki_core
