[0.168s] Invoking command in '/home/bot/ros2_ws/build/tbot_start': CMAKE_PREFIX_PATH=/opt/ros/foxy /usr/bin/cmake /home/bot/ros2_ws/pkg-tbot/tbot_start -DCMAKE_INSTALL_PREFIX=/home/bot/ros2_ws/install/tbot_start
[0.194s] -- Found ament_cmake: 0.9.11 (/opt/ros/foxy/share/ament_cmake/cmake)
[0.209s] -- Found PythonInterp: /usr/bin/python3 (found suitable version "3.8.10", minimum required is "3") 
[0.209s] -- Using PYTHON_EXECUTABLE: /usr/bin/python3
[0.322s] -- Found ament_lint_auto: 0.9.7 (/opt/ros/foxy/share/ament_lint_auto/cmake)
[0.367s] -- Added test 'copyright' to check source files copyright and LICENSE
[0.368s] -- Added test 'flake8' to check Python code syntax and style conventions
[0.368s] -- Added test 'lint_cmake' to check CMake code style
[0.369s] -- Added test 'pep257' to check Python code against some of the style conventions in PEP 257
[0.369s] -- Added test 'xmllint' to check XML markup files
[0.370s] -- Configuring done
[0.371s] -- Generating done
[0.372s] -- Build files have been written to: /home/bot/ros2_ws/build/tbot_start
[0.375s] Invoked command in '/home/bot/ros2_ws/build/tbot_start' returned '0': CMAKE_PREFIX_PATH=/opt/ros/foxy /usr/bin/cmake /home/bot/ros2_ws/pkg-tbot/tbot_start -DCMAKE_INSTALL_PREFIX=/home/bot/ros2_ws/install/tbot_start
[0.376s] Invoking command in '/home/bot/ros2_ws/build/tbot_start': CMAKE_PREFIX_PATH=/opt/ros/foxy /usr/bin/cmake --build /home/bot/ros2_ws/build/tbot_start -- -j16 -l16
[0.396s] Invoked command in '/home/bot/ros2_ws/build/tbot_start' returned '0': CMAKE_PREFIX_PATH=/opt/ros/foxy /usr/bin/cmake --build /home/bot/ros2_ws/build/tbot_start -- -j16 -l16
[0.417s] Invoking command in '/home/bot/ros2_ws/build/tbot_start': CMAKE_PREFIX_PATH=/opt/ros/foxy /usr/bin/cmake --install /home/bot/ros2_ws/build/tbot_start
[0.423s] -- Install configuration: ""
[0.423s] -- Installing: /home/bot/ros2_ws/install/tbot_start/lib/tbot_start/start_base
[0.423s] -- Installing: /home/bot/ros2_ws/install/tbot_start/share/tbot_start//launch
[0.423s] -- Installing: /home/bot/ros2_ws/install/tbot_start/share/tbot_start//launch/move_launch.py
[0.423s] -- Installing: /home/bot/ros2_ws/install/tbot_start/share/ament_index/resource_index/package_run_dependencies/tbot_start
[0.423s] -- Installing: /home/bot/ros2_ws/install/tbot_start/share/ament_index/resource_index/parent_prefix_path/tbot_start
[0.423s] -- Installing: /home/bot/ros2_ws/install/tbot_start/share/tbot_start/environment/ament_prefix_path.sh
[0.423s] -- Installing: /home/bot/ros2_ws/install/tbot_start/share/tbot_start/environment/ament_prefix_path.dsv
[0.423s] -- Installing: /home/bot/ros2_ws/install/tbot_start/share/tbot_start/environment/path.sh
[0.423s] -- Installing: /home/bot/ros2_ws/install/tbot_start/share/tbot_start/environment/path.dsv
[0.424s] -- Installing: /home/bot/ros2_ws/install/tbot_start/share/tbot_start/local_setup.bash
[0.424s] -- Installing: /home/bot/ros2_ws/install/tbot_start/share/tbot_start/local_setup.sh
[0.424s] -- Installing: /home/bot/ros2_ws/install/tbot_start/share/tbot_start/local_setup.zsh
[0.424s] -- Installing: /home/bot/ros2_ws/install/tbot_start/share/tbot_start/local_setup.dsv
[0.424s] -- Installing: /home/bot/ros2_ws/install/tbot_start/share/tbot_start/package.dsv
[0.424s] -- Installing: /home/bot/ros2_ws/install/tbot_start/share/ament_index/resource_index/packages/tbot_start
[0.424s] -- Installing: /home/bot/ros2_ws/install/tbot_start/share/tbot_start/cmake/tbot_startConfig.cmake
[0.424s] -- Installing: /home/bot/ros2_ws/install/tbot_start/share/tbot_start/cmake/tbot_startConfig-version.cmake
[0.424s] -- Installing: /home/bot/ros2_ws/install/tbot_start/share/tbot_start/package.xml
[0.426s] Invoked command in '/home/bot/ros2_ws/build/tbot_start' returned '0': CMAKE_PREFIX_PATH=/opt/ros/foxy /usr/bin/cmake --install /home/bot/ros2_ws/build/tbot_start
