[0.032s] Invoking command in '/home/bot/ros2_ws/build/kobuki_node': CMAKE_PREFIX_PATH=/home/bot/ros2_ws/install/kobuki_ros_interfaces:/home/bot/ros2_ws/install/kobuki_core:/home/bot/ros2_ws/install/turtlesim:/home/bot/ros2_ws/install/tbot_start:/home/bot/ros2_ws/install/tbot_sim:/home/bot/ros2_ws/install/kobuki_ros:/home/bot/ros2_ws/install/kobuki_safety_controller:/home/bot/ros2_ws/install/kobuki_random_walker:/home/bot/ros2_ws/install/kobuki_node:/home/bot/ros2_ws/install/kobuki_keyop:/home/bot/ros2_ws/install/kobuki_bumper2pc:/home/bot/ros2_ws/install/kobuki_auto_docking:/home/bot/ros2_ws/install/kobuki_description:/home/bot/ros2_ws/install/tuto_sim:/home/bot/ros2_ws/install/tbot_pytools:/opt/ros/foxy LD_LIBRARY_PATH=/home/bot/ros2_ws/install/kobuki_ros_interfaces/lib:/home/bot/ros2_ws/install/kobuki_core/lib:/home/bot/ros2_ws/install/turtlesim/lib:/home/bot/ros2_ws/install/kobuki_safety_controller/lib:/home/bot/ros2_ws/install/kobuki_random_walker/lib:/home/bot/ros2_ws/install/kobuki_node/lib:/home/bot/ros2_ws/install/kobuki_keyop/lib:/home/bot/ros2_ws/install/kobuki_bumper2pc/lib:/home/bot/ros2_ws/install/kobuki_auto_docking/lib:/usr/lib/x86_64-linux-gnu/gazebo-11/plugins:/opt/ros/foxy/opt/yaml_cpp_vendor/lib:/opt/ros/foxy/opt/rviz_ogre_vendor/lib:/opt/ros/foxy/lib/x86_64-linux-gnu:/opt/ros/foxy/lib PYTHONPATH=/home/bot/ros2_ws/install/kobuki_ros_interfaces/lib/python3.8/site-packages:/home/bot/ros2_ws/install/tuto_sim/lib/python3.8/site-packages:/home/bot/ros2_ws/install/turtlesim/lib/python3.8/site-packages:/home/bot/ros2_ws/install/tbot_pytools/lib/python3.8/site-packages:/opt/ros/foxy/lib/python3.8/site-packages /usr/bin/cmake --build /home/bot/ros2_ws/build/kobuki_node -- -j16 -l16
[0.078s] [ 33%] Built target kobuki_ros_node
[0.093s] [100%] Built target kobuki_ros
[0.104s] Invoked command in '/home/bot/ros2_ws/build/kobuki_node' returned '0': CMAKE_PREFIX_PATH=/home/bot/ros2_ws/install/kobuki_ros_interfaces:/home/bot/ros2_ws/install/kobuki_core:/home/bot/ros2_ws/install/turtlesim:/home/bot/ros2_ws/install/tbot_start:/home/bot/ros2_ws/install/tbot_sim:/home/bot/ros2_ws/install/kobuki_ros:/home/bot/ros2_ws/install/kobuki_safety_controller:/home/bot/ros2_ws/install/kobuki_random_walker:/home/bot/ros2_ws/install/kobuki_node:/home/bot/ros2_ws/install/kobuki_keyop:/home/bot/ros2_ws/install/kobuki_bumper2pc:/home/bot/ros2_ws/install/kobuki_auto_docking:/home/bot/ros2_ws/install/kobuki_description:/home/bot/ros2_ws/install/tuto_sim:/home/bot/ros2_ws/install/tbot_pytools:/opt/ros/foxy LD_LIBRARY_PATH=/home/bot/ros2_ws/install/kobuki_ros_interfaces/lib:/home/bot/ros2_ws/install/kobuki_core/lib:/home/bot/ros2_ws/install/turtlesim/lib:/home/bot/ros2_ws/install/kobuki_safety_controller/lib:/home/bot/ros2_ws/install/kobuki_random_walker/lib:/home/bot/ros2_ws/install/kobuki_node/lib:/home/bot/ros2_ws/install/kobuki_keyop/lib:/home/bot/ros2_ws/install/kobuki_bumper2pc/lib:/home/bot/ros2_ws/install/kobuki_auto_docking/lib:/usr/lib/x86_64-linux-gnu/gazebo-11/plugins:/opt/ros/foxy/opt/yaml_cpp_vendor/lib:/opt/ros/foxy/opt/rviz_ogre_vendor/lib:/opt/ros/foxy/lib/x86_64-linux-gnu:/opt/ros/foxy/lib PYTHONPATH=/home/bot/ros2_ws/install/kobuki_ros_interfaces/lib/python3.8/site-packages:/home/bot/ros2_ws/install/tuto_sim/lib/python3.8/site-packages:/home/bot/ros2_ws/install/turtlesim/lib/python3.8/site-packages:/home/bot/ros2_ws/install/tbot_pytools/lib/python3.8/site-packages:/opt/ros/foxy/lib/python3.8/site-packages /usr/bin/cmake --build /home/bot/ros2_ws/build/kobuki_node -- -j16 -l16
[0.152s] Invoking command in '/home/bot/ros2_ws/build/kobuki_node': CMAKE_PREFIX_PATH=/home/bot/ros2_ws/install/kobuki_ros_interfaces:/home/bot/ros2_ws/install/kobuki_core:/home/bot/ros2_ws/install/turtlesim:/home/bot/ros2_ws/install/tbot_start:/home/bot/ros2_ws/install/tbot_sim:/home/bot/ros2_ws/install/kobuki_ros:/home/bot/ros2_ws/install/kobuki_safety_controller:/home/bot/ros2_ws/install/kobuki_random_walker:/home/bot/ros2_ws/install/kobuki_node:/home/bot/ros2_ws/install/kobuki_keyop:/home/bot/ros2_ws/install/kobuki_bumper2pc:/home/bot/ros2_ws/install/kobuki_auto_docking:/home/bot/ros2_ws/install/kobuki_description:/home/bot/ros2_ws/install/tuto_sim:/home/bot/ros2_ws/install/tbot_pytools:/opt/ros/foxy LD_LIBRARY_PATH=/home/bot/ros2_ws/install/kobuki_ros_interfaces/lib:/home/bot/ros2_ws/install/kobuki_core/lib:/home/bot/ros2_ws/install/turtlesim/lib:/home/bot/ros2_ws/install/kobuki_safety_controller/lib:/home/bot/ros2_ws/install/kobuki_random_walker/lib:/home/bot/ros2_ws/install/kobuki_node/lib:/home/bot/ros2_ws/install/kobuki_keyop/lib:/home/bot/ros2_ws/install/kobuki_bumper2pc/lib:/home/bot/ros2_ws/install/kobuki_auto_docking/lib:/usr/lib/x86_64-linux-gnu/gazebo-11/plugins:/opt/ros/foxy/opt/yaml_cpp_vendor/lib:/opt/ros/foxy/opt/rviz_ogre_vendor/lib:/opt/ros/foxy/lib/x86_64-linux-gnu:/opt/ros/foxy/lib PYTHONPATH=/home/bot/ros2_ws/install/kobuki_ros_interfaces/lib/python3.8/site-packages:/home/bot/ros2_ws/install/tuto_sim/lib/python3.8/site-packages:/home/bot/ros2_ws/install/turtlesim/lib/python3.8/site-packages:/home/bot/ros2_ws/install/tbot_pytools/lib/python3.8/site-packages:/opt/ros/foxy/lib/python3.8/site-packages /usr/bin/cmake --install /home/bot/ros2_ws/build/kobuki_node
[0.161s] -- Install configuration: ""
[0.162s] -- Up-to-date: /home/bot/ros2_ws/install/kobuki_node/lib/kobuki_node/kobuki_ros_node
[0.162s] -- Up-to-date: /home/bot/ros2_ws/install/kobuki_node/lib/libkobuki_ros.so
[0.162s] -- Up-to-date: /home/bot/ros2_ws/install/kobuki_node/include/kobuki_node
[0.162s] -- Up-to-date: /home/bot/ros2_ws/install/kobuki_node/include/kobuki_node/odometry.hpp
[0.162s] -- Up-to-date: /home/bot/ros2_ws/install/kobuki_node/include/kobuki_node/diagnostics.hpp
[0.162s] -- Up-to-date: /home/bot/ros2_ws/install/kobuki_node/include/kobuki_node/kobuki_ros.hpp
[0.162s] -- Up-to-date: /home/bot/ros2_ws/install/kobuki_node/share/kobuki_node/config
[0.164s] -- Up-to-date: /home/bot/ros2_ws/install/kobuki_node/share/kobuki_node/config/kobuki_node_params.yaml
[0.164s] -- Up-to-date: /home/bot/ros2_ws/install/kobuki_node/share/kobuki_node/launch
[0.164s] -- Up-to-date: /home/bot/ros2_ws/install/kobuki_node/share/kobuki_node/launch/kobuki_node-composed-launch.py
[0.164s] -- Up-to-date: /home/bot/ros2_ws/install/kobuki_node/share/kobuki_node/launch/kobuki_node-launch.py
[0.164s] -- Up-to-date: /home/bot/ros2_ws/install/kobuki_node/share/ament_index/resource_index/package_run_dependencies/kobuki_node
[0.164s] -- Up-to-date: /home/bot/ros2_ws/install/kobuki_node/share/ament_index/resource_index/parent_prefix_path/kobuki_node
[0.164s] -- Up-to-date: /home/bot/ros2_ws/install/kobuki_node/share/kobuki_node/environment/ament_prefix_path.sh
[0.165s] -- Up-to-date: /home/bot/ros2_ws/install/kobuki_node/share/kobuki_node/environment/ament_prefix_path.dsv
[0.165s] -- Up-to-date: /home/bot/ros2_ws/install/kobuki_node/share/kobuki_node/environment/path.sh
[0.165s] -- Up-to-date: /home/bot/ros2_ws/install/kobuki_node/share/kobuki_node/environment/path.dsv
[0.165s] -- Up-to-date: /home/bot/ros2_ws/install/kobuki_node/share/kobuki_node/local_setup.bash
[0.165s] -- Up-to-date: /home/bot/ros2_ws/install/kobuki_node/share/kobuki_node/local_setup.sh
[0.165s] -- Up-to-date: /home/bot/ros2_ws/install/kobuki_node/share/kobuki_node/local_setup.zsh
[0.166s] -- Up-to-date: /home/bot/ros2_ws/install/kobuki_node/share/kobuki_node/local_setup.dsv
[0.166s] -- Installing: /home/bot/ros2_ws/install/kobuki_node/share/kobuki_node/package.dsv
[0.166s] -- Up-to-date: /home/bot/ros2_ws/install/kobuki_node/share/ament_index/resource_index/packages/kobuki_node
[0.166s] -- Up-to-date: /home/bot/ros2_ws/install/kobuki_node/share/ament_index/resource_index/rclcpp_components/kobuki_node
[0.167s] -- Up-to-date: /home/bot/ros2_ws/install/kobuki_node/share/kobuki_node/cmake/kobuki_nodeConfig.cmake
[0.167s] -- Up-to-date: /home/bot/ros2_ws/install/kobuki_node/share/kobuki_node/cmake/kobuki_nodeConfig-version.cmake
[0.167s] -- Up-to-date: /home/bot/ros2_ws/install/kobuki_node/share/kobuki_node/package.xml
[0.188s] Invoked command in '/home/bot/ros2_ws/build/kobuki_node' returned '0': CMAKE_PREFIX_PATH=/home/bot/ros2_ws/install/kobuki_ros_interfaces:/home/bot/ros2_ws/install/kobuki_core:/home/bot/ros2_ws/install/turtlesim:/home/bot/ros2_ws/install/tbot_start:/home/bot/ros2_ws/install/tbot_sim:/home/bot/ros2_ws/install/kobuki_ros:/home/bot/ros2_ws/install/kobuki_safety_controller:/home/bot/ros2_ws/install/kobuki_random_walker:/home/bot/ros2_ws/install/kobuki_node:/home/bot/ros2_ws/install/kobuki_keyop:/home/bot/ros2_ws/install/kobuki_bumper2pc:/home/bot/ros2_ws/install/kobuki_auto_docking:/home/bot/ros2_ws/install/kobuki_description:/home/bot/ros2_ws/install/tuto_sim:/home/bot/ros2_ws/install/tbot_pytools:/opt/ros/foxy LD_LIBRARY_PATH=/home/bot/ros2_ws/install/kobuki_ros_interfaces/lib:/home/bot/ros2_ws/install/kobuki_core/lib:/home/bot/ros2_ws/install/turtlesim/lib:/home/bot/ros2_ws/install/kobuki_safety_controller/lib:/home/bot/ros2_ws/install/kobuki_random_walker/lib:/home/bot/ros2_ws/install/kobuki_node/lib:/home/bot/ros2_ws/install/kobuki_keyop/lib:/home/bot/ros2_ws/install/kobuki_bumper2pc/lib:/home/bot/ros2_ws/install/kobuki_auto_docking/lib:/usr/lib/x86_64-linux-gnu/gazebo-11/plugins:/opt/ros/foxy/opt/yaml_cpp_vendor/lib:/opt/ros/foxy/opt/rviz_ogre_vendor/lib:/opt/ros/foxy/lib/x86_64-linux-gnu:/opt/ros/foxy/lib PYTHONPATH=/home/bot/ros2_ws/install/kobuki_ros_interfaces/lib/python3.8/site-packages:/home/bot/ros2_ws/install/tuto_sim/lib/python3.8/site-packages:/home/bot/ros2_ws/install/turtlesim/lib/python3.8/site-packages:/home/bot/ros2_ws/install/tbot_pytools/lib/python3.8/site-packages:/opt/ros/foxy/lib/python3.8/site-packages /usr/bin/cmake --install /home/bot/ros2_ws/build/kobuki_node
