[0.159s] Invoking command in '/home/bot/ros2_ws/build/tbot_sim': CMAKE_PREFIX_PATH=${CMAKE_PREFIX_PATH}:/home/bot/ros2_ws/install/tbot_pytools:/opt/ros/foxy /usr/bin/cmake --build /home/bot/ros2_ws/build/tbot_sim -- -j16 -l16
[0.180s] Invoked command in '/home/bot/ros2_ws/build/tbot_sim' returned '0': CMAKE_PREFIX_PATH=${CMAKE_PREFIX_PATH}:/home/bot/ros2_ws/install/tbot_pytools:/opt/ros/foxy /usr/bin/cmake --build /home/bot/ros2_ws/build/tbot_sim -- -j16 -l16
[0.199s] Invoking command in '/home/bot/ros2_ws/build/tbot_sim': CMAKE_PREFIX_PATH=${CMAKE_PREFIX_PATH}:/home/bot/ros2_ws/install/tbot_pytools:/opt/ros/foxy /usr/bin/cmake --install /home/bot/ros2_ws/build/tbot_sim
[0.204s] -- Install configuration: ""
[0.204s] -- Up-to-date: /home/bot/ros2_ws/install/tbot_sim/share/tbot_sim/launch
[0.204s] -- Up-to-date: /home/bot/ros2_ws/install/tbot_sim/share/tbot_sim/launch/challenge-3.launch.py
[0.204s] -- Up-to-date: /home/bot/ros2_ws/install/tbot_sim/share/tbot_sim/launch/includes
[0.204s] -- Up-to-date: /home/bot/ros2_ws/install/tbot_sim/share/tbot_sim/launch/includes/spawn_entity.launch.py
[0.204s] -- Up-to-date: /home/bot/ros2_ws/install/tbot_sim/share/tbot_sim/launch/includes/gazebo.launch.py
[0.205s] -- Up-to-date: /home/bot/ros2_ws/install/tbot_sim/share/tbot_sim/launch/includes/spawn_create.launch.py
[0.205s] -- Up-to-date: /home/bot/ros2_ws/install/tbot_sim/share/tbot_sim/launch/includes/spawn_kobuki.launch.py
[0.205s] -- Up-to-date: /home/bot/ros2_ws/install/tbot_sim/share/tbot_sim/launch/includes/challenge.launch.py
[0.205s] -- Up-to-date: /home/bot/ros2_ws/install/tbot_sim/share/tbot_sim/launch/includes/spawn_tbot.launch.py
[0.205s] -- Up-to-date: /home/bot/ros2_ws/install/tbot_sim/share/tbot_sim/launch/challenge-1.launch.py
[0.205s] -- Up-to-date: /home/bot/ros2_ws/install/tbot_sim/share/tbot_sim/launch/challenge-2.launch.py
[0.205s] -- Up-to-date: /home/bot/ros2_ws/install/tbot_sim/share/tbot_sim/models
[0.205s] -- Up-to-date: /home/bot/ros2_ws/install/tbot_sim/share/tbot_sim/models/nuka_cola
[0.205s] -- Up-to-date: /home/bot/ros2_ws/install/tbot_sim/share/tbot_sim/models/nuka_cola/meshes
[0.205s] -- Up-to-date: /home/bot/ros2_ws/install/tbot_sim/share/tbot_sim/models/nuka_cola/meshes/can.dae
[0.205s] -- Up-to-date: /home/bot/ros2_ws/install/tbot_sim/share/tbot_sim/models/nuka_cola/model.config
[0.206s] -- Up-to-date: /home/bot/ros2_ws/install/tbot_sim/share/tbot_sim/models/nuka_cola/materials
[0.206s] -- Up-to-date: /home/bot/ros2_ws/install/tbot_sim/share/tbot_sim/models/nuka_cola/materials/textures
[0.206s] -- Up-to-date: /home/bot/ros2_ws/install/tbot_sim/share/tbot_sim/models/nuka_cola/materials/textures/nuka_cola.png
[0.206s] -- Up-to-date: /home/bot/ros2_ws/install/tbot_sim/share/tbot_sim/models/nuka_cola/model.sdf
[0.206s] -- Up-to-date: /home/bot/ros2_ws/install/tbot_sim/share/tbot_sim/models/kobuki
[0.206s] -- Up-to-date: /home/bot/ros2_ws/install/tbot_sim/share/tbot_sim/models/kobuki/meshes
[0.206s] -- Up-to-date: /home/bot/ros2_ws/install/tbot_sim/share/tbot_sim/models/kobuki/meshes/wheel.dae
[0.206s] -- Up-to-date: /home/bot/ros2_ws/install/tbot_sim/share/tbot_sim/models/kobuki/meshes/main_body.dae
[0.206s] -- Up-to-date: /home/bot/ros2_ws/install/tbot_sim/share/tbot_sim/models/kobuki/model.config
[0.206s] -- Up-to-date: /home/bot/ros2_ws/install/tbot_sim/share/tbot_sim/models/kobuki/materials
[0.206s] -- Up-to-date: /home/bot/ros2_ws/install/tbot_sim/share/tbot_sim/models/kobuki/materials/textures
[0.206s] -- Up-to-date: /home/bot/ros2_ws/install/tbot_sim/share/tbot_sim/models/kobuki/materials/textures/wheel.jpg
[0.206s] -- Up-to-date: /home/bot/ros2_ws/install/tbot_sim/share/tbot_sim/models/kobuki/materials/textures/main_body.jpg
[0.206s] -- Up-to-date: /home/bot/ros2_ws/install/tbot_sim/share/tbot_sim/models/kobuki/model.sdf
[0.206s] -- Up-to-date: /home/bot/ros2_ws/install/tbot_sim/share/tbot_sim/models/hokuyo
[0.206s] -- Up-to-date: /home/bot/ros2_ws/install/tbot_sim/share/tbot_sim/models/hokuyo/model-1_3.sdf
[0.206s] -- Up-to-date: /home/bot/ros2_ws/install/tbot_sim/share/tbot_sim/models/hokuyo/meshes
[0.206s] -- Up-to-date: /home/bot/ros2_ws/install/tbot_sim/share/tbot_sim/models/hokuyo/meshes/hokuyo.dae
[0.206s] -- Up-to-date: /home/bot/ros2_ws/install/tbot_sim/share/tbot_sim/models/hokuyo/meshes/hokuyo_convex.stl
[0.206s] -- Up-to-date: /home/bot/ros2_ws/install/tbot_sim/share/tbot_sim/models/hokuyo/model.config
[0.206s] -- Up-to-date: /home/bot/ros2_ws/install/tbot_sim/share/tbot_sim/models/hokuyo/model-1_2.sdf
[0.207s] -- Up-to-date: /home/bot/ros2_ws/install/tbot_sim/share/tbot_sim/models/hokuyo/model-1_4.sdf
[0.207s] -- Up-to-date: /home/bot/ros2_ws/install/tbot_sim/share/tbot_sim/models/hokuyo/model.sdf
[0.207s] -- Up-to-date: /home/bot/ros2_ws/install/tbot_sim/share/tbot_sim/models/kobuki_model
[0.207s] -- Up-to-date: /home/bot/ros2_ws/install/tbot_sim/share/tbot_sim/models/kobuki_model/meshes
[0.207s] -- Up-to-date: /home/bot/ros2_ws/install/tbot_sim/share/tbot_sim/models/kobuki_model/meshes/hokuyo.dae
[0.207s] -- Up-to-date: /home/bot/ros2_ws/install/tbot_sim/share/tbot_sim/models/kobuki_model/meshes/wheel.dae
[0.207s] -- Up-to-date: /home/bot/ros2_ws/install/tbot_sim/share/tbot_sim/models/kobuki_model/meshes/main_body.dae
[0.208s] -- Up-to-date: /home/bot/ros2_ws/install/tbot_sim/share/tbot_sim/models/kobuki_model/meshes/images
[0.208s] -- Up-to-date: /home/bot/ros2_ws/install/tbot_sim/share/tbot_sim/models/kobuki_model/meshes/images/wheel.jpg
[0.208s] -- Up-to-date: /home/bot/ros2_ws/install/tbot_sim/share/tbot_sim/models/kobuki_model/meshes/images/main_body.jpg
[0.208s] -- Up-to-date: /home/bot/ros2_ws/install/tbot_sim/share/tbot_sim/models/kobuki_model/model.config
[0.208s] -- Up-to-date: /home/bot/ros2_ws/install/tbot_sim/share/tbot_sim/models/kobuki_model/model.sdf
[0.208s] -- Up-to-date: /home/bot/ros2_ws/install/tbot_sim/share/tbot_sim/models/SYV_office_desks
[0.208s] -- Up-to-date: /home/bot/ros2_ws/install/tbot_sim/share/tbot_sim/models/SYV_office_desks/meshes
[0.208s] -- Up-to-date: /home/bot/ros2_ws/install/tbot_sim/share/tbot_sim/models/SYV_office_desks/meshes/woodfurn.dae
[0.208s] -- Up-to-date: /home/bot/ros2_ws/install/tbot_sim/share/tbot_sim/models/SYV_office_desks/model.config
[0.209s] -- Up-to-date: /home/bot/ros2_ws/install/tbot_sim/share/tbot_sim/models/SYV_office_desks/model.sdf
[0.209s] -- Up-to-date: /home/bot/ros2_ws/install/tbot_sim/share/tbot_sim/models/create
[0.209s] -- Up-to-date: /home/bot/ros2_ws/install/tbot_sim/share/tbot_sim/models/create/model-1_3.sdf
[0.209s] -- Up-to-date: /home/bot/ros2_ws/install/tbot_sim/share/tbot_sim/models/create/meshes
[0.209s] -- Up-to-date: /home/bot/ros2_ws/install/tbot_sim/share/tbot_sim/models/create/meshes/create_body.dae
[0.209s] -- Up-to-date: /home/bot/ros2_ws/install/tbot_sim/share/tbot_sim/models/create/model.config
[0.210s] -- Up-to-date: /home/bot/ros2_ws/install/tbot_sim/share/tbot_sim/models/create/materials
[0.210s] -- Up-to-date: /home/bot/ros2_ws/install/tbot_sim/share/tbot_sim/models/create/materials/textures
[0.210s] -- Up-to-date: /home/bot/ros2_ws/install/tbot_sim/share/tbot_sim/models/create/materials/textures/create_body.png
[0.210s] -- Up-to-date: /home/bot/ros2_ws/install/tbot_sim/share/tbot_sim/models/create/model-1_2.sdf
[0.210s] -- Up-to-date: /home/bot/ros2_ws/install/tbot_sim/share/tbot_sim/models/create/model-1_4.sdf
[0.210s] -- Up-to-date: /home/bot/ros2_ws/install/tbot_sim/share/tbot_sim/models/create/model.sdf
[0.210s] -- Up-to-date: /home/bot/ros2_ws/install/tbot_sim/share/tbot_sim/models/SYV_office_chairs
[0.211s] -- Up-to-date: /home/bot/ros2_ws/install/tbot_sim/share/tbot_sim/models/SYV_office_chairs/meshes
[0.211s] -- Up-to-date: /home/bot/ros2_ws/install/tbot_sim/share/tbot_sim/models/SYV_office_chairs/meshes/chair.dae
[0.211s] -- Up-to-date: /home/bot/ros2_ws/install/tbot_sim/share/tbot_sim/models/SYV_office_chairs/model.config
[0.211s] -- Up-to-date: /home/bot/ros2_ws/install/tbot_sim/share/tbot_sim/models/SYV_office_chairs/model.sdf
[0.211s] -- Up-to-date: /home/bot/ros2_ws/install/tbot_sim/share/tbot_sim/models/willowgarage
[0.211s] -- Up-to-date: /home/bot/ros2_ws/install/tbot_sim/share/tbot_sim/models/willowgarage/model-1_3.sdf
[0.211s] -- Up-to-date: /home/bot/ros2_ws/install/tbot_sim/share/tbot_sim/models/willowgarage/meshes
[0.211s] -- Up-to-date: /home/bot/ros2_ws/install/tbot_sim/share/tbot_sim/models/willowgarage/meshes/willowgarage_visual.dae
[0.211s] -- Up-to-date: /home/bot/ros2_ws/install/tbot_sim/share/tbot_sim/models/willowgarage/meshes/willowgarage_collision.dae
[0.211s] -- Up-to-date: /home/bot/ros2_ws/install/tbot_sim/share/tbot_sim/models/willowgarage/model.config
[0.212s] -- Up-to-date: /home/bot/ros2_ws/install/tbot_sim/share/tbot_sim/models/willowgarage/materials
[0.212s] -- Up-to-date: /home/bot/ros2_ws/install/tbot_sim/share/tbot_sim/models/willowgarage/materials/textures
[0.212s] -- Up-to-date: /home/bot/ros2_ws/install/tbot_sim/share/tbot_sim/models/willowgarage/materials/textures/Wood_Bamboo_Medium_.png
[0.212s] -- Up-to-date: /home/bot/ros2_ws/install/tbot_sim/share/tbot_sim/models/willowgarage/materials/textures/__auto_2.png
[0.213s] -- Up-to-date: /home/bot/ros2_ws/install/tbot_sim/share/tbot_sim/models/willowgarage/materials/textures/Carpet_Berber_Pattern_Gray_.png
[0.213s] -- Up-to-date: /home/bot/ros2_ws/install/tbot_sim/share/tbot_sim/models/willowgarage/materials/textures/Wood_Cherry_Original_.png
[0.213s] -- Up-to-date: /home/bot/ros2_ws/install/tbot_sim/share/tbot_sim/models/willowgarage/materials/textures/__Wood_Bamboo_Medium_1.png
[0.213s] -- Up-to-date: /home/bot/ros2_ws/install/tbot_sim/share/tbot_sim/models/willowgarage/materials/textures/__auto_12.png
[0.213s] -- Up-to-date: /home/bot/ros2_ws/install/tbot_sim/share/tbot_sim/models/willowgarage/materials/textures/Stone_Brushed_Khaki_.png
[0.214s] -- Up-to-date: /home/bot/ros2_ws/install/tbot_sim/share/tbot_sim/models/willowgarage/model-1_2.sdf
[0.214s] -- Up-to-date: /home/bot/ros2_ws/install/tbot_sim/share/tbot_sim/models/willowgarage/model-1_4.sdf
[0.214s] -- Up-to-date: /home/bot/ros2_ws/install/tbot_sim/share/tbot_sim/models/willowgarage/model.sdf
[0.214s] -- Up-to-date: /home/bot/ros2_ws/install/tbot_sim/share/tbot_sim/models/tbot
[0.214s] -- Up-to-date: /home/bot/ros2_ws/install/tbot_sim/share/tbot_sim/models/tbot/meshes
[0.214s] -- Up-to-date: /home/bot/ros2_ws/install/tbot_sim/share/tbot_sim/models/tbot/meshes/plate_top.dae
[0.214s] -- Up-to-date: /home/bot/ros2_ws/install/tbot_sim/share/tbot_sim/models/tbot/meshes/plate_bottom.dae
[0.214s] -- Up-to-date: /home/bot/ros2_ws/install/tbot_sim/share/tbot_sim/models/tbot/meshes/plate_middle.dae
[0.214s] -- Up-to-date: /home/bot/ros2_ws/install/tbot_sim/share/tbot_sim/models/tbot/model.config
[0.214s] -- Up-to-date: /home/bot/ros2_ws/install/tbot_sim/share/tbot_sim/models/tbot/materials
[0.214s] -- Up-to-date: /home/bot/ros2_ws/install/tbot_sim/share/tbot_sim/models/tbot/materials/textures
[0.214s] -- Up-to-date: /home/bot/ros2_ws/install/tbot_sim/share/tbot_sim/models/tbot/materials/textures/1f_stack.jpg
[0.215s] -- Up-to-date: /home/bot/ros2_ws/install/tbot_sim/share/tbot_sim/models/tbot/materials/textures/3f_stack.jpg
[0.215s] -- Up-to-date: /home/bot/ros2_ws/install/tbot_sim/share/tbot_sim/models/tbot/materials/textures/2f_stack.jpg
[0.215s] -- Up-to-date: /home/bot/ros2_ws/install/tbot_sim/share/tbot_sim/models/tbot/model.sdf
[0.215s] -- Up-to-date: /home/bot/ros2_ws/install/tbot_sim/share/tbot_sim/models/SYV_office_walls
[0.215s] -- Up-to-date: /home/bot/ros2_ws/install/tbot_sim/share/tbot_sim/models/SYV_office_walls/meshes
[0.215s] -- Up-to-date: /home/bot/ros2_ws/install/tbot_sim/share/tbot_sim/models/SYV_office_walls/meshes/walls.dae
[0.215s] -- Up-to-date: /home/bot/ros2_ws/install/tbot_sim/share/tbot_sim/models/SYV_office_walls/model.config
[0.215s] -- Up-to-date: /home/bot/ros2_ws/install/tbot_sim/share/tbot_sim/models/SYV_office_walls/model.sdf
[0.215s] -- Up-to-date: /home/bot/ros2_ws/install/tbot_sim/share/tbot_sim/models/turtlebot
[0.215s] -- Up-to-date: /home/bot/ros2_ws/install/tbot_sim/share/tbot_sim/models/turtlebot/model-1_3.sdf
[0.215s] -- Up-to-date: /home/bot/ros2_ws/install/tbot_sim/share/tbot_sim/models/turtlebot/meshes
[0.215s] -- Up-to-date: /home/bot/ros2_ws/install/tbot_sim/share/tbot_sim/models/turtlebot/meshes/68-02421-8000-RA_Turtlebot_F-F_Standoff.dae
[0.215s] -- Up-to-date: /home/bot/ros2_ws/install/tbot_sim/share/tbot_sim/models/turtlebot/meshes/68-04552-2000-RA_Turtlebot_M-F_Standoff.dae
[0.215s] -- Up-to-date: /home/bot/ros2_ws/install/tbot_sim/share/tbot_sim/models/turtlebot/meshes/plate_0_logo.dae
[0.215s] -- Up-to-date: /home/bot/ros2_ws/install/tbot_sim/share/tbot_sim/models/turtlebot/meshes/plate_1_logo.dae
[0.215s] -- Up-to-date: /home/bot/ros2_ws/install/tbot_sim/share/tbot_sim/models/turtlebot/meshes/create_body.dae
[0.215s] -- Up-to-date: /home/bot/ros2_ws/install/tbot_sim/share/tbot_sim/models/turtlebot/meshes/68-04556-RA_Kinect_Standoff_Assy.dae
[0.216s] -- Up-to-date: /home/bot/ros2_ws/install/tbot_sim/share/tbot_sim/models/turtlebot/meshes/plate_2_logo.dae
[0.216s] -- Up-to-date: /home/bot/ros2_ws/install/tbot_sim/share/tbot_sim/models/turtlebot/meshes/68-02403-125_Spacer.dae
[0.216s] -- Up-to-date: /home/bot/ros2_ws/install/tbot_sim/share/tbot_sim/models/turtlebot/meshes/68-04552-1000-RA_Turtlebot_M-F_Standoff.dae
[0.216s] -- Up-to-date: /home/bot/ros2_ws/install/tbot_sim/share/tbot_sim/models/turtlebot/model.config
[0.216s] -- Up-to-date: /home/bot/ros2_ws/install/tbot_sim/share/tbot_sim/models/turtlebot/materials
[0.216s] -- Up-to-date: /home/bot/ros2_ws/install/tbot_sim/share/tbot_sim/models/turtlebot/materials/textures
[0.216s] -- Up-to-date: /home/bot/ros2_ws/install/tbot_sim/share/tbot_sim/models/turtlebot/materials/textures/plate_2_logo.png
[0.216s] -- Up-to-date: /home/bot/ros2_ws/install/tbot_sim/share/tbot_sim/models/turtlebot/materials/textures/68-04552-1000-RA_Turtlebot_M-F_Standoff_color.png
[0.216s] -- Up-to-date: /home/bot/ros2_ws/install/tbot_sim/share/tbot_sim/models/turtlebot/materials/textures/create_body.png
[0.216s] -- Up-to-date: /home/bot/ros2_ws/install/tbot_sim/share/tbot_sim/models/turtlebot/materials/textures/68-04552-2000-RA_Turtlebot_M-F_Standoff_color.png
[0.216s] -- Up-to-date: /home/bot/ros2_ws/install/tbot_sim/share/tbot_sim/models/turtlebot/materials/textures/plate_1_logo.png
[0.216s] -- Up-to-date: /home/bot/ros2_ws/install/tbot_sim/share/tbot_sim/models/turtlebot/materials/textures/plate_0_logo.png
[0.216s] -- Up-to-date: /home/bot/ros2_ws/install/tbot_sim/share/tbot_sim/models/turtlebot/materials/textures/68-02421-8000-RA_Turtlebot_F-F_Standoff_color.png
[0.216s] -- Up-to-date: /home/bot/ros2_ws/install/tbot_sim/share/tbot_sim/models/turtlebot/model-1_2.sdf
[0.216s] -- Up-to-date: /home/bot/ros2_ws/install/tbot_sim/share/tbot_sim/models/turtlebot/model-1_4.sdf
[0.216s] -- Up-to-date: /home/bot/ros2_ws/install/tbot_sim/share/tbot_sim/models/turtlebot/model.sdf
[0.216s] -- Up-to-date: /home/bot/ros2_ws/install/tbot_sim/share/tbot_sim/models/kinect
[0.217s] -- Up-to-date: /home/bot/ros2_ws/install/tbot_sim/share/tbot_sim/models/kinect/model-1_3.sdf
[0.217s] -- Up-to-date: /home/bot/ros2_ws/install/tbot_sim/share/tbot_sim/models/kinect/meshes
[0.217s] -- Up-to-date: /home/bot/ros2_ws/install/tbot_sim/share/tbot_sim/models/kinect/meshes/kinect.dae
[0.217s] -- Up-to-date: /home/bot/ros2_ws/install/tbot_sim/share/tbot_sim/models/kinect/model.config
[0.217s] -- Up-to-date: /home/bot/ros2_ws/install/tbot_sim/share/tbot_sim/models/kinect/materials
[0.217s] -- Up-to-date: /home/bot/ros2_ws/install/tbot_sim/share/tbot_sim/models/kinect/materials/textures
[0.217s] -- Up-to-date: /home/bot/ros2_ws/install/tbot_sim/share/tbot_sim/models/kinect/materials/textures/kinect.png
[0.217s] -- Up-to-date: /home/bot/ros2_ws/install/tbot_sim/share/tbot_sim/models/kinect/model-1_2.sdf
[0.217s] -- Up-to-date: /home/bot/ros2_ws/install/tbot_sim/share/tbot_sim/models/kinect/model-1_4.sdf
[0.217s] -- Up-to-date: /home/bot/ros2_ws/install/tbot_sim/share/tbot_sim/models/kinect/model.sdf
[0.217s] -- Up-to-date: /home/bot/ros2_ws/install/tbot_sim/share/tbot_sim/urdf
[0.217s] -- Up-to-date: /home/bot/ros2_ws/install/tbot_sim/share/tbot_sim/urdf/tbot.urdf
[0.217s] -- Up-to-date: /home/bot/ros2_ws/install/tbot_sim/share/tbot_sim/urdf/create.urdf
[0.217s] -- Up-to-date: /home/bot/ros2_ws/install/tbot_sim/share/tbot_sim/urdf/kobuki_generated_from_sdf.urdf
[0.217s] -- Up-to-date: /home/bot/ros2_ws/install/tbot_sim/share/tbot_sim/urdf/kobuki.urdf
[0.217s] -- Up-to-date: /home/bot/ros2_ws/install/tbot_sim/share/tbot_sim/urdf/kobuki_standalone.urdf
[0.217s] -- Up-to-date: /home/bot/ros2_ws/install/tbot_sim/share/tbot_sim/worlds
[0.217s] -- Up-to-date: /home/bot/ros2_ws/install/tbot_sim/share/tbot_sim/worlds/empty.world
[0.218s] -- Up-to-date: /home/bot/ros2_ws/install/tbot_sim/share/tbot_sim/worlds/challenge-1.world
[0.218s] -- Up-to-date: /home/bot/ros2_ws/install/tbot_sim/share/tbot_sim/worlds/challenge-2.world
[0.218s] -- Up-to-date: /home/bot/ros2_ws/install/tbot_sim/share/tbot_sim/worlds/challenge-3.world
[0.218s] -- Up-to-date: /home/bot/ros2_ws/install/tbot_sim/share/ament_index/resource_index/package_run_dependencies/tbot_sim
[0.218s] -- Up-to-date: /home/bot/ros2_ws/install/tbot_sim/share/ament_index/resource_index/parent_prefix_path/tbot_sim
[0.218s] -- Up-to-date: /home/bot/ros2_ws/install/tbot_sim/share/tbot_sim/environment/ament_prefix_path.sh
[0.218s] -- Up-to-date: /home/bot/ros2_ws/install/tbot_sim/share/tbot_sim/environment/ament_prefix_path.dsv
[0.218s] -- Up-to-date: /home/bot/ros2_ws/install/tbot_sim/share/tbot_sim/environment/path.sh
[0.218s] -- Up-to-date: /home/bot/ros2_ws/install/tbot_sim/share/tbot_sim/environment/path.dsv
[0.218s] -- Up-to-date: /home/bot/ros2_ws/install/tbot_sim/share/tbot_sim/local_setup.bash
[0.218s] -- Up-to-date: /home/bot/ros2_ws/install/tbot_sim/share/tbot_sim/local_setup.sh
[0.218s] -- Up-to-date: /home/bot/ros2_ws/install/tbot_sim/share/tbot_sim/local_setup.zsh
[0.218s] -- Up-to-date: /home/bot/ros2_ws/install/tbot_sim/share/tbot_sim/local_setup.dsv
[0.218s] -- Up-to-date: /home/bot/ros2_ws/install/tbot_sim/share/tbot_sim/package.dsv
[0.218s] -- Up-to-date: /home/bot/ros2_ws/install/tbot_sim/share/ament_index/resource_index/packages/tbot_sim
[0.218s] -- Up-to-date: /home/bot/ros2_ws/install/tbot_sim/share/tbot_sim/cmake/tbot_simConfig.cmake
[0.219s] -- Up-to-date: /home/bot/ros2_ws/install/tbot_sim/share/tbot_sim/cmake/tbot_simConfig-version.cmake
[0.219s] -- Up-to-date: /home/bot/ros2_ws/install/tbot_sim/share/tbot_sim/package.xml
[0.224s] Invoked command in '/home/bot/ros2_ws/build/tbot_sim' returned '0': CMAKE_PREFIX_PATH=${CMAKE_PREFIX_PATH}:/home/bot/ros2_ws/install/tbot_pytools:/opt/ros/foxy /usr/bin/cmake --install /home/bot/ros2_ws/build/tbot_sim
