[0.044s] Invoking command in '/home/bot/ros2_ws/build/kobuki_core': CMAKE_PREFIX_PATH=${CMAKE_PREFIX_PATH}:/home/bot/ros2_ws/install/tuto_sim:/home/bot/ros2_ws/install/tbot_pytools:/opt/ros/foxy /usr/bin/cmake /home/bot/ros2_ws/kobuki_core -DCMAKE_INSTALL_PREFIX=/home/bot/ros2_ws/install/kobuki_core
[0.351s] -- The C compiler identification is GNU 9.4.0
[0.351s] -- The CXX compiler identification is GNU 9.4.0
[0.351s] -- Check for working C compiler: /usr/bin/cc
[0.351s] -- Check for working C compiler: /usr/bin/cc -- works
[0.351s] -- Detecting C compiler ABI info
[0.351s] -- Detecting C compiler ABI info - done
[0.351s] -- Detecting C compile features
[0.352s] -- Detecting C compile features - done
[0.352s] -- Check for working CXX compiler: /usr/bin/c++
[0.352s] -- Check for working CXX compiler: /usr/bin/c++ -- works
[0.352s] -- Detecting CXX compiler ABI info
[0.352s] -- Detecting CXX compiler ABI info - done
[0.352s] -- Detecting CXX compile features
[0.352s] -- Detecting CXX compile features - done
[0.352s] -- Found ament_cmake_ros: 0.9.2 (/opt/ros/foxy/share/ament_cmake_ros/cmake)
[0.352s] -- Found PythonInterp: /usr/bin/python3 (found suitable version "3.8.10", minimum required is "3") 
[0.352s] -- Using PYTHON_EXECUTABLE: /usr/bin/python3
[0.462s] -- Found ecl_build: 1.0.2 (/opt/ros/foxy/share/ecl_build/cmake)
[0.467s] -- Found ecl_command_line: 1.2.0 (/opt/ros/foxy/share/ecl_command_line/cmake)
[0.470s] -- Found ecl_config: 1.1.0 (/opt/ros/foxy/share/ecl_config/cmake)
[0.471s] -- Found ecl_console: 1.1.0 (/opt/ros/foxy/share/ecl_console/cmake)
[0.473s] -- Found ecl_converters: 1.2.0 (/opt/ros/foxy/share/ecl_converters/cmake)
[0.489s] -- Found ecl_devices: 1.2.0 (/opt/ros/foxy/share/ecl_devices/cmake)
[0.502s] -- Looking for pthread.h
[0.545s] -- Looking for pthread.h - found
[0.545s] -- Performing Test CMAKE_HAVE_LIBC_PTHREAD
[0.590s] -- Performing Test CMAKE_HAVE_LIBC_PTHREAD - Failed
[0.591s] -- Looking for pthread_create in pthreads
[0.627s] -- Looking for pthread_create in pthreads - not found
[0.627s] -- Looking for pthread_create in pthread
[0.669s] -- Looking for pthread_create in pthread - found
[0.670s] -- Found Threads: TRUE  
[0.670s] -- Check if compiler accepts -pthread
[0.711s] -- Check if compiler accepts -pthread - yes
[0.722s] -- Found ecl_geometry: 1.2.0 (/opt/ros/foxy/share/ecl_geometry/cmake)
[0.736s] -- Found ecl_mobile_robot: 1.2.0 (/opt/ros/foxy/share/ecl_mobile_robot/cmake)
[0.740s] -- Found ecl_sigslots: 1.2.0 (/opt/ros/foxy/share/ecl_sigslots/cmake)
[0.781s] -- Configuring done
[0.795s] -- Generating done
[0.796s] -- Build files have been written to: /home/bot/ros2_ws/build/kobuki_core
[0.800s] Invoked command in '/home/bot/ros2_ws/build/kobuki_core' returned '0': CMAKE_PREFIX_PATH=${CMAKE_PREFIX_PATH}:/home/bot/ros2_ws/install/tuto_sim:/home/bot/ros2_ws/install/tbot_pytools:/opt/ros/foxy /usr/bin/cmake /home/bot/ros2_ws/kobuki_core -DCMAKE_INSTALL_PREFIX=/home/bot/ros2_ws/install/kobuki_core
[0.801s] Invoking command in '/home/bot/ros2_ws/build/kobuki_core': CMAKE_PREFIX_PATH=${CMAKE_PREFIX_PATH}:/home/bot/ros2_ws/install/tuto_sim:/home/bot/ros2_ws/install/tbot_pytools:/opt/ros/foxy /usr/bin/cmake --build /home/bot/ros2_ws/build/kobuki_core -- -j16 -l16
[0.824s] [35m[1mScanning dependencies of target kobuki_core[0m
[0.901s] [  2%] [32mBuilding CXX object src/driver/CMakeFiles/kobuki_core.dir/battery.cpp.o[0m
[0.904s] [  5%] [32mBuilding CXX object src/driver/CMakeFiles/kobuki_core.dir/dock_drive.cpp.o[0m
[0.905s] [ 11%] [32mBuilding CXX object src/driver/CMakeFiles/kobuki_core.dir/command.cpp.o[0m
[0.905s] [ 14%] [32mBuilding CXX object src/driver/CMakeFiles/kobuki_core.dir/diff_drive.cpp.o[0m
[0.906s] [ 11%] [32mBuilding CXX object src/driver/CMakeFiles/kobuki_core.dir/core_sensors.cpp.o[0m
[0.906s] [ 17%] [32mBuilding CXX object src/driver/CMakeFiles/kobuki_core.dir/dock_drive_debug.cpp.o[0m
[0.906s] [ 20%] [32mBuilding CXX object src/driver/CMakeFiles/kobuki_core.dir/event_manager.cpp.o[0m
[0.907s] [ 23%] [32mBuilding CXX object src/driver/CMakeFiles/kobuki_core.dir/dock_drive_states.cpp.o[0m
[0.907s] [ 29%] [32mBuilding CXX object src/driver/CMakeFiles/kobuki_core.dir/logging.cpp.o[0m
[0.907s] [ 29%] [32mBuilding CXX object src/driver/CMakeFiles/kobuki_core.dir/firmware.cpp.o[0m
[0.908s] [ 32%] [32mBuilding CXX object src/driver/CMakeFiles/kobuki_core.dir/kobuki.cpp.o[0m
[0.908s] [ 35%] [32mBuilding CXX object src/driver/CMakeFiles/kobuki_core.dir/packet_finder.cpp.o[0m
[0.908s] [ 38%] [32mBuilding CXX object src/driver/CMakeFiles/kobuki_core.dir/__/__/version_info.cpp.o[0m
[3.921s] [ 41%] [32m[1mLinking CXX shared library libkobuki_core.so[0m
[4.188s] [ 41%] Built target kobuki_core
[4.201s] [35m[1mScanning dependencies of target kobuki_core_demo_buttons[0m
[4.205s] [35m[1mScanning dependencies of target kobuki_core_demo_log_levels[0m
[4.207s] [35m[1mScanning dependencies of target kobuki_core_demo_simple_loop[0m
[4.211s] [35m[1mScanning dependencies of target kobuki_core_demo_custom_logging[0m
[4.229s] [35m[1mScanning dependencies of target kobuki_core_demo_raw_data_stream[0m
[4.237s] [35m[1mScanning dependencies of target kobuki_core_demo_chirp[0m
[4.240s] [35m[1mScanning dependencies of target kobuki_core_demo_velocity_commands[0m
[4.248s] [35m[1mScanning dependencies of target kobuki_core_demo_data_stream[0m
[4.256s] [35m[1mScanning dependencies of target kobuki_core_tool_simple_keyop[0m
[4.257s] [35m[1mScanning dependencies of target kobuki_core_tool_version_info[0m
[4.276s] [ 44%] [32mBuilding CXX object src/demos/CMakeFiles/kobuki_core_demo_velocity_commands.dir/velocity_commands.cpp.o[0m
[4.285s] [ 47%] [32mBuilding CXX object src/demos/CMakeFiles/kobuki_core_demo_buttons.dir/buttons.cpp.o[0m
[4.293s] [ 50%] [32mBuilding CXX object src/demos/CMakeFiles/kobuki_core_demo_log_levels.dir/log_levels.cpp.o[0m
[4.328s] [ 52%] [32mBuilding CXX object src/demos/CMakeFiles/kobuki_core_demo_custom_logging.dir/custom_logging.cpp.o[0m
[4.353s] [ 55%] [32mBuilding CXX object src/demos/CMakeFiles/kobuki_core_demo_raw_data_stream.dir/raw_data_stream.cpp.o[0m
[4.356s] [ 58%] [32mBuilding CXX object src/demos/CMakeFiles/kobuki_core_demo_chirp.dir/chirp.cpp.o[0m
[4.371s] [ 61%] [32mBuilding CXX object src/demos/CMakeFiles/kobuki_core_demo_data_stream.dir/data_stream.cpp.o[0m
[4.381s] [ 64%] [32mBuilding CXX object src/demos/CMakeFiles/kobuki_core_demo_simple_loop.dir/simple_loop.cpp.o[0m
[4.390s] [ 67%] [32mBuilding CXX object src/tools/CMakeFiles/kobuki_core_tool_simple_keyop.dir/simple_keyop.cpp.o[0m
[4.392s] [ 70%] [32mBuilding CXX object src/tools/CMakeFiles/kobuki_core_tool_version_info.dir/version_info.cpp.o[0m
[4.865s] [ 73%] [32m[1mLinking CXX executable demo_velocity_commands[0m
[5.165s] [ 73%] Built target kobuki_core_demo_velocity_commands
[6.816s] [ 76%] [32m[1mLinking CXX executable demo_chirp[0m
[6.891s] [ 76%] Built target kobuki_core_demo_chirp
[7.149s] [ 79%] [32m[1mLinking CXX executable demo_data_stream[0m
[7.157s] [ 82%] [32m[1mLinking CXX executable demo_custom_logging[0m
[7.331s] [ 82%] Built target kobuki_core_demo_custom_logging
[7.365s] [ 82%] Built target kobuki_core_demo_data_stream
[7.381s] [ 85%] [32m[1mLinking CXX executable demo_simple_loop[0m
[7.497s] [ 88%] [32m[1mLinking CXX executable kobuki-version-info[0m
[7.539s] [ 91%] [32m[1mLinking CXX executable demo_log_levels[0m
[7.673s] [ 91%] Built target kobuki_core_demo_simple_loop
[7.701s] [ 91%] Built target kobuki_core_tool_version_info
[7.719s] [ 91%] Built target kobuki_core_demo_log_levels
[7.730s] [ 94%] [32m[1mLinking CXX executable demo_buttons[0m
[7.765s] [ 97%] [32m[1mLinking CXX executable kobuki-simple-keyop[0m
[7.803s] [ 97%] Built target kobuki_core_demo_buttons
[7.840s] [ 97%] Built target kobuki_core_tool_simple_keyop
[7.962s] [100%] [32m[1mLinking CXX executable demo_raw_data_stream[0m
[8.045s] [100%] Built target kobuki_core_demo_raw_data_stream
[8.052s] Invoked command in '/home/bot/ros2_ws/build/kobuki_core' returned '0': CMAKE_PREFIX_PATH=${CMAKE_PREFIX_PATH}:/home/bot/ros2_ws/install/tuto_sim:/home/bot/ros2_ws/install/tbot_pytools:/opt/ros/foxy /usr/bin/cmake --build /home/bot/ros2_ws/build/kobuki_core -- -j16 -l16
[8.069s] Invoking command in '/home/bot/ros2_ws/build/kobuki_core': CMAKE_PREFIX_PATH=${CMAKE_PREFIX_PATH}:/home/bot/ros2_ws/install/tuto_sim:/home/bot/ros2_ws/install/tbot_pytools:/opt/ros/foxy /usr/bin/cmake --install /home/bot/ros2_ws/build/kobuki_core
[8.073s] -- Install configuration: ""
[8.073s] -- Installing: /home/bot/ros2_ws/install/kobuki_core/include
[8.073s] -- Installing: /home/bot/ros2_ws/install/kobuki_core/include/kobuki_core
[8.073s] -- Installing: /home/bot/ros2_ws/install/kobuki_core/include/kobuki_core/event_manager.hpp
[8.074s] -- Installing: /home/bot/ros2_ws/install/kobuki_core/include/kobuki_core/macros.hpp
[8.074s] -- Installing: /home/bot/ros2_ws/install/kobuki_core/include/kobuki_core/modules
[8.074s] -- Installing: /home/bot/ros2_ws/install/kobuki_core/include/kobuki_core/modules/led_array.hpp
[8.074s] -- Installing: /home/bot/ros2_ws/install/kobuki_core/include/kobuki_core/modules/diff_drive.hpp
[8.074s] -- Installing: /home/bot/ros2_ws/install/kobuki_core/include/kobuki_core/modules/sound.hpp
[8.074s] -- Installing: /home/bot/ros2_ws/install/kobuki_core/include/kobuki_core/modules/acceleration_limiter.hpp
[8.074s] -- Installing: /home/bot/ros2_ws/install/kobuki_core/include/kobuki_core/modules/digital_output.hpp
[8.074s] -- Installing: /home/bot/ros2_ws/install/kobuki_core/include/kobuki_core/modules/battery.hpp
[8.074s] -- Installing: /home/bot/ros2_ws/install/kobuki_core/include/kobuki_core/packets.hpp
[8.074s] -- Installing: /home/bot/ros2_ws/install/kobuki_core/include/kobuki_core/modules.hpp
[8.074s] -- Installing: /home/bot/ros2_ws/install/kobuki_core/include/kobuki_core/logging.hpp
[8.074s] -- Installing: /home/bot/ros2_ws/install/kobuki_core/include/kobuki_core/version_info.hpp
[8.074s] -- Installing: /home/bot/ros2_ws/install/kobuki_core/include/kobuki_core/command.hpp
[8.074s] -- Installing: /home/bot/ros2_ws/install/kobuki_core/include/kobuki_core/packet_handler
[8.074s] -- Installing: /home/bot/ros2_ws/install/kobuki_core/include/kobuki_core/packet_handler/payload_headers.hpp
[8.074s] -- Installing: /home/bot/ros2_ws/install/kobuki_core/include/kobuki_core/packet_handler/packet_finder.hpp
[8.074s] -- Installing: /home/bot/ros2_ws/install/kobuki_core/include/kobuki_core/packet_handler/payload_base.hpp
[8.074s] -- Installing: /home/bot/ros2_ws/install/kobuki_core/include/kobuki_core/packets
[8.074s] -- Installing: /home/bot/ros2_ws/install/kobuki_core/include/kobuki_core/packets/eeprom.hpp
[8.074s] -- Installing: /home/bot/ros2_ws/install/kobuki_core/include/kobuki_core/packets/inertia.hpp
[8.075s] -- Installing: /home/bot/ros2_ws/install/kobuki_core/include/kobuki_core/packets/dock_ir.hpp
[8.075s] -- Installing: /home/bot/ros2_ws/install/kobuki_core/include/kobuki_core/packets/core_sensors.hpp
[8.075s] -- Installing: /home/bot/ros2_ws/install/kobuki_core/include/kobuki_core/packets/controller_info.hpp
[8.075s] -- Installing: /home/bot/ros2_ws/install/kobuki_core/include/kobuki_core/packets/cliff.hpp
[8.075s] -- Installing: /home/bot/ros2_ws/install/kobuki_core/include/kobuki_core/packets/current.hpp
[8.075s] -- Installing: /home/bot/ros2_ws/install/kobuki_core/include/kobuki_core/packets/firmware.hpp
[8.075s] -- Installing: /home/bot/ros2_ws/install/kobuki_core/include/kobuki_core/packets/gp_input.hpp
[8.075s] -- Installing: /home/bot/ros2_ws/install/kobuki_core/include/kobuki_core/packets/hardware.hpp
[8.075s] -- Installing: /home/bot/ros2_ws/install/kobuki_core/include/kobuki_core/packets/unique_device_id.hpp
[8.075s] -- Installing: /home/bot/ros2_ws/install/kobuki_core/include/kobuki_core/packets/three_axis_gyro.hpp
[8.075s] -- Installing: /home/bot/ros2_ws/install/kobuki_core/include/kobuki_core/dock_drive.hpp
[8.075s] -- Installing: /home/bot/ros2_ws/install/kobuki_core/include/kobuki_core/parameters.hpp
[8.075s] -- Installing: /home/bot/ros2_ws/install/kobuki_core/include/kobuki_core/kobuki.hpp
[8.075s] -- Installing: /home/bot/ros2_ws/install/kobuki_core/include/CMakeLists.txt
[8.075s] -- Installing: /home/bot/ros2_ws/install/kobuki_core/share/kobuki_core/environment/library_path.sh
[8.075s] -- Installing: /home/bot/ros2_ws/install/kobuki_core/share/kobuki_core/environment/library_path.dsv
[8.075s] -- Installing: /home/bot/ros2_ws/install/kobuki_core/share/ament_index/resource_index/package_run_dependencies/kobuki_core
[8.075s] -- Installing: /home/bot/ros2_ws/install/kobuki_core/share/ament_index/resource_index/parent_prefix_path/kobuki_core
[8.075s] -- Installing: /home/bot/ros2_ws/install/kobuki_core/share/kobuki_core/environment/ament_prefix_path.sh
[8.075s] -- Installing: /home/bot/ros2_ws/install/kobuki_core/share/kobuki_core/environment/ament_prefix_path.dsv
[8.075s] -- Installing: /home/bot/ros2_ws/install/kobuki_core/share/kobuki_core/environment/path.sh
[8.075s] -- Installing: /home/bot/ros2_ws/install/kobuki_core/share/kobuki_core/environment/path.dsv
[8.075s] -- Installing: /home/bot/ros2_ws/install/kobuki_core/share/kobuki_core/local_setup.bash
[8.075s] -- Installing: /home/bot/ros2_ws/install/kobuki_core/share/kobuki_core/local_setup.sh
[8.075s] -- Installing: /home/bot/ros2_ws/install/kobuki_core/share/kobuki_core/local_setup.zsh
[8.075s] -- Installing: /home/bot/ros2_ws/install/kobuki_core/share/kobuki_core/local_setup.dsv
[8.075s] -- Installing: /home/bot/ros2_ws/install/kobuki_core/share/kobuki_core/package.dsv
[8.075s] -- Installing: /home/bot/ros2_ws/install/kobuki_core/share/ament_index/resource_index/packages/kobuki_core
[8.076s] -- Installing: /home/bot/ros2_ws/install/kobuki_core/share/kobuki_core/cmake/kobuki_coreExport.cmake
[8.076s] -- Installing: /home/bot/ros2_ws/install/kobuki_core/share/kobuki_core/cmake/kobuki_coreExport-noconfig.cmake
[8.076s] -- Installing: /home/bot/ros2_ws/install/kobuki_core/share/kobuki_core/cmake/ament_cmake_export_targets-extras.cmake
[8.076s] -- Installing: /home/bot/ros2_ws/install/kobuki_core/share/kobuki_core/cmake/ament_cmake_export_dependencies-extras.cmake
[8.076s] -- Installing: /home/bot/ros2_ws/install/kobuki_core/share/kobuki_core/cmake/ament_cmake_export_include_directories-extras.cmake
[8.076s] -- Installing: /home/bot/ros2_ws/install/kobuki_core/share/kobuki_core/cmake/ament_cmake_export_libraries-extras.cmake
[8.076s] -- Installing: /home/bot/ros2_ws/install/kobuki_core/share/kobuki_core/cmake/kobuki_coreConfig.cmake
[8.076s] -- Installing: /home/bot/ros2_ws/install/kobuki_core/share/kobuki_core/cmake/kobuki_coreConfig-version.cmake
[8.076s] -- Installing: /home/bot/ros2_ws/install/kobuki_core/share/kobuki_core/package.xml
[8.076s] -- Up-to-date: /home/bot/ros2_ws/install/kobuki_core/include/kobuki_core
[8.076s] -- Up-to-date: /home/bot/ros2_ws/install/kobuki_core/include/kobuki_core/event_manager.hpp
[8.076s] -- Up-to-date: /home/bot/ros2_ws/install/kobuki_core/include/kobuki_core/macros.hpp
[8.076s] -- Up-to-date: /home/bot/ros2_ws/install/kobuki_core/include/kobuki_core/modules
[8.076s] -- Up-to-date: /home/bot/ros2_ws/install/kobuki_core/include/kobuki_core/modules/led_array.hpp
[8.076s] -- Up-to-date: /home/bot/ros2_ws/install/kobuki_core/include/kobuki_core/modules/diff_drive.hpp
[8.076s] -- Up-to-date: /home/bot/ros2_ws/install/kobuki_core/include/kobuki_core/modules/sound.hpp
[8.076s] -- Up-to-date: /home/bot/ros2_ws/install/kobuki_core/include/kobuki_core/modules/acceleration_limiter.hpp
[8.076s] -- Up-to-date: /home/bot/ros2_ws/install/kobuki_core/include/kobuki_core/modules/digital_output.hpp
[8.076s] -- Up-to-date: /home/bot/ros2_ws/install/kobuki_core/include/kobuki_core/modules/battery.hpp
[8.076s] -- Up-to-date: /home/bot/ros2_ws/install/kobuki_core/include/kobuki_core/packets.hpp
[8.076s] -- Up-to-date: /home/bot/ros2_ws/install/kobuki_core/include/kobuki_core/modules.hpp
[8.076s] -- Up-to-date: /home/bot/ros2_ws/install/kobuki_core/include/kobuki_core/logging.hpp
[8.076s] -- Up-to-date: /home/bot/ros2_ws/install/kobuki_core/include/kobuki_core/version_info.hpp
[8.076s] -- Up-to-date: /home/bot/ros2_ws/install/kobuki_core/include/kobuki_core/command.hpp
[8.076s] -- Up-to-date: /home/bot/ros2_ws/install/kobuki_core/include/kobuki_core/packet_handler
[8.076s] -- Up-to-date: /home/bot/ros2_ws/install/kobuki_core/include/kobuki_core/packet_handler/payload_headers.hpp
[8.076s] -- Up-to-date: /home/bot/ros2_ws/install/kobuki_core/include/kobuki_core/packet_handler/packet_finder.hpp
[8.077s] -- Up-to-date: /home/bot/ros2_ws/install/kobuki_core/include/kobuki_core/packet_handler/payload_base.hpp
[8.077s] -- Up-to-date: /home/bot/ros2_ws/install/kobuki_core/include/kobuki_core/packets
[8.077s] -- Up-to-date: /home/bot/ros2_ws/install/kobuki_core/include/kobuki_core/packets/eeprom.hpp
[8.077s] -- Up-to-date: /home/bot/ros2_ws/install/kobuki_core/include/kobuki_core/packets/inertia.hpp
[8.077s] -- Up-to-date: /home/bot/ros2_ws/install/kobuki_core/include/kobuki_core/packets/dock_ir.hpp
[8.077s] -- Up-to-date: /home/bot/ros2_ws/install/kobuki_core/include/kobuki_core/packets/core_sensors.hpp
[8.077s] -- Up-to-date: /home/bot/ros2_ws/install/kobuki_core/include/kobuki_core/packets/controller_info.hpp
[8.077s] -- Up-to-date: /home/bot/ros2_ws/install/kobuki_core/include/kobuki_core/packets/cliff.hpp
[8.077s] -- Up-to-date: /home/bot/ros2_ws/install/kobuki_core/include/kobuki_core/packets/current.hpp
[8.077s] -- Up-to-date: /home/bot/ros2_ws/install/kobuki_core/include/kobuki_core/packets/firmware.hpp
[8.077s] -- Up-to-date: /home/bot/ros2_ws/install/kobuki_core/include/kobuki_core/packets/gp_input.hpp
[8.077s] -- Up-to-date: /home/bot/ros2_ws/install/kobuki_core/include/kobuki_core/packets/hardware.hpp
[8.077s] -- Up-to-date: /home/bot/ros2_ws/install/kobuki_core/include/kobuki_core/packets/unique_device_id.hpp
[8.077s] -- Up-to-date: /home/bot/ros2_ws/install/kobuki_core/include/kobuki_core/packets/three_axis_gyro.hpp
[8.077s] -- Up-to-date: /home/bot/ros2_ws/install/kobuki_core/include/kobuki_core/dock_drive.hpp
[8.077s] -- Up-to-date: /home/bot/ros2_ws/install/kobuki_core/include/kobuki_core/parameters.hpp
[8.077s] -- Up-to-date: /home/bot/ros2_ws/install/kobuki_core/include/kobuki_core/kobuki.hpp
[8.077s] -- Installing: /home/bot/ros2_ws/install/kobuki_core/lib/libkobuki_core.so.1.4.0
[8.077s] -- Set runtime path of "/home/bot/ros2_ws/install/kobuki_core/lib/libkobuki_core.so.1.4.0" to ""
[8.078s] -- Installing: /home/bot/ros2_ws/install/kobuki_core/lib/libkobuki_core.so
[8.078s] -- Installing: /home/bot/ros2_ws/install/kobuki_core/lib/kobuki_core/demo_buttons
[8.078s] -- Set runtime path of "/home/bot/ros2_ws/install/kobuki_core/lib/kobuki_core/demo_buttons" to ""
[8.078s] -- Installing: /home/bot/ros2_ws/install/kobuki_core/lib/kobuki_core/demo_chirp
[8.078s] -- Set runtime path of "/home/bot/ros2_ws/install/kobuki_core/lib/kobuki_core/demo_chirp" to ""
[8.078s] -- Installing: /home/bot/ros2_ws/install/kobuki_core/lib/kobuki_core/demo_custom_logging
[8.079s] -- Set runtime path of "/home/bot/ros2_ws/install/kobuki_core/lib/kobuki_core/demo_custom_logging" to ""
[8.079s] -- Installing: /home/bot/ros2_ws/install/kobuki_core/lib/kobuki_core/demo_data_stream
[8.079s] -- Set runtime path of "/home/bot/ros2_ws/install/kobuki_core/lib/kobuki_core/demo_data_stream" to ""
[8.079s] -- Installing: /home/bot/ros2_ws/install/kobuki_core/lib/kobuki_core/demo_log_levels
[8.079s] -- Set runtime path of "/home/bot/ros2_ws/install/kobuki_core/lib/kobuki_core/demo_log_levels" to ""
[8.079s] -- Installing: /home/bot/ros2_ws/install/kobuki_core/lib/kobuki_core/demo_raw_data_stream
[8.080s] -- Set runtime path of "/home/bot/ros2_ws/install/kobuki_core/lib/kobuki_core/demo_raw_data_stream" to ""
[8.080s] -- Installing: /home/bot/ros2_ws/install/kobuki_core/lib/kobuki_core/demo_simple_loop
[8.080s] -- Set runtime path of "/home/bot/ros2_ws/install/kobuki_core/lib/kobuki_core/demo_simple_loop" to ""
[8.080s] -- Installing: /home/bot/ros2_ws/install/kobuki_core/lib/kobuki_core/demo_velocity_commands
[8.080s] -- Set runtime path of "/home/bot/ros2_ws/install/kobuki_core/lib/kobuki_core/demo_velocity_commands" to ""
[8.080s] -- Installing: /home/bot/ros2_ws/install/kobuki_core/bin/kobuki-version-info
[8.080s] -- Set runtime path of "/home/bot/ros2_ws/install/kobuki_core/bin/kobuki-version-info" to ""
[8.081s] -- Installing: /home/bot/ros2_ws/install/kobuki_core/bin/kobuki-simple-keyop
[8.081s] -- Set runtime path of "/home/bot/ros2_ws/install/kobuki_core/bin/kobuki-simple-keyop" to ""
[8.082s] Invoked command in '/home/bot/ros2_ws/build/kobuki_core' returned '0': CMAKE_PREFIX_PATH=${CMAKE_PREFIX_PATH}:/home/bot/ros2_ws/install/tuto_sim:/home/bot/ros2_ws/install/tbot_pytools:/opt/ros/foxy /usr/bin/cmake --install /home/bot/ros2_ws/build/kobuki_core
