[0.424s] Invoking command in '/home/bot/ros2_ws/pkg-tbot/tbot_pytools': PYTHONPATH=/home/bot/ros2_ws/build/tbot_pytools/prefix_override:/home/bot/ros2_ws/install/tbot_pytools/lib/python3.8/site-packages: /usr/bin/python3 setup.py egg_info --egg-base ../../build/tbot_pytools build --build-base /home/bot/ros2_ws/build/tbot_pytools/build install --record /home/bot/ros2_ws/build/tbot_pytools/install.log --install-scripts $base/lib/tbot_pytools --single-version-externally-managed
[0.547s] running egg_info
[0.547s] creating ../../build/tbot_pytools/tbot_pytools.egg-info
[0.547s] writing ../../build/tbot_pytools/tbot_pytools.egg-info/PKG-INFO
[0.547s] writing dependency_links to ../../build/tbot_pytools/tbot_pytools.egg-info/dependency_links.txt
[0.547s] writing entry points to ../../build/tbot_pytools/tbot_pytools.egg-info/entry_points.txt
[0.547s] writing requirements to ../../build/tbot_pytools/tbot_pytools.egg-info/requires.txt
[0.547s] writing top-level names to ../../build/tbot_pytools/tbot_pytools.egg-info/top_level.txt
[0.548s] writing manifest file '../../build/tbot_pytools/tbot_pytools.egg-info/SOURCES.txt'
[0.566s] reading manifest file '../../build/tbot_pytools/tbot_pytools.egg-info/SOURCES.txt'
[0.567s] writing manifest file '../../build/tbot_pytools/tbot_pytools.egg-info/SOURCES.txt'
[0.567s] running build
[0.567s] running build_py
[0.567s] creating /home/bot/ros2_ws/build/tbot_pytools/build
[0.567s] creating /home/bot/ros2_ws/build/tbot_pytools/build/lib
[0.567s] creating /home/bot/ros2_ws/build/tbot_pytools/build/lib/tbot_pytools
[0.567s] copying tbot_pytools/__init__.py -> /home/bot/ros2_ws/build/tbot_pytools/build/lib/tbot_pytools
[0.567s] copying tbot_pytools/multiplexer.py -> /home/bot/ros2_ws/build/tbot_pytools/build/lib/tbot_pytools
[0.567s] running install
[0.567s] running install_lib
[0.568s] creating /home/bot/ros2_ws/install/tbot_pytools/lib/python3.8/site-packages/tbot_pytools
[0.568s] copying /home/bot/ros2_ws/build/tbot_pytools/build/lib/tbot_pytools/__init__.py -> /home/bot/ros2_ws/install/tbot_pytools/lib/python3.8/site-packages/tbot_pytools
[0.568s] copying /home/bot/ros2_ws/build/tbot_pytools/build/lib/tbot_pytools/multiplexer.py -> /home/bot/ros2_ws/install/tbot_pytools/lib/python3.8/site-packages/tbot_pytools
[0.568s] byte-compiling /home/bot/ros2_ws/install/tbot_pytools/lib/python3.8/site-packages/tbot_pytools/__init__.py to __init__.cpython-38.pyc
[0.569s] byte-compiling /home/bot/ros2_ws/install/tbot_pytools/lib/python3.8/site-packages/tbot_pytools/multiplexer.py to multiplexer.cpython-38.pyc
[0.569s] running install_data
[0.569s] creating /home/bot/ros2_ws/install/tbot_pytools/share/ament_index
[0.569s] creating /home/bot/ros2_ws/install/tbot_pytools/share/ament_index/resource_index
[0.569s] creating /home/bot/ros2_ws/install/tbot_pytools/share/ament_index/resource_index/packages
[0.569s] copying resource/tbot_pytools -> /home/bot/ros2_ws/install/tbot_pytools/share/ament_index/resource_index/packages
[0.569s] copying package.xml -> /home/bot/ros2_ws/install/tbot_pytools/share/tbot_pytools
[0.569s] running install_egg_info
[0.570s] Copying ../../build/tbot_pytools/tbot_pytools.egg-info to /home/bot/ros2_ws/install/tbot_pytools/lib/python3.8/site-packages/tbot_pytools-0.0.0-py3.8.egg-info
[0.570s] running install_scripts
[0.579s] Installing multiplexer script to /home/bot/ros2_ws/install/tbot_pytools/lib/tbot_pytools
[0.579s] writing list of installed files to '/home/bot/ros2_ws/build/tbot_pytools/install.log'
