[0.049s] Invoking command in '/home/bot/ros2_ws/build/kobuki_core': CMAKE_PREFIX_PATH=${CMAKE_PREFIX_PATH}:/home/bot/ros2_ws/install/tuto_sim:/home/bot/ros2_ws/install/tbot_pytools:/opt/ros/foxy /usr/bin/cmake --build /home/bot/ros2_ws/build/kobuki_core -- -j16 -l16
[0.209s] [ 41%] Built target kobuki_core
[0.209s] [ 47%] Built target kobuki_core_demo_velocity_commands
[0.209s] [ 58%] Built target kobuki_core_demo_buttons
[0.209s] [ 58%] Built target kobuki_core_demo_custom_logging
[0.209s] [ 64%] Built target kobuki_core_demo_raw_data_stream
[0.210s] [ 70%] Built target kobuki_core_tool_simple_keyop
[0.210s] [ 76%] Built target kobuki_core_demo_simple_loop
[0.210s] [ 82%] Built target kobuki_core_demo_chirp
[0.210s] [ 88%] Built target kobuki_core_demo_data_stream
[0.210s] [ 94%] Built target kobuki_core_demo_log_levels
[0.210s] [100%] Built target kobuki_core_tool_version_info
[0.346s] Invoked command in '/home/bot/ros2_ws/build/kobuki_core' returned '0': CMAKE_PREFIX_PATH=${CMAKE_PREFIX_PATH}:/home/bot/ros2_ws/install/tuto_sim:/home/bot/ros2_ws/install/tbot_pytools:/opt/ros/foxy /usr/bin/cmake --build /home/bot/ros2_ws/build/kobuki_core -- -j16 -l16
[0.374s] Invoking command in '/home/bot/ros2_ws/build/kobuki_core': CMAKE_PREFIX_PATH=${CMAKE_PREFIX_PATH}:/home/bot/ros2_ws/install/tuto_sim:/home/bot/ros2_ws/install/tbot_pytools:/opt/ros/foxy /usr/bin/cmake --install /home/bot/ros2_ws/build/kobuki_core
[0.388s] -- Install configuration: ""
[0.388s] -- Up-to-date: /home/bot/ros2_ws/install/kobuki_core/include
[0.388s] -- Up-to-date: /home/bot/ros2_ws/install/kobuki_core/include/kobuki_core
[0.389s] -- Up-to-date: /home/bot/ros2_ws/install/kobuki_core/include/kobuki_core/event_manager.hpp
[0.389s] -- Up-to-date: /home/bot/ros2_ws/install/kobuki_core/include/kobuki_core/macros.hpp
[0.389s] -- Up-to-date: /home/bot/ros2_ws/install/kobuki_core/include/kobuki_core/modules
[0.389s] -- Up-to-date: /home/bot/ros2_ws/install/kobuki_core/include/kobuki_core/modules/led_array.hpp
[0.389s] -- Up-to-date: /home/bot/ros2_ws/install/kobuki_core/include/kobuki_core/modules/diff_drive.hpp
[0.389s] -- Up-to-date: /home/bot/ros2_ws/install/kobuki_core/include/kobuki_core/modules/sound.hpp
[0.389s] -- Up-to-date: /home/bot/ros2_ws/install/kobuki_core/include/kobuki_core/modules/acceleration_limiter.hpp
[0.389s] -- Up-to-date: /home/bot/ros2_ws/install/kobuki_core/include/kobuki_core/modules/digital_output.hpp
[0.389s] -- Up-to-date: /home/bot/ros2_ws/install/kobuki_core/include/kobuki_core/modules/battery.hpp
[0.389s] -- Up-to-date: /home/bot/ros2_ws/install/kobuki_core/include/kobuki_core/packets.hpp
[0.389s] -- Up-to-date: /home/bot/ros2_ws/install/kobuki_core/include/kobuki_core/modules.hpp
[0.389s] -- Up-to-date: /home/bot/ros2_ws/install/kobuki_core/include/kobuki_core/logging.hpp
[0.389s] -- Up-to-date: /home/bot/ros2_ws/install/kobuki_core/include/kobuki_core/version_info.hpp
[0.390s] -- Up-to-date: /home/bot/ros2_ws/install/kobuki_core/include/kobuki_core/command.hpp
[0.391s] -- Up-to-date: /home/bot/ros2_ws/install/kobuki_core/include/kobuki_core/packet_handler
[0.391s] -- Up-to-date: /home/bot/ros2_ws/install/kobuki_core/include/kobuki_core/packet_handler/payload_headers.hpp
[0.391s] -- Up-to-date: /home/bot/ros2_ws/install/kobuki_core/include/kobuki_core/packet_handler/packet_finder.hpp
[0.391s] -- Up-to-date: /home/bot/ros2_ws/install/kobuki_core/include/kobuki_core/packet_handler/payload_base.hpp
[0.391s] -- Up-to-date: /home/bot/ros2_ws/install/kobuki_core/include/kobuki_core/packets
[0.391s] -- Up-to-date: /home/bot/ros2_ws/install/kobuki_core/include/kobuki_core/packets/eeprom.hpp
[0.391s] -- Up-to-date: /home/bot/ros2_ws/install/kobuki_core/include/kobuki_core/packets/inertia.hpp
[0.392s] -- Up-to-date: /home/bot/ros2_ws/install/kobuki_core/include/kobuki_core/packets/dock_ir.hpp
[0.392s] -- Up-to-date: /home/bot/ros2_ws/install/kobuki_core/include/kobuki_core/packets/core_sensors.hpp
[0.392s] -- Up-to-date: /home/bot/ros2_ws/install/kobuki_core/include/kobuki_core/packets/controller_info.hpp
[0.393s] -- Up-to-date: /home/bot/ros2_ws/install/kobuki_core/include/kobuki_core/packets/cliff.hpp
[0.394s] -- Up-to-date: /home/bot/ros2_ws/install/kobuki_core/include/kobuki_core/packets/current.hpp
[0.394s] -- Up-to-date: /home/bot/ros2_ws/install/kobuki_core/include/kobuki_core/packets/firmware.hpp
[0.394s] -- Up-to-date: /home/bot/ros2_ws/install/kobuki_core/include/kobuki_core/packets/gp_input.hpp
[0.395s] -- Up-to-date: /home/bot/ros2_ws/install/kobuki_core/include/kobuki_core/packets/hardware.hpp
[0.395s] -- Up-to-date: /home/bot/ros2_ws/install/kobuki_core/include/kobuki_core/packets/unique_device_id.hpp
[0.395s] -- Up-to-date: /home/bot/ros2_ws/install/kobuki_core/include/kobuki_core/packets/three_axis_gyro.hpp
[0.395s] -- Up-to-date: /home/bot/ros2_ws/install/kobuki_core/include/kobuki_core/dock_drive.hpp
[0.396s] -- Up-to-date: /home/bot/ros2_ws/install/kobuki_core/include/kobuki_core/parameters.hpp
[0.396s] -- Up-to-date: /home/bot/ros2_ws/install/kobuki_core/include/kobuki_core/kobuki.hpp
[0.396s] -- Up-to-date: /home/bot/ros2_ws/install/kobuki_core/include/CMakeLists.txt
[0.396s] -- Up-to-date: /home/bot/ros2_ws/install/kobuki_core/share/kobuki_core/environment/library_path.sh
[0.396s] -- Up-to-date: /home/bot/ros2_ws/install/kobuki_core/share/kobuki_core/environment/library_path.dsv
[0.396s] -- Up-to-date: /home/bot/ros2_ws/install/kobuki_core/share/ament_index/resource_index/package_run_dependencies/kobuki_core
[0.397s] -- Up-to-date: /home/bot/ros2_ws/install/kobuki_core/share/ament_index/resource_index/parent_prefix_path/kobuki_core
[0.398s] -- Up-to-date: /home/bot/ros2_ws/install/kobuki_core/share/kobuki_core/environment/ament_prefix_path.sh
[0.398s] -- Up-to-date: /home/bot/ros2_ws/install/kobuki_core/share/kobuki_core/environment/ament_prefix_path.dsv
[0.398s] -- Up-to-date: /home/bot/ros2_ws/install/kobuki_core/share/kobuki_core/environment/path.sh
[0.398s] -- Up-to-date: /home/bot/ros2_ws/install/kobuki_core/share/kobuki_core/environment/path.dsv
[0.399s] -- Up-to-date: /home/bot/ros2_ws/install/kobuki_core/share/kobuki_core/local_setup.bash
[0.399s] -- Up-to-date: /home/bot/ros2_ws/install/kobuki_core/share/kobuki_core/local_setup.sh
[0.399s] -- Up-to-date: /home/bot/ros2_ws/install/kobuki_core/share/kobuki_core/local_setup.zsh
[0.401s] -- Up-to-date: /home/bot/ros2_ws/install/kobuki_core/share/kobuki_core/local_setup.dsv
[0.401s] -- Installing: /home/bot/ros2_ws/install/kobuki_core/share/kobuki_core/package.dsv
[0.402s] -- Up-to-date: /home/bot/ros2_ws/install/kobuki_core/share/ament_index/resource_index/packages/kobuki_core
[0.402s] -- Up-to-date: /home/bot/ros2_ws/install/kobuki_core/share/kobuki_core/cmake/kobuki_coreExport.cmake
[0.402s] -- Up-to-date: /home/bot/ros2_ws/install/kobuki_core/share/kobuki_core/cmake/kobuki_coreExport-noconfig.cmake
[0.402s] -- Up-to-date: /home/bot/ros2_ws/install/kobuki_core/share/kobuki_core/cmake/ament_cmake_export_targets-extras.cmake
[0.402s] -- Up-to-date: /home/bot/ros2_ws/install/kobuki_core/share/kobuki_core/cmake/ament_cmake_export_dependencies-extras.cmake
[0.402s] -- Up-to-date: /home/bot/ros2_ws/install/kobuki_core/share/kobuki_core/cmake/ament_cmake_export_include_directories-extras.cmake
[0.402s] -- Up-to-date: /home/bot/ros2_ws/install/kobuki_core/share/kobuki_core/cmake/ament_cmake_export_libraries-extras.cmake
[0.403s] -- Up-to-date: /home/bot/ros2_ws/install/kobuki_core/share/kobuki_core/cmake/kobuki_coreConfig.cmake
[0.403s] -- Up-to-date: /home/bot/ros2_ws/install/kobuki_core/share/kobuki_core/cmake/kobuki_coreConfig-version.cmake
[0.403s] -- Up-to-date: /home/bot/ros2_ws/install/kobuki_core/share/kobuki_core/package.xml
[0.403s] -- Up-to-date: /home/bot/ros2_ws/install/kobuki_core/include/kobuki_core
[0.403s] -- Up-to-date: /home/bot/ros2_ws/install/kobuki_core/include/kobuki_core/event_manager.hpp
[0.403s] -- Up-to-date: /home/bot/ros2_ws/install/kobuki_core/include/kobuki_core/macros.hpp
[0.403s] -- Up-to-date: /home/bot/ros2_ws/install/kobuki_core/include/kobuki_core/modules
[0.403s] -- Up-to-date: /home/bot/ros2_ws/install/kobuki_core/include/kobuki_core/modules/led_array.hpp
[0.403s] -- Up-to-date: /home/bot/ros2_ws/install/kobuki_core/include/kobuki_core/modules/diff_drive.hpp
[0.404s] -- Up-to-date: /home/bot/ros2_ws/install/kobuki_core/include/kobuki_core/modules/sound.hpp
[0.404s] -- Up-to-date: /home/bot/ros2_ws/install/kobuki_core/include/kobuki_core/modules/acceleration_limiter.hpp
[0.405s] -- Up-to-date: /home/bot/ros2_ws/install/kobuki_core/include/kobuki_core/modules/digital_output.hpp
[0.405s] -- Up-to-date: /home/bot/ros2_ws/install/kobuki_core/include/kobuki_core/modules/battery.hpp
[0.405s] -- Up-to-date: /home/bot/ros2_ws/install/kobuki_core/include/kobuki_core/packets.hpp
[0.405s] -- Up-to-date: /home/bot/ros2_ws/install/kobuki_core/include/kobuki_core/modules.hpp
[0.405s] -- Up-to-date: /home/bot/ros2_ws/install/kobuki_core/include/kobuki_core/logging.hpp
[0.406s] -- Up-to-date: /home/bot/ros2_ws/install/kobuki_core/include/kobuki_core/version_info.hpp
[0.406s] -- Up-to-date: /home/bot/ros2_ws/install/kobuki_core/include/kobuki_core/command.hpp
[0.406s] -- Up-to-date: /home/bot/ros2_ws/install/kobuki_core/include/kobuki_core/packet_handler
[0.406s] -- Up-to-date: /home/bot/ros2_ws/install/kobuki_core/include/kobuki_core/packet_handler/payload_headers.hpp
[0.406s] -- Up-to-date: /home/bot/ros2_ws/install/kobuki_core/include/kobuki_core/packet_handler/packet_finder.hpp
[0.407s] -- Up-to-date: /home/bot/ros2_ws/install/kobuki_core/include/kobuki_core/packet_handler/payload_base.hpp
[0.408s] -- Up-to-date: /home/bot/ros2_ws/install/kobuki_core/include/kobuki_core/packets
[0.408s] -- Up-to-date: /home/bot/ros2_ws/install/kobuki_core/include/kobuki_core/packets/eeprom.hpp
[0.408s] -- Up-to-date: /home/bot/ros2_ws/install/kobuki_core/include/kobuki_core/packets/inertia.hpp
[0.408s] -- Up-to-date: /home/bot/ros2_ws/install/kobuki_core/include/kobuki_core/packets/dock_ir.hpp
[0.408s] -- Up-to-date: /home/bot/ros2_ws/install/kobuki_core/include/kobuki_core/packets/core_sensors.hpp
[0.409s] -- Up-to-date: /home/bot/ros2_ws/install/kobuki_core/include/kobuki_core/packets/controller_info.hpp
[0.409s] -- Up-to-date: /home/bot/ros2_ws/install/kobuki_core/include/kobuki_core/packets/cliff.hpp
[0.409s] -- Up-to-date: /home/bot/ros2_ws/install/kobuki_core/include/kobuki_core/packets/current.hpp
[0.409s] -- Up-to-date: /home/bot/ros2_ws/install/kobuki_core/include/kobuki_core/packets/firmware.hpp
[0.409s] -- Up-to-date: /home/bot/ros2_ws/install/kobuki_core/include/kobuki_core/packets/gp_input.hpp
[0.409s] -- Up-to-date: /home/bot/ros2_ws/install/kobuki_core/include/kobuki_core/packets/hardware.hpp
[0.410s] -- Up-to-date: /home/bot/ros2_ws/install/kobuki_core/include/kobuki_core/packets/unique_device_id.hpp
[0.410s] -- Up-to-date: /home/bot/ros2_ws/install/kobuki_core/include/kobuki_core/packets/three_axis_gyro.hpp
[0.411s] -- Up-to-date: /home/bot/ros2_ws/install/kobuki_core/include/kobuki_core/dock_drive.hpp
[0.411s] -- Up-to-date: /home/bot/ros2_ws/install/kobuki_core/include/kobuki_core/parameters.hpp
[0.411s] -- Up-to-date: /home/bot/ros2_ws/install/kobuki_core/include/kobuki_core/kobuki.hpp
[0.415s] -- Up-to-date: /home/bot/ros2_ws/install/kobuki_core/lib/libkobuki_core.so.1.4.0
[0.415s] -- Up-to-date: /home/bot/ros2_ws/install/kobuki_core/lib/libkobuki_core.so
[0.415s] -- Up-to-date: /home/bot/ros2_ws/install/kobuki_core/lib/kobuki_core/demo_buttons
[0.415s] -- Up-to-date: /home/bot/ros2_ws/install/kobuki_core/lib/kobuki_core/demo_chirp
[0.416s] -- Up-to-date: /home/bot/ros2_ws/install/kobuki_core/lib/kobuki_core/demo_custom_logging
[0.416s] -- Up-to-date: /home/bot/ros2_ws/install/kobuki_core/lib/kobuki_core/demo_data_stream
[0.416s] -- Up-to-date: /home/bot/ros2_ws/install/kobuki_core/lib/kobuki_core/demo_log_levels
[0.417s] -- Up-to-date: /home/bot/ros2_ws/install/kobuki_core/lib/kobuki_core/demo_raw_data_stream
[0.417s] -- Up-to-date: /home/bot/ros2_ws/install/kobuki_core/lib/kobuki_core/demo_simple_loop
[0.417s] -- Up-to-date: /home/bot/ros2_ws/install/kobuki_core/lib/kobuki_core/demo_velocity_commands
[0.418s] -- Up-to-date: /home/bot/ros2_ws/install/kobuki_core/bin/kobuki-version-info
[0.426s] -- Up-to-date: /home/bot/ros2_ws/install/kobuki_core/bin/kobuki-simple-keyop
[0.450s] Invoked command in '/home/bot/ros2_ws/build/kobuki_core' returned '0': CMAKE_PREFIX_PATH=${CMAKE_PREFIX_PATH}:/home/bot/ros2_ws/install/tuto_sim:/home/bot/ros2_ws/install/tbot_pytools:/opt/ros/foxy /usr/bin/cmake --install /home/bot/ros2_ws/build/kobuki_core
