[0.568s] Invoking command in '/home/bot/ros2_ws/tuto_sim': PYTHONPATH=/home/bot/ros2_ws/build/tuto_sim/prefix_override:/home/bot/ros2_ws/install/tuto_sim/lib/python3.8/site-packages:${PYTHONPATH} /usr/bin/python3 setup.py egg_info --egg-base ../build/tuto_sim build --build-base /home/bot/ros2_ws/build/tuto_sim/build install --record /home/bot/ros2_ws/build/tuto_sim/install.log --install-scripts $base/lib/tuto_sim --single-version-externally-managed
[0.681s] running egg_info
[0.681s] writing ../build/tuto_sim/tuto_sim.egg-info/PKG-INFO
[0.681s] writing dependency_links to ../build/tuto_sim/tuto_sim.egg-info/dependency_links.txt
[0.681s] writing entry points to ../build/tuto_sim/tuto_sim.egg-info/entry_points.txt
[0.681s] writing requirements to ../build/tuto_sim/tuto_sim.egg-info/requires.txt
[0.681s] writing top-level names to ../build/tuto_sim/tuto_sim.egg-info/top_level.txt
[0.701s] reading manifest file '../build/tuto_sim/tuto_sim.egg-info/SOURCES.txt'
[0.701s] writing manifest file '../build/tuto_sim/tuto_sim.egg-info/SOURCES.txt'
[0.701s] running build
[0.701s] running build_py
[0.701s] running install
[0.702s] running install_lib
[0.703s] running install_data
[0.705s] copying launch/tuto-sim-launch.py -> /home/bot/ros2_ws/install/tuto_sim/share/tuto_sim
[0.705s] running install_egg_info
[0.705s] removing '/home/bot/ros2_ws/install/tuto_sim/lib/python3.8/site-packages/tuto_sim-0.0.0-py3.8.egg-info' (and everything under it)
[0.705s] Copying ../build/tuto_sim/tuto_sim.egg-info to /home/bot/ros2_ws/install/tuto_sim/lib/python3.8/site-packages/tuto_sim-0.0.0-py3.8.egg-info
[0.705s] running install_scripts
[0.714s] Installing multiplexer script to /home/bot/ros2_ws/install/tuto_sim/lib/tuto_sim
[0.714s] Installing rmove script to /home/bot/ros2_ws/install/tuto_sim/lib/tuto_sim
[0.714s] writing list of installed files to '/home/bot/ros2_ws/build/tuto_sim/install.log'
[0.726s] Invoked command in '/home/bot/ros2_ws/tuto_sim' returned '0': PYTHONPATH=/home/bot/ros2_ws/build/tuto_sim/prefix_override:/home/bot/ros2_ws/install/tuto_sim/lib/python3.8/site-packages:${PYTHONPATH} /usr/bin/python3 setup.py egg_info --egg-base ../build/tuto_sim build --build-base /home/bot/ros2_ws/build/tuto_sim/build install --record /home/bot/ros2_ws/build/tuto_sim/install.log --install-scripts $base/lib/tuto_sim --single-version-externally-managed
