[0.091s] DEBUG:colcon:Command line arguments: ['/usr/bin/colcon', 'build']
[0.092s] DEBUG:colcon:Parsed command line arguments: Namespace(allow_overriding=[], ament_cmake_args=None, base_paths=['.'], build_base='build', catkin_cmake_args=None, catkin_skip_building_tests=False, cmake_args=None, cmake_clean_cache=False, cmake_clean_first=False, cmake_force_configure=False, cmake_target=None, cmake_target_skip_unavailable=False, continue_on_error=False, event_handlers=None, executor='parallel', ignore_user_meta=False, install_base='install', log_base=None, log_level=None, main=<bound method BuildVerb.main of <colcon_core.verb.build.BuildVerb object at 0x7f5287153100>>, merge_install=False, metas=['./colcon.meta'], packages_above=None, packages_above_and_dependencies=None, packages_above_depth=None, packages_end=None, packages_ignore=None, packages_ignore_regex=None, packages_select=None, packages_select_build_failed=False, packages_select_by_dep=None, packages_select_regex=None, packages_select_test_failures=False, packages_skip=None, packages_skip_build_finished=False, packages_skip_by_dep=None, packages_skip_regex=None, packages_skip_test_passed=False, packages_skip_up_to=None, packages_start=None, packages_up_to=None, packages_up_to_regex=None, parallel_workers=16, paths=None, symlink_install=False, test_result_base=None, verb_extension=<colcon_core.verb.build.BuildVerb object at 0x7f5287153100>, verb_name='build', verb_parser=<colcon_defaults.argument_parser.defaults.DefaultArgumentsDecorator object at 0x7f5287153640>)
[0.106s] Level 1:colcon.colcon_core.package_discovery:discover_packages(colcon_meta) check parameters
[0.106s] Level 1:colcon.colcon_core.package_discovery:discover_packages(recursive) check parameters
[0.106s] Level 1:colcon.colcon_core.package_discovery:discover_packages(ignore) check parameters
[0.106s] Level 1:colcon.colcon_core.package_discovery:discover_packages(path) check parameters
[0.106s] Level 1:colcon.colcon_core.package_discovery:discover_packages(colcon_meta) discover
[0.106s] Level 1:colcon.colcon_core.package_discovery:discover_packages(recursive) discover
[0.106s] INFO:colcon.colcon_core.package_discovery:Crawling recursively for packages in '/home/bot/ros2_ws'
[0.106s] Level 1:colcon.colcon_core.package_identification:_identify(.) by extensions ['ignore', 'ignore_ament_install']
[0.106s] Level 1:colcon.colcon_core.package_identification:_identify(.) by extension 'ignore'
[0.106s] Level 1:colcon.colcon_core.package_identification:_identify(.) by extension 'ignore_ament_install'
[0.106s] Level 1:colcon.colcon_core.package_identification:_identify(.) by extensions ['colcon_pkg']
[0.106s] Level 1:colcon.colcon_core.package_identification:_identify(.) by extension 'colcon_pkg'
[0.106s] Level 1:colcon.colcon_core.package_identification:_identify(.) by extensions ['colcon_meta']
[0.106s] Level 1:colcon.colcon_core.package_identification:_identify(.) by extension 'colcon_meta'
[0.106s] Level 1:colcon.colcon_core.package_identification:_identify(.) by extensions ['ros']
[0.106s] Level 1:colcon.colcon_core.package_identification:_identify(.) by extension 'ros'
[0.113s] Level 1:colcon.colcon_core.package_identification:_identify(.) by extensions ['cmake', 'python']
[0.113s] Level 1:colcon.colcon_core.package_identification:_identify(.) by extension 'cmake'
[0.113s] Level 1:colcon.colcon_core.package_identification:_identify(.) by extension 'python'
[0.113s] Level 1:colcon.colcon_core.package_identification:_identify(.) by extensions ['python_setup_py']
[0.113s] Level 1:colcon.colcon_core.package_identification:_identify(.) by extension 'python_setup_py'
[0.113s] Level 1:colcon.colcon_core.package_identification:_identify(build) by extensions ['ignore', 'ignore_ament_install']
[0.113s] Level 1:colcon.colcon_core.package_identification:_identify(build) by extension 'ignore'
[0.113s] Level 1:colcon.colcon_core.package_identification:_identify(build) ignored
[0.113s] Level 1:colcon.colcon_core.package_identification:_identify(install) by extensions ['ignore', 'ignore_ament_install']
[0.113s] Level 1:colcon.colcon_core.package_identification:_identify(install) by extension 'ignore'
[0.113s] Level 1:colcon.colcon_core.package_identification:_identify(install) ignored
[0.113s] Level 1:colcon.colcon_core.package_identification:_identify(log) by extensions ['ignore', 'ignore_ament_install']
[0.113s] Level 1:colcon.colcon_core.package_identification:_identify(log) by extension 'ignore'
[0.113s] Level 1:colcon.colcon_core.package_identification:_identify(log) ignored
[0.113s] Level 1:colcon.colcon_core.package_identification:_identify(pkg-tbot) by extensions ['ignore', 'ignore_ament_install']
[0.114s] Level 1:colcon.colcon_core.package_identification:_identify(pkg-tbot) by extension 'ignore'
[0.114s] Level 1:colcon.colcon_core.package_identification:_identify(pkg-tbot) by extension 'ignore_ament_install'
[0.114s] Level 1:colcon.colcon_core.package_identification:_identify(pkg-tbot) by extensions ['colcon_pkg']
[0.114s] Level 1:colcon.colcon_core.package_identification:_identify(pkg-tbot) by extension 'colcon_pkg'
[0.114s] Level 1:colcon.colcon_core.package_identification:_identify(pkg-tbot) by extensions ['colcon_meta']
[0.114s] Level 1:colcon.colcon_core.package_identification:_identify(pkg-tbot) by extension 'colcon_meta'
[0.114s] Level 1:colcon.colcon_core.package_identification:_identify(pkg-tbot) by extensions ['ros']
[0.114s] Level 1:colcon.colcon_core.package_identification:_identify(pkg-tbot) by extension 'ros'
[0.114s] Level 1:colcon.colcon_core.package_identification:_identify(pkg-tbot) by extensions ['cmake', 'python']
[0.114s] Level 1:colcon.colcon_core.package_identification:_identify(pkg-tbot) by extension 'cmake'
[0.114s] Level 1:colcon.colcon_core.package_identification:_identify(pkg-tbot) by extension 'python'
[0.114s] Level 1:colcon.colcon_core.package_identification:_identify(pkg-tbot) by extensions ['python_setup_py']
[0.114s] Level 1:colcon.colcon_core.package_identification:_identify(pkg-tbot) by extension 'python_setup_py'
[0.114s] Level 1:colcon.colcon_core.package_identification:_identify(pkg-tbot/build) by extensions ['ignore', 'ignore_ament_install']
[0.114s] Level 1:colcon.colcon_core.package_identification:_identify(pkg-tbot/build) by extension 'ignore'
[0.114s] Level 1:colcon.colcon_core.package_identification:_identify(pkg-tbot/build) ignored
[0.114s] Level 1:colcon.colcon_core.package_identification:_identify(pkg-tbot/config) by extensions ['ignore', 'ignore_ament_install']
[0.114s] Level 1:colcon.colcon_core.package_identification:_identify(pkg-tbot/config) by extension 'ignore'
[0.114s] Level 1:colcon.colcon_core.package_identification:_identify(pkg-tbot/config) by extension 'ignore_ament_install'
[0.114s] Level 1:colcon.colcon_core.package_identification:_identify(pkg-tbot/config) by extensions ['colcon_pkg']
[0.114s] Level 1:colcon.colcon_core.package_identification:_identify(pkg-tbot/config) by extension 'colcon_pkg'
[0.114s] Level 1:colcon.colcon_core.package_identification:_identify(pkg-tbot/config) by extensions ['colcon_meta']
[0.114s] Level 1:colcon.colcon_core.package_identification:_identify(pkg-tbot/config) by extension 'colcon_meta'
[0.114s] Level 1:colcon.colcon_core.package_identification:_identify(pkg-tbot/config) by extensions ['ros']
[0.114s] Level 1:colcon.colcon_core.package_identification:_identify(pkg-tbot/config) by extension 'ros'
[0.114s] Level 1:colcon.colcon_core.package_identification:_identify(pkg-tbot/config) by extensions ['cmake', 'python']
[0.114s] Level 1:colcon.colcon_core.package_identification:_identify(pkg-tbot/config) by extension 'cmake'
[0.114s] Level 1:colcon.colcon_core.package_identification:_identify(pkg-tbot/config) by extension 'python'
[0.114s] Level 1:colcon.colcon_core.package_identification:_identify(pkg-tbot/config) by extensions ['python_setup_py']
[0.114s] Level 1:colcon.colcon_core.package_identification:_identify(pkg-tbot/config) by extension 'python_setup_py'
[0.114s] Level 1:colcon.colcon_core.package_identification:_identify(pkg-tbot/diy) by extensions ['ignore', 'ignore_ament_install']
[0.114s] Level 1:colcon.colcon_core.package_identification:_identify(pkg-tbot/diy) by extension 'ignore'
[0.114s] Level 1:colcon.colcon_core.package_identification:_identify(pkg-tbot/diy) by extension 'ignore_ament_install'
[0.115s] Level 1:colcon.colcon_core.package_identification:_identify(pkg-tbot/diy) by extensions ['colcon_pkg']
[0.115s] Level 1:colcon.colcon_core.package_identification:_identify(pkg-tbot/diy) by extension 'colcon_pkg'
[0.115s] Level 1:colcon.colcon_core.package_identification:_identify(pkg-tbot/diy) by extensions ['colcon_meta']
[0.115s] Level 1:colcon.colcon_core.package_identification:_identify(pkg-tbot/diy) by extension 'colcon_meta'
[0.115s] Level 1:colcon.colcon_core.package_identification:_identify(pkg-tbot/diy) by extensions ['ros']
[0.115s] Level 1:colcon.colcon_core.package_identification:_identify(pkg-tbot/diy) by extension 'ros'
[0.115s] Level 1:colcon.colcon_core.package_identification:_identify(pkg-tbot/diy) by extensions ['cmake', 'python']
[0.115s] Level 1:colcon.colcon_core.package_identification:_identify(pkg-tbot/diy) by extension 'cmake'
[0.115s] Level 1:colcon.colcon_core.package_identification:_identify(pkg-tbot/diy) by extension 'python'
[0.115s] Level 1:colcon.colcon_core.package_identification:_identify(pkg-tbot/diy) by extensions ['python_setup_py']
[0.115s] Level 1:colcon.colcon_core.package_identification:_identify(pkg-tbot/diy) by extension 'python_setup_py'
[0.115s] Level 1:colcon.colcon_core.package_identification:_identify(pkg-tbot/docker-image) by extensions ['ignore', 'ignore_ament_install']
[0.115s] Level 1:colcon.colcon_core.package_identification:_identify(pkg-tbot/docker-image) by extension 'ignore'
[0.115s] Level 1:colcon.colcon_core.package_identification:_identify(pkg-tbot/docker-image) by extension 'ignore_ament_install'
[0.115s] Level 1:colcon.colcon_core.package_identification:_identify(pkg-tbot/docker-image) by extensions ['colcon_pkg']
[0.115s] Level 1:colcon.colcon_core.package_identification:_identify(pkg-tbot/docker-image) by extension 'colcon_pkg'
[0.115s] Level 1:colcon.colcon_core.package_identification:_identify(pkg-tbot/docker-image) by extensions ['colcon_meta']
[0.115s] Level 1:colcon.colcon_core.package_identification:_identify(pkg-tbot/docker-image) by extension 'colcon_meta'
[0.115s] Level 1:colcon.colcon_core.package_identification:_identify(pkg-tbot/docker-image) by extensions ['ros']
[0.115s] Level 1:colcon.colcon_core.package_identification:_identify(pkg-tbot/docker-image) by extension 'ros'
[0.115s] Level 1:colcon.colcon_core.package_identification:_identify(pkg-tbot/docker-image) by extensions ['cmake', 'python']
[0.115s] Level 1:colcon.colcon_core.package_identification:_identify(pkg-tbot/docker-image) by extension 'cmake'
[0.115s] Level 1:colcon.colcon_core.package_identification:_identify(pkg-tbot/docker-image) by extension 'python'
[0.115s] Level 1:colcon.colcon_core.package_identification:_identify(pkg-tbot/docker-image) by extensions ['python_setup_py']
[0.115s] Level 1:colcon.colcon_core.package_identification:_identify(pkg-tbot/docker-image) by extension 'python_setup_py'
[0.115s] Level 1:colcon.colcon_core.package_identification:_identify(pkg-tbot/docker-image/kobuki) by extensions ['ignore', 'ignore_ament_install']
[0.115s] Level 1:colcon.colcon_core.package_identification:_identify(pkg-tbot/docker-image/kobuki) by extension 'ignore'
[0.115s] Level 1:colcon.colcon_core.package_identification:_identify(pkg-tbot/docker-image/kobuki) by extension 'ignore_ament_install'
[0.115s] Level 1:colcon.colcon_core.package_identification:_identify(pkg-tbot/docker-image/kobuki) by extensions ['colcon_pkg']
[0.115s] Level 1:colcon.colcon_core.package_identification:_identify(pkg-tbot/docker-image/kobuki) by extension 'colcon_pkg'
[0.115s] Level 1:colcon.colcon_core.package_identification:_identify(pkg-tbot/docker-image/kobuki) by extensions ['colcon_meta']
[0.115s] Level 1:colcon.colcon_core.package_identification:_identify(pkg-tbot/docker-image/kobuki) by extension 'colcon_meta'
[0.115s] Level 1:colcon.colcon_core.package_identification:_identify(pkg-tbot/docker-image/kobuki) by extensions ['ros']
[0.115s] Level 1:colcon.colcon_core.package_identification:_identify(pkg-tbot/docker-image/kobuki) by extension 'ros'
[0.115s] Level 1:colcon.colcon_core.package_identification:_identify(pkg-tbot/docker-image/kobuki) by extensions ['cmake', 'python']
[0.115s] Level 1:colcon.colcon_core.package_identification:_identify(pkg-tbot/docker-image/kobuki) by extension 'cmake'
[0.115s] Level 1:colcon.colcon_core.package_identification:_identify(pkg-tbot/docker-image/kobuki) by extension 'python'
[0.116s] Level 1:colcon.colcon_core.package_identification:_identify(pkg-tbot/docker-image/kobuki) by extensions ['python_setup_py']
[0.116s] Level 1:colcon.colcon_core.package_identification:_identify(pkg-tbot/docker-image/kobuki) by extension 'python_setup_py'
[0.116s] Level 1:colcon.colcon_core.package_identification:_identify(pkg-tbot/docker-image/kobuki/bot) by extensions ['ignore', 'ignore_ament_install']
[0.116s] Level 1:colcon.colcon_core.package_identification:_identify(pkg-tbot/docker-image/kobuki/bot) by extension 'ignore'
[0.116s] Level 1:colcon.colcon_core.package_identification:_identify(pkg-tbot/docker-image/kobuki/bot) by extension 'ignore_ament_install'
[0.116s] Level 1:colcon.colcon_core.package_identification:_identify(pkg-tbot/docker-image/kobuki/bot) by extensions ['colcon_pkg']
[0.116s] Level 1:colcon.colcon_core.package_identification:_identify(pkg-tbot/docker-image/kobuki/bot) by extension 'colcon_pkg'
[0.116s] Level 1:colcon.colcon_core.package_identification:_identify(pkg-tbot/docker-image/kobuki/bot) by extensions ['colcon_meta']
[0.116s] Level 1:colcon.colcon_core.package_identification:_identify(pkg-tbot/docker-image/kobuki/bot) by extension 'colcon_meta'
[0.116s] Level 1:colcon.colcon_core.package_identification:_identify(pkg-tbot/docker-image/kobuki/bot) by extensions ['ros']
[0.116s] Level 1:colcon.colcon_core.package_identification:_identify(pkg-tbot/docker-image/kobuki/bot) by extension 'ros'
[0.116s] Level 1:colcon.colcon_core.package_identification:_identify(pkg-tbot/docker-image/kobuki/bot) by extensions ['cmake', 'python']
[0.116s] Level 1:colcon.colcon_core.package_identification:_identify(pkg-tbot/docker-image/kobuki/bot) by extension 'cmake'
[0.116s] Level 1:colcon.colcon_core.package_identification:_identify(pkg-tbot/docker-image/kobuki/bot) by extension 'python'
[0.116s] Level 1:colcon.colcon_core.package_identification:_identify(pkg-tbot/docker-image/kobuki/bot) by extensions ['python_setup_py']
[0.116s] Level 1:colcon.colcon_core.package_identification:_identify(pkg-tbot/docker-image/kobuki/bot) by extension 'python_setup_py'
[0.116s] Level 1:colcon.colcon_core.package_identification:_identify(pkg-tbot/docker-image/mb6u16) by extensions ['ignore', 'ignore_ament_install']
[0.116s] Level 1:colcon.colcon_core.package_identification:_identify(pkg-tbot/docker-image/mb6u16) by extension 'ignore'
[0.116s] Level 1:colcon.colcon_core.package_identification:_identify(pkg-tbot/docker-image/mb6u16) by extension 'ignore_ament_install'
[0.116s] Level 1:colcon.colcon_core.package_identification:_identify(pkg-tbot/docker-image/mb6u16) by extensions ['colcon_pkg']
[0.116s] Level 1:colcon.colcon_core.package_identification:_identify(pkg-tbot/docker-image/mb6u16) by extension 'colcon_pkg'
[0.116s] Level 1:colcon.colcon_core.package_identification:_identify(pkg-tbot/docker-image/mb6u16) by extensions ['colcon_meta']
[0.116s] Level 1:colcon.colcon_core.package_identification:_identify(pkg-tbot/docker-image/mb6u16) by extension 'colcon_meta'
[0.116s] Level 1:colcon.colcon_core.package_identification:_identify(pkg-tbot/docker-image/mb6u16) by extensions ['ros']
[0.116s] Level 1:colcon.colcon_core.package_identification:_identify(pkg-tbot/docker-image/mb6u16) by extension 'ros'
[0.116s] Level 1:colcon.colcon_core.package_identification:_identify(pkg-tbot/docker-image/mb6u16) by extensions ['cmake', 'python']
[0.116s] Level 1:colcon.colcon_core.package_identification:_identify(pkg-tbot/docker-image/mb6u16) by extension 'cmake'
[0.116s] Level 1:colcon.colcon_core.package_identification:_identify(pkg-tbot/docker-image/mb6u16) by extension 'python'
[0.116s] Level 1:colcon.colcon_core.package_identification:_identify(pkg-tbot/docker-image/mb6u16) by extensions ['python_setup_py']
[0.116s] Level 1:colcon.colcon_core.package_identification:_identify(pkg-tbot/docker-image/mb6u16) by extension 'python_setup_py'
[0.116s] Level 1:colcon.colcon_core.package_identification:_identify(pkg-tbot/docs) by extensions ['ignore', 'ignore_ament_install']
[0.116s] Level 1:colcon.colcon_core.package_identification:_identify(pkg-tbot/docs) by extension 'ignore'
[0.116s] Level 1:colcon.colcon_core.package_identification:_identify(pkg-tbot/docs) by extension 'ignore_ament_install'
[0.116s] Level 1:colcon.colcon_core.package_identification:_identify(pkg-tbot/docs) by extensions ['colcon_pkg']
[0.116s] Level 1:colcon.colcon_core.package_identification:_identify(pkg-tbot/docs) by extension 'colcon_pkg'
[0.117s] Level 1:colcon.colcon_core.package_identification:_identify(pkg-tbot/docs) by extensions ['colcon_meta']
[0.117s] Level 1:colcon.colcon_core.package_identification:_identify(pkg-tbot/docs) by extension 'colcon_meta'
[0.117s] Level 1:colcon.colcon_core.package_identification:_identify(pkg-tbot/docs) by extensions ['ros']
[0.117s] Level 1:colcon.colcon_core.package_identification:_identify(pkg-tbot/docs) by extension 'ros'
[0.117s] Level 1:colcon.colcon_core.package_identification:_identify(pkg-tbot/docs) by extensions ['cmake', 'python']
[0.117s] Level 1:colcon.colcon_core.package_identification:_identify(pkg-tbot/docs) by extension 'cmake'
[0.117s] Level 1:colcon.colcon_core.package_identification:_identify(pkg-tbot/docs) by extension 'python'
[0.117s] Level 1:colcon.colcon_core.package_identification:_identify(pkg-tbot/docs) by extensions ['python_setup_py']
[0.117s] Level 1:colcon.colcon_core.package_identification:_identify(pkg-tbot/docs) by extension 'python_setup_py'
[0.117s] Level 1:colcon.colcon_core.package_identification:_identify(pkg-tbot/dpd) by extensions ['ignore', 'ignore_ament_install']
[0.117s] Level 1:colcon.colcon_core.package_identification:_identify(pkg-tbot/dpd) by extension 'ignore'
[0.117s] Level 1:colcon.colcon_core.package_identification:_identify(pkg-tbot/dpd) by extension 'ignore_ament_install'
[0.117s] Level 1:colcon.colcon_core.package_identification:_identify(pkg-tbot/dpd) by extensions ['colcon_pkg']
[0.117s] Level 1:colcon.colcon_core.package_identification:_identify(pkg-tbot/dpd) by extension 'colcon_pkg'
[0.117s] Level 1:colcon.colcon_core.package_identification:_identify(pkg-tbot/dpd) by extensions ['colcon_meta']
[0.117s] Level 1:colcon.colcon_core.package_identification:_identify(pkg-tbot/dpd) by extension 'colcon_meta'
[0.117s] Level 1:colcon.colcon_core.package_identification:_identify(pkg-tbot/dpd) by extensions ['ros']
[0.117s] Level 1:colcon.colcon_core.package_identification:_identify(pkg-tbot/dpd) by extension 'ros'
[0.117s] Level 1:colcon.colcon_core.package_identification:_identify(pkg-tbot/dpd) by extensions ['cmake', 'python']
[0.117s] Level 1:colcon.colcon_core.package_identification:_identify(pkg-tbot/dpd) by extension 'cmake'
[0.117s] Level 1:colcon.colcon_core.package_identification:_identify(pkg-tbot/dpd) by extension 'python'
[0.117s] Level 1:colcon.colcon_core.package_identification:_identify(pkg-tbot/dpd) by extensions ['python_setup_py']
[0.117s] Level 1:colcon.colcon_core.package_identification:_identify(pkg-tbot/dpd) by extension 'python_setup_py'
[0.117s] Level 1:colcon.colcon_core.package_identification:_identify(pkg-tbot/install) by extensions ['ignore', 'ignore_ament_install']
[0.117s] Level 1:colcon.colcon_core.package_identification:_identify(pkg-tbot/install) by extension 'ignore'
[0.117s] Level 1:colcon.colcon_core.package_identification:_identify(pkg-tbot/install) ignored
[0.117s] Level 1:colcon.colcon_core.package_identification:_identify(pkg-tbot/log) by extensions ['ignore', 'ignore_ament_install']
[0.117s] Level 1:colcon.colcon_core.package_identification:_identify(pkg-tbot/log) by extension 'ignore'
[0.117s] Level 1:colcon.colcon_core.package_identification:_identify(pkg-tbot/log) ignored
[0.117s] Level 1:colcon.colcon_core.package_identification:_identify(pkg-tbot/script) by extensions ['ignore', 'ignore_ament_install']
[0.117s] Level 1:colcon.colcon_core.package_identification:_identify(pkg-tbot/script) by extension 'ignore'
[0.117s] Level 1:colcon.colcon_core.package_identification:_identify(pkg-tbot/script) by extension 'ignore_ament_install'
[0.117s] Level 1:colcon.colcon_core.package_identification:_identify(pkg-tbot/script) by extensions ['colcon_pkg']
[0.117s] Level 1:colcon.colcon_core.package_identification:_identify(pkg-tbot/script) by extension 'colcon_pkg'
[0.118s] Level 1:colcon.colcon_core.package_identification:_identify(pkg-tbot/script) by extensions ['colcon_meta']
[0.118s] Level 1:colcon.colcon_core.package_identification:_identify(pkg-tbot/script) by extension 'colcon_meta'
[0.118s] Level 1:colcon.colcon_core.package_identification:_identify(pkg-tbot/script) by extensions ['ros']
[0.118s] Level 1:colcon.colcon_core.package_identification:_identify(pkg-tbot/script) by extension 'ros'
[0.118s] Level 1:colcon.colcon_core.package_identification:_identify(pkg-tbot/script) by extensions ['cmake', 'python']
[0.118s] Level 1:colcon.colcon_core.package_identification:_identify(pkg-tbot/script) by extension 'cmake'
[0.118s] Level 1:colcon.colcon_core.package_identification:_identify(pkg-tbot/script) by extension 'python'
[0.118s] Level 1:colcon.colcon_core.package_identification:_identify(pkg-tbot/script) by extensions ['python_setup_py']
[0.118s] Level 1:colcon.colcon_core.package_identification:_identify(pkg-tbot/script) by extension 'python_setup_py'
[0.118s] Level 1:colcon.colcon_core.package_identification:_identify(pkg-tbot/tbot_pytools) by extensions ['ignore', 'ignore_ament_install']
[0.118s] Level 1:colcon.colcon_core.package_identification:_identify(pkg-tbot/tbot_pytools) by extension 'ignore'
[0.118s] Level 1:colcon.colcon_core.package_identification:_identify(pkg-tbot/tbot_pytools) by extension 'ignore_ament_install'
[0.118s] Level 1:colcon.colcon_core.package_identification:_identify(pkg-tbot/tbot_pytools) by extensions ['colcon_pkg']
[0.118s] Level 1:colcon.colcon_core.package_identification:_identify(pkg-tbot/tbot_pytools) by extension 'colcon_pkg'
[0.118s] Level 1:colcon.colcon_core.package_identification:_identify(pkg-tbot/tbot_pytools) by extensions ['colcon_meta']
[0.118s] Level 1:colcon.colcon_core.package_identification:_identify(pkg-tbot/tbot_pytools) by extension 'colcon_meta'
[0.118s] Level 1:colcon.colcon_core.package_identification:_identify(pkg-tbot/tbot_pytools) by extensions ['ros']
[0.118s] Level 1:colcon.colcon_core.package_identification:_identify(pkg-tbot/tbot_pytools) by extension 'ros'
[0.120s] DEBUG:colcon.colcon_core.package_identification:Package 'pkg-tbot/tbot_pytools' with type 'ros.ament_python' and name 'tbot_pytools'
[0.120s] Level 1:colcon.colcon_core.package_identification:_identify(pkg-tbot/tbot_sim) by extensions ['ignore', 'ignore_ament_install']
[0.120s] Level 1:colcon.colcon_core.package_identification:_identify(pkg-tbot/tbot_sim) by extension 'ignore'
[0.120s] Level 1:colcon.colcon_core.package_identification:_identify(pkg-tbot/tbot_sim) by extension 'ignore_ament_install'
[0.120s] Level 1:colcon.colcon_core.package_identification:_identify(pkg-tbot/tbot_sim) by extensions ['colcon_pkg']
[0.120s] Level 1:colcon.colcon_core.package_identification:_identify(pkg-tbot/tbot_sim) by extension 'colcon_pkg'
[0.120s] Level 1:colcon.colcon_core.package_identification:_identify(pkg-tbot/tbot_sim) by extensions ['colcon_meta']
[0.120s] Level 1:colcon.colcon_core.package_identification:_identify(pkg-tbot/tbot_sim) by extension 'colcon_meta'
[0.120s] Level 1:colcon.colcon_core.package_identification:_identify(pkg-tbot/tbot_sim) by extensions ['ros']
[0.120s] Level 1:colcon.colcon_core.package_identification:_identify(pkg-tbot/tbot_sim) by extension 'ros'
[0.120s] DEBUG:colcon.colcon_core.package_identification:Package 'pkg-tbot/tbot_sim' with type 'ros.ament_cmake' and name 'tbot_sim'
[0.121s] Level 1:colcon.colcon_core.package_identification:_identify(pkg-tbot/tbot_start) by extensions ['ignore', 'ignore_ament_install']
[0.121s] Level 1:colcon.colcon_core.package_identification:_identify(pkg-tbot/tbot_start) by extension 'ignore'
[0.121s] Level 1:colcon.colcon_core.package_identification:_identify(pkg-tbot/tbot_start) by extension 'ignore_ament_install'
[0.121s] Level 1:colcon.colcon_core.package_identification:_identify(pkg-tbot/tbot_start) by extensions ['colcon_pkg']
[0.121s] Level 1:colcon.colcon_core.package_identification:_identify(pkg-tbot/tbot_start) by extension 'colcon_pkg'
[0.121s] Level 1:colcon.colcon_core.package_identification:_identify(pkg-tbot/tbot_start) by extensions ['colcon_meta']
[0.121s] Level 1:colcon.colcon_core.package_identification:_identify(pkg-tbot/tbot_start) by extension 'colcon_meta'
[0.121s] Level 1:colcon.colcon_core.package_identification:_identify(pkg-tbot/tbot_start) by extensions ['ros']
[0.121s] Level 1:colcon.colcon_core.package_identification:_identify(pkg-tbot/tbot_start) by extension 'ros'
[0.121s] DEBUG:colcon.colcon_core.package_identification:Package 'pkg-tbot/tbot_start' with type 'ros.ament_cmake' and name 'tbot_start'
[0.121s] Level 1:colcon.colcon_core.package_identification:_identify(src) by extensions ['ignore', 'ignore_ament_install']
[0.121s] Level 1:colcon.colcon_core.package_identification:_identify(src) by extension 'ignore'
[0.121s] Level 1:colcon.colcon_core.package_identification:_identify(src) by extension 'ignore_ament_install'
[0.121s] Level 1:colcon.colcon_core.package_identification:_identify(src) by extensions ['colcon_pkg']
[0.121s] Level 1:colcon.colcon_core.package_identification:_identify(src) by extension 'colcon_pkg'
[0.121s] Level 1:colcon.colcon_core.package_identification:_identify(src) by extensions ['colcon_meta']
[0.121s] Level 1:colcon.colcon_core.package_identification:_identify(src) by extension 'colcon_meta'
[0.121s] Level 1:colcon.colcon_core.package_identification:_identify(src) by extensions ['ros']
[0.121s] Level 1:colcon.colcon_core.package_identification:_identify(src) by extension 'ros'
[0.121s] Level 1:colcon.colcon_core.package_identification:_identify(src) by extensions ['cmake', 'python']
[0.121s] Level 1:colcon.colcon_core.package_identification:_identify(src) by extension 'cmake'
[0.121s] Level 1:colcon.colcon_core.package_identification:_identify(src) by extension 'python'
[0.121s] Level 1:colcon.colcon_core.package_identification:_identify(src) by extensions ['python_setup_py']
[0.121s] Level 1:colcon.colcon_core.package_identification:_identify(src) by extension 'python_setup_py'
[0.121s] Level 1:colcon.colcon_core.package_identification:_identify(src/ros_tutorials) by extensions ['ignore', 'ignore_ament_install']
[0.122s] Level 1:colcon.colcon_core.package_identification:_identify(src/ros_tutorials) by extension 'ignore'
[0.122s] Level 1:colcon.colcon_core.package_identification:_identify(src/ros_tutorials) by extension 'ignore_ament_install'
[0.122s] Level 1:colcon.colcon_core.package_identification:_identify(src/ros_tutorials) by extensions ['colcon_pkg']
[0.122s] Level 1:colcon.colcon_core.package_identification:_identify(src/ros_tutorials) by extension 'colcon_pkg'
[0.122s] Level 1:colcon.colcon_core.package_identification:_identify(src/ros_tutorials) by extensions ['colcon_meta']
[0.122s] Level 1:colcon.colcon_core.package_identification:_identify(src/ros_tutorials) by extension 'colcon_meta'
[0.122s] Level 1:colcon.colcon_core.package_identification:_identify(src/ros_tutorials) by extensions ['ros']
[0.122s] Level 1:colcon.colcon_core.package_identification:_identify(src/ros_tutorials) by extension 'ros'
[0.122s] Level 1:colcon.colcon_core.package_identification:_identify(src/ros_tutorials) by extensions ['cmake', 'python']
[0.122s] Level 1:colcon.colcon_core.package_identification:_identify(src/ros_tutorials) by extension 'cmake'
[0.122s] Level 1:colcon.colcon_core.package_identification:_identify(src/ros_tutorials) by extension 'python'
[0.122s] Level 1:colcon.colcon_core.package_identification:_identify(src/ros_tutorials) by extensions ['python_setup_py']
[0.122s] Level 1:colcon.colcon_core.package_identification:_identify(src/ros_tutorials) by extension 'python_setup_py'
[0.122s] Level 1:colcon.colcon_core.package_identification:_identify(src/ros_tutorials/ros_tutorials) by extensions ['ignore', 'ignore_ament_install']
[0.122s] Level 1:colcon.colcon_core.package_identification:_identify(src/ros_tutorials/ros_tutorials) by extension 'ignore'
[0.122s] Level 1:colcon.colcon_core.package_identification:_identify(src/ros_tutorials/ros_tutorials) ignored
[0.122s] Level 1:colcon.colcon_core.package_identification:_identify(src/ros_tutorials/roscpp_tutorials) by extensions ['ignore', 'ignore_ament_install']
[0.122s] Level 1:colcon.colcon_core.package_identification:_identify(src/ros_tutorials/roscpp_tutorials) by extension 'ignore'
[0.122s] Level 1:colcon.colcon_core.package_identification:_identify(src/ros_tutorials/roscpp_tutorials) ignored
[0.122s] Level 1:colcon.colcon_core.package_identification:_identify(src/ros_tutorials/rospy_tutorials) by extensions ['ignore', 'ignore_ament_install']
[0.122s] Level 1:colcon.colcon_core.package_identification:_identify(src/ros_tutorials/rospy_tutorials) by extension 'ignore'
[0.122s] Level 1:colcon.colcon_core.package_identification:_identify(src/ros_tutorials/rospy_tutorials) ignored
[0.122s] Level 1:colcon.colcon_core.package_identification:_identify(src/ros_tutorials/turtlesim) by extensions ['ignore', 'ignore_ament_install']
[0.122s] Level 1:colcon.colcon_core.package_identification:_identify(src/ros_tutorials/turtlesim) by extension 'ignore'
[0.122s] Level 1:colcon.colcon_core.package_identification:_identify(src/ros_tutorials/turtlesim) by extension 'ignore_ament_install'
[0.122s] Level 1:colcon.colcon_core.package_identification:_identify(src/ros_tutorials/turtlesim) by extensions ['colcon_pkg']
[0.122s] Level 1:colcon.colcon_core.package_identification:_identify(src/ros_tutorials/turtlesim) by extension 'colcon_pkg'
[0.122s] Level 1:colcon.colcon_core.package_identification:_identify(src/ros_tutorials/turtlesim) by extensions ['colcon_meta']
[0.122s] Level 1:colcon.colcon_core.package_identification:_identify(src/ros_tutorials/turtlesim) by extension 'colcon_meta'
[0.122s] Level 1:colcon.colcon_core.package_identification:_identify(src/ros_tutorials/turtlesim) by extensions ['ros']
[0.122s] Level 1:colcon.colcon_core.package_identification:_identify(src/ros_tutorials/turtlesim) by extension 'ros'
[0.123s] DEBUG:colcon.colcon_core.package_identification:Package 'src/ros_tutorials/turtlesim' with type 'ros.ament_cmake' and name 'turtlesim'
[0.123s] Level 1:colcon.colcon_core.package_identification:_identify(tuto_sim) by extensions ['ignore', 'ignore_ament_install']
[0.128s] Level 1:colcon.colcon_core.package_identification:_identify(tuto_sim) by extension 'ignore'
[0.128s] Level 1:colcon.colcon_core.package_identification:_identify(tuto_sim) by extension 'ignore_ament_install'
[0.128s] Level 1:colcon.colcon_core.package_identification:_identify(tuto_sim) by extensions ['colcon_pkg']
[0.128s] Level 1:colcon.colcon_core.package_identification:_identify(tuto_sim) by extension 'colcon_pkg'
[0.128s] Level 1:colcon.colcon_core.package_identification:_identify(tuto_sim) by extensions ['colcon_meta']
[0.128s] Level 1:colcon.colcon_core.package_identification:_identify(tuto_sim) by extension 'colcon_meta'
[0.128s] Level 1:colcon.colcon_core.package_identification:_identify(tuto_sim) by extensions ['ros']
[0.128s] Level 1:colcon.colcon_core.package_identification:_identify(tuto_sim) by extension 'ros'
[0.129s] DEBUG:colcon.colcon_core.package_identification:Package 'tuto_sim' with type 'ros.ament_python' and name 'tuto_sim'
[0.129s] Level 1:colcon.colcon_core.package_discovery:discover_packages(recursive) using defaults
[0.129s] Level 1:colcon.colcon_core.package_discovery:discover_packages(ignore) discover
[0.129s] Level 1:colcon.colcon_core.package_discovery:discover_packages(ignore) using defaults
[0.129s] Level 1:colcon.colcon_core.package_discovery:discover_packages(path) discover
[0.129s] Level 1:colcon.colcon_core.package_discovery:discover_packages(path) using defaults
[0.141s] Level 1:colcon.colcon_core.package_discovery:discover_packages(prefix_path) check parameters
[0.141s] Level 1:colcon.colcon_core.package_discovery:discover_packages(prefix_path) discover
[0.142s] DEBUG:colcon.colcon_installed_package_information.package_discovery:Found 5 installed packages in /home/bot/ros2_ws/install
[0.144s] DEBUG:colcon.colcon_installed_package_information.package_discovery:Found 312 installed packages in /opt/ros/foxy
[0.145s] Level 1:colcon.colcon_core.package_discovery:discover_packages(prefix_path) using defaults
[0.189s] WARNING:colcon.colcon_core.package_selection:Some selected packages are already built in one or more underlay workspaces:
	'turtlesim' is in: /home/bot/ros2_ws/install/turtlesim, /opt/ros/foxy
If a package in a merged underlay workspace is overridden and it installs headers, then all packages in the overlay must sort their include directories by workspace order. Failure to do so may result in build failures or undefined behavior at run time.
If the overridden package is used by another package in any underlay, then the overriding package in the overlay must be API and ABI compatible or undefined behavior at run time may occur.

If you understand the risks and want to override a package anyways, add the following to the command line:
	--allow-overriding turtlesim

This may be promoted to an error in a future release of colcon-override-check.
[0.190s] Level 5:colcon.colcon_core.verb:set package 'tbot_pytools' build argument 'cmake_args' from command line to 'None'
[0.190s] Level 5:colcon.colcon_core.verb:set package 'tbot_pytools' build argument 'cmake_target' from command line to 'None'
[0.190s] Level 5:colcon.colcon_core.verb:set package 'tbot_pytools' build argument 'cmake_target_skip_unavailable' from command line to 'False'
[0.190s] Level 5:colcon.colcon_core.verb:set package 'tbot_pytools' build argument 'cmake_clean_cache' from command line to 'False'
[0.190s] Level 5:colcon.colcon_core.verb:set package 'tbot_pytools' build argument 'cmake_clean_first' from command line to 'False'
[0.190s] Level 5:colcon.colcon_core.verb:set package 'tbot_pytools' build argument 'cmake_force_configure' from command line to 'False'
[0.190s] Level 5:colcon.colcon_core.verb:set package 'tbot_pytools' build argument 'ament_cmake_args' from command line to 'None'
[0.190s] Level 5:colcon.colcon_core.verb:set package 'tbot_pytools' build argument 'catkin_cmake_args' from command line to 'None'
[0.190s] Level 5:colcon.colcon_core.verb:set package 'tbot_pytools' build argument 'catkin_skip_building_tests' from command line to 'False'
[0.190s] DEBUG:colcon.colcon_core.verb:Building package 'tbot_pytools' with the following arguments: {'ament_cmake_args': None, 'build_base': '/home/bot/ros2_ws/build/tbot_pytools', 'catkin_cmake_args': None, 'catkin_skip_building_tests': False, 'cmake_args': None, 'cmake_clean_cache': False, 'cmake_clean_first': False, 'cmake_force_configure': False, 'cmake_target': None, 'cmake_target_skip_unavailable': False, 'install_base': '/home/bot/ros2_ws/install/tbot_pytools', 'merge_install': False, 'path': '/home/bot/ros2_ws/pkg-tbot/tbot_pytools', 'symlink_install': False, 'test_result_base': None}
[0.190s] Level 5:colcon.colcon_core.verb:set package 'tbot_sim' build argument 'cmake_args' from command line to 'None'
[0.190s] Level 5:colcon.colcon_core.verb:set package 'tbot_sim' build argument 'cmake_target' from command line to 'None'
[0.190s] Level 5:colcon.colcon_core.verb:set package 'tbot_sim' build argument 'cmake_target_skip_unavailable' from command line to 'False'
[0.190s] Level 5:colcon.colcon_core.verb:set package 'tbot_sim' build argument 'cmake_clean_cache' from command line to 'False'
[0.190s] Level 5:colcon.colcon_core.verb:set package 'tbot_sim' build argument 'cmake_clean_first' from command line to 'False'
[0.190s] Level 5:colcon.colcon_core.verb:set package 'tbot_sim' build argument 'cmake_force_configure' from command line to 'False'
[0.190s] Level 5:colcon.colcon_core.verb:set package 'tbot_sim' build argument 'ament_cmake_args' from command line to 'None'
[0.191s] Level 5:colcon.colcon_core.verb:set package 'tbot_sim' build argument 'catkin_cmake_args' from command line to 'None'
[0.191s] Level 5:colcon.colcon_core.verb:set package 'tbot_sim' build argument 'catkin_skip_building_tests' from command line to 'False'
[0.191s] DEBUG:colcon.colcon_core.verb:Building package 'tbot_sim' with the following arguments: {'ament_cmake_args': None, 'build_base': '/home/bot/ros2_ws/build/tbot_sim', 'catkin_cmake_args': None, 'catkin_skip_building_tests': False, 'cmake_args': None, 'cmake_clean_cache': False, 'cmake_clean_first': False, 'cmake_force_configure': False, 'cmake_target': None, 'cmake_target_skip_unavailable': False, 'install_base': '/home/bot/ros2_ws/install/tbot_sim', 'merge_install': False, 'path': '/home/bot/ros2_ws/pkg-tbot/tbot_sim', 'symlink_install': False, 'test_result_base': None}
[0.191s] Level 5:colcon.colcon_core.verb:set package 'tbot_start' build argument 'cmake_args' from command line to 'None'
[0.191s] Level 5:colcon.colcon_core.verb:set package 'tbot_start' build argument 'cmake_target' from command line to 'None'
[0.191s] Level 5:colcon.colcon_core.verb:set package 'tbot_start' build argument 'cmake_target_skip_unavailable' from command line to 'False'
[0.191s] Level 5:colcon.colcon_core.verb:set package 'tbot_start' build argument 'cmake_clean_cache' from command line to 'False'
[0.191s] Level 5:colcon.colcon_core.verb:set package 'tbot_start' build argument 'cmake_clean_first' from command line to 'False'
[0.191s] Level 5:colcon.colcon_core.verb:set package 'tbot_start' build argument 'cmake_force_configure' from command line to 'False'
[0.191s] Level 5:colcon.colcon_core.verb:set package 'tbot_start' build argument 'ament_cmake_args' from command line to 'None'
[0.191s] Level 5:colcon.colcon_core.verb:set package 'tbot_start' build argument 'catkin_cmake_args' from command line to 'None'
[0.191s] Level 5:colcon.colcon_core.verb:set package 'tbot_start' build argument 'catkin_skip_building_tests' from command line to 'False'
[0.191s] DEBUG:colcon.colcon_core.verb:Building package 'tbot_start' with the following arguments: {'ament_cmake_args': None, 'build_base': '/home/bot/ros2_ws/build/tbot_start', 'catkin_cmake_args': None, 'catkin_skip_building_tests': False, 'cmake_args': None, 'cmake_clean_cache': False, 'cmake_clean_first': False, 'cmake_force_configure': False, 'cmake_target': None, 'cmake_target_skip_unavailable': False, 'install_base': '/home/bot/ros2_ws/install/tbot_start', 'merge_install': False, 'path': '/home/bot/ros2_ws/pkg-tbot/tbot_start', 'symlink_install': False, 'test_result_base': None}
[0.192s] Level 5:colcon.colcon_core.verb:set package 'turtlesim' build argument 'cmake_args' from command line to 'None'
[0.192s] Level 5:colcon.colcon_core.verb:set package 'turtlesim' build argument 'cmake_target' from command line to 'None'
[0.192s] Level 5:colcon.colcon_core.verb:set package 'turtlesim' build argument 'cmake_target_skip_unavailable' from command line to 'False'
[0.192s] Level 5:colcon.colcon_core.verb:set package 'turtlesim' build argument 'cmake_clean_cache' from command line to 'False'
[0.192s] Level 5:colcon.colcon_core.verb:set package 'turtlesim' build argument 'cmake_clean_first' from command line to 'False'
[0.192s] Level 5:colcon.colcon_core.verb:set package 'turtlesim' build argument 'cmake_force_configure' from command line to 'False'
[0.192s] Level 5:colcon.colcon_core.verb:set package 'turtlesim' build argument 'ament_cmake_args' from command line to 'None'
[0.192s] Level 5:colcon.colcon_core.verb:set package 'turtlesim' build argument 'catkin_cmake_args' from command line to 'None'
[0.192s] Level 5:colcon.colcon_core.verb:set package 'turtlesim' build argument 'catkin_skip_building_tests' from command line to 'False'
[0.192s] DEBUG:colcon.colcon_core.verb:Building package 'turtlesim' with the following arguments: {'ament_cmake_args': None, 'build_base': '/home/bot/ros2_ws/build/turtlesim', 'catkin_cmake_args': None, 'catkin_skip_building_tests': False, 'cmake_args': None, 'cmake_clean_cache': False, 'cmake_clean_first': False, 'cmake_force_configure': False, 'cmake_target': None, 'cmake_target_skip_unavailable': False, 'install_base': '/home/bot/ros2_ws/install/turtlesim', 'merge_install': False, 'path': '/home/bot/ros2_ws/src/ros_tutorials/turtlesim', 'symlink_install': False, 'test_result_base': None}
[0.192s] Level 5:colcon.colcon_core.verb:set package 'tuto_sim' build argument 'cmake_args' from command line to 'None'
[0.192s] Level 5:colcon.colcon_core.verb:set package 'tuto_sim' build argument 'cmake_target' from command line to 'None'
[0.193s] Level 5:colcon.colcon_core.verb:set package 'tuto_sim' build argument 'cmake_target_skip_unavailable' from command line to 'False'
[0.193s] Level 5:colcon.colcon_core.verb:set package 'tuto_sim' build argument 'cmake_clean_cache' from command line to 'False'
[0.193s] Level 5:colcon.colcon_core.verb:set package 'tuto_sim' build argument 'cmake_clean_first' from command line to 'False'
[0.193s] Level 5:colcon.colcon_core.verb:set package 'tuto_sim' build argument 'cmake_force_configure' from command line to 'False'
[0.193s] Level 5:colcon.colcon_core.verb:set package 'tuto_sim' build argument 'ament_cmake_args' from command line to 'None'
[0.193s] Level 5:colcon.colcon_core.verb:set package 'tuto_sim' build argument 'catkin_cmake_args' from command line to 'None'
[0.193s] Level 5:colcon.colcon_core.verb:set package 'tuto_sim' build argument 'catkin_skip_building_tests' from command line to 'False'
[0.193s] DEBUG:colcon.colcon_core.verb:Building package 'tuto_sim' with the following arguments: {'ament_cmake_args': None, 'build_base': '/home/bot/ros2_ws/build/tuto_sim', 'catkin_cmake_args': None, 'catkin_skip_building_tests': False, 'cmake_args': None, 'cmake_clean_cache': False, 'cmake_clean_first': False, 'cmake_force_configure': False, 'cmake_target': None, 'cmake_target_skip_unavailable': False, 'install_base': '/home/bot/ros2_ws/install/tuto_sim', 'merge_install': False, 'path': '/home/bot/ros2_ws/tuto_sim', 'symlink_install': False, 'test_result_base': None}
[0.193s] INFO:colcon.colcon_core.executor:Executing jobs using 'parallel' executor
[0.195s] DEBUG:colcon.colcon_parallel_executor.executor.parallel:run_until_complete
[0.196s] INFO:colcon.colcon_ros.task.ament_python.build:Building ROS package in '/home/bot/ros2_ws/pkg-tbot/tbot_pytools' with build type 'ament_python'
[0.196s] Level 1:colcon.colcon_core.shell:create_environment_hook('tbot_pytools', 'ament_prefix_path')
[0.198s] INFO:colcon.colcon_core.plugin_system:Skipping extension 'colcon_core.shell.bat': Not used on non-Windows systems
[0.198s] INFO:colcon.colcon_core.shell:Creating environment hook '/home/bot/ros2_ws/install/tbot_pytools/share/tbot_pytools/hook/ament_prefix_path.ps1'
[0.199s] INFO:colcon.colcon_core.shell:Creating environment descriptor '/home/bot/ros2_ws/install/tbot_pytools/share/tbot_pytools/hook/ament_prefix_path.dsv'
[0.199s] INFO:colcon.colcon_core.shell:Creating environment hook '/home/bot/ros2_ws/install/tbot_pytools/share/tbot_pytools/hook/ament_prefix_path.sh'
[0.200s] INFO:colcon.colcon_core.shell:Skip shell extension 'powershell' for command environment: Not usable outside of PowerShell
[0.200s] DEBUG:colcon.colcon_core.shell:Skip shell extension 'dsv' for command environment
[0.204s] INFO:colcon.colcon_ros.task.ament_cmake.build:Building ROS package in '/home/bot/ros2_ws/pkg-tbot/tbot_sim' with build type 'ament_cmake'
[0.204s] INFO:colcon.colcon_cmake.task.cmake.build:Building CMake package in '/home/bot/ros2_ws/pkg-tbot/tbot_sim'
[0.205s] INFO:colcon.colcon_core.shell:Skip shell extension 'powershell' for command environment: Not usable outside of PowerShell
[0.205s] DEBUG:colcon.colcon_core.shell:Skip shell extension 'dsv' for command environment
[0.208s] INFO:colcon.colcon_ros.task.ament_cmake.build:Building ROS package in '/home/bot/ros2_ws/pkg-tbot/tbot_start' with build type 'ament_cmake'
[0.208s] INFO:colcon.colcon_cmake.task.cmake.build:Building CMake package in '/home/bot/ros2_ws/pkg-tbot/tbot_start'
[0.209s] INFO:colcon.colcon_core.shell:Skip shell extension 'powershell' for command environment: Not usable outside of PowerShell
[0.209s] DEBUG:colcon.colcon_core.shell:Skip shell extension 'dsv' for command environment
[0.213s] INFO:colcon.colcon_ros.task.ament_cmake.build:Building ROS package in '/home/bot/ros2_ws/src/ros_tutorials/turtlesim' with build type 'ament_cmake'
[0.213s] INFO:colcon.colcon_cmake.task.cmake.build:Building CMake package in '/home/bot/ros2_ws/src/ros_tutorials/turtlesim'
[0.214s] INFO:colcon.colcon_core.shell:Skip shell extension 'powershell' for command environment: Not usable outside of PowerShell
[0.214s] DEBUG:colcon.colcon_core.shell:Skip shell extension 'dsv' for command environment
[0.217s] INFO:colcon.colcon_ros.task.ament_python.build:Building ROS package in '/home/bot/ros2_ws/tuto_sim' with build type 'ament_python'
[0.217s] Level 1:colcon.colcon_core.shell:create_environment_hook('tuto_sim', 'ament_prefix_path')
[0.218s] INFO:colcon.colcon_core.shell:Creating environment hook '/home/bot/ros2_ws/install/tuto_sim/share/tuto_sim/hook/ament_prefix_path.ps1'
[0.218s] INFO:colcon.colcon_core.shell:Creating environment descriptor '/home/bot/ros2_ws/install/tuto_sim/share/tuto_sim/hook/ament_prefix_path.dsv'
[0.218s] INFO:colcon.colcon_core.shell:Creating environment hook '/home/bot/ros2_ws/install/tuto_sim/share/tuto_sim/hook/ament_prefix_path.sh'
[0.219s] INFO:colcon.colcon_core.shell:Skip shell extension 'powershell' for command environment: Not usable outside of PowerShell
[0.219s] DEBUG:colcon.colcon_core.shell:Skip shell extension 'dsv' for command environment
[0.371s] INFO:colcon.colcon_core.task.python.build:Building Python package in '/home/bot/ros2_ws/pkg-tbot/tbot_pytools'
[0.372s] INFO:colcon.colcon_core.shell:Skip shell extension 'powershell' for command environment: Not usable outside of PowerShell
[0.372s] DEBUG:colcon.colcon_core.shell:Skip shell extension 'dsv' for command environment
[0.379s] DEBUG:colcon.colcon_core.event_handler.log_command:Invoking command in '/home/bot/ros2_ws/build/tbot_sim': CMAKE_PREFIX_PATH=${CMAKE_PREFIX_PATH}:/home/bot/ros2_ws/install/tuto_sim:/home/bot/ros2_ws/install/tbot_pytools:/opt/ros/foxy /usr/bin/cmake --build /home/bot/ros2_ws/build/tbot_sim -- -j16 -l16
[0.381s] DEBUG:colcon.colcon_core.event_handler.log_command:Invoking command in '/home/bot/ros2_ws/build/tbot_start': CMAKE_PREFIX_PATH=${CMAKE_PREFIX_PATH}:/home/bot/ros2_ws/install/tuto_sim:/home/bot/ros2_ws/install/tbot_pytools:/opt/ros/foxy /usr/bin/cmake --build /home/bot/ros2_ws/build/tbot_start -- -j16 -l16
[0.383s] DEBUG:colcon.colcon_core.event_handler.log_command:Invoking command in '/home/bot/ros2_ws/build/turtlesim': CMAKE_PREFIX_PATH=${CMAKE_PREFIX_PATH}:/home/bot/ros2_ws/install/tuto_sim:/home/bot/ros2_ws/install/tbot_pytools:/opt/ros/foxy /usr/bin/cmake --build /home/bot/ros2_ws/build/turtlesim -- -j16 -l16
[0.515s] INFO:colcon.colcon_core.task.python.build:Building Python package in '/home/bot/ros2_ws/tuto_sim'
[0.516s] INFO:colcon.colcon_core.shell:Skip shell extension 'powershell' for command environment: Not usable outside of PowerShell
[0.516s] DEBUG:colcon.colcon_core.shell:Skip shell extension 'dsv' for command environment
[0.523s] DEBUG:colcon.colcon_core.event_handler.log_command:Invoked command in '/home/bot/ros2_ws/build/tbot_start' returned '0': CMAKE_PREFIX_PATH=${CMAKE_PREFIX_PATH}:/home/bot/ros2_ws/install/tuto_sim:/home/bot/ros2_ws/install/tbot_pytools:/opt/ros/foxy /usr/bin/cmake --build /home/bot/ros2_ws/build/tbot_start -- -j16 -l16
[0.524s] DEBUG:colcon.colcon_core.event_handler.log_command:Invoked command in '/home/bot/ros2_ws/build/tbot_sim' returned '0': CMAKE_PREFIX_PATH=${CMAKE_PREFIX_PATH}:/home/bot/ros2_ws/install/tuto_sim:/home/bot/ros2_ws/install/tbot_pytools:/opt/ros/foxy /usr/bin/cmake --build /home/bot/ros2_ws/build/tbot_sim -- -j16 -l16
[0.525s] DEBUG:colcon.colcon_core.event_handler.log_command:Invoked command in '/home/bot/ros2_ws/build/turtlesim' returned '0': CMAKE_PREFIX_PATH=${CMAKE_PREFIX_PATH}:/home/bot/ros2_ws/install/tuto_sim:/home/bot/ros2_ws/install/tbot_pytools:/opt/ros/foxy /usr/bin/cmake --build /home/bot/ros2_ws/build/turtlesim -- -j16 -l16
[0.543s] DEBUG:colcon.colcon_core.event_handler.log_command:Invoking command in '/home/bot/ros2_ws/build/tbot_start': CMAKE_PREFIX_PATH=${CMAKE_PREFIX_PATH}:/home/bot/ros2_ws/install/tuto_sim:/home/bot/ros2_ws/install/tbot_pytools:/opt/ros/foxy /usr/bin/cmake --install /home/bot/ros2_ws/build/tbot_start
[0.545s] DEBUG:colcon.colcon_core.event_handler.log_command:Invoking command in '/home/bot/ros2_ws/build/tbot_sim': CMAKE_PREFIX_PATH=${CMAKE_PREFIX_PATH}:/home/bot/ros2_ws/install/tuto_sim:/home/bot/ros2_ws/install/tbot_pytools:/opt/ros/foxy /usr/bin/cmake --install /home/bot/ros2_ws/build/tbot_sim
[0.548s] Level 1:colcon.colcon_core.environment:create_environment_scripts_only(tbot_start)
[0.549s] DEBUG:colcon.colcon_core.event_handler.log_command:Invoked command in '/home/bot/ros2_ws/build/tbot_start' returned '0': CMAKE_PREFIX_PATH=${CMAKE_PREFIX_PATH}:/home/bot/ros2_ws/install/tuto_sim:/home/bot/ros2_ws/install/tbot_pytools:/opt/ros/foxy /usr/bin/cmake --install /home/bot/ros2_ws/build/tbot_start
[0.555s] Level 1:colcon.colcon_core.environment:checking '/home/bot/ros2_ws/install/tbot_start' for CMake module files
[0.556s] Level 1:colcon.colcon_core.environment:checking '/home/bot/ros2_ws/install/tbot_start' for CMake config files
[0.557s] Level 1:colcon.colcon_core.shell:create_environment_hook('tbot_start', 'cmake_prefix_path')
[0.558s] INFO:colcon.colcon_core.shell:Creating environment hook '/home/bot/ros2_ws/install/tbot_start/share/tbot_start/hook/cmake_prefix_path.ps1'
[0.558s] INFO:colcon.colcon_core.shell:Creating environment descriptor '/home/bot/ros2_ws/install/tbot_start/share/tbot_start/hook/cmake_prefix_path.dsv'
[0.559s] INFO:colcon.colcon_core.shell:Creating environment hook '/home/bot/ros2_ws/install/tbot_start/share/tbot_start/hook/cmake_prefix_path.sh'
[0.559s] Level 1:colcon.colcon_core.environment:checking '/home/bot/ros2_ws/install/tbot_start/lib'
[0.559s] Level 1:colcon.colcon_core.environment:checking '/home/bot/ros2_ws/install/tbot_start/bin'
[0.560s] Level 1:colcon.colcon_core.environment:checking '/home/bot/ros2_ws/install/tbot_start/lib/pkgconfig/tbot_start.pc'
[0.560s] Level 1:colcon.colcon_core.environment:checking '/home/bot/ros2_ws/install/tbot_start/lib/python3.8/site-packages'
[0.560s] Level 1:colcon.colcon_core.environment:checking '/home/bot/ros2_ws/install/tbot_start/bin'
[0.561s] INFO:colcon.colcon_core.shell:Creating package script '/home/bot/ros2_ws/install/tbot_start/share/tbot_start/package.ps1'
[0.562s] INFO:colcon.colcon_core.shell:Creating package descriptor '/home/bot/ros2_ws/install/tbot_start/share/tbot_start/package.dsv'
[0.562s] INFO:colcon.colcon_core.shell:Creating package script '/home/bot/ros2_ws/install/tbot_start/share/tbot_start/package.sh'
[0.563s] INFO:colcon.colcon_core.shell:Creating package script '/home/bot/ros2_ws/install/tbot_start/share/tbot_start/package.bash'
[0.563s] INFO:colcon.colcon_core.shell:Creating package script '/home/bot/ros2_ws/install/tbot_start/share/tbot_start/package.zsh'
[0.564s] Level 1:colcon.colcon_core.environment:create_file_with_runtime_dependencies(/home/bot/ros2_ws/install/tbot_start/share/colcon-core/packages/tbot_start)
[0.567s] Level 1:colcon.colcon_core.environment:create_environment_scripts_only(tbot_sim)
[0.568s] Level 1:colcon.colcon_core.environment:checking '/home/bot/ros2_ws/install/tbot_sim' for CMake module files
[0.569s] Level 1:colcon.colcon_core.environment:checking '/home/bot/ros2_ws/install/tbot_sim' for CMake config files
[0.573s] DEBUG:colcon.colcon_core.event_handler.log_command:Invoked command in '/home/bot/ros2_ws/build/tbot_sim' returned '0': CMAKE_PREFIX_PATH=${CMAKE_PREFIX_PATH}:/home/bot/ros2_ws/install/tuto_sim:/home/bot/ros2_ws/install/tbot_pytools:/opt/ros/foxy /usr/bin/cmake --install /home/bot/ros2_ws/build/tbot_sim
[0.573s] Level 1:colcon.colcon_core.shell:create_environment_hook('tbot_sim', 'cmake_prefix_path')
[0.574s] INFO:colcon.colcon_core.shell:Creating environment hook '/home/bot/ros2_ws/install/tbot_sim/share/tbot_sim/hook/cmake_prefix_path.ps1'
[0.574s] INFO:colcon.colcon_core.shell:Creating environment descriptor '/home/bot/ros2_ws/install/tbot_sim/share/tbot_sim/hook/cmake_prefix_path.dsv'
[0.574s] INFO:colcon.colcon_core.shell:Creating environment hook '/home/bot/ros2_ws/install/tbot_sim/share/tbot_sim/hook/cmake_prefix_path.sh'
[0.575s] Level 1:colcon.colcon_core.environment:checking '/home/bot/ros2_ws/install/tbot_sim/bin'
[0.575s] Level 1:colcon.colcon_core.environment:checking '/home/bot/ros2_ws/install/tbot_sim/lib/pkgconfig/tbot_sim.pc'
[0.575s] Level 1:colcon.colcon_core.environment:checking '/home/bot/ros2_ws/install/tbot_sim/lib/python3.8/site-packages'
[0.575s] Level 1:colcon.colcon_core.environment:checking '/home/bot/ros2_ws/install/tbot_sim/bin'
[0.576s] INFO:colcon.colcon_core.shell:Creating package script '/home/bot/ros2_ws/install/tbot_sim/share/tbot_sim/package.ps1'
[0.576s] INFO:colcon.colcon_core.shell:Creating package descriptor '/home/bot/ros2_ws/install/tbot_sim/share/tbot_sim/package.dsv'
[0.576s] INFO:colcon.colcon_core.shell:Creating package script '/home/bot/ros2_ws/install/tbot_sim/share/tbot_sim/package.sh'
[0.576s] INFO:colcon.colcon_core.shell:Creating package script '/home/bot/ros2_ws/install/tbot_sim/share/tbot_sim/package.bash'
[0.577s] INFO:colcon.colcon_core.shell:Creating package script '/home/bot/ros2_ws/install/tbot_sim/share/tbot_sim/package.zsh'
[0.577s] Level 1:colcon.colcon_core.environment:create_file_with_runtime_dependencies(/home/bot/ros2_ws/install/tbot_sim/share/colcon-core/packages/tbot_sim)
[0.580s] Level 1:colcon.colcon_core.environment:create_environment_scripts_only(tbot_start)
[0.581s] Level 1:colcon.colcon_core.environment:checking '/home/bot/ros2_ws/install/tbot_start' for CMake module files
[0.581s] Level 1:colcon.colcon_core.environment:checking '/home/bot/ros2_ws/install/tbot_start' for CMake config files
[0.581s] Level 1:colcon.colcon_core.shell:create_environment_hook('tbot_start', 'cmake_prefix_path')
[0.582s] INFO:colcon.colcon_core.shell:Creating environment hook '/home/bot/ros2_ws/install/tbot_start/share/tbot_start/hook/cmake_prefix_path.ps1'
[0.582s] INFO:colcon.colcon_core.shell:Creating environment descriptor '/home/bot/ros2_ws/install/tbot_start/share/tbot_start/hook/cmake_prefix_path.dsv'
[0.582s] INFO:colcon.colcon_core.shell:Creating environment hook '/home/bot/ros2_ws/install/tbot_start/share/tbot_start/hook/cmake_prefix_path.sh'
[0.583s] Level 1:colcon.colcon_core.environment:checking '/home/bot/ros2_ws/install/tbot_start/lib'
[0.583s] Level 1:colcon.colcon_core.environment:checking '/home/bot/ros2_ws/install/tbot_start/bin'
[0.583s] Level 1:colcon.colcon_core.environment:checking '/home/bot/ros2_ws/install/tbot_start/lib/pkgconfig/tbot_start.pc'
[0.583s] Level 1:colcon.colcon_core.environment:checking '/home/bot/ros2_ws/install/tbot_start/lib/python3.8/site-packages'
[0.583s] Level 1:colcon.colcon_core.environment:checking '/home/bot/ros2_ws/install/tbot_start/bin'
[0.584s] INFO:colcon.colcon_core.shell:Creating package script '/home/bot/ros2_ws/install/tbot_start/share/tbot_start/package.ps1'
[0.584s] INFO:colcon.colcon_core.shell:Creating package descriptor '/home/bot/ros2_ws/install/tbot_start/share/tbot_start/package.dsv'
[0.584s] INFO:colcon.colcon_core.shell:Creating package script '/home/bot/ros2_ws/install/tbot_start/share/tbot_start/package.sh'
[0.585s] INFO:colcon.colcon_core.shell:Creating package script '/home/bot/ros2_ws/install/tbot_start/share/tbot_start/package.bash'
[0.585s] INFO:colcon.colcon_core.shell:Creating package script '/home/bot/ros2_ws/install/tbot_start/share/tbot_start/package.zsh'
[0.585s] Level 1:colcon.colcon_core.environment:create_file_with_runtime_dependencies(/home/bot/ros2_ws/install/tbot_start/share/colcon-core/packages/tbot_start)
[0.591s] Level 1:colcon.colcon_core.environment:create_environment_scripts_only(tbot_sim)
[0.592s] Level 1:colcon.colcon_core.environment:checking '/home/bot/ros2_ws/install/tbot_sim' for CMake module files
[0.592s] Level 1:colcon.colcon_core.environment:checking '/home/bot/ros2_ws/install/tbot_sim' for CMake config files
[0.593s] Level 1:colcon.colcon_core.shell:create_environment_hook('tbot_sim', 'cmake_prefix_path')
[0.593s] INFO:colcon.colcon_core.shell:Creating environment hook '/home/bot/ros2_ws/install/tbot_sim/share/tbot_sim/hook/cmake_prefix_path.ps1'
[0.594s] INFO:colcon.colcon_core.shell:Creating environment descriptor '/home/bot/ros2_ws/install/tbot_sim/share/tbot_sim/hook/cmake_prefix_path.dsv'
[0.594s] INFO:colcon.colcon_core.shell:Creating environment hook '/home/bot/ros2_ws/install/tbot_sim/share/tbot_sim/hook/cmake_prefix_path.sh'
[0.594s] Level 1:colcon.colcon_core.environment:checking '/home/bot/ros2_ws/install/tbot_sim/bin'
[0.594s] Level 1:colcon.colcon_core.environment:checking '/home/bot/ros2_ws/install/tbot_sim/lib/pkgconfig/tbot_sim.pc'
[0.594s] Level 1:colcon.colcon_core.environment:checking '/home/bot/ros2_ws/install/tbot_sim/lib/python3.8/site-packages'
[0.594s] Level 1:colcon.colcon_core.environment:checking '/home/bot/ros2_ws/install/tbot_sim/bin'
[0.595s] INFO:colcon.colcon_core.shell:Creating package script '/home/bot/ros2_ws/install/tbot_sim/share/tbot_sim/package.ps1'
[0.595s] INFO:colcon.colcon_core.shell:Creating package descriptor '/home/bot/ros2_ws/install/tbot_sim/share/tbot_sim/package.dsv'
[0.596s] INFO:colcon.colcon_core.shell:Creating package script '/home/bot/ros2_ws/install/tbot_sim/share/tbot_sim/package.sh'
[0.596s] INFO:colcon.colcon_core.shell:Creating package script '/home/bot/ros2_ws/install/tbot_sim/share/tbot_sim/package.bash'
[0.596s] INFO:colcon.colcon_core.shell:Creating package script '/home/bot/ros2_ws/install/tbot_sim/share/tbot_sim/package.zsh'
[0.596s] Level 1:colcon.colcon_core.environment:create_file_with_runtime_dependencies(/home/bot/ros2_ws/install/tbot_sim/share/colcon-core/packages/tbot_sim)
[0.621s] DEBUG:colcon.colcon_core.event_handler.log_command:Invoking command in '/home/bot/ros2_ws/build/turtlesim': CMAKE_PREFIX_PATH=${CMAKE_PREFIX_PATH}:/home/bot/ros2_ws/install/tuto_sim:/home/bot/ros2_ws/install/tbot_pytools:/opt/ros/foxy /usr/bin/cmake --install /home/bot/ros2_ws/build/turtlesim
[0.655s] Level 1:colcon.colcon_core.environment:create_environment_scripts_only(turtlesim)
[0.657s] Level 1:colcon.colcon_core.environment:checking '/home/bot/ros2_ws/install/turtlesim' for CMake module files
[0.657s] DEBUG:colcon.colcon_core.event_handler.log_command:Invoked command in '/home/bot/ros2_ws/build/turtlesim' returned '0': CMAKE_PREFIX_PATH=${CMAKE_PREFIX_PATH}:/home/bot/ros2_ws/install/tuto_sim:/home/bot/ros2_ws/install/tbot_pytools:/opt/ros/foxy /usr/bin/cmake --install /home/bot/ros2_ws/build/turtlesim
[0.658s] Level 1:colcon.colcon_core.environment:checking '/home/bot/ros2_ws/install/turtlesim' for CMake config files
[0.658s] Level 1:colcon.colcon_core.shell:create_environment_hook('turtlesim', 'cmake_prefix_path')
[0.660s] INFO:colcon.colcon_core.shell:Creating environment hook '/home/bot/ros2_ws/install/turtlesim/share/turtlesim/hook/cmake_prefix_path.ps1'
[0.660s] INFO:colcon.colcon_core.shell:Creating environment descriptor '/home/bot/ros2_ws/install/turtlesim/share/turtlesim/hook/cmake_prefix_path.dsv'
[0.660s] INFO:colcon.colcon_core.shell:Creating environment hook '/home/bot/ros2_ws/install/turtlesim/share/turtlesim/hook/cmake_prefix_path.sh'
[0.661s] Level 1:colcon.colcon_core.environment:checking '/home/bot/ros2_ws/install/turtlesim/lib'
[0.661s] Level 1:colcon.colcon_core.shell:create_environment_hook('turtlesim', 'ld_library_path_lib')
[0.662s] INFO:colcon.colcon_core.shell:Creating environment hook '/home/bot/ros2_ws/install/turtlesim/share/turtlesim/hook/ld_library_path_lib.ps1'
[0.662s] INFO:colcon.colcon_core.shell:Creating environment descriptor '/home/bot/ros2_ws/install/turtlesim/share/turtlesim/hook/ld_library_path_lib.dsv'
[0.663s] INFO:colcon.colcon_core.shell:Creating environment hook '/home/bot/ros2_ws/install/turtlesim/share/turtlesim/hook/ld_library_path_lib.sh'
[0.663s] Level 1:colcon.colcon_core.environment:checking '/home/bot/ros2_ws/install/turtlesim/bin'
[0.663s] Level 1:colcon.colcon_core.environment:checking '/home/bot/ros2_ws/install/turtlesim/lib/pkgconfig/turtlesim.pc'
[0.663s] Level 1:colcon.colcon_core.environment:checking '/home/bot/ros2_ws/install/turtlesim/lib/python3.8/site-packages'
[0.663s] Level 1:colcon.colcon_core.shell:create_environment_hook('turtlesim', 'pythonpath')
[0.664s] INFO:colcon.colcon_core.shell:Creating environment hook '/home/bot/ros2_ws/install/turtlesim/share/turtlesim/hook/pythonpath.ps1'
[0.665s] INFO:colcon.colcon_core.shell:Creating environment descriptor '/home/bot/ros2_ws/install/turtlesim/share/turtlesim/hook/pythonpath.dsv'
[0.665s] INFO:colcon.colcon_core.shell:Creating environment hook '/home/bot/ros2_ws/install/turtlesim/share/turtlesim/hook/pythonpath.sh'
[0.665s] Level 1:colcon.colcon_core.environment:checking '/home/bot/ros2_ws/install/turtlesim/bin'
[0.667s] INFO:colcon.colcon_core.shell:Creating package script '/home/bot/ros2_ws/install/turtlesim/share/turtlesim/package.ps1'
[0.667s] INFO:colcon.colcon_core.shell:Creating package descriptor '/home/bot/ros2_ws/install/turtlesim/share/turtlesim/package.dsv'
[0.667s] INFO:colcon.colcon_core.shell:Creating package script '/home/bot/ros2_ws/install/turtlesim/share/turtlesim/package.sh'
[0.668s] INFO:colcon.colcon_core.shell:Creating package script '/home/bot/ros2_ws/install/turtlesim/share/turtlesim/package.bash'
[0.668s] INFO:colcon.colcon_core.shell:Creating package script '/home/bot/ros2_ws/install/turtlesim/share/turtlesim/package.zsh'
[0.668s] Level 1:colcon.colcon_core.environment:create_file_with_runtime_dependencies(/home/bot/ros2_ws/install/turtlesim/share/colcon-core/packages/turtlesim)
[0.766s] DEBUG:colcon.colcon_core.event_handler.log_command:Invoking command in '/home/bot/ros2_ws/pkg-tbot/tbot_pytools': PYTHONPATH=/home/bot/ros2_ws/build/tbot_pytools/prefix_override:/home/bot/ros2_ws/install/tbot_pytools/lib/python3.8/site-packages:${PYTHONPATH} /usr/bin/python3 setup.py egg_info --egg-base ../../build/tbot_pytools build --build-base /home/bot/ros2_ws/build/tbot_pytools/build install --record /home/bot/ros2_ws/build/tbot_pytools/install.log --install-scripts $base/lib/tbot_pytools --single-version-externally-managed
[0.769s] Level 1:colcon.colcon_core.environment:create_environment_scripts_only(turtlesim)
[0.771s] Level 1:colcon.colcon_core.environment:checking '/home/bot/ros2_ws/install/turtlesim' for CMake module files
[0.772s] Level 1:colcon.colcon_core.environment:checking '/home/bot/ros2_ws/install/turtlesim' for CMake config files
[0.772s] Level 1:colcon.colcon_core.shell:create_environment_hook('turtlesim', 'cmake_prefix_path')
[0.773s] INFO:colcon.colcon_core.shell:Creating environment hook '/home/bot/ros2_ws/install/turtlesim/share/turtlesim/hook/cmake_prefix_path.ps1'
[0.774s] INFO:colcon.colcon_core.shell:Creating environment descriptor '/home/bot/ros2_ws/install/turtlesim/share/turtlesim/hook/cmake_prefix_path.dsv'
[0.774s] INFO:colcon.colcon_core.shell:Creating environment hook '/home/bot/ros2_ws/install/turtlesim/share/turtlesim/hook/cmake_prefix_path.sh'
[0.774s] Level 1:colcon.colcon_core.environment:checking '/home/bot/ros2_ws/install/turtlesim/lib'
[0.774s] Level 1:colcon.colcon_core.shell:create_environment_hook('turtlesim', 'ld_library_path_lib')
[0.776s] INFO:colcon.colcon_core.shell:Creating environment hook '/home/bot/ros2_ws/install/turtlesim/share/turtlesim/hook/ld_library_path_lib.ps1'
[0.776s] INFO:colcon.colcon_core.shell:Creating environment descriptor '/home/bot/ros2_ws/install/turtlesim/share/turtlesim/hook/ld_library_path_lib.dsv'
[0.776s] INFO:colcon.colcon_core.shell:Creating environment hook '/home/bot/ros2_ws/install/turtlesim/share/turtlesim/hook/ld_library_path_lib.sh'
[0.776s] Level 1:colcon.colcon_core.environment:checking '/home/bot/ros2_ws/install/turtlesim/bin'
[0.776s] Level 1:colcon.colcon_core.environment:checking '/home/bot/ros2_ws/install/turtlesim/lib/pkgconfig/turtlesim.pc'
[0.777s] Level 1:colcon.colcon_core.environment:checking '/home/bot/ros2_ws/install/turtlesim/lib/python3.8/site-packages'
[0.777s] Level 1:colcon.colcon_core.shell:create_environment_hook('turtlesim', 'pythonpath')
[0.778s] INFO:colcon.colcon_core.shell:Creating environment hook '/home/bot/ros2_ws/install/turtlesim/share/turtlesim/hook/pythonpath.ps1'
[0.778s] INFO:colcon.colcon_core.shell:Creating environment descriptor '/home/bot/ros2_ws/install/turtlesim/share/turtlesim/hook/pythonpath.dsv'
[0.778s] INFO:colcon.colcon_core.shell:Creating environment hook '/home/bot/ros2_ws/install/turtlesim/share/turtlesim/hook/pythonpath.sh'
[0.779s] Level 1:colcon.colcon_core.environment:checking '/home/bot/ros2_ws/install/turtlesim/bin'
[0.780s] INFO:colcon.colcon_core.shell:Creating package script '/home/bot/ros2_ws/install/turtlesim/share/turtlesim/package.ps1'
[0.780s] INFO:colcon.colcon_core.shell:Creating package descriptor '/home/bot/ros2_ws/install/turtlesim/share/turtlesim/package.dsv'
[0.781s] INFO:colcon.colcon_core.shell:Creating package script '/home/bot/ros2_ws/install/turtlesim/share/turtlesim/package.sh'
[0.781s] INFO:colcon.colcon_core.shell:Creating package script '/home/bot/ros2_ws/install/turtlesim/share/turtlesim/package.bash'
[0.782s] INFO:colcon.colcon_core.shell:Creating package script '/home/bot/ros2_ws/install/turtlesim/share/turtlesim/package.zsh'
[0.782s] Level 1:colcon.colcon_core.environment:create_file_with_runtime_dependencies(/home/bot/ros2_ws/install/turtlesim/share/colcon-core/packages/turtlesim)
[0.786s] DEBUG:colcon.colcon_core.event_handler.log_command:Invoking command in '/home/bot/ros2_ws/tuto_sim': PYTHONPATH=/home/bot/ros2_ws/build/tuto_sim/prefix_override:/home/bot/ros2_ws/install/tuto_sim/lib/python3.8/site-packages:${PYTHONPATH} /usr/bin/python3 setup.py egg_info --egg-base ../build/tuto_sim build --build-base /home/bot/ros2_ws/build/tuto_sim/build install --record /home/bot/ros2_ws/build/tuto_sim/install.log --install-scripts $base/lib/tuto_sim --single-version-externally-managed
[0.922s] Level 1:colcon.colcon_core.environment:checking '/home/bot/ros2_ws/install/tbot_pytools' for CMake module files
[0.922s] DEBUG:colcon.colcon_core.event_handler.log_command:Invoked command in '/home/bot/ros2_ws/pkg-tbot/tbot_pytools' returned '0': PYTHONPATH=/home/bot/ros2_ws/build/tbot_pytools/prefix_override:/home/bot/ros2_ws/install/tbot_pytools/lib/python3.8/site-packages:${PYTHONPATH} /usr/bin/python3 setup.py egg_info --egg-base ../../build/tbot_pytools build --build-base /home/bot/ros2_ws/build/tbot_pytools/build install --record /home/bot/ros2_ws/build/tbot_pytools/install.log --install-scripts $base/lib/tbot_pytools --single-version-externally-managed
[0.923s] Level 1:colcon.colcon_core.environment:checking '/home/bot/ros2_ws/install/tbot_pytools' for CMake config files
[0.923s] Level 1:colcon.colcon_core.environment:checking '/home/bot/ros2_ws/install/tbot_pytools/lib'
[0.923s] Level 1:colcon.colcon_core.environment:checking '/home/bot/ros2_ws/install/tbot_pytools/bin'
[0.923s] Level 1:colcon.colcon_core.environment:checking '/home/bot/ros2_ws/install/tbot_pytools/lib/pkgconfig/tbot_pytools.pc'
[0.923s] Level 1:colcon.colcon_core.environment:checking '/home/bot/ros2_ws/install/tbot_pytools/lib/python3.8/site-packages'
[0.923s] Level 1:colcon.colcon_core.shell:create_environment_hook('tbot_pytools', 'pythonpath')
[0.924s] INFO:colcon.colcon_core.shell:Creating environment hook '/home/bot/ros2_ws/install/tbot_pytools/share/tbot_pytools/hook/pythonpath.ps1'
[0.924s] INFO:colcon.colcon_core.shell:Creating environment descriptor '/home/bot/ros2_ws/install/tbot_pytools/share/tbot_pytools/hook/pythonpath.dsv'
[0.925s] INFO:colcon.colcon_core.shell:Creating environment hook '/home/bot/ros2_ws/install/tbot_pytools/share/tbot_pytools/hook/pythonpath.sh'
[0.925s] Level 1:colcon.colcon_core.environment:checking '/home/bot/ros2_ws/install/tbot_pytools/bin'
[0.925s] Level 1:colcon.colcon_core.environment:create_environment_scripts_only(tbot_pytools)
[0.926s] INFO:colcon.colcon_core.shell:Creating package script '/home/bot/ros2_ws/install/tbot_pytools/share/tbot_pytools/package.ps1'
[0.926s] INFO:colcon.colcon_core.shell:Creating package descriptor '/home/bot/ros2_ws/install/tbot_pytools/share/tbot_pytools/package.dsv'
[0.926s] INFO:colcon.colcon_core.shell:Creating package script '/home/bot/ros2_ws/install/tbot_pytools/share/tbot_pytools/package.sh'
[0.926s] INFO:colcon.colcon_core.shell:Creating package script '/home/bot/ros2_ws/install/tbot_pytools/share/tbot_pytools/package.bash'
[0.926s] INFO:colcon.colcon_core.shell:Creating package script '/home/bot/ros2_ws/install/tbot_pytools/share/tbot_pytools/package.zsh'
[0.927s] Level 1:colcon.colcon_core.environment:create_file_with_runtime_dependencies(/home/bot/ros2_ws/install/tbot_pytools/share/colcon-core/packages/tbot_pytools)
[0.943s] Level 1:colcon.colcon_core.environment:checking '/home/bot/ros2_ws/install/tuto_sim' for CMake module files
[0.943s] DEBUG:colcon.colcon_core.event_handler.log_command:Invoked command in '/home/bot/ros2_ws/tuto_sim' returned '0': PYTHONPATH=/home/bot/ros2_ws/build/tuto_sim/prefix_override:/home/bot/ros2_ws/install/tuto_sim/lib/python3.8/site-packages:${PYTHONPATH} /usr/bin/python3 setup.py egg_info --egg-base ../build/tuto_sim build --build-base /home/bot/ros2_ws/build/tuto_sim/build install --record /home/bot/ros2_ws/build/tuto_sim/install.log --install-scripts $base/lib/tuto_sim --single-version-externally-managed
[0.944s] Level 1:colcon.colcon_core.environment:checking '/home/bot/ros2_ws/install/tuto_sim' for CMake config files
[0.944s] Level 1:colcon.colcon_core.environment:checking '/home/bot/ros2_ws/install/tuto_sim/lib'
[0.944s] Level 1:colcon.colcon_core.environment:checking '/home/bot/ros2_ws/install/tuto_sim/bin'
[0.944s] Level 1:colcon.colcon_core.environment:checking '/home/bot/ros2_ws/install/tuto_sim/lib/pkgconfig/tuto_sim.pc'
[0.944s] Level 1:colcon.colcon_core.environment:checking '/home/bot/ros2_ws/install/tuto_sim/lib/python3.8/site-packages'
[0.944s] Level 1:colcon.colcon_core.shell:create_environment_hook('tuto_sim', 'pythonpath')
[0.945s] INFO:colcon.colcon_core.shell:Creating environment hook '/home/bot/ros2_ws/install/tuto_sim/share/tuto_sim/hook/pythonpath.ps1'
[0.945s] INFO:colcon.colcon_core.shell:Creating environment descriptor '/home/bot/ros2_ws/install/tuto_sim/share/tuto_sim/hook/pythonpath.dsv'
[0.945s] INFO:colcon.colcon_core.shell:Creating environment hook '/home/bot/ros2_ws/install/tuto_sim/share/tuto_sim/hook/pythonpath.sh'
[0.945s] Level 1:colcon.colcon_core.environment:checking '/home/bot/ros2_ws/install/tuto_sim/bin'
[0.946s] Level 1:colcon.colcon_core.environment:create_environment_scripts_only(tuto_sim)
[0.946s] INFO:colcon.colcon_core.shell:Creating package script '/home/bot/ros2_ws/install/tuto_sim/share/tuto_sim/package.ps1'
[0.947s] INFO:colcon.colcon_core.shell:Creating package descriptor '/home/bot/ros2_ws/install/tuto_sim/share/tuto_sim/package.dsv'
[0.947s] INFO:colcon.colcon_core.shell:Creating package script '/home/bot/ros2_ws/install/tuto_sim/share/tuto_sim/package.sh'
[0.947s] INFO:colcon.colcon_core.shell:Creating package script '/home/bot/ros2_ws/install/tuto_sim/share/tuto_sim/package.bash'
[0.947s] INFO:colcon.colcon_core.shell:Creating package script '/home/bot/ros2_ws/install/tuto_sim/share/tuto_sim/package.zsh'
[0.947s] Level 1:colcon.colcon_core.environment:create_file_with_runtime_dependencies(/home/bot/ros2_ws/install/tuto_sim/share/colcon-core/packages/tuto_sim)
[0.947s] DEBUG:colcon.colcon_parallel_executor.executor.parallel:closing loop
[0.948s] DEBUG:colcon.colcon_parallel_executor.executor.parallel:loop closed
[0.948s] DEBUG:colcon.colcon_parallel_executor.executor.parallel:run_until_complete finished with '0'
[0.948s] DEBUG:colcon.colcon_core.event_reactor:joining thread
[0.952s] INFO:colcon.colcon_core.plugin_system:Skipping extension 'colcon_notification.desktop_notification.terminal_notifier': Not used on non-Darwin systems
[0.952s] INFO:colcon.colcon_core.plugin_system:Skipping extension 'colcon_notification.desktop_notification.win32': Not used on non-Windows systems
[0.952s] INFO:colcon.colcon_notification.desktop_notification:Sending desktop notification using 'notify2'
[0.961s] DEBUG:colcon.colcon_core.event_reactor:joined thread
[0.962s] INFO:colcon.colcon_core.shell:Creating prefix script '/home/bot/ros2_ws/install/local_setup.ps1'
[0.963s] INFO:colcon.colcon_core.shell:Creating prefix util module '/home/bot/ros2_ws/install/_local_setup_util_ps1.py'
[0.963s] INFO:colcon.colcon_core.shell:Creating prefix chain script '/home/bot/ros2_ws/install/setup.ps1'
[0.964s] INFO:colcon.colcon_core.shell:Creating prefix script '/home/bot/ros2_ws/install/local_setup.sh'
[0.964s] INFO:colcon.colcon_core.shell:Creating prefix util module '/home/bot/ros2_ws/install/_local_setup_util_sh.py'
[0.965s] INFO:colcon.colcon_core.shell:Creating prefix chain script '/home/bot/ros2_ws/install/setup.sh'
[0.965s] INFO:colcon.colcon_core.shell:Creating prefix script '/home/bot/ros2_ws/install/local_setup.bash'
[0.966s] INFO:colcon.colcon_core.shell:Creating prefix chain script '/home/bot/ros2_ws/install/setup.bash'
[0.966s] INFO:colcon.colcon_core.shell:Creating prefix script '/home/bot/ros2_ws/install/local_setup.zsh'
[0.967s] INFO:colcon.colcon_core.shell:Creating prefix chain script '/home/bot/ros2_ws/install/setup.zsh'
