running egg_info
writing ../../build/tbot_pytools/tbot_pytools.egg-info/PKG-INFO
writing dependency_links to ../../build/tbot_pytools/tbot_pytools.egg-info/dependency_links.txt
writing entry points to ../../build/tbot_pytools/tbot_pytools.egg-info/entry_points.txt
writing requirements to ../../build/tbot_pytools/tbot_pytools.egg-info/requires.txt
writing top-level names to ../../build/tbot_pytools/tbot_pytools.egg-info/top_level.txt
reading manifest file '../../build/tbot_pytools/tbot_pytools.egg-info/SOURCES.txt'
writing manifest file '../../build/tbot_pytools/tbot_pytools.egg-info/SOURCES.txt'
running build
running build_py
copying tbot_pytools/reactive_move.py -> /home/bot/ros2_ws/build/tbot_pytools/build/lib/tbot_pytools
running install
running install_lib
copying /home/bot/ros2_ws/build/tbot_pytools/build/lib/tbot_pytools/reactive_move.py -> /home/bot/ros2_ws/install/tbot_pytools/lib/python3.8/site-packages/tbot_pytools
byte-compiling /home/bot/ros2_ws/install/tbot_pytools/lib/python3.8/site-packages/tbot_pytools/reactive_move.py to reactive_move.cpython-38.pyc
running install_data
running install_egg_info
removing '/home/bot/ros2_ws/install/tbot_pytools/lib/python3.8/site-packages/tbot_pytools-0.0.0-py3.8.egg-info' (and everything under it)
Copying ../../build/tbot_pytools/tbot_pytools.egg-info to /home/bot/ros2_ws/install/tbot_pytools/lib/python3.8/site-packages/tbot_pytools-0.0.0-py3.8.egg-info
running install_scripts
Installing multiplexer script to /home/bot/ros2_ws/install/tbot_pytools/lib/tbot_pytools
Installing rmove script to /home/bot/ros2_ws/install/tbot_pytools/lib/tbot_pytools
writing list of installed files to '/home/bot/ros2_ws/build/tbot_pytools/install.log'
