[0.655s] Invoking command in '/home/bot/ros2_ws/tuto_sim': PYTHONPATH=/home/bot/ros2_ws/build/tuto_sim/prefix_override:/home/bot/ros2_ws/install/tuto_sim/lib/python3.8/site-packages:${PYTHONPATH} /usr/bin/python3 setup.py egg_info --egg-base ../build/tuto_sim build --build-base /home/bot/ros2_ws/build/tuto_sim/build install --record /home/bot/ros2_ws/build/tuto_sim/install.log --install-scripts $base/lib/tuto_sim --single-version-externally-managed
[0.787s] running egg_info
[0.788s] creating ../build/tuto_sim/tuto_sim.egg-info
[0.788s] writing ../build/tuto_sim/tuto_sim.egg-info/PKG-INFO
[0.788s] writing dependency_links to ../build/tuto_sim/tuto_sim.egg-info/dependency_links.txt
[0.788s] writing entry points to ../build/tuto_sim/tuto_sim.egg-info/entry_points.txt
[0.788s] writing requirements to ../build/tuto_sim/tuto_sim.egg-info/requires.txt
[0.788s] writing top-level names to ../build/tuto_sim/tuto_sim.egg-info/top_level.txt
[0.789s] writing manifest file '../build/tuto_sim/tuto_sim.egg-info/SOURCES.txt'
[0.812s] reading manifest file '../build/tuto_sim/tuto_sim.egg-info/SOURCES.txt'
[0.812s] writing manifest file '../build/tuto_sim/tuto_sim.egg-info/SOURCES.txt'
[0.812s] running build
[0.812s] running build_py
[0.812s] creating /home/bot/ros2_ws/build/tuto_sim/build
[0.813s] creating /home/bot/ros2_ws/build/tuto_sim/build/lib
[0.813s] creating /home/bot/ros2_ws/build/tuto_sim/build/lib/tuto_sim
[0.813s] copying tuto_sim/__init__.py -> /home/bot/ros2_ws/build/tuto_sim/build/lib/tuto_sim
[0.813s] running install
[0.813s] running install_lib
[0.814s] creating /home/bot/ros2_ws/install/tuto_sim/lib/python3.8/site-packages/tuto_sim
[0.814s] copying /home/bot/ros2_ws/build/tuto_sim/build/lib/tuto_sim/__init__.py -> /home/bot/ros2_ws/install/tuto_sim/lib/python3.8/site-packages/tuto_sim
[0.814s] byte-compiling /home/bot/ros2_ws/install/tuto_sim/lib/python3.8/site-packages/tuto_sim/__init__.py to __init__.cpython-38.pyc
[0.815s] running install_data
[0.815s] creating /home/bot/ros2_ws/install/tuto_sim/share/ament_index
[0.815s] creating /home/bot/ros2_ws/install/tuto_sim/share/ament_index/resource_index
[0.815s] creating /home/bot/ros2_ws/install/tuto_sim/share/ament_index/resource_index/packages
[0.815s] copying resource/tuto_sim -> /home/bot/ros2_ws/install/tuto_sim/share/ament_index/resource_index/packages
[0.815s] copying package.xml -> /home/bot/ros2_ws/install/tuto_sim/share/tuto_sim
[0.815s] copying launch/tuto-sim-launch.py -> /home/bot/ros2_ws/install/tuto_sim/share/tuto_sim
[0.815s] running install_egg_info
[0.816s] Copying ../build/tuto_sim/tuto_sim.egg-info to /home/bot/ros2_ws/install/tuto_sim/lib/python3.8/site-packages/tuto_sim-0.0.0-py3.8.egg-info
[0.816s] running install_scripts
[0.828s] writing list of installed files to '/home/bot/ros2_ws/build/tuto_sim/install.log'
[0.844s] Invoked command in '/home/bot/ros2_ws/tuto_sim' returned '0': PYTHONPATH=/home/bot/ros2_ws/build/tuto_sim/prefix_override:/home/bot/ros2_ws/install/tuto_sim/lib/python3.8/site-packages:${PYTHONPATH} /usr/bin/python3 setup.py egg_info --egg-base ../build/tuto_sim build --build-base /home/bot/ros2_ws/build/tuto_sim/build install --record /home/bot/ros2_ws/build/tuto_sim/install.log --install-scripts $base/lib/tuto_sim --single-version-externally-managed
