running egg_info
creating ../build/grp_bishop/grp_bishop.egg-info
writing ../build/grp_bishop/grp_bishop.egg-info/PKG-INFO
writing dependency_links to ../build/grp_bishop/grp_bishop.egg-info/dependency_links.txt
writing entry points to ../build/grp_bishop/grp_bishop.egg-info/entry_points.txt
writing requirements to ../build/grp_bishop/grp_bishop.egg-info/requires.txt
writing top-level names to ../build/grp_bishop/grp_bishop.egg-info/top_level.txt
writing manifest file '../build/grp_bishop/grp_bishop.egg-info/SOURCES.txt'
reading manifest file '../build/grp_bishop/grp_bishop.egg-info/SOURCES.txt'
writing manifest file '../build/grp_bishop/grp_bishop.egg-info/SOURCES.txt'
running build
running build_py
creating /home/bot/ros2_ws/larm-bishop/build/grp_bishop/build
creating /home/bot/ros2_ws/larm-bishop/build/grp_bishop/build/lib
creating /home/bot/ros2_ws/larm-bishop/build/grp_bishop/build/lib/grp_bishop
copying grp_bishop/__init__.py -> /home/bot/ros2_ws/larm-bishop/build/grp_bishop/build/lib/grp_bishop
copying grp_bishop/move_node.py -> /home/bot/ros2_ws/larm-bishop/build/grp_bishop/build/lib/grp_bishop
copying grp_bishop/reactive_move.py -> /home/bot/ros2_ws/larm-bishop/build/grp_bishop/build/lib/grp_bishop
running install
running install_lib
creating /home/bot/ros2_ws/larm-bishop/install/grp_bishop/lib/python3.8/site-packages/grp_bishop
copying /home/bot/ros2_ws/larm-bishop/build/grp_bishop/build/lib/grp_bishop/__init__.py -> /home/bot/ros2_ws/larm-bishop/install/grp_bishop/lib/python3.8/site-packages/grp_bishop
copying /home/bot/ros2_ws/larm-bishop/build/grp_bishop/build/lib/grp_bishop/move_node.py -> /home/bot/ros2_ws/larm-bishop/install/grp_bishop/lib/python3.8/site-packages/grp_bishop
copying /home/bot/ros2_ws/larm-bishop/build/grp_bishop/build/lib/grp_bishop/reactive_move.py -> /home/bot/ros2_ws/larm-bishop/install/grp_bishop/lib/python3.8/site-packages/grp_bishop
byte-compiling /home/bot/ros2_ws/larm-bishop/install/grp_bishop/lib/python3.8/site-packages/grp_bishop/__init__.py to __init__.cpython-38.pyc
byte-compiling /home/bot/ros2_ws/larm-bishop/install/grp_bishop/lib/python3.8/site-packages/grp_bishop/move_node.py to move_node.cpython-38.pyc
byte-compiling /home/bot/ros2_ws/larm-bishop/install/grp_bishop/lib/python3.8/site-packages/grp_bishop/reactive_move.py to reactive_move.cpython-38.pyc
running install_data
creating /home/bot/ros2_ws/larm-bishop/install/grp_bishop/share/ament_index
creating /home/bot/ros2_ws/larm-bishop/install/grp_bishop/share/ament_index/resource_index
creating /home/bot/ros2_ws/larm-bishop/install/grp_bishop/share/ament_index/resource_index/packages
copying resource/grp_bishop -> /home/bot/ros2_ws/larm-bishop/install/grp_bishop/share/ament_index/resource_index/packages
copying package.xml -> /home/bot/ros2_ws/larm-bishop/install/grp_bishop/share/grp_bishop
copying launch/simulation.launch.py -> /home/bot/ros2_ws/larm-bishop/install/grp_bishop/share/grp_bishop
copying launch/test2-launch.py -> /home/bot/ros2_ws/larm-bishop/install/grp_bishop/share/grp_bishop
running install_egg_info
Copying ../build/grp_bishop/grp_bishop.egg-info to /home/bot/ros2_ws/larm-bishop/install/grp_bishop/lib/python3.8/site-packages/grp_bishop-0.0.0-py3.8.egg-info
running install_scripts
Installing move_node script to /home/bot/ros2_ws/larm-bishop/install/grp_bishop/lib/grp_bishop
Installing reactive_move script to /home/bot/ros2_ws/larm-bishop/install/grp_bishop/lib/grp_bishop
writing list of installed files to '/home/bot/ros2_ws/larm-bishop/build/grp_bishop/install.log'
