[0.043s] Invoking command in '/home/bot/ros2_ws/build/kobuki_description': CMAKE_PREFIX_PATH=${CMAKE_PREFIX_PATH}:/home/bot/ros2_ws/install/tuto_sim:/home/bot/ros2_ws/install/tbot_pytools:/opt/ros/foxy /usr/bin/cmake /home/bot/ros2_ws/kobuki_ros/kobuki_description -DCMAKE_INSTALL_PREFIX=/home/bot/ros2_ws/install/kobuki_description
[0.349s] -- The C compiler identification is GNU 9.4.0
[0.349s] -- The CXX compiler identification is GNU 9.4.0
[0.349s] -- Check for working C compiler: /usr/bin/cc
[0.349s] -- Check for working C compiler: /usr/bin/cc -- works
[0.349s] -- Detecting C compiler ABI info
[0.349s] -- Detecting C compiler ABI info - done
[0.349s] -- Detecting C compile features
[0.349s] -- Detecting C compile features - done
[0.349s] -- Check for working CXX compiler: /usr/bin/c++
[0.349s] -- Check for working CXX compiler: /usr/bin/c++ -- works
[0.349s] -- Detecting CXX compiler ABI info
[0.349s] -- Detecting CXX compiler ABI info - done
[0.349s] -- Detecting CXX compile features
[0.350s] -- Detecting CXX compile features - done
[0.350s] -- Found ament_cmake: 0.9.11 (/opt/ros/foxy/share/ament_cmake/cmake)
[0.350s] -- Found PythonInterp: /usr/bin/python3 (found suitable version "3.8.10", minimum required is "3") 
[0.350s] -- Using PYTHON_EXECUTABLE: /usr/bin/python3
[0.451s] -- Found ament_lint_auto: 0.9.7 (/opt/ros/foxy/share/ament_lint_auto/cmake)
[0.505s] -- Added test 'copyright' to check source files copyright and LICENSE
[0.506s] -- Added test 'flake8' to check Python code syntax and style conventions
[0.506s] -- Added test 'lint_cmake' to check CMake code style
[0.507s] -- Added test 'pep257' to check Python code against some of the style conventions in PEP 257
[0.507s] -- Added test 'xmllint' to check XML markup files
[0.509s] -- Configuring done
[0.510s] -- Generating done
[0.510s] -- Build files have been written to: /home/bot/ros2_ws/build/kobuki_description
[0.513s] Invoked command in '/home/bot/ros2_ws/build/kobuki_description' returned '0': CMAKE_PREFIX_PATH=${CMAKE_PREFIX_PATH}:/home/bot/ros2_ws/install/tuto_sim:/home/bot/ros2_ws/install/tbot_pytools:/opt/ros/foxy /usr/bin/cmake /home/bot/ros2_ws/kobuki_ros/kobuki_description -DCMAKE_INSTALL_PREFIX=/home/bot/ros2_ws/install/kobuki_description
[0.515s] Invoking command in '/home/bot/ros2_ws/build/kobuki_description': CMAKE_PREFIX_PATH=${CMAKE_PREFIX_PATH}:/home/bot/ros2_ws/install/tuto_sim:/home/bot/ros2_ws/install/tbot_pytools:/opt/ros/foxy /usr/bin/cmake --build /home/bot/ros2_ws/build/kobuki_description -- -j16 -l16
[0.538s] Invoked command in '/home/bot/ros2_ws/build/kobuki_description' returned '0': CMAKE_PREFIX_PATH=${CMAKE_PREFIX_PATH}:/home/bot/ros2_ws/install/tuto_sim:/home/bot/ros2_ws/install/tbot_pytools:/opt/ros/foxy /usr/bin/cmake --build /home/bot/ros2_ws/build/kobuki_description -- -j16 -l16
[0.552s] Invoking command in '/home/bot/ros2_ws/build/kobuki_description': CMAKE_PREFIX_PATH=${CMAKE_PREFIX_PATH}:/home/bot/ros2_ws/install/tuto_sim:/home/bot/ros2_ws/install/tbot_pytools:/opt/ros/foxy /usr/bin/cmake --install /home/bot/ros2_ws/build/kobuki_description
[0.558s] -- Install configuration: ""
[0.558s] -- Installing: /home/bot/ros2_ws/install/kobuki_description/share/kobuki_description/launch
[0.558s] -- Installing: /home/bot/ros2_ws/install/kobuki_description/share/kobuki_description/launch/robot_description.launch.py
[0.558s] -- Installing: /home/bot/ros2_ws/install/kobuki_description/share/kobuki_description/meshes
[0.558s] -- Installing: /home/bot/ros2_ws/install/kobuki_description/share/kobuki_description/meshes/wheel.dae
[0.558s] -- Installing: /home/bot/ros2_ws/install/kobuki_description/share/kobuki_description/meshes/main_body.dae
[0.559s] -- Installing: /home/bot/ros2_ws/install/kobuki_description/share/kobuki_description/meshes/images
[0.559s] -- Installing: /home/bot/ros2_ws/install/kobuki_description/share/kobuki_description/meshes/images/wheel.jpg
[0.559s] -- Installing: /home/bot/ros2_ws/install/kobuki_description/share/kobuki_description/meshes/images/main_body.jpg
[0.559s] -- Installing: /home/bot/ros2_ws/install/kobuki_description/share/kobuki_description/rviz
[0.559s] -- Installing: /home/bot/ros2_ws/install/kobuki_description/share/kobuki_description/rviz/model.rviz
[0.559s] -- Installing: /home/bot/ros2_ws/install/kobuki_description/share/kobuki_description/urdf
[0.559s] -- Installing: /home/bot/ros2_ws/install/kobuki_description/share/kobuki_description/urdf/kobuki_standalone.urdf.xacro
[0.559s] -- Installing: /home/bot/ros2_ws/install/kobuki_description/share/kobuki_description/urdf/kobuki.urdf.xacro
[0.559s] -- Installing: /home/bot/ros2_ws/install/kobuki_description/share/kobuki_description/urdf/common_properties.urdf.xacro
[0.559s] -- Installing: /home/bot/ros2_ws/install/kobuki_description/share/kobuki_description/urdf/kobuki_gazebo.urdf.xacro
[0.560s] -- Installing: /home/bot/ros2_ws/install/kobuki_description/share/ament_index/resource_index/package_run_dependencies/kobuki_description
[0.560s] -- Installing: /home/bot/ros2_ws/install/kobuki_description/share/ament_index/resource_index/parent_prefix_path/kobuki_description
[0.560s] -- Installing: /home/bot/ros2_ws/install/kobuki_description/share/kobuki_description/environment/ament_prefix_path.sh
[0.560s] -- Installing: /home/bot/ros2_ws/install/kobuki_description/share/kobuki_description/environment/ament_prefix_path.dsv
[0.560s] -- Installing: /home/bot/ros2_ws/install/kobuki_description/share/kobuki_description/environment/path.sh
[0.560s] -- Installing: /home/bot/ros2_ws/install/kobuki_description/share/kobuki_description/environment/path.dsv
[0.560s] -- Installing: /home/bot/ros2_ws/install/kobuki_description/share/kobuki_description/local_setup.bash
[0.560s] -- Installing: /home/bot/ros2_ws/install/kobuki_description/share/kobuki_description/local_setup.sh
[0.560s] -- Installing: /home/bot/ros2_ws/install/kobuki_description/share/kobuki_description/local_setup.zsh
[0.560s] -- Installing: /home/bot/ros2_ws/install/kobuki_description/share/kobuki_description/local_setup.dsv
[0.560s] -- Installing: /home/bot/ros2_ws/install/kobuki_description/share/kobuki_description/package.dsv
[0.560s] -- Installing: /home/bot/ros2_ws/install/kobuki_description/share/ament_index/resource_index/packages/kobuki_description
[0.560s] -- Installing: /home/bot/ros2_ws/install/kobuki_description/share/kobuki_description/cmake/kobuki_descriptionConfig.cmake
[0.560s] -- Installing: /home/bot/ros2_ws/install/kobuki_description/share/kobuki_description/cmake/kobuki_descriptionConfig-version.cmake
[0.560s] -- Installing: /home/bot/ros2_ws/install/kobuki_description/share/kobuki_description/package.xml
[0.563s] Invoked command in '/home/bot/ros2_ws/build/kobuki_description' returned '0': CMAKE_PREFIX_PATH=${CMAKE_PREFIX_PATH}:/home/bot/ros2_ws/install/tuto_sim:/home/bot/ros2_ws/install/tbot_pytools:/opt/ros/foxy /usr/bin/cmake --install /home/bot/ros2_ws/build/kobuki_description
