[0.068s] Invoking command in '/home/bot/ros2_ws/build/kobuki_auto_docking': AMENT_PREFIX_PATH=/home/bot/ros2_ws/install/kobuki_ros_interfaces:/home/bot/ros2_ws/install/kobuki_core:${AMENT_PREFIX_PATH} CMAKE_PREFIX_PATH=/home/bot/ros2_ws/install/kobuki_ros_interfaces:/home/bot/ros2_ws/install/kobuki_core:/home/bot/ros2_ws/install/turtlesim:/home/bot/ros2_ws/install/tbot_start:/home/bot/ros2_ws/install/tbot_sim:/home/bot/ros2_ws/install/tuto_sim:/home/bot/ros2_ws/install/tbot_pytools:/opt/ros/foxy LD_LIBRARY_PATH=/home/bot/ros2_ws/install/kobuki_ros_interfaces/lib:/home/bot/ros2_ws/install/kobuki_core/lib:${LD_LIBRARY_PATH} PATH=/home/bot/ros2_ws/install/kobuki_core/bin:${PATH} PYTHONPATH=/home/bot/ros2_ws/install/kobuki_ros_interfaces/lib/python3.8/site-packages:${PYTHONPATH} /usr/bin/cmake /home/bot/ros2_ws/kobuki_ros/kobuki_auto_docking -DCMAKE_INSTALL_PREFIX=/home/bot/ros2_ws/install/kobuki_auto_docking
[0.103s] -- The C compiler identification is GNU 9.4.0
[0.144s] -- The CXX compiler identification is GNU 9.4.0
[0.147s] -- Check for working C compiler: /usr/bin/cc
[0.188s] -- Check for working C compiler: /usr/bin/cc -- works
[0.188s] -- Detecting C compiler ABI info
[0.230s] -- Detecting C compiler ABI info - done
[0.242s] -- Detecting C compile features
[0.243s] -- Detecting C compile features - done
[0.245s] -- Check for working CXX compiler: /usr/bin/c++
[0.300s] -- Check for working CXX compiler: /usr/bin/c++ -- works
[0.301s] -- Detecting CXX compiler ABI info
[0.358s] -- Detecting CXX compiler ABI info - done
[0.366s] -- Detecting CXX compile features
[0.366s] -- Detecting CXX compile features - done
[0.368s] -- Found ament_cmake_ros: 0.9.2 (/opt/ros/foxy/share/ament_cmake_ros/cmake)
[0.392s] -- Found PythonInterp: /usr/bin/python3 (found suitable version "3.8.10", minimum required is "3") 
[0.392s] -- Using PYTHON_EXECUTABLE: /usr/bin/python3
[0.546s] -- Found ecl_linear_algebra: 1.2.0 (/opt/ros/foxy/share/ecl_linear_algebra/cmake)
[0.577s] -- Found geometry_msgs: 2.0.5 (/opt/ros/foxy/share/geometry_msgs/cmake)
[0.597s] -- Using all available rosidl_typesupport_c: rosidl_typesupport_fastrtps_c;rosidl_typesupport_introspection_c
[0.602s] -- Found rosidl_adapter: 1.3.0 (/opt/ros/foxy/share/rosidl_adapter/cmake)
[0.661s] -- Found OpenSSL: /usr/lib/x86_64-linux-gnu/libcrypto.so (found version "1.1.1f")  
[0.681s] -- Found FastRTPS: /opt/ros/foxy/include  
[0.728s] -- Using all available rosidl_typesupport_cpp: rosidl_typesupport_fastrtps_cpp;rosidl_typesupport_introspection_cpp
[0.779s] -- Found kobuki_core: 1.4.0 (/home/bot/ros2_ws/install/kobuki_core/share/kobuki_core/cmake)
[0.794s] -- Found ecl_build: 1.0.2 (/opt/ros/foxy/share/ecl_build/cmake)
[0.798s] -- Looking for pthread.h
[0.841s] -- Looking for pthread.h - found
[0.841s] -- Performing Test CMAKE_HAVE_LIBC_PTHREAD
[0.884s] -- Performing Test CMAKE_HAVE_LIBC_PTHREAD - Failed
[0.885s] -- Looking for pthread_create in pthreads
[0.922s] -- Looking for pthread_create in pthreads - not found
[0.922s] -- Looking for pthread_create in pthread
[0.964s] -- Looking for pthread_create in pthread - found
[0.964s] -- Found Threads: TRUE  
[0.965s] -- Check if compiler accepts -pthread
[1.012s] -- Check if compiler accepts -pthread - yes
[1.048s] -- Found kobuki_ros_interfaces: 1.0.0 (/home/bot/ros2_ws/install/kobuki_ros_interfaces/share/kobuki_ros_interfaces/cmake)
[1.141s] -- Found message_filters: 3.2.5 (/opt/ros/foxy/share/message_filters/cmake)
[1.143s] -- Found nav_msgs: 2.0.5 (/opt/ros/foxy/share/nav_msgs/cmake)
[1.188s] -- Found rcl_interfaces: 1.0.0 (/opt/ros/foxy/share/rcl_interfaces/cmake)
[1.198s] -- Found rclcpp: 2.4.2 (/opt/ros/foxy/share/rclcpp/cmake)
[1.216s] -- Found rmw_implementation_cmake: 1.0.3 (/opt/ros/foxy/share/rmw_implementation_cmake/cmake)
[1.217s] -- Using RMW implementation 'rmw_fastrtps_cpp' as default
[1.305s] -- Found rclcpp_components: 2.4.2 (/opt/ros/foxy/share/rclcpp_components/cmake)
[1.347s] -- Found rclcpp_action: 2.4.2 (/opt/ros/foxy/share/rclcpp_action/cmake)
[1.370s] -- Found tf2_geometry_msgs: 0.13.13 (/opt/ros/foxy/share/tf2_geometry_msgs/cmake)
[1.376s] -- Found eigen3_cmake_module: 0.1.1 (/opt/ros/foxy/share/eigen3_cmake_module/cmake)
[1.377s] -- Found Eigen3: TRUE (found version "3.3.7") 
[1.751s] -- Configuring done
[1.773s] -- Generating done
[1.775s] -- Build files have been written to: /home/bot/ros2_ws/build/kobuki_auto_docking
[1.789s] Invoked command in '/home/bot/ros2_ws/build/kobuki_auto_docking' returned '0': AMENT_PREFIX_PATH=/home/bot/ros2_ws/install/kobuki_ros_interfaces:/home/bot/ros2_ws/install/kobuki_core:${AMENT_PREFIX_PATH} CMAKE_PREFIX_PATH=/home/bot/ros2_ws/install/kobuki_ros_interfaces:/home/bot/ros2_ws/install/kobuki_core:/home/bot/ros2_ws/install/turtlesim:/home/bot/ros2_ws/install/tbot_start:/home/bot/ros2_ws/install/tbot_sim:/home/bot/ros2_ws/install/tuto_sim:/home/bot/ros2_ws/install/tbot_pytools:/opt/ros/foxy LD_LIBRARY_PATH=/home/bot/ros2_ws/install/kobuki_ros_interfaces/lib:/home/bot/ros2_ws/install/kobuki_core/lib:${LD_LIBRARY_PATH} PATH=/home/bot/ros2_ws/install/kobuki_core/bin:${PATH} PYTHONPATH=/home/bot/ros2_ws/install/kobuki_ros_interfaces/lib/python3.8/site-packages:${PYTHONPATH} /usr/bin/cmake /home/bot/ros2_ws/kobuki_ros/kobuki_auto_docking -DCMAKE_INSTALL_PREFIX=/home/bot/ros2_ws/install/kobuki_auto_docking
[1.792s] Invoking command in '/home/bot/ros2_ws/build/kobuki_auto_docking': AMENT_PREFIX_PATH=/home/bot/ros2_ws/install/kobuki_ros_interfaces:/home/bot/ros2_ws/install/kobuki_core:${AMENT_PREFIX_PATH} CMAKE_PREFIX_PATH=/home/bot/ros2_ws/install/kobuki_ros_interfaces:/home/bot/ros2_ws/install/kobuki_core:/home/bot/ros2_ws/install/turtlesim:/home/bot/ros2_ws/install/tbot_start:/home/bot/ros2_ws/install/tbot_sim:/home/bot/ros2_ws/install/tuto_sim:/home/bot/ros2_ws/install/tbot_pytools:/opt/ros/foxy LD_LIBRARY_PATH=/home/bot/ros2_ws/install/kobuki_ros_interfaces/lib:/home/bot/ros2_ws/install/kobuki_core/lib:${LD_LIBRARY_PATH} PATH=/home/bot/ros2_ws/install/kobuki_core/bin:${PATH} PYTHONPATH=/home/bot/ros2_ws/install/kobuki_ros_interfaces/lib/python3.8/site-packages:${PYTHONPATH} /usr/bin/cmake --build /home/bot/ros2_ws/build/kobuki_auto_docking -- -j16 -l16
[1.836s] [35m[1mScanning dependencies of target kobuki_auto_docking[0m
[1.836s] [35m[1mScanning dependencies of target kobuki_auto_docking_node[0m
[1.869s] [ 25%] [32mBuilding CXX object CMakeFiles/kobuki_auto_docking_node.dir/rclcpp_components/node_main_kobuki_auto_docking_node.cpp.o[0m
[1.932s] [ 50%] [32mBuilding CXX object CMakeFiles/kobuki_auto_docking.dir/src/auto_docking_ros.cpp.o[0m
[3.871s] [ 75%] [32m[1mLinking CXX executable kobuki_auto_docking_node[0m
[3.956s] [ 75%] Built target kobuki_auto_docking_node
[13.148s] [100%] [32m[1mLinking CXX shared library libkobuki_auto_docking.so[0m
[13.622s] [100%] Built target kobuki_auto_docking
[13.631s] Invoked command in '/home/bot/ros2_ws/build/kobuki_auto_docking' returned '0': AMENT_PREFIX_PATH=/home/bot/ros2_ws/install/kobuki_ros_interfaces:/home/bot/ros2_ws/install/kobuki_core:${AMENT_PREFIX_PATH} CMAKE_PREFIX_PATH=/home/bot/ros2_ws/install/kobuki_ros_interfaces:/home/bot/ros2_ws/install/kobuki_core:/home/bot/ros2_ws/install/turtlesim:/home/bot/ros2_ws/install/tbot_start:/home/bot/ros2_ws/install/tbot_sim:/home/bot/ros2_ws/install/tuto_sim:/home/bot/ros2_ws/install/tbot_pytools:/opt/ros/foxy LD_LIBRARY_PATH=/home/bot/ros2_ws/install/kobuki_ros_interfaces/lib:/home/bot/ros2_ws/install/kobuki_core/lib:${LD_LIBRARY_PATH} PATH=/home/bot/ros2_ws/install/kobuki_core/bin:${PATH} PYTHONPATH=/home/bot/ros2_ws/install/kobuki_ros_interfaces/lib/python3.8/site-packages:${PYTHONPATH} /usr/bin/cmake --build /home/bot/ros2_ws/build/kobuki_auto_docking -- -j16 -l16
[13.645s] Invoking command in '/home/bot/ros2_ws/build/kobuki_auto_docking': AMENT_PREFIX_PATH=/home/bot/ros2_ws/install/kobuki_ros_interfaces:/home/bot/ros2_ws/install/kobuki_core:${AMENT_PREFIX_PATH} CMAKE_PREFIX_PATH=/home/bot/ros2_ws/install/kobuki_ros_interfaces:/home/bot/ros2_ws/install/kobuki_core:/home/bot/ros2_ws/install/turtlesim:/home/bot/ros2_ws/install/tbot_start:/home/bot/ros2_ws/install/tbot_sim:/home/bot/ros2_ws/install/tuto_sim:/home/bot/ros2_ws/install/tbot_pytools:/opt/ros/foxy LD_LIBRARY_PATH=/home/bot/ros2_ws/install/kobuki_ros_interfaces/lib:/home/bot/ros2_ws/install/kobuki_core/lib:${LD_LIBRARY_PATH} PATH=/home/bot/ros2_ws/install/kobuki_core/bin:${PATH} PYTHONPATH=/home/bot/ros2_ws/install/kobuki_ros_interfaces/lib/python3.8/site-packages:${PYTHONPATH} /usr/bin/cmake --install /home/bot/ros2_ws/build/kobuki_auto_docking
[13.651s] -- Install configuration: ""
[13.651s] -- Installing: /home/bot/ros2_ws/install/kobuki_auto_docking/lib/kobuki_auto_docking/kobuki_auto_docking_node
[13.651s] -- Set runtime path of "/home/bot/ros2_ws/install/kobuki_auto_docking/lib/kobuki_auto_docking/kobuki_auto_docking_node" to ""
[13.651s] -- Installing: /home/bot/ros2_ws/install/kobuki_auto_docking/lib/libkobuki_auto_docking.so
[13.657s] -- Set runtime path of "/home/bot/ros2_ws/install/kobuki_auto_docking/lib/libkobuki_auto_docking.so" to ""
[13.657s] -- Installing: /home/bot/ros2_ws/install/kobuki_auto_docking/include/kobuki_auto_docking
[13.657s] -- Installing: /home/bot/ros2_ws/install/kobuki_auto_docking/include/kobuki_auto_docking/auto_docking_ros.hpp
[13.657s] -- Installing: /home/bot/ros2_ws/install/kobuki_auto_docking/share/kobuki_auto_docking/launch
[13.657s] -- Installing: /home/bot/ros2_ws/install/kobuki_auto_docking/share/kobuki_auto_docking/launch/compact.launch.py
[13.657s] -- Installing: /home/bot/ros2_ws/install/kobuki_auto_docking/share/kobuki_auto_docking/config
[13.657s] -- Installing: /home/bot/ros2_ws/install/kobuki_auto_docking/share/kobuki_auto_docking/config/auto_docking.yaml
[13.658s] -- Installing: /home/bot/ros2_ws/install/kobuki_auto_docking/share/kobuki_auto_docking/config/kobuki_node_params.yaml
[13.658s] -- Installing: /home/bot/ros2_ws/install/kobuki_auto_docking/lib/kobuki_auto_docking/activate.sh
[13.658s] -- Installing: /home/bot/ros2_ws/install/kobuki_auto_docking/share/ament_index/resource_index/package_run_dependencies/kobuki_auto_docking
[13.658s] -- Installing: /home/bot/ros2_ws/install/kobuki_auto_docking/share/ament_index/resource_index/parent_prefix_path/kobuki_auto_docking
[13.658s] -- Installing: /home/bot/ros2_ws/install/kobuki_auto_docking/share/kobuki_auto_docking/environment/ament_prefix_path.sh
[13.658s] -- Installing: /home/bot/ros2_ws/install/kobuki_auto_docking/share/kobuki_auto_docking/environment/ament_prefix_path.dsv
[13.658s] -- Installing: /home/bot/ros2_ws/install/kobuki_auto_docking/share/kobuki_auto_docking/environment/path.sh
[13.658s] -- Installing: /home/bot/ros2_ws/install/kobuki_auto_docking/share/kobuki_auto_docking/environment/path.dsv
[13.658s] -- Installing: /home/bot/ros2_ws/install/kobuki_auto_docking/share/kobuki_auto_docking/local_setup.bash
[13.658s] -- Installing: /home/bot/ros2_ws/install/kobuki_auto_docking/share/kobuki_auto_docking/local_setup.sh
[13.658s] -- Installing: /home/bot/ros2_ws/install/kobuki_auto_docking/share/kobuki_auto_docking/local_setup.zsh
[13.658s] -- Installing: /home/bot/ros2_ws/install/kobuki_auto_docking/share/kobuki_auto_docking/local_setup.dsv
[13.658s] -- Installing: /home/bot/ros2_ws/install/kobuki_auto_docking/share/kobuki_auto_docking/package.dsv
[13.658s] -- Installing: /home/bot/ros2_ws/install/kobuki_auto_docking/share/ament_index/resource_index/packages/kobuki_auto_docking
[13.658s] -- Installing: /home/bot/ros2_ws/install/kobuki_auto_docking/share/ament_index/resource_index/rclcpp_components/kobuki_auto_docking
[13.658s] -- Installing: /home/bot/ros2_ws/install/kobuki_auto_docking/share/kobuki_auto_docking/cmake/kobuki_auto_dockingConfig.cmake
[13.658s] -- Installing: /home/bot/ros2_ws/install/kobuki_auto_docking/share/kobuki_auto_docking/cmake/kobuki_auto_dockingConfig-version.cmake
[13.658s] -- Installing: /home/bot/ros2_ws/install/kobuki_auto_docking/share/kobuki_auto_docking/package.xml
[13.661s] Invoked command in '/home/bot/ros2_ws/build/kobuki_auto_docking' returned '0': AMENT_PREFIX_PATH=/home/bot/ros2_ws/install/kobuki_ros_interfaces:/home/bot/ros2_ws/install/kobuki_core:${AMENT_PREFIX_PATH} CMAKE_PREFIX_PATH=/home/bot/ros2_ws/install/kobuki_ros_interfaces:/home/bot/ros2_ws/install/kobuki_core:/home/bot/ros2_ws/install/turtlesim:/home/bot/ros2_ws/install/tbot_start:/home/bot/ros2_ws/install/tbot_sim:/home/bot/ros2_ws/install/tuto_sim:/home/bot/ros2_ws/install/tbot_pytools:/opt/ros/foxy LD_LIBRARY_PATH=/home/bot/ros2_ws/install/kobuki_ros_interfaces/lib:/home/bot/ros2_ws/install/kobuki_core/lib:${LD_LIBRARY_PATH} PATH=/home/bot/ros2_ws/install/kobuki_core/bin:${PATH} PYTHONPATH=/home/bot/ros2_ws/install/kobuki_ros_interfaces/lib/python3.8/site-packages:${PYTHONPATH} /usr/bin/cmake --install /home/bot/ros2_ws/build/kobuki_auto_docking
