-- The C compiler identification is GNU 9.4.0
-- The CXX compiler identification is GNU 9.4.0
-- Check for working C compiler: /usr/bin/cc
-- Check for working C compiler: /usr/bin/cc -- works
-- Detecting C compiler ABI info
-- Detecting C compiler ABI info - done
-- Detecting C compile features
-- Detecting C compile features - done
-- Check for working CXX compiler: /usr/bin/c++
-- Check for working CXX compiler: /usr/bin/c++ -- works
-- Detecting CXX compiler ABI info
-- Detecting CXX compiler ABI info - done
-- Detecting CXX compile features
-- Detecting CXX compile features - done
-- Found ament_cmake_ros: 0.9.2 (/opt/ros/foxy/share/ament_cmake_ros/cmake)
-- Found PythonInterp: /usr/bin/python3 (found suitable version "3.8.10", minimum required is "3") 
-- Using PYTHON_EXECUTABLE: /usr/bin/python3
-- Found angles: 1.12.6 (/opt/ros/foxy/share/angles/cmake)
-- Found diagnostic_msgs: 2.0.5 (/opt/ros/foxy/share/diagnostic_msgs/cmake)
-- Using all available rosidl_typesupport_c: rosidl_typesupport_fastrtps_c;rosidl_typesupport_introspection_c
-- Found rosidl_adapter: 1.3.0 (/opt/ros/foxy/share/rosidl_adapter/cmake)
-- Found OpenSSL: /usr/lib/x86_64-linux-gnu/libcrypto.so (found version "1.1.1f")  
-- Found FastRTPS: /opt/ros/foxy/include  
-- Using all available rosidl_typesupport_cpp: rosidl_typesupport_fastrtps_cpp;rosidl_typesupport_introspection_cpp
-- Found diagnostic_updater: 2.0.8 (/opt/ros/foxy/share/diagnostic_updater/cmake)
-- Found rmw_implementation_cmake: 1.0.3 (/opt/ros/foxy/share/rmw_implementation_cmake/cmake)
-- Using RMW implementation 'rmw_fastrtps_cpp' as default
-- Looking for pthread.h
-- Looking for pthread.h - found
-- Performing Test CMAKE_HAVE_LIBC_PTHREAD
-- Performing Test CMAKE_HAVE_LIBC_PTHREAD - Failed
-- Looking for pthread_create in pthreads
-- Looking for pthread_create in pthreads - not found
-- Looking for pthread_create in pthread
-- Looking for pthread_create in pthread - found
-- Found Threads: TRUE  
-- Found ecl_build: 1.0.2 (/opt/ros/foxy/share/ecl_build/cmake)
-- Found ecl_errors: 1.1.0 (/opt/ros/foxy/share/ecl_errors/cmake)
-- Found ecl_exceptions: 1.2.0 (/opt/ros/foxy/share/ecl_exceptions/cmake)
-- Found ecl_geometry: 1.2.0 (/opt/ros/foxy/share/ecl_geometry/cmake)
-- Found ecl_sigslots: 1.2.0 (/opt/ros/foxy/share/ecl_sigslots/cmake)
-- Check if compiler accepts -pthread
-- Check if compiler accepts -pthread - yes
-- Found geometry_msgs: 2.0.5 (/opt/ros/foxy/share/geometry_msgs/cmake)
-- Found kobuki_core: 1.4.0 (/home/bot/ros2_ws/install/kobuki_core/share/kobuki_core/cmake)
-- Found kobuki_ros_interfaces: 1.0.0 (/home/bot/ros2_ws/install/kobuki_ros_interfaces/share/kobuki_ros_interfaces/cmake)
-- Found nav_msgs: 2.0.5 (/opt/ros/foxy/share/nav_msgs/cmake)
-- Found rclcpp_components: 2.4.2 (/opt/ros/foxy/share/rclcpp_components/cmake)
-- Found sensor_msgs: 2.0.5 (/opt/ros/foxy/share/sensor_msgs/cmake)
-- Found tf2: 0.13.13 (/opt/ros/foxy/share/tf2/cmake)
-- Found tf2_ros: 0.13.13 (/opt/ros/foxy/share/tf2_ros/cmake)
-- Configuring done
-- Generating done
-- Build files have been written to: /home/bot/ros2_ws/build/kobuki_node
[35m[1mScanning dependencies of target kobuki_ros_node[0m
[35m[1mScanning dependencies of target kobuki_ros[0m
[ 16%] [32mBuilding CXX object CMakeFiles/kobuki_ros_node.dir/rclcpp_components/node_main_kobuki_ros_node.cpp.o[0m
[ 33%] [32mBuilding CXX object CMakeFiles/kobuki_ros.dir/src/diagnostics.cpp.o[0m
[ 66%] [32mBuilding CXX object CMakeFiles/kobuki_ros.dir/src/kobuki_ros.cpp.o[0m
[ 66%] [32mBuilding CXX object CMakeFiles/kobuki_ros.dir/src/odometry.cpp.o[0m
[ 83%] [32m[1mLinking CXX executable kobuki_ros_node[0m
[ 83%] Built target kobuki_ros_node
[100%] [32m[1mLinking CXX shared library libkobuki_ros.so[0m
[100%] Built target kobuki_ros
-- Install configuration: ""
-- Installing: /home/bot/ros2_ws/install/kobuki_node/lib/kobuki_node/kobuki_ros_node
-- Set runtime path of "/home/bot/ros2_ws/install/kobuki_node/lib/kobuki_node/kobuki_ros_node" to ""
-- Installing: /home/bot/ros2_ws/install/kobuki_node/lib/libkobuki_ros.so
-- Set runtime path of "/home/bot/ros2_ws/install/kobuki_node/lib/libkobuki_ros.so" to ""
-- Installing: /home/bot/ros2_ws/install/kobuki_node/include/kobuki_node
-- Installing: /home/bot/ros2_ws/install/kobuki_node/include/kobuki_node/odometry.hpp
-- Installing: /home/bot/ros2_ws/install/kobuki_node/include/kobuki_node/diagnostics.hpp
-- Installing: /home/bot/ros2_ws/install/kobuki_node/include/kobuki_node/kobuki_ros.hpp
-- Installing: /home/bot/ros2_ws/install/kobuki_node/share/kobuki_node/config
-- Installing: /home/bot/ros2_ws/install/kobuki_node/share/kobuki_node/config/kobuki_node_params.yaml
-- Installing: /home/bot/ros2_ws/install/kobuki_node/share/kobuki_node/launch
-- Installing: /home/bot/ros2_ws/install/kobuki_node/share/kobuki_node/launch/kobuki_node-composed-launch.py
-- Installing: /home/bot/ros2_ws/install/kobuki_node/share/kobuki_node/launch/kobuki_node-launch.py
-- Installing: /home/bot/ros2_ws/install/kobuki_node/share/ament_index/resource_index/package_run_dependencies/kobuki_node
-- Installing: /home/bot/ros2_ws/install/kobuki_node/share/ament_index/resource_index/parent_prefix_path/kobuki_node
-- Installing: /home/bot/ros2_ws/install/kobuki_node/share/kobuki_node/environment/ament_prefix_path.sh
-- Installing: /home/bot/ros2_ws/install/kobuki_node/share/kobuki_node/environment/ament_prefix_path.dsv
-- Installing: /home/bot/ros2_ws/install/kobuki_node/share/kobuki_node/environment/path.sh
-- Installing: /home/bot/ros2_ws/install/kobuki_node/share/kobuki_node/environment/path.dsv
-- Installing: /home/bot/ros2_ws/install/kobuki_node/share/kobuki_node/local_setup.bash
-- Installing: /home/bot/ros2_ws/install/kobuki_node/share/kobuki_node/local_setup.sh
-- Installing: /home/bot/ros2_ws/install/kobuki_node/share/kobuki_node/local_setup.zsh
-- Installing: /home/bot/ros2_ws/install/kobuki_node/share/kobuki_node/local_setup.dsv
-- Installing: /home/bot/ros2_ws/install/kobuki_node/share/kobuki_node/package.dsv
-- Installing: /home/bot/ros2_ws/install/kobuki_node/share/ament_index/resource_index/packages/kobuki_node
-- Installing: /home/bot/ros2_ws/install/kobuki_node/share/ament_index/resource_index/rclcpp_components/kobuki_node
-- Installing: /home/bot/ros2_ws/install/kobuki_node/share/kobuki_node/cmake/kobuki_nodeConfig.cmake
-- Installing: /home/bot/ros2_ws/install/kobuki_node/share/kobuki_node/cmake/kobuki_nodeConfig-version.cmake
-- Installing: /home/bot/ros2_ws/install/kobuki_node/share/kobuki_node/package.xml
