[0.035s] Invoking command in '/home/bot/ros2_ws/build/kobuki_node': AMENT_PREFIX_PATH=/home/bot/ros2_ws/install/kobuki_ros_interfaces:/home/bot/ros2_ws/install/kobuki_core:${AMENT_PREFIX_PATH} CMAKE_PREFIX_PATH=/home/bot/ros2_ws/install/kobuki_ros_interfaces:/home/bot/ros2_ws/install/kobuki_core:/home/bot/ros2_ws/install/turtlesim:/home/bot/ros2_ws/install/tbot_start:/home/bot/ros2_ws/install/tbot_sim:/home/bot/ros2_ws/install/tuto_sim:/home/bot/ros2_ws/install/tbot_pytools:/opt/ros/foxy LD_LIBRARY_PATH=/home/bot/ros2_ws/install/kobuki_ros_interfaces/lib:/home/bot/ros2_ws/install/kobuki_core/lib:${LD_LIBRARY_PATH} PATH=/home/bot/ros2_ws/install/kobuki_core/bin:${PATH} PYTHONPATH=/home/bot/ros2_ws/install/kobuki_ros_interfaces/lib/python3.8/site-packages:${PYTHONPATH} /usr/bin/cmake /home/bot/ros2_ws/kobuki_ros/kobuki_node -DCMAKE_INSTALL_PREFIX=/home/bot/ros2_ws/install/kobuki_node
[0.066s] -- The C compiler identification is GNU 9.4.0
[0.103s] -- The CXX compiler identification is GNU 9.4.0
[0.106s] -- Check for working C compiler: /usr/bin/cc
[0.146s] -- Check for working C compiler: /usr/bin/cc -- works
[0.147s] -- Detecting C compiler ABI info
[0.189s] -- Detecting C compiler ABI info - done
[0.196s] -- Detecting C compile features
[0.197s] -- Detecting C compile features - done
[0.198s] -- Check for working CXX compiler: /usr/bin/c++
[0.252s] -- Check for working CXX compiler: /usr/bin/c++ -- works
[0.253s] -- Detecting CXX compiler ABI info
[0.310s] -- Detecting CXX compiler ABI info - done
[0.318s] -- Detecting CXX compile features
[0.319s] -- Detecting CXX compile features - done
[0.321s] -- Found ament_cmake_ros: 0.9.2 (/opt/ros/foxy/share/ament_cmake_ros/cmake)
[0.344s] -- Found PythonInterp: /usr/bin/python3 (found suitable version "3.8.10", minimum required is "3") 
[0.344s] -- Using PYTHON_EXECUTABLE: /usr/bin/python3
[0.515s] -- Found angles: 1.12.6 (/opt/ros/foxy/share/angles/cmake)
[0.518s] -- Found diagnostic_msgs: 2.0.5 (/opt/ros/foxy/share/diagnostic_msgs/cmake)
[0.538s] -- Using all available rosidl_typesupport_c: rosidl_typesupport_fastrtps_c;rosidl_typesupport_introspection_c
[0.543s] -- Found rosidl_adapter: 1.3.0 (/opt/ros/foxy/share/rosidl_adapter/cmake)
[0.597s] -- Found OpenSSL: /usr/lib/x86_64-linux-gnu/libcrypto.so (found version "1.1.1f")  
[0.634s] -- Found FastRTPS: /opt/ros/foxy/include  
[0.691s] -- Using all available rosidl_typesupport_cpp: rosidl_typesupport_fastrtps_cpp;rosidl_typesupport_introspection_cpp
[0.751s] -- Found diagnostic_updater: 2.0.8 (/opt/ros/foxy/share/diagnostic_updater/cmake)
[0.784s] -- Found rmw_implementation_cmake: 1.0.3 (/opt/ros/foxy/share/rmw_implementation_cmake/cmake)
[0.785s] -- Using RMW implementation 'rmw_fastrtps_cpp' as default
[0.785s] -- Looking for pthread.h
[0.827s] -- Looking for pthread.h - found
[0.827s] -- Performing Test CMAKE_HAVE_LIBC_PTHREAD
[0.873s] -- Performing Test CMAKE_HAVE_LIBC_PTHREAD - Failed
[0.873s] -- Looking for pthread_create in pthreads
[0.910s] -- Looking for pthread_create in pthreads - not found
[0.910s] -- Looking for pthread_create in pthread
[0.954s] -- Looking for pthread_create in pthread - found
[0.955s] -- Found Threads: TRUE  
[1.065s] -- Found ecl_build: 1.0.2 (/opt/ros/foxy/share/ecl_build/cmake)
[1.070s] -- Found ecl_errors: 1.1.0 (/opt/ros/foxy/share/ecl_errors/cmake)
[1.074s] -- Found ecl_exceptions: 1.2.0 (/opt/ros/foxy/share/ecl_exceptions/cmake)
[1.077s] -- Found ecl_geometry: 1.2.0 (/opt/ros/foxy/share/ecl_geometry/cmake)
[1.111s] -- Found ecl_sigslots: 1.2.0 (/opt/ros/foxy/share/ecl_sigslots/cmake)
[1.115s] -- Check if compiler accepts -pthread
[1.159s] -- Check if compiler accepts -pthread - yes
[1.170s] -- Found geometry_msgs: 2.0.5 (/opt/ros/foxy/share/geometry_msgs/cmake)
[1.191s] -- Found kobuki_core: 1.4.0 (/home/bot/ros2_ws/install/kobuki_core/share/kobuki_core/cmake)
[1.207s] -- Found kobuki_ros_interfaces: 1.0.0 (/home/bot/ros2_ws/install/kobuki_ros_interfaces/share/kobuki_ros_interfaces/cmake)
[1.306s] -- Found nav_msgs: 2.0.5 (/opt/ros/foxy/share/nav_msgs/cmake)
[1.353s] -- Found rclcpp_components: 2.4.2 (/opt/ros/foxy/share/rclcpp_components/cmake)
[1.392s] -- Found sensor_msgs: 2.0.5 (/opt/ros/foxy/share/sensor_msgs/cmake)
[1.439s] -- Found tf2: 0.13.13 (/opt/ros/foxy/share/tf2/cmake)
[1.446s] -- Found tf2_ros: 0.13.13 (/opt/ros/foxy/share/tf2_ros/cmake)
[1.651s] -- Configuring done
[1.672s] -- Generating done
[1.673s] -- Build files have been written to: /home/bot/ros2_ws/build/kobuki_node
[1.683s] Invoked command in '/home/bot/ros2_ws/build/kobuki_node' returned '0': AMENT_PREFIX_PATH=/home/bot/ros2_ws/install/kobuki_ros_interfaces:/home/bot/ros2_ws/install/kobuki_core:${AMENT_PREFIX_PATH} CMAKE_PREFIX_PATH=/home/bot/ros2_ws/install/kobuki_ros_interfaces:/home/bot/ros2_ws/install/kobuki_core:/home/bot/ros2_ws/install/turtlesim:/home/bot/ros2_ws/install/tbot_start:/home/bot/ros2_ws/install/tbot_sim:/home/bot/ros2_ws/install/tuto_sim:/home/bot/ros2_ws/install/tbot_pytools:/opt/ros/foxy LD_LIBRARY_PATH=/home/bot/ros2_ws/install/kobuki_ros_interfaces/lib:/home/bot/ros2_ws/install/kobuki_core/lib:${LD_LIBRARY_PATH} PATH=/home/bot/ros2_ws/install/kobuki_core/bin:${PATH} PYTHONPATH=/home/bot/ros2_ws/install/kobuki_ros_interfaces/lib/python3.8/site-packages:${PYTHONPATH} /usr/bin/cmake /home/bot/ros2_ws/kobuki_ros/kobuki_node -DCMAKE_INSTALL_PREFIX=/home/bot/ros2_ws/install/kobuki_node
[1.685s] Invoking command in '/home/bot/ros2_ws/build/kobuki_node': AMENT_PREFIX_PATH=/home/bot/ros2_ws/install/kobuki_ros_interfaces:/home/bot/ros2_ws/install/kobuki_core:${AMENT_PREFIX_PATH} CMAKE_PREFIX_PATH=/home/bot/ros2_ws/install/kobuki_ros_interfaces:/home/bot/ros2_ws/install/kobuki_core:/home/bot/ros2_ws/install/turtlesim:/home/bot/ros2_ws/install/tbot_start:/home/bot/ros2_ws/install/tbot_sim:/home/bot/ros2_ws/install/tuto_sim:/home/bot/ros2_ws/install/tbot_pytools:/opt/ros/foxy LD_LIBRARY_PATH=/home/bot/ros2_ws/install/kobuki_ros_interfaces/lib:/home/bot/ros2_ws/install/kobuki_core/lib:${LD_LIBRARY_PATH} PATH=/home/bot/ros2_ws/install/kobuki_core/bin:${PATH} PYTHONPATH=/home/bot/ros2_ws/install/kobuki_ros_interfaces/lib/python3.8/site-packages:${PYTHONPATH} /usr/bin/cmake --build /home/bot/ros2_ws/build/kobuki_node -- -j16 -l16
[1.716s] [35m[1mScanning dependencies of target kobuki_ros_node[0m
[1.718s] [35m[1mScanning dependencies of target kobuki_ros[0m
[1.739s] [ 16%] [32mBuilding CXX object CMakeFiles/kobuki_ros_node.dir/rclcpp_components/node_main_kobuki_ros_node.cpp.o[0m
[1.823s] [ 33%] [32mBuilding CXX object CMakeFiles/kobuki_ros.dir/src/diagnostics.cpp.o[0m
[1.831s] [ 66%] [32mBuilding CXX object CMakeFiles/kobuki_ros.dir/src/kobuki_ros.cpp.o[0m
[1.831s] [ 66%] [32mBuilding CXX object CMakeFiles/kobuki_ros.dir/src/odometry.cpp.o[0m
[3.195s] [ 83%] [32m[1mLinking CXX executable kobuki_ros_node[0m
[3.346s] [ 83%] Built target kobuki_ros_node
[19.894s] [100%] [32m[1mLinking CXX shared library libkobuki_ros.so[0m
[20.768s] [100%] Built target kobuki_ros
[20.777s] Invoked command in '/home/bot/ros2_ws/build/kobuki_node' returned '0': AMENT_PREFIX_PATH=/home/bot/ros2_ws/install/kobuki_ros_interfaces:/home/bot/ros2_ws/install/kobuki_core:${AMENT_PREFIX_PATH} CMAKE_PREFIX_PATH=/home/bot/ros2_ws/install/kobuki_ros_interfaces:/home/bot/ros2_ws/install/kobuki_core:/home/bot/ros2_ws/install/turtlesim:/home/bot/ros2_ws/install/tbot_start:/home/bot/ros2_ws/install/tbot_sim:/home/bot/ros2_ws/install/tuto_sim:/home/bot/ros2_ws/install/tbot_pytools:/opt/ros/foxy LD_LIBRARY_PATH=/home/bot/ros2_ws/install/kobuki_ros_interfaces/lib:/home/bot/ros2_ws/install/kobuki_core/lib:${LD_LIBRARY_PATH} PATH=/home/bot/ros2_ws/install/kobuki_core/bin:${PATH} PYTHONPATH=/home/bot/ros2_ws/install/kobuki_ros_interfaces/lib/python3.8/site-packages:${PYTHONPATH} /usr/bin/cmake --build /home/bot/ros2_ws/build/kobuki_node -- -j16 -l16
[20.803s] Invoking command in '/home/bot/ros2_ws/build/kobuki_node': AMENT_PREFIX_PATH=/home/bot/ros2_ws/install/kobuki_ros_interfaces:/home/bot/ros2_ws/install/kobuki_core:${AMENT_PREFIX_PATH} CMAKE_PREFIX_PATH=/home/bot/ros2_ws/install/kobuki_ros_interfaces:/home/bot/ros2_ws/install/kobuki_core:/home/bot/ros2_ws/install/turtlesim:/home/bot/ros2_ws/install/tbot_start:/home/bot/ros2_ws/install/tbot_sim:/home/bot/ros2_ws/install/tuto_sim:/home/bot/ros2_ws/install/tbot_pytools:/opt/ros/foxy LD_LIBRARY_PATH=/home/bot/ros2_ws/install/kobuki_ros_interfaces/lib:/home/bot/ros2_ws/install/kobuki_core/lib:${LD_LIBRARY_PATH} PATH=/home/bot/ros2_ws/install/kobuki_core/bin:${PATH} PYTHONPATH=/home/bot/ros2_ws/install/kobuki_ros_interfaces/lib/python3.8/site-packages:${PYTHONPATH} /usr/bin/cmake --install /home/bot/ros2_ws/build/kobuki_node
[20.814s] -- Install configuration: ""
[20.815s] -- Installing: /home/bot/ros2_ws/install/kobuki_node/lib/kobuki_node/kobuki_ros_node
[20.815s] -- Set runtime path of "/home/bot/ros2_ws/install/kobuki_node/lib/kobuki_node/kobuki_ros_node" to ""
[20.815s] -- Installing: /home/bot/ros2_ws/install/kobuki_node/lib/libkobuki_ros.so
[20.841s] -- Set runtime path of "/home/bot/ros2_ws/install/kobuki_node/lib/libkobuki_ros.so" to ""
[20.841s] -- Installing: /home/bot/ros2_ws/install/kobuki_node/include/kobuki_node
[20.841s] -- Installing: /home/bot/ros2_ws/install/kobuki_node/include/kobuki_node/odometry.hpp
[20.841s] -- Installing: /home/bot/ros2_ws/install/kobuki_node/include/kobuki_node/diagnostics.hpp
[20.842s] -- Installing: /home/bot/ros2_ws/install/kobuki_node/include/kobuki_node/kobuki_ros.hpp
[20.842s] -- Installing: /home/bot/ros2_ws/install/kobuki_node/share/kobuki_node/config
[20.842s] -- Installing: /home/bot/ros2_ws/install/kobuki_node/share/kobuki_node/config/kobuki_node_params.yaml
[20.842s] -- Installing: /home/bot/ros2_ws/install/kobuki_node/share/kobuki_node/launch
[20.842s] -- Installing: /home/bot/ros2_ws/install/kobuki_node/share/kobuki_node/launch/kobuki_node-composed-launch.py
[20.842s] -- Installing: /home/bot/ros2_ws/install/kobuki_node/share/kobuki_node/launch/kobuki_node-launch.py
[20.843s] -- Installing: /home/bot/ros2_ws/install/kobuki_node/share/ament_index/resource_index/package_run_dependencies/kobuki_node
[20.843s] -- Installing: /home/bot/ros2_ws/install/kobuki_node/share/ament_index/resource_index/parent_prefix_path/kobuki_node
[20.843s] -- Installing: /home/bot/ros2_ws/install/kobuki_node/share/kobuki_node/environment/ament_prefix_path.sh
[20.843s] -- Installing: /home/bot/ros2_ws/install/kobuki_node/share/kobuki_node/environment/ament_prefix_path.dsv
[20.843s] -- Installing: /home/bot/ros2_ws/install/kobuki_node/share/kobuki_node/environment/path.sh
[20.843s] -- Installing: /home/bot/ros2_ws/install/kobuki_node/share/kobuki_node/environment/path.dsv
[20.843s] -- Installing: /home/bot/ros2_ws/install/kobuki_node/share/kobuki_node/local_setup.bash
[20.844s] -- Installing: /home/bot/ros2_ws/install/kobuki_node/share/kobuki_node/local_setup.sh
[20.844s] -- Installing: /home/bot/ros2_ws/install/kobuki_node/share/kobuki_node/local_setup.zsh
[20.844s] -- Installing: /home/bot/ros2_ws/install/kobuki_node/share/kobuki_node/local_setup.dsv
[20.844s] -- Installing: /home/bot/ros2_ws/install/kobuki_node/share/kobuki_node/package.dsv
[20.844s] -- Installing: /home/bot/ros2_ws/install/kobuki_node/share/ament_index/resource_index/packages/kobuki_node
[20.844s] -- Installing: /home/bot/ros2_ws/install/kobuki_node/share/ament_index/resource_index/rclcpp_components/kobuki_node
[20.844s] -- Installing: /home/bot/ros2_ws/install/kobuki_node/share/kobuki_node/cmake/kobuki_nodeConfig.cmake
[20.844s] -- Installing: /home/bot/ros2_ws/install/kobuki_node/share/kobuki_node/cmake/kobuki_nodeConfig-version.cmake
[20.844s] -- Installing: /home/bot/ros2_ws/install/kobuki_node/share/kobuki_node/package.xml
[20.845s] Invoked command in '/home/bot/ros2_ws/build/kobuki_node' returned '0': AMENT_PREFIX_PATH=/home/bot/ros2_ws/install/kobuki_ros_interfaces:/home/bot/ros2_ws/install/kobuki_core:${AMENT_PREFIX_PATH} CMAKE_PREFIX_PATH=/home/bot/ros2_ws/install/kobuki_ros_interfaces:/home/bot/ros2_ws/install/kobuki_core:/home/bot/ros2_ws/install/turtlesim:/home/bot/ros2_ws/install/tbot_start:/home/bot/ros2_ws/install/tbot_sim:/home/bot/ros2_ws/install/tuto_sim:/home/bot/ros2_ws/install/tbot_pytools:/opt/ros/foxy LD_LIBRARY_PATH=/home/bot/ros2_ws/install/kobuki_ros_interfaces/lib:/home/bot/ros2_ws/install/kobuki_core/lib:${LD_LIBRARY_PATH} PATH=/home/bot/ros2_ws/install/kobuki_core/bin:${PATH} PYTHONPATH=/home/bot/ros2_ws/install/kobuki_ros_interfaces/lib/python3.8/site-packages:${PYTHONPATH} /usr/bin/cmake --install /home/bot/ros2_ws/build/kobuki_node
