[0.083s] DEBUG:colcon:Command line arguments: ['/usr/bin/colcon', 'build']
[0.083s] DEBUG:colcon:Parsed command line arguments: Namespace(allow_overriding=[], ament_cmake_args=None, base_paths=['.'], build_base='build', catkin_cmake_args=None, catkin_skip_building_tests=False, cmake_args=None, cmake_clean_cache=False, cmake_clean_first=False, cmake_force_configure=False, cmake_target=None, cmake_target_skip_unavailable=False, continue_on_error=False, event_handlers=None, executor='parallel', ignore_user_meta=False, install_base='install', log_base=None, log_level=None, main=<bound method BuildVerb.main of <colcon_core.verb.build.BuildVerb object at 0x7f37ad8a2250>>, merge_install=False, metas=['./colcon.meta'], packages_above=None, packages_above_and_dependencies=None, packages_above_depth=None, packages_end=None, packages_ignore=None, packages_ignore_regex=None, packages_select=None, packages_select_build_failed=False, packages_select_by_dep=None, packages_select_regex=None, packages_select_test_failures=False, packages_skip=None, packages_skip_build_finished=False, packages_skip_by_dep=None, packages_skip_regex=None, packages_skip_test_passed=False, packages_skip_up_to=None, packages_start=None, packages_up_to=None, packages_up_to_regex=None, parallel_workers=16, paths=None, symlink_install=False, test_result_base=None, verb_extension=<colcon_core.verb.build.BuildVerb object at 0x7f37ad8a2250>, verb_name='build', verb_parser=<colcon_defaults.argument_parser.defaults.DefaultArgumentsDecorator object at 0x7f37ad8a2790>)
[0.096s] Level 1:colcon.colcon_core.package_discovery:discover_packages(colcon_meta) check parameters
[0.096s] Level 1:colcon.colcon_core.package_discovery:discover_packages(recursive) check parameters
[0.096s] Level 1:colcon.colcon_core.package_discovery:discover_packages(ignore) check parameters
[0.096s] Level 1:colcon.colcon_core.package_discovery:discover_packages(path) check parameters
[0.096s] Level 1:colcon.colcon_core.package_discovery:discover_packages(colcon_meta) discover
[0.096s] Level 1:colcon.colcon_core.package_discovery:discover_packages(recursive) discover
[0.096s] INFO:colcon.colcon_core.package_discovery:Crawling recursively for packages in '/home/bot/ros2_ws/larm-bishop'
[0.096s] Level 1:colcon.colcon_core.package_identification:_identify(.) by extensions ['ignore', 'ignore_ament_install']
[0.096s] Level 1:colcon.colcon_core.package_identification:_identify(.) by extension 'ignore'
[0.096s] Level 1:colcon.colcon_core.package_identification:_identify(.) by extension 'ignore_ament_install'
[0.096s] Level 1:colcon.colcon_core.package_identification:_identify(.) by extensions ['colcon_pkg']
[0.096s] Level 1:colcon.colcon_core.package_identification:_identify(.) by extension 'colcon_pkg'
[0.096s] Level 1:colcon.colcon_core.package_identification:_identify(.) by extensions ['colcon_meta']
[0.096s] Level 1:colcon.colcon_core.package_identification:_identify(.) by extension 'colcon_meta'
[0.096s] Level 1:colcon.colcon_core.package_identification:_identify(.) by extensions ['ros']
[0.096s] Level 1:colcon.colcon_core.package_identification:_identify(.) by extension 'ros'
[0.103s] Level 1:colcon.colcon_core.package_identification:_identify(.) by extensions ['cmake', 'python']
[0.103s] Level 1:colcon.colcon_core.package_identification:_identify(.) by extension 'cmake'
[0.103s] Level 1:colcon.colcon_core.package_identification:_identify(.) by extension 'python'
[0.103s] Level 1:colcon.colcon_core.package_identification:_identify(.) by extensions ['python_setup_py']
[0.103s] Level 1:colcon.colcon_core.package_identification:_identify(.) by extension 'python_setup_py'
[0.103s] Level 1:colcon.colcon_core.package_identification:_identify(build) by extensions ['ignore', 'ignore_ament_install']
[0.103s] Level 1:colcon.colcon_core.package_identification:_identify(build) by extension 'ignore'
[0.103s] Level 1:colcon.colcon_core.package_identification:_identify(build) ignored
[0.103s] Level 1:colcon.colcon_core.package_identification:_identify(grp_bishop) by extensions ['ignore', 'ignore_ament_install']
[0.103s] Level 1:colcon.colcon_core.package_identification:_identify(grp_bishop) by extension 'ignore'
[0.103s] Level 1:colcon.colcon_core.package_identification:_identify(grp_bishop) by extension 'ignore_ament_install'
[0.103s] Level 1:colcon.colcon_core.package_identification:_identify(grp_bishop) by extensions ['colcon_pkg']
[0.103s] Level 1:colcon.colcon_core.package_identification:_identify(grp_bishop) by extension 'colcon_pkg'
[0.103s] Level 1:colcon.colcon_core.package_identification:_identify(grp_bishop) by extensions ['colcon_meta']
[0.103s] Level 1:colcon.colcon_core.package_identification:_identify(grp_bishop) by extension 'colcon_meta'
[0.103s] Level 1:colcon.colcon_core.package_identification:_identify(grp_bishop) by extensions ['ros']
[0.103s] Level 1:colcon.colcon_core.package_identification:_identify(grp_bishop) by extension 'ros'
[0.109s] DEBUG:colcon.colcon_core.package_identification:Package 'grp_bishop' with type 'ros.ament_python' and name 'grp_bishop'
[0.109s] Level 1:colcon.colcon_core.package_identification:_identify(install) by extensions ['ignore', 'ignore_ament_install']
[0.109s] Level 1:colcon.colcon_core.package_identification:_identify(install) by extension 'ignore'
[0.109s] Level 1:colcon.colcon_core.package_identification:_identify(install) ignored
[0.109s] Level 1:colcon.colcon_core.package_identification:_identify(log) by extensions ['ignore', 'ignore_ament_install']
[0.109s] Level 1:colcon.colcon_core.package_identification:_identify(log) by extension 'ignore'
[0.109s] Level 1:colcon.colcon_core.package_identification:_identify(log) ignored
[0.109s] Level 1:colcon.colcon_core.package_identification:_identify(my_amasing_pkg) by extensions ['ignore', 'ignore_ament_install']
[0.109s] Level 1:colcon.colcon_core.package_identification:_identify(my_amasing_pkg) by extension 'ignore'
[0.109s] Level 1:colcon.colcon_core.package_identification:_identify(my_amasing_pkg) by extension 'ignore_ament_install'
[0.109s] Level 1:colcon.colcon_core.package_identification:_identify(my_amasing_pkg) by extensions ['colcon_pkg']
[0.109s] Level 1:colcon.colcon_core.package_identification:_identify(my_amasing_pkg) by extension 'colcon_pkg'
[0.109s] Level 1:colcon.colcon_core.package_identification:_identify(my_amasing_pkg) by extensions ['colcon_meta']
[0.109s] Level 1:colcon.colcon_core.package_identification:_identify(my_amasing_pkg) by extension 'colcon_meta'
[0.109s] Level 1:colcon.colcon_core.package_identification:_identify(my_amasing_pkg) by extensions ['ros']
[0.109s] Level 1:colcon.colcon_core.package_identification:_identify(my_amasing_pkg) by extension 'ros'
[0.110s] DEBUG:colcon.colcon_core.package_identification:Package 'my_amasing_pkg' with type 'ros.ament_cmake' and name 'my_amasing_pkg'
[0.110s] Level 1:colcon.colcon_core.package_discovery:discover_packages(recursive) using defaults
[0.110s] Level 1:colcon.colcon_core.package_discovery:discover_packages(ignore) discover
[0.110s] Level 1:colcon.colcon_core.package_discovery:discover_packages(ignore) using defaults
[0.110s] Level 1:colcon.colcon_core.package_discovery:discover_packages(path) discover
[0.110s] Level 1:colcon.colcon_core.package_discovery:discover_packages(path) using defaults
[0.121s] Level 1:colcon.colcon_core.package_discovery:discover_packages(prefix_path) check parameters
[0.121s] Level 1:colcon.colcon_core.package_discovery:discover_packages(prefix_path) discover
[0.123s] DEBUG:colcon.colcon_installed_package_information.package_discovery:Found 17 installed packages in /home/bot/ros2_ws/install
[0.124s] DEBUG:colcon.colcon_installed_package_information.package_discovery:Found 341 installed packages in /opt/ros/foxy
[0.125s] Level 1:colcon.colcon_core.package_discovery:discover_packages(prefix_path) using defaults
[0.174s] Level 5:colcon.colcon_core.verb:set package 'grp_bishop' build argument 'cmake_args' from command line to 'None'
[0.174s] Level 5:colcon.colcon_core.verb:set package 'grp_bishop' build argument 'cmake_target' from command line to 'None'
[0.174s] Level 5:colcon.colcon_core.verb:set package 'grp_bishop' build argument 'cmake_target_skip_unavailable' from command line to 'False'
[0.174s] Level 5:colcon.colcon_core.verb:set package 'grp_bishop' build argument 'cmake_clean_cache' from command line to 'False'
[0.174s] Level 5:colcon.colcon_core.verb:set package 'grp_bishop' build argument 'cmake_clean_first' from command line to 'False'
[0.174s] Level 5:colcon.colcon_core.verb:set package 'grp_bishop' build argument 'cmake_force_configure' from command line to 'False'
[0.174s] Level 5:colcon.colcon_core.verb:set package 'grp_bishop' build argument 'ament_cmake_args' from command line to 'None'
[0.175s] Level 5:colcon.colcon_core.verb:set package 'grp_bishop' build argument 'catkin_cmake_args' from command line to 'None'
[0.175s] Level 5:colcon.colcon_core.verb:set package 'grp_bishop' build argument 'catkin_skip_building_tests' from command line to 'False'
[0.175s] DEBUG:colcon.colcon_core.verb:Building package 'grp_bishop' with the following arguments: {'ament_cmake_args': None, 'build_base': '/home/bot/ros2_ws/larm-bishop/build/grp_bishop', 'catkin_cmake_args': None, 'catkin_skip_building_tests': False, 'cmake_args': None, 'cmake_clean_cache': False, 'cmake_clean_first': False, 'cmake_force_configure': False, 'cmake_target': None, 'cmake_target_skip_unavailable': False, 'install_base': '/home/bot/ros2_ws/larm-bishop/install/grp_bishop', 'merge_install': False, 'path': '/home/bot/ros2_ws/larm-bishop/grp_bishop', 'symlink_install': False, 'test_result_base': None}
[0.175s] Level 5:colcon.colcon_core.verb:set package 'my_amasing_pkg' build argument 'cmake_args' from command line to 'None'
[0.175s] Level 5:colcon.colcon_core.verb:set package 'my_amasing_pkg' build argument 'cmake_target' from command line to 'None'
[0.175s] Level 5:colcon.colcon_core.verb:set package 'my_amasing_pkg' build argument 'cmake_target_skip_unavailable' from command line to 'False'
[0.175s] Level 5:colcon.colcon_core.verb:set package 'my_amasing_pkg' build argument 'cmake_clean_cache' from command line to 'False'
[0.175s] Level 5:colcon.colcon_core.verb:set package 'my_amasing_pkg' build argument 'cmake_clean_first' from command line to 'False'
[0.175s] Level 5:colcon.colcon_core.verb:set package 'my_amasing_pkg' build argument 'cmake_force_configure' from command line to 'False'
[0.175s] Level 5:colcon.colcon_core.verb:set package 'my_amasing_pkg' build argument 'ament_cmake_args' from command line to 'None'
[0.175s] Level 5:colcon.colcon_core.verb:set package 'my_amasing_pkg' build argument 'catkin_cmake_args' from command line to 'None'
[0.175s] Level 5:colcon.colcon_core.verb:set package 'my_amasing_pkg' build argument 'catkin_skip_building_tests' from command line to 'False'
[0.175s] DEBUG:colcon.colcon_core.verb:Building package 'my_amasing_pkg' with the following arguments: {'ament_cmake_args': None, 'build_base': '/home/bot/ros2_ws/larm-bishop/build/my_amasing_pkg', 'catkin_cmake_args': None, 'catkin_skip_building_tests': False, 'cmake_args': None, 'cmake_clean_cache': False, 'cmake_clean_first': False, 'cmake_force_configure': False, 'cmake_target': None, 'cmake_target_skip_unavailable': False, 'install_base': '/home/bot/ros2_ws/larm-bishop/install/my_amasing_pkg', 'merge_install': False, 'path': '/home/bot/ros2_ws/larm-bishop/my_amasing_pkg', 'symlink_install': False, 'test_result_base': None}
[0.176s] INFO:colcon.colcon_core.executor:Executing jobs using 'parallel' executor
[0.178s] DEBUG:colcon.colcon_parallel_executor.executor.parallel:run_until_complete
[0.179s] INFO:colcon.colcon_ros.task.ament_python.build:Building ROS package in '/home/bot/ros2_ws/larm-bishop/grp_bishop' with build type 'ament_python'
[0.179s] Level 1:colcon.colcon_core.shell:create_environment_hook('grp_bishop', 'ament_prefix_path')
[0.181s] INFO:colcon.colcon_core.plugin_system:Skipping extension 'colcon_core.shell.bat': Not used on non-Windows systems
[0.181s] INFO:colcon.colcon_core.shell:Creating environment hook '/home/bot/ros2_ws/larm-bishop/install/grp_bishop/share/grp_bishop/hook/ament_prefix_path.ps1'
[0.181s] INFO:colcon.colcon_core.shell:Creating environment descriptor '/home/bot/ros2_ws/larm-bishop/install/grp_bishop/share/grp_bishop/hook/ament_prefix_path.dsv'
[0.182s] INFO:colcon.colcon_core.shell:Creating environment hook '/home/bot/ros2_ws/larm-bishop/install/grp_bishop/share/grp_bishop/hook/ament_prefix_path.sh'
[0.183s] INFO:colcon.colcon_core.shell:Skip shell extension 'powershell' for command environment: Not usable outside of PowerShell
[0.183s] DEBUG:colcon.colcon_core.shell:Skip shell extension 'dsv' for command environment
[0.187s] INFO:colcon.colcon_ros.task.ament_cmake.build:Building ROS package in '/home/bot/ros2_ws/larm-bishop/my_amasing_pkg' with build type 'ament_cmake'
[0.187s] INFO:colcon.colcon_cmake.task.cmake.build:Building CMake package in '/home/bot/ros2_ws/larm-bishop/my_amasing_pkg'
[0.188s] INFO:colcon.colcon_core.shell:Skip shell extension 'powershell' for command environment: Not usable outside of PowerShell
[0.188s] DEBUG:colcon.colcon_core.shell:Skip shell extension 'dsv' for command environment
[0.337s] INFO:colcon.colcon_core.task.python.build:Building Python package in '/home/bot/ros2_ws/larm-bishop/grp_bishop'
[0.338s] INFO:colcon.colcon_core.shell:Skip shell extension 'powershell' for command environment: Not usable outside of PowerShell
[0.338s] DEBUG:colcon.colcon_core.shell:Skip shell extension 'dsv' for command environment
[0.345s] DEBUG:colcon.colcon_core.event_handler.log_command:Invoking command in '/home/bot/ros2_ws/larm-bishop/build/my_amasing_pkg': CMAKE_PREFIX_PATH=${CMAKE_PREFIX_PATH}:/home/bot/ros2_ws/install/tuto_sim:/home/bot/ros2_ws/install/tbot_pytools:/home/bot/ros2_ws/install/grp_bishop:/opt/ros/foxy /usr/bin/cmake /home/bot/ros2_ws/larm-bishop/my_amasing_pkg -DCMAKE_INSTALL_PREFIX=/home/bot/ros2_ws/larm-bishop/install/my_amasing_pkg
[0.606s] DEBUG:colcon.colcon_core.event_handler.log_command:Invoking command in '/home/bot/ros2_ws/larm-bishop/grp_bishop': PYTHONPATH=/home/bot/ros2_ws/larm-bishop/build/grp_bishop/prefix_override:/home/bot/ros2_ws/larm-bishop/install/grp_bishop/lib/python3.8/site-packages:${PYTHONPATH} /usr/bin/python3 setup.py egg_info --egg-base ../build/grp_bishop build --build-base /home/bot/ros2_ws/larm-bishop/build/grp_bishop/build install --record /home/bot/ros2_ws/larm-bishop/build/grp_bishop/install.log --install-scripts $base/lib/grp_bishop --single-version-externally-managed
[0.789s] DEBUG:colcon.colcon_core.event_handler.log_command:Invoked command in '/home/bot/ros2_ws/larm-bishop/grp_bishop' returned '0': PYTHONPATH=/home/bot/ros2_ws/larm-bishop/build/grp_bishop/prefix_override:/home/bot/ros2_ws/larm-bishop/install/grp_bishop/lib/python3.8/site-packages:${PYTHONPATH} /usr/bin/python3 setup.py egg_info --egg-base ../build/grp_bishop build --build-base /home/bot/ros2_ws/larm-bishop/build/grp_bishop/build install --record /home/bot/ros2_ws/larm-bishop/build/grp_bishop/install.log --install-scripts $base/lib/grp_bishop --single-version-externally-managed
[0.793s] Level 1:colcon.colcon_core.environment:checking '/home/bot/ros2_ws/larm-bishop/install/grp_bishop' for CMake module files
[0.794s] Level 1:colcon.colcon_core.environment:checking '/home/bot/ros2_ws/larm-bishop/install/grp_bishop' for CMake config files
[0.794s] Level 1:colcon.colcon_core.environment:checking '/home/bot/ros2_ws/larm-bishop/install/grp_bishop/lib'
[0.794s] Level 1:colcon.colcon_core.environment:checking '/home/bot/ros2_ws/larm-bishop/install/grp_bishop/bin'
[0.794s] Level 1:colcon.colcon_core.environment:checking '/home/bot/ros2_ws/larm-bishop/install/grp_bishop/lib/pkgconfig/grp_bishop.pc'
[0.795s] Level 1:colcon.colcon_core.environment:checking '/home/bot/ros2_ws/larm-bishop/install/grp_bishop/lib/python3.8/site-packages'
[0.795s] Level 1:colcon.colcon_core.shell:create_environment_hook('grp_bishop', 'pythonpath')
[0.796s] INFO:colcon.colcon_core.shell:Creating environment hook '/home/bot/ros2_ws/larm-bishop/install/grp_bishop/share/grp_bishop/hook/pythonpath.ps1'
[0.796s] INFO:colcon.colcon_core.shell:Creating environment descriptor '/home/bot/ros2_ws/larm-bishop/install/grp_bishop/share/grp_bishop/hook/pythonpath.dsv'
[0.796s] INFO:colcon.colcon_core.shell:Creating environment hook '/home/bot/ros2_ws/larm-bishop/install/grp_bishop/share/grp_bishop/hook/pythonpath.sh'
[0.797s] Level 1:colcon.colcon_core.environment:checking '/home/bot/ros2_ws/larm-bishop/install/grp_bishop/bin'
[0.797s] Level 1:colcon.colcon_core.environment:create_environment_scripts_only(grp_bishop)
[0.798s] INFO:colcon.colcon_core.shell:Creating package script '/home/bot/ros2_ws/larm-bishop/install/grp_bishop/share/grp_bishop/package.ps1'
[0.799s] INFO:colcon.colcon_core.shell:Creating package descriptor '/home/bot/ros2_ws/larm-bishop/install/grp_bishop/share/grp_bishop/package.dsv'
[0.799s] INFO:colcon.colcon_core.shell:Creating package script '/home/bot/ros2_ws/larm-bishop/install/grp_bishop/share/grp_bishop/package.sh'
[0.800s] INFO:colcon.colcon_core.shell:Creating package script '/home/bot/ros2_ws/larm-bishop/install/grp_bishop/share/grp_bishop/package.bash'
[0.801s] INFO:colcon.colcon_core.shell:Creating package script '/home/bot/ros2_ws/larm-bishop/install/grp_bishop/share/grp_bishop/package.zsh'
[0.801s] Level 1:colcon.colcon_core.environment:create_file_with_runtime_dependencies(/home/bot/ros2_ws/larm-bishop/install/grp_bishop/share/colcon-core/packages/grp_bishop)
[0.875s] DEBUG:colcon.colcon_core.event_handler.log_command:Invoked command in '/home/bot/ros2_ws/larm-bishop/build/my_amasing_pkg' returned '0': CMAKE_PREFIX_PATH=${CMAKE_PREFIX_PATH}:/home/bot/ros2_ws/install/tuto_sim:/home/bot/ros2_ws/install/tbot_pytools:/home/bot/ros2_ws/install/grp_bishop:/opt/ros/foxy /usr/bin/cmake /home/bot/ros2_ws/larm-bishop/my_amasing_pkg -DCMAKE_INSTALL_PREFIX=/home/bot/ros2_ws/larm-bishop/install/my_amasing_pkg
[0.876s] DEBUG:colcon.colcon_core.event_handler.log_command:Invoking command in '/home/bot/ros2_ws/larm-bishop/build/my_amasing_pkg': CMAKE_PREFIX_PATH=${CMAKE_PREFIX_PATH}:/home/bot/ros2_ws/install/tuto_sim:/home/bot/ros2_ws/install/tbot_pytools:/home/bot/ros2_ws/install/grp_bishop:/opt/ros/foxy /usr/bin/cmake --build /home/bot/ros2_ws/larm-bishop/build/my_amasing_pkg -- -j16 -l16
[0.911s] DEBUG:colcon.colcon_core.event_handler.log_command:Invoked command in '/home/bot/ros2_ws/larm-bishop/build/my_amasing_pkg' returned '0': CMAKE_PREFIX_PATH=${CMAKE_PREFIX_PATH}:/home/bot/ros2_ws/install/tuto_sim:/home/bot/ros2_ws/install/tbot_pytools:/home/bot/ros2_ws/install/grp_bishop:/opt/ros/foxy /usr/bin/cmake --build /home/bot/ros2_ws/larm-bishop/build/my_amasing_pkg -- -j16 -l16
[0.968s] DEBUG:colcon.colcon_core.event_handler.log_command:Invoking command in '/home/bot/ros2_ws/larm-bishop/build/my_amasing_pkg': CMAKE_PREFIX_PATH=${CMAKE_PREFIX_PATH}:/home/bot/ros2_ws/install/tuto_sim:/home/bot/ros2_ws/install/tbot_pytools:/home/bot/ros2_ws/install/grp_bishop:/opt/ros/foxy /usr/bin/cmake --install /home/bot/ros2_ws/larm-bishop/build/my_amasing_pkg
[0.984s] Level 1:colcon.colcon_core.environment:create_environment_scripts_only(my_amasing_pkg)
[0.986s] Level 1:colcon.colcon_core.environment:checking '/home/bot/ros2_ws/larm-bishop/install/my_amasing_pkg' for CMake module files
[0.986s] DEBUG:colcon.colcon_core.event_handler.log_command:Invoked command in '/home/bot/ros2_ws/larm-bishop/build/my_amasing_pkg' returned '0': CMAKE_PREFIX_PATH=${CMAKE_PREFIX_PATH}:/home/bot/ros2_ws/install/tuto_sim:/home/bot/ros2_ws/install/tbot_pytools:/home/bot/ros2_ws/install/grp_bishop:/opt/ros/foxy /usr/bin/cmake --install /home/bot/ros2_ws/larm-bishop/build/my_amasing_pkg
[0.986s] Level 1:colcon.colcon_core.environment:checking '/home/bot/ros2_ws/larm-bishop/install/my_amasing_pkg' for CMake config files
[0.986s] Level 1:colcon.colcon_core.shell:create_environment_hook('my_amasing_pkg', 'cmake_prefix_path')
[0.987s] INFO:colcon.colcon_core.shell:Creating environment hook '/home/bot/ros2_ws/larm-bishop/install/my_amasing_pkg/share/my_amasing_pkg/hook/cmake_prefix_path.ps1'
[0.987s] INFO:colcon.colcon_core.shell:Creating environment descriptor '/home/bot/ros2_ws/larm-bishop/install/my_amasing_pkg/share/my_amasing_pkg/hook/cmake_prefix_path.dsv'
[0.988s] INFO:colcon.colcon_core.shell:Creating environment hook '/home/bot/ros2_ws/larm-bishop/install/my_amasing_pkg/share/my_amasing_pkg/hook/cmake_prefix_path.sh'
[0.988s] Level 1:colcon.colcon_core.environment:checking '/home/bot/ros2_ws/larm-bishop/install/my_amasing_pkg/bin'
[0.988s] Level 1:colcon.colcon_core.environment:checking '/home/bot/ros2_ws/larm-bishop/install/my_amasing_pkg/lib/pkgconfig/my_amasing_pkg.pc'
[0.988s] Level 1:colcon.colcon_core.environment:checking '/home/bot/ros2_ws/larm-bishop/install/my_amasing_pkg/lib/python3.8/site-packages'
[0.988s] Level 1:colcon.colcon_core.environment:checking '/home/bot/ros2_ws/larm-bishop/install/my_amasing_pkg/bin'
[0.989s] INFO:colcon.colcon_core.shell:Creating package script '/home/bot/ros2_ws/larm-bishop/install/my_amasing_pkg/share/my_amasing_pkg/package.ps1'
[0.989s] INFO:colcon.colcon_core.shell:Creating package descriptor '/home/bot/ros2_ws/larm-bishop/install/my_amasing_pkg/share/my_amasing_pkg/package.dsv'
[0.989s] INFO:colcon.colcon_core.shell:Creating package script '/home/bot/ros2_ws/larm-bishop/install/my_amasing_pkg/share/my_amasing_pkg/package.sh'
[0.989s] INFO:colcon.colcon_core.shell:Creating package script '/home/bot/ros2_ws/larm-bishop/install/my_amasing_pkg/share/my_amasing_pkg/package.bash'
[0.990s] INFO:colcon.colcon_core.shell:Creating package script '/home/bot/ros2_ws/larm-bishop/install/my_amasing_pkg/share/my_amasing_pkg/package.zsh'
[0.990s] Level 1:colcon.colcon_core.environment:create_file_with_runtime_dependencies(/home/bot/ros2_ws/larm-bishop/install/my_amasing_pkg/share/colcon-core/packages/my_amasing_pkg)
[1.020s] Level 1:colcon.colcon_core.environment:create_environment_scripts_only(my_amasing_pkg)
[1.023s] Level 1:colcon.colcon_core.environment:checking '/home/bot/ros2_ws/larm-bishop/install/my_amasing_pkg' for CMake module files
[1.024s] Level 1:colcon.colcon_core.environment:checking '/home/bot/ros2_ws/larm-bishop/install/my_amasing_pkg' for CMake config files
[1.025s] Level 1:colcon.colcon_core.shell:create_environment_hook('my_amasing_pkg', 'cmake_prefix_path')
[1.027s] INFO:colcon.colcon_core.shell:Creating environment hook '/home/bot/ros2_ws/larm-bishop/install/my_amasing_pkg/share/my_amasing_pkg/hook/cmake_prefix_path.ps1'
[1.027s] INFO:colcon.colcon_core.shell:Creating environment descriptor '/home/bot/ros2_ws/larm-bishop/install/my_amasing_pkg/share/my_amasing_pkg/hook/cmake_prefix_path.dsv'
[1.028s] INFO:colcon.colcon_core.shell:Creating environment hook '/home/bot/ros2_ws/larm-bishop/install/my_amasing_pkg/share/my_amasing_pkg/hook/cmake_prefix_path.sh'
[1.029s] Level 1:colcon.colcon_core.environment:checking '/home/bot/ros2_ws/larm-bishop/install/my_amasing_pkg/bin'
[1.029s] Level 1:colcon.colcon_core.environment:checking '/home/bot/ros2_ws/larm-bishop/install/my_amasing_pkg/lib/pkgconfig/my_amasing_pkg.pc'
[1.029s] Level 1:colcon.colcon_core.environment:checking '/home/bot/ros2_ws/larm-bishop/install/my_amasing_pkg/lib/python3.8/site-packages'
[1.029s] Level 1:colcon.colcon_core.environment:checking '/home/bot/ros2_ws/larm-bishop/install/my_amasing_pkg/bin'
[1.032s] INFO:colcon.colcon_core.shell:Creating package script '/home/bot/ros2_ws/larm-bishop/install/my_amasing_pkg/share/my_amasing_pkg/package.ps1'
[1.032s] INFO:colcon.colcon_core.shell:Creating package descriptor '/home/bot/ros2_ws/larm-bishop/install/my_amasing_pkg/share/my_amasing_pkg/package.dsv'
[1.033s] INFO:colcon.colcon_core.shell:Creating package script '/home/bot/ros2_ws/larm-bishop/install/my_amasing_pkg/share/my_amasing_pkg/package.sh'
[1.033s] INFO:colcon.colcon_core.shell:Creating package script '/home/bot/ros2_ws/larm-bishop/install/my_amasing_pkg/share/my_amasing_pkg/package.bash'
[1.034s] INFO:colcon.colcon_core.shell:Creating package script '/home/bot/ros2_ws/larm-bishop/install/my_amasing_pkg/share/my_amasing_pkg/package.zsh'
[1.035s] Level 1:colcon.colcon_core.environment:create_file_with_runtime_dependencies(/home/bot/ros2_ws/larm-bishop/install/my_amasing_pkg/share/colcon-core/packages/my_amasing_pkg)
[1.035s] DEBUG:colcon.colcon_parallel_executor.executor.parallel:closing loop
[1.036s] DEBUG:colcon.colcon_parallel_executor.executor.parallel:loop closed
[1.036s] DEBUG:colcon.colcon_parallel_executor.executor.parallel:run_until_complete finished with '0'
[1.037s] DEBUG:colcon.colcon_core.event_reactor:joining thread
[1.046s] INFO:colcon.colcon_core.plugin_system:Skipping extension 'colcon_notification.desktop_notification.terminal_notifier': Not used on non-Darwin systems
[1.046s] INFO:colcon.colcon_core.plugin_system:Skipping extension 'colcon_notification.desktop_notification.win32': Not used on non-Windows systems
[1.047s] INFO:colcon.colcon_notification.desktop_notification:Sending desktop notification using 'notify2'
[1.073s] DEBUG:colcon.colcon_core.event_reactor:joined thread
[1.075s] INFO:colcon.colcon_core.shell:Creating prefix script '/home/bot/ros2_ws/larm-bishop/install/local_setup.ps1'
[1.077s] INFO:colcon.colcon_core.shell:Creating prefix util module '/home/bot/ros2_ws/larm-bishop/install/_local_setup_util_ps1.py'
[1.079s] INFO:colcon.colcon_core.shell:Creating prefix chain script '/home/bot/ros2_ws/larm-bishop/install/setup.ps1'
[1.082s] INFO:colcon.colcon_core.shell:Creating prefix script '/home/bot/ros2_ws/larm-bishop/install/local_setup.sh'
[1.083s] INFO:colcon.colcon_core.shell:Creating prefix util module '/home/bot/ros2_ws/larm-bishop/install/_local_setup_util_sh.py'
[1.084s] INFO:colcon.colcon_core.shell:Creating prefix chain script '/home/bot/ros2_ws/larm-bishop/install/setup.sh'
[1.087s] INFO:colcon.colcon_core.shell:Creating prefix script '/home/bot/ros2_ws/larm-bishop/install/local_setup.bash'
[1.087s] INFO:colcon.colcon_core.shell:Creating prefix chain script '/home/bot/ros2_ws/larm-bishop/install/setup.bash'
[1.090s] INFO:colcon.colcon_core.shell:Creating prefix script '/home/bot/ros2_ws/larm-bishop/install/local_setup.zsh'
[1.091s] INFO:colcon.colcon_core.shell:Creating prefix chain script '/home/bot/ros2_ws/larm-bishop/install/setup.zsh'
