[0.143s] Invoking command in '/home/bot/ros2_ws/build/tbot_start': CMAKE_PREFIX_PATH=${CMAKE_PREFIX_PATH}:/home/bot/ros2_ws/install/tuto_sim:/home/bot/ros2_ws/install/tbot_pytools:/opt/ros/foxy /usr/bin/cmake --build /home/bot/ros2_ws/build/tbot_start -- -j16 -l16
[0.280s] Invoked command in '/home/bot/ros2_ws/build/tbot_start' returned '0': CMAKE_PREFIX_PATH=${CMAKE_PREFIX_PATH}:/home/bot/ros2_ws/install/tuto_sim:/home/bot/ros2_ws/install/tbot_pytools:/opt/ros/foxy /usr/bin/cmake --build /home/bot/ros2_ws/build/tbot_start -- -j16 -l16
[0.299s] Invoking command in '/home/bot/ros2_ws/build/tbot_start': CMAKE_PREFIX_PATH=${CMAKE_PREFIX_PATH}:/home/bot/ros2_ws/install/tuto_sim:/home/bot/ros2_ws/install/tbot_pytools:/opt/ros/foxy /usr/bin/cmake --install /home/bot/ros2_ws/build/tbot_start
[0.304s] -- Install configuration: ""
[0.304s] -- Up-to-date: /home/bot/ros2_ws/install/tbot_start/lib/tbot_start/start_base
[0.304s] -- Up-to-date: /home/bot/ros2_ws/install/tbot_start/share/tbot_start//launch
[0.304s] -- Up-to-date: /home/bot/ros2_ws/install/tbot_start/share/tbot_start//launch/bringup.launch.py
[0.304s] -- Up-to-date: /home/bot/ros2_ws/install/tbot_start/share/tbot_start//launch/move_launch.py
[0.304s] -- Up-to-date: /home/bot/ros2_ws/install/tbot_start/share/ament_index/resource_index/package_run_dependencies/tbot_start
[0.304s] -- Up-to-date: /home/bot/ros2_ws/install/tbot_start/share/ament_index/resource_index/parent_prefix_path/tbot_start
[0.304s] -- Up-to-date: /home/bot/ros2_ws/install/tbot_start/share/tbot_start/environment/ament_prefix_path.sh
[0.304s] -- Up-to-date: /home/bot/ros2_ws/install/tbot_start/share/tbot_start/environment/ament_prefix_path.dsv
[0.304s] -- Up-to-date: /home/bot/ros2_ws/install/tbot_start/share/tbot_start/environment/path.sh
[0.304s] -- Up-to-date: /home/bot/ros2_ws/install/tbot_start/share/tbot_start/environment/path.dsv
[0.304s] -- Up-to-date: /home/bot/ros2_ws/install/tbot_start/share/tbot_start/local_setup.bash
[0.304s] -- Up-to-date: /home/bot/ros2_ws/install/tbot_start/share/tbot_start/local_setup.sh
[0.305s] -- Up-to-date: /home/bot/ros2_ws/install/tbot_start/share/tbot_start/local_setup.zsh
[0.305s] -- Up-to-date: /home/bot/ros2_ws/install/tbot_start/share/tbot_start/local_setup.dsv
[0.305s] -- Installing: /home/bot/ros2_ws/install/tbot_start/share/tbot_start/package.dsv
[0.305s] -- Up-to-date: /home/bot/ros2_ws/install/tbot_start/share/ament_index/resource_index/packages/tbot_start
[0.305s] -- Up-to-date: /home/bot/ros2_ws/install/tbot_start/share/tbot_start/cmake/tbot_startConfig.cmake
[0.305s] -- Up-to-date: /home/bot/ros2_ws/install/tbot_start/share/tbot_start/cmake/tbot_startConfig-version.cmake
[0.305s] -- Up-to-date: /home/bot/ros2_ws/install/tbot_start/share/tbot_start/package.xml
[0.306s] Invoked command in '/home/bot/ros2_ws/build/tbot_start' returned '0': CMAKE_PREFIX_PATH=${CMAKE_PREFIX_PATH}:/home/bot/ros2_ws/install/tuto_sim:/home/bot/ros2_ws/install/tbot_pytools:/opt/ros/foxy /usr/bin/cmake --install /home/bot/ros2_ws/build/tbot_start
