[0.030s] Invoking command in '/home/bot/ros2_ws/build/kobuki_random_walker': AMENT_PREFIX_PATH=/home/bot/ros2_ws/install/kobuki_ros_interfaces:${AMENT_PREFIX_PATH} CMAKE_PREFIX_PATH=/home/bot/ros2_ws/install/kobuki_ros_interfaces:/home/bot/ros2_ws/install/turtlesim:/home/bot/ros2_ws/install/tbot_start:/home/bot/ros2_ws/install/tbot_sim:/home/bot/ros2_ws/install/tuto_sim:/home/bot/ros2_ws/install/tbot_pytools:/opt/ros/foxy LD_LIBRARY_PATH=/home/bot/ros2_ws/install/kobuki_ros_interfaces/lib:${LD_LIBRARY_PATH} PYTHONPATH=/home/bot/ros2_ws/install/kobuki_ros_interfaces/lib/python3.8/site-packages:${PYTHONPATH} /usr/bin/cmake /home/bot/ros2_ws/kobuki_ros/kobuki_random_walker -DCMAKE_INSTALL_PREFIX=/home/bot/ros2_ws/install/kobuki_random_walker
[0.064s] -- The C compiler identification is GNU 9.4.0
[0.100s] -- The CXX compiler identification is GNU 9.4.0
[0.103s] -- Check for working C compiler: /usr/bin/cc
[0.144s] -- Check for working C compiler: /usr/bin/cc -- works
[0.145s] -- Detecting C compiler ABI info
[0.183s] -- Detecting C compiler ABI info - done
[0.190s] -- Detecting C compile features
[0.190s] -- Detecting C compile features - done
[0.191s] -- Check for working CXX compiler: /usr/bin/c++
[0.244s] -- Check for working CXX compiler: /usr/bin/c++ -- works
[0.245s] -- Detecting CXX compiler ABI info
[0.303s] -- Detecting CXX compiler ABI info - done
[0.318s] -- Detecting CXX compile features
[0.319s] -- Detecting CXX compile features - done
[0.322s] -- Found ament_cmake_ros: 0.9.2 (/opt/ros/foxy/share/ament_cmake_ros/cmake)
[0.356s] -- Found PythonInterp: /usr/bin/python3 (found suitable version "3.8.10", minimum required is "3") 
[0.357s] -- Using PYTHON_EXECUTABLE: /usr/bin/python3
[0.502s] -- Found geometry_msgs: 2.0.5 (/opt/ros/foxy/share/geometry_msgs/cmake)
[0.522s] -- Using all available rosidl_typesupport_c: rosidl_typesupport_fastrtps_c;rosidl_typesupport_introspection_c
[0.526s] -- Found rosidl_adapter: 1.3.0 (/opt/ros/foxy/share/rosidl_adapter/cmake)
[0.574s] -- Found OpenSSL: /usr/lib/x86_64-linux-gnu/libcrypto.so (found version "1.1.1f")  
[0.600s] -- Found FastRTPS: /opt/ros/foxy/include  
[0.653s] -- Using all available rosidl_typesupport_cpp: rosidl_typesupport_fastrtps_cpp;rosidl_typesupport_introspection_cpp
[0.703s] -- Found kobuki_ros_interfaces: 1.0.0 (/home/bot/ros2_ws/install/kobuki_ros_interfaces/share/kobuki_ros_interfaces/cmake)
[0.791s] -- Found rclcpp: 2.4.2 (/opt/ros/foxy/share/rclcpp/cmake)
[0.820s] -- Found rmw_implementation_cmake: 1.0.3 (/opt/ros/foxy/share/rmw_implementation_cmake/cmake)
[0.821s] -- Using RMW implementation 'rmw_fastrtps_cpp' as default
[0.821s] -- Looking for pthread.h
[0.865s] -- Looking for pthread.h - found
[0.865s] -- Performing Test CMAKE_HAVE_LIBC_PTHREAD
[0.909s] -- Performing Test CMAKE_HAVE_LIBC_PTHREAD - Failed
[0.909s] -- Looking for pthread_create in pthreads
[0.944s] -- Looking for pthread_create in pthreads - not found
[0.944s] -- Looking for pthread_create in pthread
[0.995s] -- Looking for pthread_create in pthread - found
[0.996s] -- Found Threads: TRUE  
[1.110s] -- Found rclcpp_components: 2.4.2 (/opt/ros/foxy/share/rclcpp_components/cmake)
[1.186s] -- Configuring done
[1.194s] -- Generating done
[1.195s] -- Build files have been written to: /home/bot/ros2_ws/build/kobuki_random_walker
[1.201s] Invoked command in '/home/bot/ros2_ws/build/kobuki_random_walker' returned '0': AMENT_PREFIX_PATH=/home/bot/ros2_ws/install/kobuki_ros_interfaces:${AMENT_PREFIX_PATH} CMAKE_PREFIX_PATH=/home/bot/ros2_ws/install/kobuki_ros_interfaces:/home/bot/ros2_ws/install/turtlesim:/home/bot/ros2_ws/install/tbot_start:/home/bot/ros2_ws/install/tbot_sim:/home/bot/ros2_ws/install/tuto_sim:/home/bot/ros2_ws/install/tbot_pytools:/opt/ros/foxy LD_LIBRARY_PATH=/home/bot/ros2_ws/install/kobuki_ros_interfaces/lib:${LD_LIBRARY_PATH} PYTHONPATH=/home/bot/ros2_ws/install/kobuki_ros_interfaces/lib/python3.8/site-packages:${PYTHONPATH} /usr/bin/cmake /home/bot/ros2_ws/kobuki_ros/kobuki_random_walker -DCMAKE_INSTALL_PREFIX=/home/bot/ros2_ws/install/kobuki_random_walker
[1.203s] Invoking command in '/home/bot/ros2_ws/build/kobuki_random_walker': AMENT_PREFIX_PATH=/home/bot/ros2_ws/install/kobuki_ros_interfaces:${AMENT_PREFIX_PATH} CMAKE_PREFIX_PATH=/home/bot/ros2_ws/install/kobuki_ros_interfaces:/home/bot/ros2_ws/install/turtlesim:/home/bot/ros2_ws/install/tbot_start:/home/bot/ros2_ws/install/tbot_sim:/home/bot/ros2_ws/install/tuto_sim:/home/bot/ros2_ws/install/tbot_pytools:/opt/ros/foxy LD_LIBRARY_PATH=/home/bot/ros2_ws/install/kobuki_ros_interfaces/lib:${LD_LIBRARY_PATH} PYTHONPATH=/home/bot/ros2_ws/install/kobuki_ros_interfaces/lib/python3.8/site-packages:${PYTHONPATH} /usr/bin/cmake --build /home/bot/ros2_ws/build/kobuki_random_walker -- -j16 -l16
[1.228s] [35m[1mScanning dependencies of target kobuki_random_walker_node[0m
[1.228s] [35m[1mScanning dependencies of target kobuki_random_walker[0m
[1.267s] [ 25%] [32mBuilding CXX object CMakeFiles/kobuki_random_walker.dir/src/random_walker.cpp.o[0m
[1.269s] [ 50%] [32mBuilding CXX object CMakeFiles/kobuki_random_walker_node.dir/rclcpp_components/node_main_kobuki_random_walker_node.cpp.o[0m
[3.363s] [ 75%] [32m[1mLinking CXX executable kobuki_random_walker_node[0m
[3.454s] [ 75%] Built target kobuki_random_walker_node
[8.438s] [100%] [32m[1mLinking CXX shared library libkobuki_random_walker.so[0m
[8.724s] [100%] Built target kobuki_random_walker
[8.733s] Invoked command in '/home/bot/ros2_ws/build/kobuki_random_walker' returned '0': AMENT_PREFIX_PATH=/home/bot/ros2_ws/install/kobuki_ros_interfaces:${AMENT_PREFIX_PATH} CMAKE_PREFIX_PATH=/home/bot/ros2_ws/install/kobuki_ros_interfaces:/home/bot/ros2_ws/install/turtlesim:/home/bot/ros2_ws/install/tbot_start:/home/bot/ros2_ws/install/tbot_sim:/home/bot/ros2_ws/install/tuto_sim:/home/bot/ros2_ws/install/tbot_pytools:/opt/ros/foxy LD_LIBRARY_PATH=/home/bot/ros2_ws/install/kobuki_ros_interfaces/lib:${LD_LIBRARY_PATH} PYTHONPATH=/home/bot/ros2_ws/install/kobuki_ros_interfaces/lib/python3.8/site-packages:${PYTHONPATH} /usr/bin/cmake --build /home/bot/ros2_ws/build/kobuki_random_walker -- -j16 -l16
[8.750s] Invoking command in '/home/bot/ros2_ws/build/kobuki_random_walker': AMENT_PREFIX_PATH=/home/bot/ros2_ws/install/kobuki_ros_interfaces:${AMENT_PREFIX_PATH} CMAKE_PREFIX_PATH=/home/bot/ros2_ws/install/kobuki_ros_interfaces:/home/bot/ros2_ws/install/turtlesim:/home/bot/ros2_ws/install/tbot_start:/home/bot/ros2_ws/install/tbot_sim:/home/bot/ros2_ws/install/tuto_sim:/home/bot/ros2_ws/install/tbot_pytools:/opt/ros/foxy LD_LIBRARY_PATH=/home/bot/ros2_ws/install/kobuki_ros_interfaces/lib:${LD_LIBRARY_PATH} PYTHONPATH=/home/bot/ros2_ws/install/kobuki_ros_interfaces/lib/python3.8/site-packages:${PYTHONPATH} /usr/bin/cmake --install /home/bot/ros2_ws/build/kobuki_random_walker
[8.755s] -- Install configuration: ""
[8.755s] -- Installing: /home/bot/ros2_ws/install/kobuki_random_walker/lib/kobuki_random_walker/kobuki_random_walker_node
[8.755s] -- Set runtime path of "/home/bot/ros2_ws/install/kobuki_random_walker/lib/kobuki_random_walker/kobuki_random_walker_node" to ""
[8.755s] -- Installing: /home/bot/ros2_ws/install/kobuki_random_walker/lib/libkobuki_random_walker.so
[8.759s] -- Set runtime path of "/home/bot/ros2_ws/install/kobuki_random_walker/lib/libkobuki_random_walker.so" to ""
[8.759s] -- Installing: /home/bot/ros2_ws/install/kobuki_random_walker/include/kobuki_random_walker
[8.759s] -- Installing: /home/bot/ros2_ws/install/kobuki_random_walker/include/kobuki_random_walker/random_walker.hpp
[8.759s] -- Installing: /home/bot/ros2_ws/install/kobuki_random_walker/share/kobuki_random_walker/launch
[8.759s] -- Installing: /home/bot/ros2_ws/install/kobuki_random_walker/share/kobuki_random_walker/launch/random_walker_app.launch
[8.759s] -- Installing: /home/bot/ros2_ws/install/kobuki_random_walker/share/kobuki_random_walker/launch/standalone.launch
[8.759s] -- Installing: /home/bot/ros2_ws/install/kobuki_random_walker/share/kobuki_random_walker/launch/safe_random_walker_app.launch
[8.759s] -- Installing: /home/bot/ros2_ws/install/kobuki_random_walker/share/ament_index/resource_index/package_run_dependencies/kobuki_random_walker
[8.759s] -- Installing: /home/bot/ros2_ws/install/kobuki_random_walker/share/ament_index/resource_index/parent_prefix_path/kobuki_random_walker
[8.759s] -- Installing: /home/bot/ros2_ws/install/kobuki_random_walker/share/kobuki_random_walker/environment/ament_prefix_path.sh
[8.759s] -- Installing: /home/bot/ros2_ws/install/kobuki_random_walker/share/kobuki_random_walker/environment/ament_prefix_path.dsv
[8.759s] -- Installing: /home/bot/ros2_ws/install/kobuki_random_walker/share/kobuki_random_walker/environment/path.sh
[8.759s] -- Installing: /home/bot/ros2_ws/install/kobuki_random_walker/share/kobuki_random_walker/environment/path.dsv
[8.760s] -- Installing: /home/bot/ros2_ws/install/kobuki_random_walker/share/kobuki_random_walker/local_setup.bash
[8.760s] -- Installing: /home/bot/ros2_ws/install/kobuki_random_walker/share/kobuki_random_walker/local_setup.sh
[8.760s] -- Installing: /home/bot/ros2_ws/install/kobuki_random_walker/share/kobuki_random_walker/local_setup.zsh
[8.760s] -- Installing: /home/bot/ros2_ws/install/kobuki_random_walker/share/kobuki_random_walker/local_setup.dsv
[8.760s] -- Installing: /home/bot/ros2_ws/install/kobuki_random_walker/share/kobuki_random_walker/package.dsv
[8.760s] -- Installing: /home/bot/ros2_ws/install/kobuki_random_walker/share/ament_index/resource_index/packages/kobuki_random_walker
[8.760s] -- Installing: /home/bot/ros2_ws/install/kobuki_random_walker/share/ament_index/resource_index/rclcpp_components/kobuki_random_walker
[8.760s] -- Installing: /home/bot/ros2_ws/install/kobuki_random_walker/share/kobuki_random_walker/cmake/kobuki_random_walkerConfig.cmake
[8.760s] -- Installing: /home/bot/ros2_ws/install/kobuki_random_walker/share/kobuki_random_walker/cmake/kobuki_random_walkerConfig-version.cmake
[8.760s] -- Installing: /home/bot/ros2_ws/install/kobuki_random_walker/share/kobuki_random_walker/package.xml
[8.763s] Invoked command in '/home/bot/ros2_ws/build/kobuki_random_walker' returned '0': AMENT_PREFIX_PATH=/home/bot/ros2_ws/install/kobuki_ros_interfaces:${AMENT_PREFIX_PATH} CMAKE_PREFIX_PATH=/home/bot/ros2_ws/install/kobuki_ros_interfaces:/home/bot/ros2_ws/install/turtlesim:/home/bot/ros2_ws/install/tbot_start:/home/bot/ros2_ws/install/tbot_sim:/home/bot/ros2_ws/install/tuto_sim:/home/bot/ros2_ws/install/tbot_pytools:/opt/ros/foxy LD_LIBRARY_PATH=/home/bot/ros2_ws/install/kobuki_ros_interfaces/lib:${LD_LIBRARY_PATH} PYTHONPATH=/home/bot/ros2_ws/install/kobuki_ros_interfaces/lib/python3.8/site-packages:${PYTHONPATH} /usr/bin/cmake --install /home/bot/ros2_ws/build/kobuki_random_walker
